Starting a Gradle Daemon, 2 incompatible and 1 stopped Daemons could not be reused, use --status for details


[2A[1B[1m> Starting Daemon[m[17D[1B[1A> IDLE[0K[6D[1B[2A[1m<[0;1m-------------> 0% INITIALIZING [46ms][m[38D[1B[1m> Evaluating settings[m[21D[1B[2A[1m<[0;1m-------------> 0% INITIALIZING [146ms][m[39D[2B[2A[1m<[0;1m-------------> 0% INITIALIZING [246ms][m[39D[2B[2A[1m<[0;1m-------------> 0% INITIALIZING [346ms][m[39D[2B[2A[1m<[0;1m-------------> 0% INITIALIZING [446ms][m[39D[2B[2A[1m<[0;1m-------------> 0% INITIALIZING [546ms][m[39D[2B[2A[1m<[0;1m-------------> 0% CONFIGURING [646ms][m[0K[38D[1B[1m> Loading projects[m[0K[18D[1B[2A[1m<[0;1m-------------> 0% CONFIGURING [746ms][m[38D[1B[1m> root project[m[0K[14D[1B[2A[1m<[0;1m-------------> 0% CONFIGURING [846ms][m[38D[2B[2A[1m<[0;1m-------------> 0% CONFIGURING [946ms][m[38D[1B[1m> root project > Resolve dependencies of detachedConfiguration1[m[63D[1B[2A[1m<[0;1m-------------> 0% CONFIGURING [1s][m[0K[35D[1B[1m> root project > Resolve dependencies of :classpath[m[0K[51D[1B[1A[1m> root project[m[0K[14D[1B[2A[1m<[0;32;1m====[0;39;1m---------> 33% CONFIGURING [1s][m[36D[1B[1m> :app > Resolve dependencies of detachedConfiguration9[m[55D[1B[1A[1m> :app[m[0K[6D[1B[2A[1m<[0;32;1m====[0;39;1m---------> 33% CONFIGURING [2s][m[36D[2B[2A[1m<[0;32;1m====[0;39;1m---------> 33% CONFIGURING [3s][m[36D[2B[2A[0K
[1m> Configure project :app[m[0K
No git repository reachable from /work/app
[0K
[0K
[2A[1m<[0;32;1m====[0;39;1m---------> 33% CONFIGURING [3s][m[36D[1B[1m> :app[m[6D[1B[2A[1m<[0;32;1m====[0;39;1m---------> 33% CONFIGURING [4s][m[36D[2B[2A[1m<[0;32;1m========[0;39;1m-----> 66% CONFIGURING [4s][m[36D[1B[1m> :translations[m[15D[1B[2A[1m<[0;32;1m=============[0;39;1m> 100% CONFIGURING [4s][m[37D[1B> IDLE[0K[6D[1B[2AWarning: Mapping new ns http://schemas.android.com/repository/android/common/02 to old ns http://schemas.android.com/repository/android/common/01[0K
Warning: Mapping new ns http://schemas.android.com/repository/android/generic/02 to old ns http://schemas.android.com/repository/android/generic/01[0K
Warning: Mapping new ns http://schemas.android.com/sdk/android/repo/addon2/02 to old ns http://schemas.android.com/sdk/android/repo/addon2/01
Warning: Mapping new ns http://schemas.android.com/sdk/android/repo/addon2/03 to old ns http://schemas.android.com/sdk/android/repo/addon2/01
Warning: Mapping new ns http://schemas.android.com/sdk/android/repo/repository2/02 to old ns http://schemas.android.com/sdk/android/repo/repository2/01
Warning: Mapping new ns http://schemas.android.com/sdk/android/repo/repository2/03 to old ns http://schemas.android.com/sdk/android/repo/repository2/01
Warning: Mapping new ns http://schemas.android.com/sdk/android/repo/sys-img2/03 to old ns http://schemas.android.com/sdk/android/repo/sys-img2/01
Warning: Mapping new ns http://schemas.android.com/sdk/android/repo/sys-img2/02 to old ns http://schemas.android.com/sdk/android/repo/sys-img2/01
Warning: Mapping new ns http://schemas.android.com/repository/android/common/02 to old ns http://schemas.android.com/repository/android/common/01
Warning: Mapping new ns http://schemas.android.com/repository/android/generic/02 to old ns http://schemas.android.com/repository/android/generic/01
Warning: Mapping new ns http://schemas.android.com/sdk/android/repo/addon2/02 to old ns http://schemas.android.com/sdk/android/repo/addon2/01
Warning: Mapping new ns http://schemas.android.com/sdk/android/repo/addon2/03 to old ns http://schemas.android.com/sdk/android/repo/addon2/01
Warning: Mapping new ns http://schemas.android.com/sdk/android/repo/repository2/02 to old ns http://schemas.android.com/sdk/android/repo/repository2/01
Warning: Mapping new ns http://schemas.android.com/sdk/android/repo/repository2/03 to old ns http://schemas.android.com/sdk/android/repo/repository2/01
Warning: Mapping new ns http://schemas.android.com/sdk/android/repo/sys-img2/03 to old ns http://schemas.android.com/sdk/android/repo/sys-img2/01
Warning: Mapping new ns http://schemas.android.com/sdk/android/repo/sys-img2/02 to old ns http://schemas.android.com/sdk/android/repo/sys-img2/01
Warning: unexpected element (uri:"", local:"base-extension"). Expected elements are <{}codename>,<{}layoutlib>,<{}api-level>
[0K
[0K
[2A[1m<[0;32;1m=============[0;39;1m> 100% CONFIGURING [4s][m[37D[1B[1m> Resolve dependencies of :app:ossDebugAnnotationProcessorClasspath[m[67D[1B[2A[1m<[0;32;1m=============[0;39;1m> 100% CONFIGURING [5s][m[37D[1B[1m> Resolve dependencies of :app:ossDebugCompileClasspath[m[0K[55D[1B[1A> IDLE[0K[6D[1B[2AMapping new ns http://schemas.android.com/repository/android/common/02 to old ns http://schemas.android.com/repository/android/common/01[0K
Mapping new ns http://schemas.android.com/repository/android/generic/02 to old ns http://schemas.android.com/repository/android/generic/01[0K
Mapping new ns http://schemas.android.com/sdk/android/repo/addon2/02 to old ns http://schemas.android.com/sdk/android/repo/addon2/01
Mapping new ns http://schemas.android.com/sdk/android/repo/addon2/03 to old ns http://schemas.android.com/sdk/android/repo/addon2/01
Mapping new ns http://schemas.android.com/sdk/android/repo/repository2/02 to old ns http://schemas.android.com/sdk/android/repo/repository2/01
Mapping new ns http://schemas.android.com/sdk/android/repo/repository2/03 to old ns http://schemas.android.com/sdk/android/repo/repository2/01
Mapping new ns http://schemas.android.com/sdk/android/repo/sys-img2/03 to old ns http://schemas.android.com/sdk/android/repo/sys-img2/01
Mapping new ns http://schemas.android.com/sdk/android/repo/sys-img2/02 to old ns http://schemas.android.com/sdk/android/repo/sys-img2/01
Mapping new ns http://schemas.android.com/repository/android/common/02 to old ns http://schemas.android.com/repository/android/common/01
Mapping new ns http://schemas.android.com/repository/android/generic/02 to old ns http://schemas.android.com/repository/android/generic/01
Mapping new ns http://schemas.android.com/sdk/android/repo/addon2/02 to old ns http://schemas.android.com/sdk/android/repo/addon2/01
Mapping new ns http://schemas.android.com/sdk/android/repo/addon2/03 to old ns http://schemas.android.com/sdk/android/repo/addon2/01
Mapping new ns http://schemas.android.com/sdk/android/repo/repository2/02 to old ns http://schemas.android.com/sdk/android/repo/repository2/01
Mapping new ns http://schemas.android.com/sdk/android/repo/repository2/03 to old ns http://schemas.android.com/sdk/android/repo/repository2/01
Mapping new ns http://schemas.android.com/sdk/android/repo/sys-img2/03 to old ns http://schemas.android.com/sdk/android/repo/sys-img2/01
Mapping new ns http://schemas.android.com/sdk/android/repo/sys-img2/02 to old ns http://schemas.android.com/sdk/android/repo/sys-img2/01
Mapping new ns http://schemas.android.com/repository/android/common/02 to old ns http://schemas.android.com/repository/android/common/01
Mapping new ns http://schemas.android.com/repository/android/generic/02 to old ns http://schemas.android.com/repository/android/generic/01
Mapping new ns http://schemas.android.com/sdk/android/repo/addon2/02 to old ns http://schemas.android.com/sdk/android/repo/addon2/01
Mapping new ns http://schemas.android.com/sdk/android/repo/addon2/03 to old ns http://schemas.android.com/sdk/android/repo/addon2/01
Mapping new ns http://schemas.android.com/sdk/android/repo/repository2/02 to old ns http://schemas.android.com/sdk/android/repo/repository2/01
Mapping new ns http://schemas.android.com/sdk/android/repo/repository2/03 to old ns http://schemas.android.com/sdk/android/repo/repository2/01
Mapping new ns http://schemas.android.com/sdk/android/repo/sys-img2/03 to old ns http://schemas.android.com/sdk/android/repo/sys-img2/01
Mapping new ns http://schemas.android.com/sdk/android/repo/sys-img2/02 to old ns http://schemas.android.com/sdk/android/repo/sys-img2/01
Mapping new ns http://schemas.android.com/repository/android/common/02 to old ns http://schemas.android.com/repository/android/common/01
Mapping new ns http://schemas.android.com/repository/android/generic/02 to old ns http://schemas.android.com/repository/android/generic/01
Mapping new ns http://schemas.android.com/sdk/android/repo/addon2/02 to old ns http://schemas.android.com/sdk/android/repo/addon2/01
Mapping new ns http://schemas.android.com/sdk/android/repo/addon2/03 to old ns http://schemas.android.com/sdk/android/repo/addon2/01
Mapping new ns http://schemas.android.com/sdk/android/repo/repository2/02 to old ns http://schemas.android.com/sdk/android/repo/repository2/01
Mapping new ns http://schemas.android.com/sdk/android/repo/repository2/03 to old ns http://schemas.android.com/sdk/android/repo/repository2/01
Mapping new ns http://schemas.android.com/sdk/android/repo/sys-img2/03 to old ns http://schemas.android.com/sdk/android/repo/sys-img2/01
Mapping new ns http://schemas.android.com/sdk/android/repo/sys-img2/02 to old ns http://schemas.android.com/sdk/android/repo/sys-img2/01
Mapping new ns http://schemas.android.com/repository/android/common/02 to old ns http://schemas.android.com/repository/android/common/01
Mapping new ns http://schemas.android.com/repository/android/generic/02 to old ns http://schemas.android.com/repository/android/generic/01
Mapping new ns http://schemas.android.com/sdk/android/repo/addon2/02 to old ns http://schemas.android.com/sdk/android/repo/addon2/01
Mapping new ns http://schemas.android.com/sdk/android/repo/addon2/03 to old ns http://schemas.android.com/sdk/android/repo/addon2/01
Mapping new ns http://schemas.android.com/sdk/android/repo/repository2/02 to old ns http://schemas.android.com/sdk/android/repo/repository2/01
Mapping new ns http://schemas.android.com/sdk/android/repo/repository2/03 to old ns http://schemas.android.com/sdk/android/repo/repository2/01
Mapping new ns http://schemas.android.com/sdk/android/repo/sys-img2/03 to old ns http://schemas.android.com/sdk/android/repo/sys-img2/01
Mapping new ns http://schemas.android.com/sdk/android/repo/sys-img2/02 to old ns http://schemas.android.com/sdk/android/repo/sys-img2/01
Mapping new ns http://schemas.android.com/repository/android/common/02 to old ns http://schemas.android.com/repository/android/common/01
Mapping new ns http://schemas.android.com/repository/android/generic/02 to old ns http://schemas.android.com/repository/android/generic/01
Mapping new ns http://schemas.android.com/sdk/android/repo/addon2/02 to old ns http://schemas.android.com/sdk/android/repo/addon2/01
Mapping new ns http://schemas.android.com/sdk/android/repo/addon2/03 to old ns http://schemas.android.com/sdk/android/repo/addon2/01
Mapping new ns http://schemas.android.com/sdk/android/repo/repository2/02 to old ns http://schemas.android.com/sdk/android/repo/repository2/01
Mapping new ns http://schemas.android.com/sdk/android/repo/repository2/03 to old ns http://schemas.android.com/sdk/android/repo/repository2/01
Mapping new ns http://schemas.android.com/sdk/android/repo/sys-img2/03 to old ns http://schemas.android.com/sdk/android/repo/sys-img2/01
Mapping new ns http://schemas.android.com/sdk/android/repo/sys-img2/02 to old ns http://schemas.android.com/sdk/android/repo/sys-img2/01
unexpected element (uri:"", local:"base-extension"). Expected elements are <{}codename>,<{}layoutlib>,<{}api-level>
[0K
[0K
[2A[1m<[0;32;1m=============[0;39;1m> 100% CONFIGURING [5s][m[37D[1B> IDLE[6D[1B[2AMapping new ns http://schemas.android.com/repository/android/common/02 to old ns http://schemas.android.com/repository/android/common/01[0K
Mapping new ns http://schemas.android.com/repository/android/generic/02 to old ns http://schemas.android.com/repository/android/generic/01[0K
Mapping new ns http://schemas.android.com/sdk/android/repo/addon2/02 to old ns http://schemas.android.com/sdk/android/repo/addon2/01
Mapping new ns http://schemas.android.com/sdk/android/repo/addon2/03 to old ns http://schemas.android.com/sdk/android/repo/addon2/01
Mapping new ns http://schemas.android.com/sdk/android/repo/repository2/02 to old ns http://schemas.android.com/sdk/android/repo/repository2/01
Mapping new ns http://schemas.android.com/sdk/android/repo/repository2/03 to old ns http://schemas.android.com/sdk/android/repo/repository2/01
Mapping new ns http://schemas.android.com/sdk/android/repo/sys-img2/03 to old ns http://schemas.android.com/sdk/android/repo/sys-img2/01
Mapping new ns http://schemas.android.com/sdk/android/repo/sys-img2/02 to old ns http://schemas.android.com/sdk/android/repo/sys-img2/01
unexpected element (uri:"", local:"extension-level"). Expected elements are <{}codename>,<{}layoutlib>,<{}api-level>
unexpected element (uri:"", local:"base-extension"). Expected elements are <{}codename>,<{}layoutlib>,<{}api-level>
[0K
[0K
[2A[1m<[0;32;1m=============[0;39;1m> 100% CONFIGURING [5s][m[37D[1B[1m> Resolve dependencies of :app:googleDebugCompileClasspath[m[58D[1B


[5A[1m<[0;1m-------------> 0% EXECUTING [5s][m[0K[33D[1B[1m> Transforming artifact legacy-support-v4-1.0.0.aar (androidx.legacy:legacy-sup[m[79D[1B[1m> Transforming artifact recyclerview-1.1.0.aar (androidx.recyclerview:recyclerv[m[79D[1B[1m> Transforming artifact appcompat-1.2.0.aar (androidx.appcompat:appcompat:1.2.0[m[79D[1B[1m> Transforming artifact jbcrypt-1.0.2.jar (org.connectbot:jbcrypt:1.0.2) with J[m[79D[1B[5A[1m<[0;32;1m=[0;39;1m------------> 11% EXECUTING [5s][m[34D[1B[1m> Transforming artifact core-2.4.0.jar (com.yubico.yubikit:core:2.4.0) with Jet[m[79D[1B[1m> Transforming artifact sshlib-2.2.15.jar (com.github.connectbot:sshlib:2.2.15)[m[79D[1B[1m> Transforming artifact hwsecurity-openpgp-4.4.0.aar (com.github.cotechde.hwsec[m[79D[1B[1m> Transforming artifact viewpager2-1.0.0.aar (androidx.viewpager2:viewpager2:1.[m[79D[1B[5A[1m<[0;32;1m===[0;39;1m----------> 24% EXECUTING [5s][m[34D[5B[5A[1m<[0;32;1m====[0;39;1m---------> 31% EXECUTING [5s][m[34D[5B[5A[1m<[0;32;1m======[0;39;1m-------> 48% EXECUTING [5s][m[34D[5B[5A[1m<[0;32;1m=======[0;39;1m------> 54% EXECUTING [5s][m[34D[5B[5A[1m<[0;32;1m=======[0;39;1m------> 54% EXECUTING [6s][m[34D[5B[5A[1m<[0;32;1m=======[0;39;1m------> 54% EXECUTING [7s][m[34D[5B[5A[0K
[1m> Task :app:compileGoogleDebugJavaWithJavac[m[0K
/work/app/src/main/java/org/connectbot/bean/HostBean.java:31: warning: [MissingSummary] A summary line is required on public/protected Javadocs.[0K
 * @author Kenny Root[0K
   ^[0K
    (see http://google.github.io/styleguide/javaguide.html#s7.2-summary-fragment)
/work/app/src/main/java/org/connectbot/bean/HostBean.java:337: warning: [MissingSummary] A summary fragment is required; consider using the value of the @return block as a summary fragment instead.
         * @return URI identifying this HostBean
           ^
    (see http://google.github.io/styleguide/javaguide.html#s7.2-summary-fragment)
  Did you mean '*Returns uRI identifying this HostBean.'?
[0K
[0K
[0K
[0K
[0K
[5A[1m<[0;32;1m=======[0;39;1m------> 54% EXECUTING [8s][m[34D[1B[1m> Transforming artifact core-2.4.0.jar (com.yubico.yubikit:core:2.4.0) with Jet[m[79D[1B[1m> Transforming artifact sshlib-2.2.15.jar (com.github.connectbot:sshlib:2.2.15)[m[79D[1B[1m> Transforming artifact hwsecurity-openpgp-4.4.0.aar (com.github.cotechde.hwsec[m[79D[1B[1m> Transforming artifact viewpager2-1.0.0.aar (androidx.viewpager2:viewpager2:1.[m[79D[1B[5A/work/app/src/main/java/org/connectbot/HostEditorFragment.java:621: warning: [EmptyCatch] Caught exceptions should not be ignored[0K
                } catch (NumberFormatException ignored) {[0K
                  ^[0K
    (see https://google.github.io/styleguide/javaguide.html#s6.2-caught-exceptions)[0K
/work/app/src/main/java/org/connectbot/HostEditorFragment.java:818: warning: [EmptyCatch] Caught exceptions should not be ignored[0K
                                } catch (NumberFormatException e) {
                                  ^
    (see https://google.github.io/styleguide/javaguide.html#s6.2-caught-exceptions)
[0K
[0K
[0K
[0K
[0K
[5A[1m<[0;32;1m=======[0;39;1m------> 54% EXECUTING [8s][m[34D[1B[1m> Transforming artifact core-2.4.0.jar (com.yubico.yubikit:core:2.4.0) with Jet[m[79D[1B[1m> Transforming artifact sshlib-2.2.15.jar (com.github.connectbot:sshlib:2.2.15)[m[79D[1B[1m> Transforming artifact hwsecurity-openpgp-4.4.0.aar (com.github.cotechde.hwsec[m[79D[1B[1m> Transforming artifact viewpager2-1.0.0.aar (androidx.viewpager2:viewpager2:1.[m[79D[1B[5A/work/app/src/main/java/org/connectbot/transport/SSH.java:1712: warning: [UnusedVariable] This assignment to the local variable 'lpf' is never read.[0K
                        LocalPortForwarder lpf = null;[0K
                                           ^[0K
    (see https://errorprone.info/bugpattern/UnusedVariable)[0K
  Did you mean to remove this line?[0K
/work/app/src/main/java/org/connectbot/transport/SSH.java:1737: warning: [UnusedVariable] This assignment to the local variable 'dpf' is never read.
                        DynamicPortForwarder dpf = null;
                                             ^
    (see https://errorprone.info/bugpattern/UnusedVariable)
  Did you mean to remove this line?
/work/app/src/main/java/org/connectbot/transport/SSH.java:133: warning: [UnusedVariable] The field 'MARKER_SIGN_REQUESTED' is never read.
        private static final String MARKER_SIGN_REQUESTED = "SIGN_REQUESTED";
                                    ^
    (see https://errorprone.info/bugpattern/UnusedVariable)
  Did you mean to remove this line?
/work/app/src/main/java/org/connectbot/transport/SSH.java:1421: warning: [UnusedVariable] The parameter 'targetHost' is never read.
        private boolean connectJumpHost(HostBean jumpHost, HostBean targetHost) {
                                                                    ^
    (see https://errorprone.info/bugpattern/UnusedVariable)
  Did you mean 'if (!connectJumpHost(configuredJumpHost)) {'?
/work/app/src/main/java/org/connectbot/transport/SSH.java:325: warning: [BadImport] Importing nested classes/static methods/static fields with commonly-used names can make code harder to read, because it may not be clear from the context exactly which type is being referred to. Qualifying the name with that of the containing class can make the code clearer.
                                        for (Entry<String, KeyHolder> entry : manager.loadedKeypairs.entrySet()) {
                                             ^
    (see https://errorprone.info/bugpattern/BadImport)
  Did you mean 'for (Map.Entry<String, KeyHolder> entry : manager.loadedKeypairs.entrySet()) {'?
/work/app/src/main/java/org/connectbot/transport/SSH.java:104: warning: [MissingSummary] A summary line is required on public/protected Javadocs.
 * @author Kenny Root
   ^
    (see http://google.github.io/styleguide/javaguide.html#s7.2-summary-fragment)
/work/app/src/main/java/org/connectbot/transport/SSH.java:118: warning: [EmptyBlockTag] A block tag (@param, @return, @throws, @deprecated) has an empty description. Block tags without descriptions don't add much value for future readers of the code; consider removing the tag entirely or adding a description.
         * @param host
           ^
    (see http://google.github.io/styleguide/javaguide.html#s7.1.3-javadoc-block-tags)
  Did you mean '*'?
/work/app/src/main/java/org/connectbot/transport/SSH.java:119: warning: [EmptyBlockTag] A block tag (@param, @return, @throws, @deprecated) has an empty description. Block tags without descriptions don't add much value for future readers of the code; consider removing the tag entirely or adding a description.
         * @param bridge
           ^
    (see http://google.github.io/styleguide/javaguide.html#s7.1.3-javadoc-block-tags)
  Did you mean '*'?
/work/app/src/main/java/org/connectbot/transport/SSH.java:120: warning: [EmptyBlockTag] A block tag (@param, @return, @throws, @deprecated) has an empty description. Block tags without descriptions don't add much value for future readers of the code; consider removing the tag entirely or adding a description.
         * @param manager
           ^
    (see http://google.github.io/styleguide/javaguide.html#s7.1.3-javadoc-block-tags)
  Did you mean '*'?
[0K
[0K
[0K
[0K
[0K
[5A[1m<[0;32;1m=======[0;39;1m------> 54% EXECUTING [8s][m[34D[1B[1m> Transforming artifact core-2.4.0.jar (com.yubico.yubikit:core:2.4.0) with Jet[m[79D[1B[1m> Transforming artifact sshlib-2.2.15.jar (com.github.connectbot:sshlib:2.2.15)[m[79D[1B[1m> Transforming artifact hwsecurity-openpgp-4.4.0.aar (com.github.cotechde.hwsec[m[79D[1B[1m> Transforming artifact viewpager2-1.0.0.aar (androidx.viewpager2:viewpager2:1.[m[79D[1B[5A/work/app/src/main/java/org/connectbot/transport/SSH.java:901: warning: [EmptyBlockTag] A block tag (@param, @return, @throws, @deprecated) has an empty description. Block tags without descriptions don't add much value for future readers of the code; consider removing the tag entirely or adding a description.[0K
         * @throws NoSuchAlgorithmException[0K
           ^[0K
    (see http://google.github.io/styleguide/javaguide.html#s7.1.3-javadoc-block-tags)[0K
  Did you mean '*'?[0K
[0K
[0K
[0K
[0K
[0K
[5A[1m<[0;32;1m=======[0;39;1m------> 54% EXECUTING [8s][m[34D[1B[1m> Transforming artifact core-2.4.0.jar (com.yubico.yubikit:core:2.4.0) with Jet[m[79D[1B[1m> Transforming artifact sshlib-2.2.15.jar (com.github.connectbot:sshlib:2.2.15)[m[79D[1B[1m> Transforming artifact hwsecurity-openpgp-4.4.0.aar (com.github.cotechde.hwsec[m[79D[1B[1m> Transforming artifact viewpager2-1.0.0.aar (androidx.viewpager2:viewpager2:1.[m[79D[1B[5A/work/app/src/main/java/org/connectbot/transport/SSH.java:902: warning: [EmptyBlockTag] A block tag (@param, @return, @throws, @deprecated) has an empty description. Block tags without descriptions don't add much value for future readers of the code; consider removing the tag entirely or adding a description.[0K
         * @throws InvalidKeySpecException[0K
           ^[0K
    (see http://google.github.io/styleguide/javaguide.html#s7.1.3-javadoc-block-tags)[0K
  Did you mean '*'?[0K
/work/app/src/main/java/org/connectbot/transport/SSH.java:903: warning: [EmptyBlockTag] A block tag (@param, @return, @throws, @deprecated) has an empty description. Block tags without descriptions don't add much value for future readers of the code; consider removing the tag entirely or adding a description.
         * @throws IOException
           ^
    (see http://google.github.io/styleguide/javaguide.html#s7.1.3-javadoc-block-tags)
  Did you mean '*'?
/work/app/src/main/java/org/connectbot/transport/SSH.java:1428: warning: [EmptyCatch] Caught exceptions should not be ignored
                        } catch (IOException ignored) {
                          ^
    (see https://google.github.io/styleguide/javaguide.html#s6.2-caught-exceptions)
[0K
[0K
[0K
[0K
[0K
[5A[1m<[0;32;1m=======[0;39;1m------> 54% EXECUTING [8s][m[34D[1B[1m> Transforming artifact core-2.4.0.jar (com.yubico.yubikit:core:2.4.0) with Jet[m[79D[1B[1m> Transforming artifact sshlib-2.2.15.jar (com.github.connectbot:sshlib:2.2.15)[m[79D[1B[1m> Transforming artifact hwsecurity-openpgp-4.4.0.aar (com.github.cotechde.hwsec[m[79D[1B[1m> Transforming artifact viewpager2-1.0.0.aar (androidx.viewpager2:viewpager2:1.[m[79D[1B[5A/work/app/src/main/java/org/connectbot/transport/TransportFactory.java:32: warning: [MissingSummary] A summary line is required on public/protected Javadocs.[0K
 * @author Kenny Root[0K
   ^[0K
    (see http://google.github.io/styleguide/javaguide.html#s7.2-summary-fragment)[0K
/work/app/src/main/java/org/connectbot/transport/TransportFactory.java:45: warning: [EmptyBlockTag] A block tag (@param, @return, @throws, @deprecated) has an empty description. Block tags without descriptions don't add much value for future readers of the code; consider removing the tag entirely or adding a description.[0K
         * @param protocol
           ^
    (see http://google.github.io/styleguide/javaguide.html#s7.1.3-javadoc-block-tags)
  Did you mean '*'?
/work/app/src/main/java/org/connectbot/transport/TransportFactory.java:46: warning: [EmptyBlockTag] A block tag (@param, @return, @throws, @deprecated) has an empty description. Block tags without descriptions don't add much value for future readers of the code; consider removing the tag entirely or adding a description.
         * @return
           ^
    (see http://google.github.io/styleguide/javaguide.html#s7.1.3-javadoc-block-tags)
  Did you mean '*'?
/work/app/src/main/java/org/connectbot/transport/TransportFactory.java:45: warning: [MissingSummary] A summary line is required on public/protected Javadocs.
         * @param protocol
           ^
    (see http://google.github.io/styleguide/javaguide.html#s7.2-summary-fragment)
/work/app/src/main/java/org/connectbot/transport/TransportFactory.java:93: warning: [EmptyBlockTag] A block tag (@param, @return, @throws, @deprecated) has an empty description. Block tags without descriptions don't add much value for future readers of the code; consider removing the tag entirely or adding a description.
         * @param context
           ^
    (see http://google.github.io/styleguide/javaguide.html#s7.1.3-javadoc-block-tags)
  Did you mean '*'?
/work/app/src/main/java/org/connectbot/transport/TransportFactory.java:92: warning: [MissingSummary] A summary fragment is required; consider using the value of the @return block as a summary fragment instead.
         * @param protocol text name of protocol
           ^
    (see http://google.github.io/styleguide/javaguide.html#s7.2-summary-fragment)
  Did you mean '*Returns expanded format hint.'?
/work/app/src/main/java/org/connectbot/transport/TransportFactory.java:109: warning: [MissingSummary] A summary fragment is required; consider using the value of the @return block as a summary fragment instead.
         * @param hostdb Handle to HostDatabase
           ^
    (see http://google.github.io/styleguide/javaguide.html#s7.2-summary-fragment)
  Did you mean '*Returns true when host was found.'?
[0K
[0K
[0K
[0K
[0K
[5A[1m<[0;32;1m=======[0;39;1m------> 54% EXECUTING [8s][m[34D[1B[1m> Transforming artifact core-2.4.0.jar (com.yubico.yubikit:core:2.4.0) with Jet[m[79D[1B[1m> Transforming artifact sshlib-2.2.15.jar (com.github.connectbot:sshlib:2.2.15)[m[79D[1B[1m> Transforming artifact hwsecurity-openpgp-4.4.0.aar (com.github.cotechde.hwsec[m[79D[1B[1m> Transforming artifact viewpager2-1.0.0.aar (androidx.viewpager2:viewpager2:1.[m[79D[1B[5A24 warnings[0K
[4B[0K
[5A[1m<[0;32;1m=======[0;39;1m------> 54% EXECUTING [8s][m[0K[34D[1B[1m> Transforming artifact core-2.4.0.jar (com.yubico.yubikit:core:2.4.0) with Jet[m[79D[1B[1m> Transforming artifact sshlib-2.2.15.jar (com.github.connectbot:sshlib:2.2.15)[m[79D[1B[1m> Transforming artifact hwsecurity-openpgp-4.4.0.aar (com.github.cotechde.hwsec[m[79D[1B[1m> Transforming artifact viewpager2-1.0.0.aar (androidx.viewpager2:viewpager2:1.[m[79D[1B[5A[1m<[0;32;1m=======[0;39;1m------> 59% EXECUTING [8s][m[34D[5B[5A[1m<[0;32;1m=======[0;39;1m------> 59% EXECUTING [9s][m[34D[5B[5A[0K
[1m> Task :app:externalNativeBuildGoogleDebug[m[0K
Build com_google_ase_Exec_armeabi-v7a[0K
ninja: Entering directory `/work/app/.cxx/cmake/googleDebug/armeabi-v7a'[0K
ninja: no work to do.[0K
Build com_google_ase_Exec_arm64-v8a
ninja: Entering directory `/work/app/.cxx/cmake/googleDebug/arm64-v8a'
ninja: no work to do.
Build com_google_ase_Exec_x86
ninja: Entering directory `/work/app/.cxx/cmake/googleDebug/x86'
ninja: no work to do.
Build com_google_ase_Exec_x86_64
ninja: Entering directory `/work/app/.cxx/cmake/googleDebug/x86_64'
ninja: no work to do.
[0K
[0K
[0K
[0K
[0K
[5A[1m<[0;32;1m=======[0;39;1m------> 61% EXECUTING [9s][m[34D[1B[1m> Transforming artifact core-2.4.0.jar (com.yubico.yubikit:core:2.4.0) with Jet[m[79D[1B[1m> Transforming artifact sshlib-2.2.15.jar (com.github.connectbot:sshlib:2.2.15)[m[79D[1B[1m> Transforming artifact hwsecurity-openpgp-4.4.0.aar (com.github.cotechde.hwsec[m[79D[1B[1m> Transforming artifact viewpager2-1.0.0.aar (androidx.viewpager2:viewpager2:1.[m[79D[1B[5A[1m<[0;32;1m==========[0;39;1m---> 79% EXECUTING [9s][m[34D[5B[5A[1m<[0;32;1m===========[0;39;1m--> 85% EXECUTING [9s][m[34D[5B[5A[1m<[0;32;1m============[0;39;1m-> 93% EXECUTING [9s][m[34D[5B[5A[1m<[0;32;1m============[0;39;1m-> 94% EXECUTING [9s][m[34D[5B[5A[1m<[0;32;1m============[0;39;1m-> 94% EXECUTING [10s][m[35D[5B[5A[1m<[0;32;1m============[0;39;1m-> 96% EXECUTING [10s][m[35D[5B[5A[1m<[0;32;1m============[0;39;1m-> 96% EXECUTING [11s][m[35D[5B[5A[1m<[0;32;1m============[0;39;1m-> 96% EXECUTING [12s][m[35D[5B[5A[0K
[1m> Task :app:compileOssDebugJavaWithJavac[m[0K
/work/app/src/main/java/org/connectbot/bean/HostBean.java:31: warning: [MissingSummary] A summary line is required on public/protected Javadocs.[0K
 * @author Kenny Root[0K
   ^[0K
    (see http://google.github.io/styleguide/javaguide.html#s7.2-summary-fragment)
/work/app/src/main/java/org/connectbot/bean/HostBean.java:337: warning: [MissingSummary] A summary fragment is required; consider using the value of the @return block as a summary fragment instead.
         * @return URI identifying this HostBean
           ^
    (see http://google.github.io/styleguide/javaguide.html#s7.2-summary-fragment)
  Did you mean '*Returns uRI identifying this HostBean.'?
/work/app/src/main/java/org/connectbot/HostEditorFragment.java:621: warning: [EmptyCatch] Caught exceptions should not be ignored
                } catch (NumberFormatException ignored) {
                  ^
    (see https://google.github.io/styleguide/javaguide.html#s6.2-caught-exceptions)
/work/app/src/main/java/org/connectbot/HostEditorFragment.java:818: warning: [EmptyCatch] Caught exceptions should not be ignored
                                } catch (NumberFormatException e) {
                                  ^
    (see https://google.github.io/styleguide/javaguide.html#s6.2-caught-exceptions)
/work/app/src/main/java/org/connectbot/transport/SSH.java:1712: warning: [UnusedVariable] This assignment to the local variable 'lpf' is never read.
                        LocalPortForwarder lpf = null;
                                           ^
    (see https://errorprone.info/bugpattern/UnusedVariable)
  Did you mean to remove this line?
/work/app/src/main/java/org/connectbot/transport/SSH.java:1737: warning: [UnusedVariable] This assignment to the local variable 'dpf' is never read.
                        DynamicPortForwarder dpf = null;
                                             ^
    (see https://errorprone.info/bugpattern/UnusedVariable)
  Did you mean to remove this line?
/work/app/src/main/java/org/connectbot/transport/SSH.java:1421: warning: [UnusedVariable] The parameter 'targetHost' is never read.
        private boolean connectJumpHost(HostBean jumpHost, HostBean targetHost) {
                                                                    ^
    (see https://errorprone.info/bugpattern/UnusedVariable)
  Did you mean 'if (!connectJumpHost(configuredJumpHost)) {'?
/work/app/src/main/java/org/connectbot/transport/SSH.java:133: warning: [UnusedVariable] The field 'MARKER_SIGN_REQUESTED' is never read.
        private static final String MARKER_SIGN_REQUESTED = "SIGN_REQUESTED";
                                    ^
    (see https://errorprone.info/bugpattern/UnusedVariable)
  Did you mean to remove this line?
/work/app/src/main/java/org/connectbot/transport/SSH.java:325: warning: [BadImport] Importing nested classes/static methods/static fields with commonly-used names can make code harder to read, because it may not be clear from the context exactly which type is being referred to. Qualifying the name with that of the containing class can make the code clearer.
                                        for (Entry<String, KeyHolder> entry : manager.loadedKeypairs.entrySet()) {
                                             ^
    (see https://errorprone.info/bugpattern/BadImport)
  Did you mean 'for (Map.Entry<String, KeyHolder> entry : manager.loadedKeypairs.entrySet()) {'?
/work/app/src/main/java/org/connectbot/transport/SSH.java:104: warning: [MissingSummary] A summary line is required on public/protected Javadocs.
 * @author Kenny Root
   ^
    (see http://google.github.io/styleguide/javaguide.html#s7.2-summary-fragment)
/work/app/src/main/java/org/connectbot/transport/SSH.java:118: warning: [EmptyBlockTag] A block tag (@param, @return, @throws, @deprecated) has an empty description. Block tags without descriptions don't add much value for future readers of the code; consider removing the tag entirely or adding a description.
         * @param host
           ^
    (see http://google.github.io/styleguide/javaguide.html#s7.1.3-javadoc-block-tags)
  Did you mean '*'?
/work/app/src/main/java/org/connectbot/transport/SSH.java:119: warning: [EmptyBlockTag] A block tag (@param, @return, @throws, @deprecated) has an empty description. Block tags without descriptions don't add much value for future readers of the code; consider removing the tag entirely or adding a description.
         * @param bridge
           ^
    (see http://google.github.io/styleguide/javaguide.html#s7.1.3-javadoc-block-tags)
  Did you mean '*'?
/work/app/src/main/java/org/connectbot/transport/SSH.java:120: warning: [EmptyBlockTag] A block tag (@param, @return, @throws, @deprecated) has an empty description. Block tags without descriptions don't add much value for future readers of the code; consider removing the tag entirely or adding a description.
         * @param manager
           ^
    (see http://google.github.io/styleguide/javaguide.html#s7.1.3-javadoc-block-tags)
  Did you mean '*'?
/work/app/src/main/java/org/connectbot/transport/SSH.java:901: warning: [EmptyBlockTag] A block tag (@param, @return, @throws, @deprecated) has an empty description. Block tags without descriptions don't add much value for future readers of the code; consider removing the tag entirely or adding a description.
         * @throws NoSuchAlgorithmException
           ^
    (see http://google.github.io/styleguide/javaguide.html#s7.1.3-javadoc-block-tags)
  Did you mean '*'?
/work/app/src/main/java/org/connectbot/transport/SSH.java:902: warning: [EmptyBlockTag] A block tag (@param, @return, @throws, @deprecated) has an empty description. Block tags without descriptions don't add much value for future readers of the code; consider removing the tag entirely or adding a description.
         * @throws InvalidKeySpecException
           ^
    (see http://google.github.io/styleguide/javaguide.html#s7.1.3-javadoc-block-tags)
  Did you mean '*'?
/work/app/src/main/java/org/connectbot/transport/SSH.java:903: warning: [EmptyBlockTag] A block tag (@param, @return, @throws, @deprecated) has an empty description. Block tags without descriptions don't add much value for future readers of the code; consider removing the tag entirely or adding a description.
         * @throws IOException
           ^
    (see http://google.github.io/styleguide/javaguide.html#s7.1.3-javadoc-block-tags)
  Did you mean '*'?
/work/app/src/main/java/org/connectbot/transport/SSH.java:1428: warning: [EmptyCatch] Caught exceptions should not be ignored
                        } catch (IOException ignored) {
                          ^
    (see https://google.github.io/styleguide/javaguide.html#s6.2-caught-exceptions)
/work/app/src/main/java/org/connectbot/transport/TransportFactory.java:32: warning: [MissingSummary] A summary line is required on public/protected Javadocs.
 * @author Kenny Root
   ^
    (see http://google.github.io/styleguide/javaguide.html#s7.2-summary-fragment)
/work/app/src/main/java/org/connectbot/transport/TransportFactory.java:45: warning: [EmptyBlockTag] A block tag (@param, @return, @throws, @deprecated) has an empty description. Block tags without descriptions don't add much value for future readers of the code; consider removing the tag entirely or adding a description.
         * @param protocol
           ^
    (see http://google.github.io/styleguide/javaguide.html#s7.1.3-javadoc-block-tags)
  Did you mean '*'?
/work/app/src/main/java/org/connectbot/transport/TransportFactory.java:46: warning: [EmptyBlockTag] A block tag (@param, @return, @throws, @deprecated) has an empty description. Block tags without descriptions don't add much value for future readers of the code; consider removing the tag entirely or adding a description.
         * @return
           ^
    (see http://google.github.io/styleguide/javaguide.html#s7.1.3-javadoc-block-tags)
  Did you mean '*'?
/work/app/src/main/java/org/connectbot/transport/TransportFactory.java:45: warning: [MissingSummary] A summary line is required on public/protected Javadocs.
         * @param protocol
           ^
    (see http://google.github.io/styleguide/javaguide.html#s7.2-summary-fragment)
/work/app/src/main/java/org/connectbot/transport/TransportFactory.java:93: warning: [EmptyBlockTag] A block tag (@param, @return, @throws, @deprecated) has an empty description. Block tags without descriptions don't add much value for future readers of the code; consider removing the tag entirely or adding a description.
         * @param context
           ^
    (see http://google.github.io/styleguide/javaguide.html#s7.1.3-javadoc-block-tags)
  Did you mean '*'?
/work/app/src/main/java/org/connectbot/transport/TransportFactory.java:92: warning: [MissingSummary] A summary fragment is required; consider using the value of the @return block as a summary fragment instead.
         * @param protocol text name of protocol
           ^
    (see http://google.github.io/styleguide/javaguide.html#s7.2-summary-fragment)
  Did you mean '*Returns expanded format hint.'?
/work/app/src/main/java/org/connectbot/transport/TransportFactory.java:109: warning: [MissingSummary] A summary fragment is required; consider using the value of the @return block as a summary fragment instead.
         * @param hostdb Handle to HostDatabase
           ^
    (see http://google.github.io/styleguide/javaguide.html#s7.2-summary-fragment)
  Did you mean '*Returns true when host was found.'?
24 warnings
[0K
[0K
[0K
[0K
[0K
[5A[1m<[0;32;1m============[0;39;1m-> 97% EXECUTING [12s][m[35D[1B[1m> Transforming artifact core-2.4.0.jar (com.yubico.yubikit:core:2.4.0) with Jet[m[79D[1B[1m> Transforming artifact sshlib-2.2.15.jar (com.github.connectbot:sshlib:2.2.15)[m[79D[1B[1m> Transforming artifact hwsecurity-openpgp-4.4.0.aar (com.github.cotechde.hwsec[m[79D[1B[1m> Transforming artifact viewpager2-1.0.0.aar (androidx.viewpager2:viewpager2:1.[m[79D[1B[5A[0K
[1m> Task :app:externalNativeBuildOssDebug[m[0K
Build com_google_ase_Exec_armeabi-v7a[0K
ninja: Entering directory `/work/app/.cxx/cmake/ossDebug/armeabi-v7a'[0K
ninja: no work to do.[0K
Build com_google_ase_Exec_arm64-v8a
ninja: Entering directory `/work/app/.cxx/cmake/ossDebug/arm64-v8a'
ninja: no work to do.
Build com_google_ase_Exec_x86
ninja: Entering directory `/work/app/.cxx/cmake/ossDebug/x86'
ninja: no work to do.
Build com_google_ase_Exec_x86_64
ninja: Entering directory `/work/app/.cxx/cmake/ossDebug/x86_64'
ninja: no work to do.
[0K
[0K
[0K
[0K
[0K
[5A[1m<[0;32;1m============[0;39;1m-> 97% EXECUTING [12s][m[35D[1B[1m> Transforming artifact core-2.4.0.jar (com.yubico.yubikit:core:2.4.0) with Jet[m[79D[1B[1m> Transforming artifact sshlib-2.2.15.jar (com.github.connectbot:sshlib:2.2.15)[m[79D[1B[1m> Transforming artifact hwsecurity-openpgp-4.4.0.aar (com.github.cotechde.hwsec[m[79D[1B[1m> Transforming artifact viewpager2-1.0.0.aar (androidx.viewpager2:viewpager2:1.[m[79D[1B[5A[1m<[0;32;1m============[0;39;1m-> 99% EXECUTING [12s][m[35D[5B[5A[0K
Deprecated Gradle features were used in this build, making it incompatible with Gradle 7.0.[0K
Use '--warning-mode all' to show the individual deprecation warnings.[0K
See https://docs.gradle.org/6.1.1/userguide/command_line_interface.html#sec:command_line_warnings[0K
[0K
[32;1mBUILD SUCCESSFUL[0;39m in 14s
50 actionable tasks: 9 executed, 41 up-to-date
[0K
[0K
[0K
[0K
[0K
[5A[1m<[0;1m-------------> 0% WAITING[m[26D[1B[1m> Transforming artifact core-2.4.0.jar (com.yubico.yubikit:core:2.4.0) with Jet[m[79D[1B[1m> Transforming artifact sshlib-2.2.15.jar (com.github.connectbot:sshlib:2.2.15)[m[79D[1B[1m> Transforming artifact hwsecurity-openpgp-4.4.0.aar (com.github.cotechde.hwsec[m[79D[1B[1m> Transforming artifact viewpager2-1.0.0.aar (androidx.viewpager2:viewpager2:1.[m[79D[1B[5A[2K[1B[2K[1B[2K[1B[2K[1B[2K[4A[0m[?12l[?25h