Starting a Gradle Daemon, 2 incompatible and 1 stopped Daemons could not be reused, use --status for details


[2A[1B[1m> Starting Daemon[m[17D[1B[1A> IDLE[0K[6D[1B[2A[1m<[0;1m-------------> 0% INITIALIZING [84ms][m[38D[1B[1m> Evaluating settings[m[21D[1B[2A[1m<[0;1m-------------> 0% INITIALIZING [184ms][m[39D[2B[2A[1m<[0;1m-------------> 0% INITIALIZING [284ms][m[39D[2B[2A[1m<[0;1m-------------> 0% INITIALIZING [384ms][m[39D[2B[2A[1m<[0;1m-------------> 0% INITIALIZING [484ms][m[39D[2B[2A[1m<[0;1m-------------> 0% INITIALIZING [584ms][m[39D[2B[2A[1m<[0;1m-------------> 0% INITIALIZING [684ms][m[39D[2B[2A[1m<[0;1m-------------> 0% CONFIGURING [784ms][m[0K[38D[1B[1m> Loading projects[m[0K[18D[1B[2A[1m<[0;1m-------------> 0% CONFIGURING [884ms][m[38D[1B[1m> root project[m[0K[14D[1B[2A[1m<[0;1m-------------> 0% CONFIGURING [984ms][m[38D[1B[1m> root project > Resolve dependencies of detachedConfiguration1[m[63D[1B[2A[1m<[0;1m-------------> 0% CONFIGURING [1s][m[0K[35D[2B[1A[1m> root project > Resolve files of :classpath[m[0K[44D[1B[1A[1m> root project[m[0K[14D[1B[2A[1m<[0;32;1m====[0;39;1m---------> 33% CONFIGURING [1s][m[36D[1B[1m> :app[m[0K[6D[1B[1A[1m> :app > Resolve dependencies of :app:classpath[m[47D[1B[1A[1m> :app[m[0K[6D[1B[2A[1m<[0;32;1m====[0;39;1m---------> 33% CONFIGURING [2s][m[36D[2B[2A[1m<[0;32;1m====[0;39;1m---------> 33% CONFIGURING [3s][m[36D[2B[2A[0K
[1m> Configure project :app[m[0K
No git repository reachable from /work/app
[0K
[0K
[2A[1m<[0;32;1m====[0;39;1m---------> 33% CONFIGURING [3s][m[36D[1B[1m> :app[m[6D[1B[2A[1m<[0;32;1m====[0;39;1m---------> 33% CONFIGURING [4s][m[36D[2B[2A[1m<[0;32;1m====[0;39;1m---------> 33% CONFIGURING [5s][m[36D[2B[2A[1m<[0;32;1m========[0;39;1m-----> 66% CONFIGURING [5s][m[36D[1B[1m> :translations > Compiling /work/translations/build.gradle into local compilat[m[79D[1B[1A[1m> :translations > Resolve dependencies of detachedConfiguration10 > com.jetbrai[m[79D[1B[2A[1m<[0;32;1m========[0;39;1m-----> 66% CONFIGURING [6s][m[36D[2B[1A[1m> :translations > Resolve dependencies of detachedConfiguration10[m[0K[65D[1B[1A[1m> :translations > Resolve dependencies of :translations:classpath[m[65D[1B[2A[1m<[0;32;1m========[0;39;1m-----> 66% CONFIGURING [7s][m[36D[2B[2A[1m<[0;32;1m========[0;39;1m-----> 66% CONFIGURING [8s][m[36D[2B[1A[1m> :translations > Resolve dependencies of :translations:classpath > gradle-pyth[m[79D[1B[2A[1m<[0;32;1m========[0;39;1m-----> 66% CONFIGURING [9s][m[36D[2B[1A[1m> :translations > Resolve files of :translations:classpath > gradle-python-envs[m[79D[1B[2A[1m<[0;32;1m========[0;39;1m-----> 66% CONFIGURING [10s][m[37D[2B[1A[1m> :translations > Compiling /work/translations/build.gradle into local compilat[m[79D[1B[1A[1m> :translations[m[0K[15D[1B[2A[1m<[0;32;1m=============[0;39;1m> 100% CONFIGURING [10s][m[38D[1B> IDLE[0K[6D[1B


[4A[1m> Resolve dependencies of :app:ossDebugRuntimeClasspath > constraintlayout-1.1.[m[79D[1B[1m> Resolve dependencies of :app:ossDebugRuntimeClasspath > hwsecurity-ui-4.4.0.p[m[79D[1B[1m> Resolve dependencies of :app:ossDebugRuntimeClasspath > hwsecurity-openpgp-4.[m[79D[1B[1m> Resolve dependencies of :app:ossDebugRuntimeClasspath > recyclerview-1.0.0.po[m[79D[1B[4A> IDLE[0K[6D[4B[4A[1m> Resolve dependencies of :app:ossDebugRuntimeClasspath > org.jacoco.agent-0.8.[m[79D[3B[1m> Resolve dependencies of :app:ossDebugRuntimeClasspath > preferencex-1.0.0.pom[m[79D[1B[5A[1m<[0;32;1m=============[0;39;1m> 100% CONFIGURING [11s][m[38D[5B[4A> IDLE[0K[6D[4B[4A[1m> Resolve dependencies of :app:ossDebugRuntimeClasspath > sshlib-2.2.15.pom[m[75D[4B[5A[1m<[0;32;1m=============[0;39;1m> 100% CONFIGURING [12s][m[38D[5B[1A> IDLE[0K[6D[1B[4A> IDLE[0K[6D[1B[1m> Resolve dependencies of :app:ossDebugRuntimeClasspath > hwsecurity-ui-4.4.0.m[m[79D[3B[5A[1m<[0;32;1m=============[0;39;1m> 100% CONFIGURING [13s][m[38D[5B[3A> IDLE[0K[6D[3B[5A[1m<[0;32;1m=============[0;39;1m> 100% CONFIGURING [14s][m[38D[5B[4A[1m> Resolve dependencies of :app:ossDebugRuntimeClasspath > bcprov-jdk15on-1.65.p[m[79D[1B[1m> Resolve dependencies of :app:ossDebugRuntimeClasspath > hwsecurity-4.4.0.pom[m[78D[1B[1m> Resolve dependencies of :app:ossDebugRuntimeClasspath > hwsecurity-provider-4[m[79D[1B[1m> Resolve dependencies of :app:ossDebugRuntimeClasspath > auto-value-annotation[m[79D[1B[5A[1m<[0;32;1m=============[0;39;1m> 100% CONFIGURING [15s][m[38D[1B> IDLE[0K[6D[3B[1m> Resolve dependencies of :app:ossDebugRuntimeClasspath > auto-value-parent-1.6[m[79D[1B[1A[1m> Resolve dependencies of :app:ossDebugRuntimeClasspath > auto-parent-7.pom[m[0K[75D[1B[1A> IDLE[0K[6D[1B[5A[1m<[0;32;1m=============[0;39;1m> 100% CONFIGURING [16s][m[38D[5B[5A[1m<[0;32;1m=============[0;39;1m> 100% CONFIGURING [17s][m[38D[5B[2A> IDLE[0K[6D[2B[3A[1m> Resolve dependencies of :app:ossDebugRuntimeClasspath > hwsecurity-4.4.0.modu[m[79D[3B[3A[1m> Resolve dependencies of :app:ossDebugRuntimeClasspath > material-1.3.0.pom[m[0K[76D[3B[3A[1m> Resolve dependencies of :app:ossDebugRuntimeClasspath > material-1.3.0.module[m[79D[3B[5A[1m<[0;32;1m=============[0;39;1m> 100% CONFIGURING [18s][m[38D[2B[1m> Resolve dependencies of :app:ossDebugRuntimeClasspath > constraintlayout-2.0.[m[79D[3B[3A[1m> Resolve dependencies of :app:ossDebugRuntimeClasspath > fragment-1.0.0.pom[m[0K[76D[1B[1m> Resolve dependencies of :app:ossDebugRuntimeClasspath > legacy-support-core-u[m[79D[1B[1m> Resolve dependencies of :app:ossDebugRuntimeClasspath > media-1.0.0.pom[m[73D[1B[3A> IDLE[0K[6D[1B> IDLE[0K[6D[1B[1m> Resolve dependencies of :app:ossDebugRuntimeClasspath > core-1.3.0.pom[m[0K[72D[1B[4A[1m> Resolve dependencies of :app:ossDebugRuntimeClasspath > drawerlayout-1.0.0.po[m[79D[1B[1m> Resolve dependencies of :app:ossDebugRuntimeClasspath > cursoradapter-1.0.0.p[m[79D[1B[1m> Resolve dependencies of :app:ossDebugRuntimeClasspath > appcompat-resources-1[m[79D[1B[1m> Resolve dependencies of :app:ossDebugRuntimeClasspath > collection-1.0.0.pom[m[78D[1B[4A[1m> Resolve dependencies of :app:ossDebugRuntimeClasspath > appcompat-resources-1[m[79D[1B> IDLE[0K[6D[1B> IDLE[0K[6D[1B> IDLE[0K[6D[1B[4A[1m> Resolve dependencies of :app:ossDebugRuntimeClasspath > lifecycle-runtime-2.3[m[79D[4B[4A[1m> Resolve dependencies of :app:ossDebugRuntimeClasspath > coordinatorlayout-1.1[m[79D[2B[1m> Resolve dependencies of :app:ossDebugRuntimeClasspath > vectordrawable-1.1.0.[m[79D[1B[1m> Resolve dependencies of :app:ossDebugRuntimeClasspath > transition-1.2.0.pom[m[78D[1B[4A[1m> Resolve dependencies of :app:ossDebugRuntimeClasspath > constraintlayout-solv[m[79D[2B> IDLE[0K[6D[1B> IDLE[0K[6D[1B[4A[1m> Resolve dependencies of :app:ossDebugRuntimeClasspath > asynclayoutinflater-1[m[79D[1B[1m> Resolve dependencies of :app:ossDebugRuntimeClasspath > interpolator-1.0.0.po[m[79D[1B[1m> Resolve dependencies of :app:ossDebugRuntimeClasspath > customview-1.0.0.pom[m[78D[1B[1m> Resolve dependencies of :app:ossDebugRuntimeClasspath > slidingpanelayout-1.0[m[79D[1B[5A[1m<[0;32;1m=============[0;39;1m> 100% CONFIGURING [19s][m[38D[1B[1m> Resolve dependencies of :app:ossDebugRuntimeClasspath > print-1.0.0.pom[m[0K[73D[1B[1m> Resolve dependencies of :app:ossDebugRuntimeClasspath > localbroadcastmanager[m[79D[1B[1m> Resolve dependencies of :app:ossDebugRuntimeClasspath > documentfile-1.0.0.po[m[79D[1B[1m> Resolve dependencies of :app:ossDebugRuntimeClasspath > loader-1.0.0.pom[m[0K[74D[1B[4A[1m> Resolve dependencies of :app:ossDebugRuntimeClasspath > lifecycle-viewmodel-2[m[79D[1B> IDLE[0K[6D[1B> IDLE[0K[6D[1B[1m> Resolve dependencies of :app:ossDebugRuntimeClasspath > activity-1.0.0.pom[m[76D[1B[1A> IDLE[0K[6D[1B[4A[1m> Resolve dependencies of :app:ossDebugRuntimeClasspath > core-common-2.1.0.pom[m[79D[1B[1m> Resolve dependencies of :app:ossDebugRuntimeClasspath > lifecycle-common-2.3.[m[79D[2B[1m> Resolve dependencies of :app:ossDebugRuntimeClasspath > core-runtime-2.1.0.po[m[79D[1B[4A> IDLE[0K[6D[3B> IDLE[0K[6D[1B[3A[1m> Resolve dependencies of :app:ossDebugRuntimeClasspath[m[0K[55D[3B[3A[1m> Resolve dependencies of :app:ossDebugRuntimeClasspath > lifecycle-viewmodel-2[m[79D[3B[3A[1m> Resolve dependencies of :app:ossDebugRuntimeClasspath > savedstate-1.0.0.pom[m[0K[78D[3B[3A[1m> Resolve dependencies of :app:ossDebugRuntimeClasspath > lifecycle-livedata-co[m[79D[3B[5A[1m<[0;32;1m=============[0;39;1m> 100% CONFIGURING [20s][m[38D[2B[1m> Resolve dependencies of :app:ossDebugRuntimeClasspath[m[0K[55D[3B[5A[1m<[0;32;1m=============[0;39;1m> 100% CONFIGURING [21s][m[38D[5B[3A> IDLE[0K[6D[3B[5A[0K
[31mFAILURE: [39m[31mBuild failed with an exception.[39m[0K
[0K
* What went wrong:[0K
Could not determine the dependencies of task ':app:mergeOssDebugResources'.[0K
[33m> [39mCould not resolve all task dependencies for configuration ':app:ossDebugRuntimeClasspath'.
   [33m> [39mCould not find org.connectbot:sshlib:2.2.15.
     Searched in the following locations:
       - https://dl.google.com/dl/android/maven2/org/connectbot/sshlib/2.2.15/sshlib-2.2.15.pom
       - https://jcenter.bintray.com/org/connectbot/sshlib/2.2.15/sshlib-2.2.15.pom
       - https://oss.jfrog.org/artifactory/oss-snapshot-local/org/connectbot/sshlib/2.2.15/sshlib-2.2.15.pom
       - https://jitpack.io/org/connectbot/sshlib/2.2.15/sshlib-2.2.15.pom
     Required by:
         project :app
   [33m> [39mCould not find com.takisoft.preferencex:preferencex:1.0.0.
     Searched in the following locations:
       - https://dl.google.com/dl/android/maven2/com/takisoft/preferencex/preferencex/1.0.0/preferencex-1.0.0.pom
       - https://jcenter.bintray.com/com/takisoft/preferencex/preferencex/1.0.0/preferencex-1.0.0.pom
       - https://oss.jfrog.org/artifactory/oss-snapshot-local/com/takisoft/preferencex/preferencex/1.0.0/preferencex-1.0.0.pom
       - https://jitpack.io/com/takisoft/preferencex/preferencex/1.0.0/preferencex-1.0.0.pom
     Required by:
         project :app

* Try:
Run with [1m--stacktrace[m option to get the stack trace. Run with [1m--info[m or [1m--debug[m option to get more log output. Run with [1m--scan[m to get full insights.

* Get more help at [1mhttps://help.gradle.org[m

Deprecated Gradle features were used in this build, making it incompatible with Gradle 7.0.
Use '--warning-mode all' to show the individual deprecation warnings.
See https://docs.gradle.org/6.1.1/userguide/command_line_interface.html#sec:command_line_warnings

[31;1mBUILD FAILED[0;39m in 23s
[0K
[0K
[0K
[0K
[0K
[5A[1m<[0;1m-------------> 0% WAITING[m[26D[1B> IDLE[6D[1B> IDLE[6D[1B> IDLE[6D[1B> IDLE[6D[1B[5A[2K[1B[2K[1B[2K[1B[2K[1B[2K[4A[0m[?12l[?25h