

[1A[1m> Connecting to Daemon[m[22D[1B[2AStarting a Gradle Daemon, 2 incompatible and 3 stopped Daemons could not be reused, use --status for details
[1B[0K
[2A[0K[1B[1m> Starting Daemon[m[17D[1B[1A> IDLE[0K[6D[1B[2A[1m<[0;1m-------------> 0% INITIALIZING [8ms][m[37D[2B[2A[1m<[0;1m-------------> 0% INITIALIZING [108ms][m[39D[1B[1m> Evaluating settings[m[21D[1B[2A[1m<[0;1m-------------> 0% INITIALIZING [208ms][m[39D[2B[2A[1m<[0;1m-------------> 0% INITIALIZING [308ms][m[39D[2B[2A[1m<[0;1m-------------> 0% INITIALIZING [408ms][m[39D[2B[2A[1m<[0;1m-------------> 0% INITIALIZING [508ms][m[39D[2B[2A[1m<[0;1m-------------> 0% INITIALIZING [608ms][m[39D[2B[2A[1m<[0;1m-------------> 0% INITIALIZING [708ms][m[39D[2B[2A[1m<[0;1m-------------> 0% CONFIGURING [808ms][m[0K[38D[1B[1m> Loading projects[m[0K[18D[1B[2A[1m<[0;1m-------------> 0% CONFIGURING [908ms][m[38D[1B[1m> root project[m[0K[14D[1B[2A[1m<[0;1m-------------> 0% CONFIGURING [1s][m[0K[35D[2B[1A[1m> root project > Resolve dependencies of detachedConfiguration1[m[63D[1B[1A[1m> root project[m[0K[14D[1B[2A[1m<[0;32;1m====[0;39;1m---------> 33% CONFIGURING [1s][m[36D[1B[1m> :app[m[0K[6D[1B[1A[1m> :app > Resolve dependencies of :app:classpath[m[47D[1B[1A[1m> :app[m[0K[6D[1B[2A[1m<[0;32;1m====[0;39;1m---------> 33% CONFIGURING [2s][m[36D[2B[2A[1m<[0;32;1m====[0;39;1m---------> 33% CONFIGURING [3s][m[36D[2B[2A[0K
[1m> Configure project :app[m[0K
WARNING:: The option setting 'android.aapt2FromMavenOverride=/opt/android-sdk-linux/build-tools/34.0.0/aapt2' is experimental.
No git repository reachable from /work/app
[0K
[0K
[2A[1m<[0;32;1m====[0;39;1m---------> 33% CONFIGURING [3s][m[36D[1B[1m> :app[m[6D[1B[2AWARNING:: Mapping new ns http://schemas.android.com/repository/android/common/02 to old ns http://schemas.android.com/repository/android/common/01[0K
Mapping new ns http://schemas.android.com/repository/android/common/02 to old ns http://schemas.android.com/repository/android/common/01[0K
WARNING:: Mapping new ns http://schemas.android.com/repository/android/generic/02 to old ns http://schemas.android.com/repository/android/generic/01
Mapping new ns http://schemas.android.com/repository/android/generic/02 to old ns http://schemas.android.com/repository/android/generic/01
WARNING:: Mapping new ns http://schemas.android.com/sdk/android/repo/addon2/02 to old ns http://schemas.android.com/sdk/android/repo/addon2/01
Mapping new ns http://schemas.android.com/sdk/android/repo/addon2/02 to old ns http://schemas.android.com/sdk/android/repo/addon2/01
WARNING:: Mapping new ns http://schemas.android.com/sdk/android/repo/addon2/03 to old ns http://schemas.android.com/sdk/android/repo/addon2/01
Mapping new ns http://schemas.android.com/sdk/android/repo/addon2/03 to old ns http://schemas.android.com/sdk/android/repo/addon2/01
WARNING:: Mapping new ns http://schemas.android.com/sdk/android/repo/repository2/02 to old ns http://schemas.android.com/sdk/android/repo/repository2/01
Mapping new ns http://schemas.android.com/sdk/android/repo/repository2/02 to old ns http://schemas.android.com/sdk/android/repo/repository2/01
WARNING:: Mapping new ns http://schemas.android.com/sdk/android/repo/repository2/03 to old ns http://schemas.android.com/sdk/android/repo/repository2/01
Mapping new ns http://schemas.android.com/sdk/android/repo/repository2/03 to old ns http://schemas.android.com/sdk/android/repo/repository2/01
WARNING:: Mapping new ns http://schemas.android.com/sdk/android/repo/sys-img2/03 to old ns http://schemas.android.com/sdk/android/repo/sys-img2/01
Mapping new ns http://schemas.android.com/sdk/android/repo/sys-img2/03 to old ns http://schemas.android.com/sdk/android/repo/sys-img2/01
WARNING:: Mapping new ns http://schemas.android.com/sdk/android/repo/sys-img2/02 to old ns http://schemas.android.com/sdk/android/repo/sys-img2/01
Mapping new ns http://schemas.android.com/sdk/android/repo/sys-img2/02 to old ns http://schemas.android.com/sdk/android/repo/sys-img2/01
WARNING:: unexpected element (uri:"", local:"base-extension"). Expected elements are <{}codename>,<{}layoutlib>,<{}api-level>
unexpected element (uri:"", local:"base-extension"). Expected elements are <{}codename>,<{}layoutlib>,<{}api-level>
WARNING:: unexpected element (uri:"", local:"extension-level"). Expected elements are <{}codename>,<{}layoutlib>,<{}api-level>
unexpected element (uri:"", local:"extension-level"). Expected elements are <{}codename>,<{}layoutlib>,<{}api-level>
[0K
[0K
[2A[1m<[0;32;1m====[0;39;1m---------> 33% CONFIGURING [3s][m[36D[1B[1m> :app[m[6D[1B[2A[1m<[0;32;1m====[0;39;1m---------> 33% CONFIGURING [4s][m[36D[2B[2AWarning: Mapping new ns http://schemas.android.com/repository/android/common/02 to old ns http://schemas.android.com/repository/android/common/01[0K
Warning: Mapping new ns http://schemas.android.com/repository/android/generic/02 to old ns http://schemas.android.com/repository/android/generic/01[0K
Warning: Mapping new ns http://schemas.android.com/sdk/android/repo/addon2/02 to old ns http://schemas.android.com/sdk/android/repo/addon2/01
Warning: Mapping new ns http://schemas.android.com/sdk/android/repo/addon2/03 to old ns http://schemas.android.com/sdk/android/repo/addon2/01
Warning: Mapping new ns http://schemas.android.com/sdk/android/repo/repository2/02 to old ns http://schemas.android.com/sdk/android/repo/repository2/01
Warning: Mapping new ns http://schemas.android.com/sdk/android/repo/repository2/03 to old ns http://schemas.android.com/sdk/android/repo/repository2/01
Warning: Mapping new ns http://schemas.android.com/sdk/android/repo/sys-img2/03 to old ns http://schemas.android.com/sdk/android/repo/sys-img2/01
Warning: Mapping new ns http://schemas.android.com/sdk/android/repo/sys-img2/02 to old ns http://schemas.android.com/sdk/android/repo/sys-img2/01
Warning: Mapping new ns http://schemas.android.com/repository/android/common/02 to old ns http://schemas.android.com/repository/android/common/01
Warning: Mapping new ns http://schemas.android.com/repository/android/generic/02 to old ns http://schemas.android.com/repository/android/generic/01
Warning: Mapping new ns http://schemas.android.com/sdk/android/repo/addon2/02 to old ns http://schemas.android.com/sdk/android/repo/addon2/01
Warning: Mapping new ns http://schemas.android.com/sdk/android/repo/addon2/03 to old ns http://schemas.android.com/sdk/android/repo/addon2/01
Warning: Mapping new ns http://schemas.android.com/sdk/android/repo/repository2/02 to old ns http://schemas.android.com/sdk/android/repo/repository2/01
Warning: Mapping new ns http://schemas.android.com/sdk/android/repo/repository2/03 to old ns http://schemas.android.com/sdk/android/repo/repository2/01
Warning: Mapping new ns http://schemas.android.com/sdk/android/repo/sys-img2/03 to old ns http://schemas.android.com/sdk/android/repo/sys-img2/01
Warning: Mapping new ns http://schemas.android.com/sdk/android/repo/sys-img2/02 to old ns http://schemas.android.com/sdk/android/repo/sys-img2/01
Warning: unexpected element (uri:"", local:"extension-level"). Expected elements are <{}codename>,<{}layoutlib>,<{}api-level>
Warning: unexpected element (uri:"", local:"base-extension"). Expected elements are <{}codename>,<{}layoutlib>,<{}api-level>
[0K
[0K
[2A[1m<[0;32;1m====[0;39;1m---------> 33% CONFIGURING [5s][m[36D[1B[1m> :app[m[6D[1B[2A[1m<[0;32;1m========[0;39;1m-----> 66% CONFIGURING [5s][m[36D[1B[1m> :translations[m[15D[1B[2A[1m<[0;32;1m=============[0;39;1m> 100% CONFIGURING [5s][m[37D[1B> IDLE[0K[6D[1B[2A[1m<[0;1m-------------> 0% EXECUTING [5s][m[0K[33D[2B[2A[1m<[0;1m-------------> 4% EXECUTING [6s][m[33D[1B[1m> :app:generateGoogleDebugBuildConfig[m[37D[1B


[5A[1m<[0;1m-------------> 5% EXECUTING [6s][m[33D[1B[1m> :app:javaPreCompileGoogleDebug > Resolve files of :app:googleDebugAnnotationP[m[79D[1B[1m> :app:javaPreCompileGoogleDebug > Resolve files of :app:googleDebugAnnotationP[m[79D[1B[1m> :app:javaPreCompileGoogleDebug > Resolve files of :app:googleDebugAnnotationP[m[79D[1B[1m> :app:javaPreCompileGoogleDebug > Resolve files of :app:googleDebugAnnotationP[m[79D[1B[5A[1m<[0;1m-------------> 7% EXECUTING [6s][m[33D[1B[1m> :app:checkGoogleDebugAarMetadata > Resolve files of :app:googleDebugRuntimeCl[m[79D[1B[1m> :app:checkGoogleDebugAarMetadata > Resolve files of :app:googleDebugRuntimeCl[m[79D[1B[1m> :app:checkGoogleDebugAarMetadata > Resolve files of :app:googleDebugRuntimeCl[m[79D[1B[1m> :app:checkGoogleDebugAarMetadata > Resolve files of :app:googleDebugRuntimeCl[m[79D[1B[5A[1m<[0;32;1m=[0;39;1m------------> 10% EXECUTING [6s][m[34D[1B[1m> :app:mergeGoogleDebugResources > Resolve files of :app:googleDebugRuntimeClas[m[79D[1B[1m> :app:mergeGoogleDebugResources > Resolve files of :app:googleDebugRuntimeClas[m[79D[1B[1m> :app:mergeGoogleDebugResources > Resolve files of :app:googleDebugRuntimeClas[m[79D[2B[5A[1m<[0;32;1m==[0;39;1m-----------> 17% EXECUTING [6s][m[34D[1B> IDLE[0K[6D[1B[1m> :app:processGoogleDebugResources[m[0K[34D[1B[1m> :app:checkGoogleDebugAarMetadata > Resolve files of :app:googleDebugRuntimeCl[m[79D[2B[3A[1m> :app:processGoogleDebugResources > Resolve dependencies of :app:googleDebugCo[m[79D[3B[5A[1m<[0;32;1m==[0;39;1m-----------> 19% EXECUTING [6s][m[34D[1B[1m> :app:compileGoogleDebugJavaWithJavac > Resolve dependencies of :app:errorpron[m[79D[1B[1m> :app:checkGoogleDebugAarMetadata > Resolve files of :app:googleDebugRuntimeCl[m[79D[3B[4A[1m> :app:compileGoogleDebugJavaWithJavac[m[0K[38D[4B[5A[1m<[0;32;1m==[0;39;1m-----------> 19% EXECUTING [7s][m[34D[5B[5A[1m<[0;32;1m==[0;39;1m-----------> 19% EXECUTING [8s][m[34D[5B[5A[0K
[1m> Task :app:compileGoogleDebugJavaWithJavac[m[0K
/work/app/src/main/java/org/connectbot/bean/HostBean.java:31: warning: [MissingSummary] A summary line is required on public/protected Javadocs.[0K
 * @author Kenny Root[0K
   ^[0K
    (see http://google.github.io/styleguide/javaguide.html#s7.2-summary-fragment)
/work/app/src/main/java/org/connectbot/bean/HostBean.java:349: warning: [MissingSummary] A summary fragment is required; consider using the value of the @return block as a summary fragment instead.
         * @return URI identifying this HostBean
           ^
    (see http://google.github.io/styleguide/javaguide.html#s7.2-summary-fragment)
  Did you mean '*Returns uRI identifying this HostBean.'?
[0K
[0K
[0K
[0K
[0K
[5A[1m<[0;32;1m==[0;39;1m-----------> 19% EXECUTING [8s][m[34D[1B[1m> :app:compileGoogleDebugJavaWithJavac[m[38D[1B[1m> :app:checkGoogleDebugAarMetadata > Resolve files of :app:googleDebugRuntimeCl[m[79D[1B[1m> :app:checkGoogleDebugAarMetadata > Resolve files of :app:googleDebugRuntimeCl[m[79D[1B[1m> :app:checkGoogleDebugAarMetadata > Resolve files of :app:googleDebugRuntimeCl[m[79D[1B[5A/work/app/src/main/java/org/connectbot/HostEditorFragment.java:690: warning: [EmptyCatch] Caught exceptions should not be ignored[0K
                } catch (NumberFormatException ignored) {[0K
                  ^[0K
    (see https://google.github.io/styleguide/javaguide.html#s6.2-caught-exceptions)[0K
/work/app/src/main/java/org/connectbot/HostEditorFragment.java:889: warning: [EmptyCatch] Caught exceptions should not be ignored[0K
                                } catch (NumberFormatException e) {
                                  ^
    (see https://google.github.io/styleguide/javaguide.html#s6.2-caught-exceptions)
[0K
[0K
[0K
[0K
[0K
[5A[1m<[0;32;1m==[0;39;1m-----------> 19% EXECUTING [9s][m[34D[1B[1m> :app:compileGoogleDebugJavaWithJavac[m[38D[1B[1m> :app:checkGoogleDebugAarMetadata > Resolve files of :app:googleDebugRuntimeCl[m[79D[1B[1m> :app:checkGoogleDebugAarMetadata > Resolve files of :app:googleDebugRuntimeCl[m[79D[1B[1m> :app:checkGoogleDebugAarMetadata > Resolve files of :app:googleDebugRuntimeCl[m[79D[1B[5A/work/app/src/main/java/org/connectbot/transport/SSH.java:1758: warning: [UnusedVariable] This assignment to the local variable 'lpf' is never read.[0K
                        LocalPortForwarder lpf = null;[0K
                                           ^[0K
    (see https://errorprone.info/bugpattern/UnusedVariable)[0K
  Did you mean to remove this line?[0K
/work/app/src/main/java/org/connectbot/transport/SSH.java:1783: warning: [UnusedVariable] This assignment to the local variable 'dpf' is never read.
                        DynamicPortForwarder dpf = null;
                                             ^
    (see https://errorprone.info/bugpattern/UnusedVariable)
  Did you mean to remove this line?
/work/app/src/main/java/org/connectbot/transport/SSH.java:1461: warning: [UnusedVariable] The parameter 'targetHost' is never read.
        private boolean connectJumpHost(HostBean jumpHost, HostBean targetHost) {
                                                                    ^
    (see https://errorprone.info/bugpattern/UnusedVariable)
  Did you mean 'if (!connectJumpHost(configuredJumpHost)) {'?
/work/app/src/main/java/org/connectbot/transport/SSH.java:133: warning: [UnusedVariable] The field 'MARKER_SIGN_REQUESTED' is never read.
        private static final String MARKER_SIGN_REQUESTED = "SIGN_REQUESTED";
                                    ^
    (see https://errorprone.info/bugpattern/UnusedVariable)
  Did you mean to remove this line?
/work/app/src/main/java/org/connectbot/transport/SSH.java:338: warning: [BadImport] Importing nested classes/static methods/static fields with commonly-used names can make code harder to read, because it may not be clear from the context exactly which type is being referred to. Qualifying the name with that of the containing class can make the code clearer.
                                        for (Entry<String, KeyHolder> entry : manager.loadedKeypairs.entrySet()) {
                                             ^
    (see https://errorprone.info/bugpattern/BadImport)
  Did you mean 'for (Map.Entry<String, KeyHolder> entry : manager.loadedKeypairs.entrySet()) {'?
/work/app/src/main/java/org/connectbot/transport/SSH.java:104: warning: [MissingSummary] A summary line is required on public/protected Javadocs.
 * @author Kenny Root
   ^
    (see http://google.github.io/styleguide/javaguide.html#s7.2-summary-fragment)
/work/app/src/main/java/org/connectbot/transport/SSH.java:118: warning: [EmptyBlockTag] A block tag (@param, @return, @throws, @deprecated) has an empty description. Block tags without descriptions don't add much value for future readers of the code; consider removing the tag entirely or adding a description.
         * @param host
           ^
    (see http://google.github.io/styleguide/javaguide.html#s7.1.3-javadoc-block-tags)
  Did you mean '*'?
/work/app/src/main/java/org/connectbot/transport/SSH.java:119: warning: [EmptyBlockTag] A block tag (@param, @return, @throws, @deprecated) has an empty description. Block tags without descriptions don't add much value for future readers of the code; consider removing the tag entirely or adding a description.
         * @param bridge
           ^
    (see http://google.github.io/styleguide/javaguide.html#s7.1.3-javadoc-block-tags)
  Did you mean '*'?
/work/app/src/main/java/org/connectbot/transport/SSH.java:120: warning: [EmptyBlockTag] A block tag (@param, @return, @throws, @deprecated) has an empty description. Block tags without descriptions don't add much value for future readers of the code; consider removing the tag entirely or adding a description.
         * @param manager
           ^
    (see http://google.github.io/styleguide/javaguide.html#s7.1.3-javadoc-block-tags)
  Did you mean '*'?
[0K
[0K
[0K
[0K
[0K
[5A[1m<[0;32;1m==[0;39;1m-----------> 19% EXECUTING [9s][m[34D[1B[1m> :app:compileGoogleDebugJavaWithJavac[m[38D[1B[1m> :app:checkGoogleDebugAarMetadata > Resolve files of :app:googleDebugRuntimeCl[m[79D[1B[1m> :app:checkGoogleDebugAarMetadata > Resolve files of :app:googleDebugRuntimeCl[m[79D[1B[1m> :app:checkGoogleDebugAarMetadata > Resolve files of :app:googleDebugRuntimeCl[m[79D[1B[5A/work/app/src/main/java/org/connectbot/transport/SSH.java:939: warning: [EmptyBlockTag] A block tag (@param, @return, @throws, @deprecated) has an empty description. Block tags without descriptions don't add much value for future readers of the code; consider removing the tag entirely or adding a description.[0K
         * @throws NoSuchAlgorithmException[0K
           ^[0K
    (see http://google.github.io/styleguide/javaguide.html#s7.1.3-javadoc-block-tags)[0K
  Did you mean '*'?[0K
/work/app/src/main/java/org/connectbot/transport/SSH.java:940: warning: [EmptyBlockTag] A block tag (@param, @return, @throws, @deprecated) has an empty description. Block tags without descriptions don't add much value for future readers of the code; consider removing the tag entirely or adding a description.
         * @throws InvalidKeySpecException
           ^
    (see http://google.github.io/styleguide/javaguide.html#s7.1.3-javadoc-block-tags)
  Did you mean '*'?
/work/app/src/main/java/org/connectbot/transport/SSH.java:941: warning: [EmptyBlockTag] A block tag (@param, @return, @throws, @deprecated) has an empty description. Block tags without descriptions don't add much value for future readers of the code; consider removing the tag entirely or adding a description.
         * @throws IOException
           ^
    (see http://google.github.io/styleguide/javaguide.html#s7.1.3-javadoc-block-tags)
  Did you mean '*'?
[0K
[0K
[0K
[0K
[0K
[5A[1m<[0;32;1m==[0;39;1m-----------> 19% EXECUTING [9s][m[34D[1B[1m> :app:compileGoogleDebugJavaWithJavac[m[38D[1B[1m> :app:checkGoogleDebugAarMetadata > Resolve files of :app:googleDebugRuntimeCl[m[79D[1B[1m> :app:checkGoogleDebugAarMetadata > Resolve files of :app:googleDebugRuntimeCl[m[79D[1B[1m> :app:checkGoogleDebugAarMetadata > Resolve files of :app:googleDebugRuntimeCl[m[79D[1B[5A/work/app/src/main/java/org/connectbot/transport/SSH.java:1468: warning: [EmptyCatch] Caught exceptions should not be ignored[0K
                        } catch (IOException ignored) {[0K
                          ^[0K
    (see https://google.github.io/styleguide/javaguide.html#s6.2-caught-exceptions)[0K
[1B[0K
[0K
[0K
[0K
[5A[1m<[0;32;1m==[0;39;1m-----------> 19% EXECUTING [9s][m[0K[34D[1B[1m> :app:compileGoogleDebugJavaWithJavac[m[38D[1B[1m> :app:checkGoogleDebugAarMetadata > Resolve files of :app:googleDebugRuntimeCl[m[79D[1B[1m> :app:checkGoogleDebugAarMetadata > Resolve files of :app:googleDebugRuntimeCl[m[79D[1B[1m> :app:checkGoogleDebugAarMetadata > Resolve files of :app:googleDebugRuntimeCl[m[79D[1B[5A/work/app/src/main/java/org/connectbot/transport/TransportFactory.java:32: warning: [MissingSummary] A summary line is required on public/protected Javadocs.[0K
 * @author Kenny Root[0K
   ^[0K
    (see http://google.github.io/styleguide/javaguide.html#s7.2-summary-fragment)[0K
/work/app/src/main/java/org/connectbot/transport/TransportFactory.java:45: warning: [EmptyBlockTag] A block tag (@param, @return, @throws, @deprecated) has an empty description. Block tags without descriptions don't add much value for future readers of the code; consider removing the tag entirely or adding a description.[0K
         * @param protocol
           ^
    (see http://google.github.io/styleguide/javaguide.html#s7.1.3-javadoc-block-tags)
  Did you mean '*'?
/work/app/src/main/java/org/connectbot/transport/TransportFactory.java:46: warning: [EmptyBlockTag] A block tag (@param, @return, @throws, @deprecated) has an empty description. Block tags without descriptions don't add much value for future readers of the code; consider removing the tag entirely or adding a description.
         * @return
           ^
    (see http://google.github.io/styleguide/javaguide.html#s7.1.3-javadoc-block-tags)
  Did you mean '*'?
/work/app/src/main/java/org/connectbot/transport/TransportFactory.java:45: warning: [MissingSummary] A summary line is required on public/protected Javadocs.
         * @param protocol
           ^
    (see http://google.github.io/styleguide/javaguide.html#s7.2-summary-fragment)
/work/app/src/main/java/org/connectbot/transport/TransportFactory.java:93: warning: [EmptyBlockTag] A block tag (@param, @return, @throws, @deprecated) has an empty description. Block tags without descriptions don't add much value for future readers of the code; consider removing the tag entirely or adding a description.
         * @param context
           ^
    (see http://google.github.io/styleguide/javaguide.html#s7.1.3-javadoc-block-tags)
  Did you mean '*'?
/work/app/src/main/java/org/connectbot/transport/TransportFactory.java:92: warning: [MissingSummary] A summary fragment is required; consider using the value of the @return block as a summary fragment instead.
         * @param protocol text name of protocol
           ^
    (see http://google.github.io/styleguide/javaguide.html#s7.2-summary-fragment)
  Did you mean '*Returns expanded format hint.'?
/work/app/src/main/java/org/connectbot/transport/TransportFactory.java:109: warning: [MissingSummary] A summary fragment is required; consider using the value of the @return block as a summary fragment instead.
         * @param hostdb Handle to HostDatabase
           ^
    (see http://google.github.io/styleguide/javaguide.html#s7.2-summary-fragment)
  Did you mean '*Returns true when host was found.'?
[0K
[0K
[0K
[0K
[0K
[5A[1m<[0;32;1m==[0;39;1m-----------> 19% EXECUTING [9s][m[34D[1B[1m> :app:compileGoogleDebugJavaWithJavac[m[38D[1B[1m> :app:checkGoogleDebugAarMetadata > Resolve files of :app:googleDebugRuntimeCl[m[79D[1B[1m> :app:checkGoogleDebugAarMetadata > Resolve files of :app:googleDebugRuntimeCl[m[79D[1B[1m> :app:checkGoogleDebugAarMetadata > Resolve files of :app:googleDebugRuntimeCl[m[79D[1B[5ANote: /work/app/src/main/java/org/connectbot/HostEditorFragment.java uses or overrides a deprecated API.[0K
Note: Recompile with -Xlint:deprecation for details.[0K
24 warnings[0K
[2B[0K
[0K
[0K
[5A[1m<[0;32;1m==[0;39;1m-----------> 19% EXECUTING [9s][m[0K[34D[1B[1m> :app:compileGoogleDebugJavaWithJavac > Packing build cache entry[m[0K[66D[1B[1m> :app:checkGoogleDebugAarMetadata > Resolve files of :app:googleDebugRuntimeCl[m[79D[1B[1m> :app:checkGoogleDebugAarMetadata > Resolve files of :app:googleDebugRuntimeCl[m[79D[1B[1m> :app:checkGoogleDebugAarMetadata > Resolve files of :app:googleDebugRuntimeCl[m[79D[1B[5A[1m<[0;32;1m==[0;39;1m-----------> 20% EXECUTING [9s][m[34D[1B[1m> :app:checkGoogleDebugAarMetadata > Resolve files of :app:googleDebugRuntimeCl[m[79D[4B[5A[0K
[1m> Task :app:externalNativeBuildGoogleDebug[m[0K
Build com_google_ase_Exec_armeabi-v7a[0K
ninja: Entering directory `/work/app/.cxx/cmake/googleDebug/armeabi-v7a'[0K
Build com_google_ase_Exec_arm64-v8a[0K
ninja: Entering directory `/work/app/.cxx/cmake/googleDebug/arm64-v8a'
Build com_google_ase_Exec_x86
ninja: Entering directory `/work/app/.cxx/cmake/googleDebug/x86'
Build com_google_ase_Exec_x86_64
ninja: Entering directory `/work/app/.cxx/cmake/googleDebug/x86_64'
[0K
[0K
[0K
[0K
[0K
[5A[1m<[0;32;1m====[0;39;1m---------> 30% EXECUTING [10s][m[35D[1B[1m> :app:checkGoogleDebugAarMetadata > Resolve files of :app:googleDebugRuntimeCl[m[79D[1B[1m> :app:checkGoogleDebugAarMetadata > Resolve files of :app:googleDebugRuntimeCl[m[79D[1B[1m> :app:checkGoogleDebugAarMetadata > Resolve files of :app:googleDebugRuntimeCl[m[79D[1B[1m> :app:checkGoogleDebugAarMetadata > Resolve files of :app:googleDebugRuntimeCl[m[79D[1B[5A[1m<[0;32;1m====[0;39;1m---------> 33% EXECUTING [10s][m[35D[5B[5A[1m<[0;32;1m====[0;39;1m---------> 36% EXECUTING [10s][m[35D[5B[5A[1m<[0;32;1m=====[0;39;1m--------> 39% EXECUTING [10s][m[35D[5B[5A[1m<[0;32;1m=====[0;39;1m--------> 40% EXECUTING [10s][m[35D[5B[5A[1m<[0;32;1m=====[0;39;1m--------> 41% EXECUTING [10s][m[35D[5B[5A[1m<[0;32;1m=====[0;39;1m--------> 41% EXECUTING [11s][m[35D[5B[5A[1m<[0;32;1m=====[0;39;1m--------> 41% EXECUTING [12s][m[35D[5B[5A[1m<[0;32;1m======[0;39;1m-------> 50% EXECUTING [12s][m[35D[5B[5A[1m<[0;32;1m=======[0;39;1m------> 58% EXECUTING [12s][m[35D[5B[5A[1m<[0;32;1m========[0;39;1m-----> 63% EXECUTING [12s][m[35D[5B[5A[1m<[0;32;1m========[0;39;1m-----> 63% EXECUTING [13s][m[35D[5B[5A[1m<[0;32;1m========[0;39;1m-----> 63% EXECUTING [14s][m[35D[5B[5A[0K
[1m> Task :app:compileOssDebugJavaWithJavac[m[0K
/work/app/src/main/java/org/connectbot/bean/HostBean.java:31: warning: [MissingSummary] A summary line is required on public/protected Javadocs.[0K
 * @author Kenny Root[0K
   ^[0K
    (see http://google.github.io/styleguide/javaguide.html#s7.2-summary-fragment)
/work/app/src/main/java/org/connectbot/bean/HostBean.java:349: warning: [MissingSummary] A summary fragment is required; consider using the value of the @return block as a summary fragment instead.
         * @return URI identifying this HostBean
           ^
    (see http://google.github.io/styleguide/javaguide.html#s7.2-summary-fragment)
  Did you mean '*Returns uRI identifying this HostBean.'?
[0K
[0K
[0K
[0K
[0K
[5A[1m<[0;32;1m========[0;39;1m-----> 63% EXECUTING [14s][m[35D[1B[1m> :app:checkGoogleDebugAarMetadata > Resolve files of :app:googleDebugRuntimeCl[m[79D[1B[1m> :app:checkGoogleDebugAarMetadata > Resolve files of :app:googleDebugRuntimeCl[m[79D[1B[1m> :app:checkGoogleDebugAarMetadata > Resolve files of :app:googleDebugRuntimeCl[m[79D[1B[1m> :app:checkGoogleDebugAarMetadata > Resolve files of :app:googleDebugRuntimeCl[m[79D[1B[5A[1m<[0;32;1m========[0;39;1m-----> 64% EXECUTING [14s][m[35D[5B[5A/work/app/src/main/java/org/connectbot/HostEditorFragment.java:690: warning: [EmptyCatch] Caught exceptions should not be ignored[0K
                } catch (NumberFormatException ignored) {[0K
                  ^[0K
    (see https://google.github.io/styleguide/javaguide.html#s6.2-caught-exceptions)[0K
[1B[0K
[0K
[0K
[0K
[5A[1m<[0;32;1m========[0;39;1m-----> 64% EXECUTING [14s][m[0K[35D[1B[1m> :app:checkGoogleDebugAarMetadata > Resolve files of :app:googleDebugRuntimeCl[m[79D[1B[1m> :app:checkGoogleDebugAarMetadata > Resolve files of :app:googleDebugRuntimeCl[m[79D[1B[1m> :app:checkGoogleDebugAarMetadata > Resolve files of :app:googleDebugRuntimeCl[m[79D[1B[1m> :app:checkGoogleDebugAarMetadata > Resolve files of :app:googleDebugRuntimeCl[m[79D[1B[5A/work/app/src/main/java/org/connectbot/HostEditorFragment.java:889: warning: [EmptyCatch] Caught exceptions should not be ignored[0K
                                } catch (NumberFormatException e) {[0K
                                  ^[0K
    (see https://google.github.io/styleguide/javaguide.html#s6.2-caught-exceptions)[0K
/work/app/src/main/java/org/connectbot/transport/SSH.java:1758: warning: [UnusedVariable] This assignment to the local variable 'lpf' is never read.[0K
                        LocalPortForwarder lpf = null;
                                           ^
    (see https://errorprone.info/bugpattern/UnusedVariable)
  Did you mean to remove this line?
/work/app/src/main/java/org/connectbot/transport/SSH.java:1783: warning: [UnusedVariable] This assignment to the local variable 'dpf' is never read.
                        DynamicPortForwarder dpf = null;
                                             ^
    (see https://errorprone.info/bugpattern/UnusedVariable)
  Did you mean to remove this line?
/work/app/src/main/java/org/connectbot/transport/SSH.java:1461: warning: [UnusedVariable] The parameter 'targetHost' is never read.
        private boolean connectJumpHost(HostBean jumpHost, HostBean targetHost) {
                                                                    ^
    (see https://errorprone.info/bugpattern/UnusedVariable)
  Did you mean 'if (!connectJumpHost(configuredJumpHost)) {'?
/work/app/src/main/java/org/connectbot/transport/SSH.java:133: warning: [UnusedVariable] The field 'MARKER_SIGN_REQUESTED' is never read.
        private static final String MARKER_SIGN_REQUESTED = "SIGN_REQUESTED";
                                    ^
    (see https://errorprone.info/bugpattern/UnusedVariable)
  Did you mean to remove this line?
/work/app/src/main/java/org/connectbot/transport/SSH.java:338: warning: [BadImport] Importing nested classes/static methods/static fields with commonly-used names can make code harder to read, because it may not be clear from the context exactly which type is being referred to. Qualifying the name with that of the containing class can make the code clearer.
                                        for (Entry<String, KeyHolder> entry : manager.loadedKeypairs.entrySet()) {
                                             ^
[0K
[0K
[0K
[0K
[0K
[5A[1m<[0;32;1m========[0;39;1m-----> 64% EXECUTING [15s][m[35D[1B[1m> :app:checkGoogleDebugAarMetadata > Resolve files of :app:googleDebugRuntimeCl[m[79D[1B[1m> :app:checkGoogleDebugAarMetadata > Resolve files of :app:googleDebugRuntimeCl[m[79D[1B[1m> :app:checkGoogleDebugAarMetadata > Resolve files of :app:googleDebugRuntimeCl[m[79D[1B[1m> :app:checkGoogleDebugAarMetadata > Resolve files of :app:googleDebugRuntimeCl[m[79D[1B[5A    (see https://errorprone.info/bugpattern/BadImport)[0K
  Did you mean 'for (Map.Entry<String, KeyHolder> entry : manager.loadedKeypairs.entrySet()) {'?[0K
/work/app/src/main/java/org/connectbot/transport/SSH.java:104: warning: [MissingSummary] A summary line is required on public/protected Javadocs.[0K
 * @author Kenny Root[0K
   ^[0K
    (see http://google.github.io/styleguide/javaguide.html#s7.2-summary-fragment)
/work/app/src/main/java/org/connectbot/transport/SSH.java:118: warning: [EmptyBlockTag] A block tag (@param, @return, @throws, @deprecated) has an empty description. Block tags without descriptions don't add much value for future readers of the code; consider removing the tag entirely or adding a description.
         * @param host
           ^
    (see http://google.github.io/styleguide/javaguide.html#s7.1.3-javadoc-block-tags)
  Did you mean '*'?
/work/app/src/main/java/org/connectbot/transport/SSH.java:119: warning: [EmptyBlockTag] A block tag (@param, @return, @throws, @deprecated) has an empty description. Block tags without descriptions don't add much value for future readers of the code; consider removing the tag entirely or adding a description.
         * @param bridge
           ^
    (see http://google.github.io/styleguide/javaguide.html#s7.1.3-javadoc-block-tags)
  Did you mean '*'?
/work/app/src/main/java/org/connectbot/transport/SSH.java:120: warning: [EmptyBlockTag] A block tag (@param, @return, @throws, @deprecated) has an empty description. Block tags without descriptions don't add much value for future readers of the code; consider removing the tag entirely or adding a description.
         * @param manager
           ^
    (see http://google.github.io/styleguide/javaguide.html#s7.1.3-javadoc-block-tags)
  Did you mean '*'?
[0K
[0K
[0K
[0K
[0K
[5A[1m<[0;32;1m========[0;39;1m-----> 64% EXECUTING [15s][m[35D[1B[1m> :app:checkGoogleDebugAarMetadata > Resolve files of :app:googleDebugRuntimeCl[m[79D[1B[1m> :app:checkGoogleDebugAarMetadata > Resolve files of :app:googleDebugRuntimeCl[m[79D[1B[1m> :app:checkGoogleDebugAarMetadata > Resolve files of :app:googleDebugRuntimeCl[m[79D[1B[1m> :app:checkGoogleDebugAarMetadata > Resolve files of :app:googleDebugRuntimeCl[m[79D[1B[5A/work/app/src/main/java/org/connectbot/transport/SSH.java:939: warning: [EmptyBlockTag] A block tag (@param, @return, @throws, @deprecated) has an empty description. Block tags without descriptions don't add much value for future readers of the code; consider removing the tag entirely or adding a description.[0K
         * @throws NoSuchAlgorithmException[0K
           ^[0K
    (see http://google.github.io/styleguide/javaguide.html#s7.1.3-javadoc-block-tags)[0K
  Did you mean '*'?[0K
/work/app/src/main/java/org/connectbot/transport/SSH.java:940: warning: [EmptyBlockTag] A block tag (@param, @return, @throws, @deprecated) has an empty description. Block tags without descriptions don't add much value for future readers of the code; consider removing the tag entirely or adding a description.
         * @throws InvalidKeySpecException
           ^
    (see http://google.github.io/styleguide/javaguide.html#s7.1.3-javadoc-block-tags)
  Did you mean '*'?
/work/app/src/main/java/org/connectbot/transport/SSH.java:941: warning: [EmptyBlockTag] A block tag (@param, @return, @throws, @deprecated) has an empty description. Block tags without descriptions don't add much value for future readers of the code; consider removing the tag entirely or adding a description.
         * @throws IOException
           ^
    (see http://google.github.io/styleguide/javaguide.html#s7.1.3-javadoc-block-tags)
  Did you mean '*'?
[0K
[0K
[0K
[0K
[0K
[5A[1m<[0;32;1m========[0;39;1m-----> 64% EXECUTING [15s][m[35D[1B[1m> :app:checkGoogleDebugAarMetadata > Resolve files of :app:googleDebugRuntimeCl[m[79D[1B[1m> :app:checkGoogleDebugAarMetadata > Resolve files of :app:googleDebugRuntimeCl[m[79D[1B[1m> :app:checkGoogleDebugAarMetadata > Resolve files of :app:googleDebugRuntimeCl[m[79D[1B[1m> :app:checkGoogleDebugAarMetadata > Resolve files of :app:googleDebugRuntimeCl[m[79D[1B[5A/work/app/src/main/java/org/connectbot/transport/SSH.java:1468: warning: [EmptyCatch] Caught exceptions should not be ignored[0K
                        } catch (IOException ignored) {[0K
                          ^[0K
    (see https://google.github.io/styleguide/javaguide.html#s6.2-caught-exceptions)[0K
[1B[0K
[0K
[0K
[0K
[5A[1m<[0;32;1m========[0;39;1m-----> 64% EXECUTING [15s][m[0K[35D[1B[1m> :app:checkGoogleDebugAarMetadata > Resolve files of :app:googleDebugRuntimeCl[m[79D[1B[1m> :app:checkGoogleDebugAarMetadata > Resolve files of :app:googleDebugRuntimeCl[m[79D[1B[1m> :app:checkGoogleDebugAarMetadata > Resolve files of :app:googleDebugRuntimeCl[m[79D[1B[1m> :app:checkGoogleDebugAarMetadata > Resolve files of :app:googleDebugRuntimeCl[m[79D[1B[5A/work/app/src/main/java/org/connectbot/transport/TransportFactory.java:32: warning: [MissingSummary] A summary line is required on public/protected Javadocs.[0K
 * @author Kenny Root[0K
   ^[0K
    (see http://google.github.io/styleguide/javaguide.html#s7.2-summary-fragment)[0K
/work/app/src/main/java/org/connectbot/transport/TransportFactory.java:45: warning: [EmptyBlockTag] A block tag (@param, @return, @throws, @deprecated) has an empty description. Block tags without descriptions don't add much value for future readers of the code; consider removing the tag entirely or adding a description.[0K
         * @param protocol
           ^
    (see http://google.github.io/styleguide/javaguide.html#s7.1.3-javadoc-block-tags)
  Did you mean '*'?
/work/app/src/main/java/org/connectbot/transport/TransportFactory.java:46: warning: [EmptyBlockTag] A block tag (@param, @return, @throws, @deprecated) has an empty description. Block tags without descriptions don't add much value for future readers of the code; consider removing the tag entirely or adding a description.
         * @return
           ^
    (see http://google.github.io/styleguide/javaguide.html#s7.1.3-javadoc-block-tags)
  Did you mean '*'?
/work/app/src/main/java/org/connectbot/transport/TransportFactory.java:45: warning: [MissingSummary] A summary line is required on public/protected Javadocs.
         * @param protocol
           ^
    (see http://google.github.io/styleguide/javaguide.html#s7.2-summary-fragment)
/work/app/src/main/java/org/connectbot/transport/TransportFactory.java:93: warning: [EmptyBlockTag] A block tag (@param, @return, @throws, @deprecated) has an empty description. Block tags without descriptions don't add much value for future readers of the code; consider removing the tag entirely or adding a description.
         * @param context
           ^
    (see http://google.github.io/styleguide/javaguide.html#s7.1.3-javadoc-block-tags)
  Did you mean '*'?
/work/app/src/main/java/org/connectbot/transport/TransportFactory.java:92: warning: [MissingSummary] A summary fragment is required; consider using the value of the @return block as a summary fragment instead.
         * @param protocol text name of protocol
           ^
    (see http://google.github.io/styleguide/javaguide.html#s7.2-summary-fragment)
  Did you mean '*Returns expanded format hint.'?
/work/app/src/main/java/org/connectbot/transport/TransportFactory.java:109: warning: [MissingSummary] A summary fragment is required; consider using the value of the @return block as a summary fragment instead.
         * @param hostdb Handle to HostDatabase
           ^
    (see http://google.github.io/styleguide/javaguide.html#s7.2-summary-fragment)
  Did you mean '*Returns true when host was found.'?
Note: /work/app/src/main/java/org/connectbot/HostEditorFragment.java uses or overrides a deprecated API.
Note: Recompile with -Xlint:deprecation for details.
24 warnings
[0K
[0K
[0K
[0K
[0K
[5A[1m<[0;32;1m========[0;39;1m-----> 64% EXECUTING [15s][m[35D[1B[1m> :app:checkGoogleDebugAarMetadata > Resolve files of :app:googleDebugRuntimeCl[m[79D[1B[1m> :app:checkGoogleDebugAarMetadata > Resolve files of :app:googleDebugRuntimeCl[m[79D[1B[1m> :app:checkGoogleDebugAarMetadata > Resolve files of :app:googleDebugRuntimeCl[m[79D[1B[1m> :app:checkGoogleDebugAarMetadata > Resolve files of :app:googleDebugRuntimeCl[m[79D[1B[5A[1m<[0;32;1m========[0;39;1m-----> 65% EXECUTING [15s][m[35D[5B[5A[1m<[0;32;1m========[0;39;1m-----> 65% EXECUTING [16s][m[35D[5B[5A[0K
[1m> Task :app:externalNativeBuildOssDebug[m[0K
Build com_google_ase_Exec_armeabi-v7a[0K
ninja: Entering directory `/work/app/.cxx/cmake/ossDebug/armeabi-v7a'[0K
Build com_google_ase_Exec_arm64-v8a[0K
ninja: Entering directory `/work/app/.cxx/cmake/ossDebug/arm64-v8a'
Build com_google_ase_Exec_x86
ninja: Entering directory `/work/app/.cxx/cmake/ossDebug/x86'
Build com_google_ase_Exec_x86_64
ninja: Entering directory `/work/app/.cxx/cmake/ossDebug/x86_64'
[0K
[0K
[0K
[0K
[0K
[5A[1m<[0;32;1m=========[0;39;1m----> 76% EXECUTING [16s][m[35D[1B[1m> :app:checkGoogleDebugAarMetadata > Resolve files of :app:googleDebugRuntimeCl[m[79D[1B[1m> :app:checkGoogleDebugAarMetadata > Resolve files of :app:googleDebugRuntimeCl[m[79D[1B[1m> :app:checkGoogleDebugAarMetadata > Resolve files of :app:googleDebugRuntimeCl[m[79D[1B[1m> :app:checkGoogleDebugAarMetadata > Resolve files of :app:googleDebugRuntimeCl[m[79D[1B[5A[1m<[0;32;1m==========[0;39;1m---> 82% EXECUTING [16s][m[35D[5B[5A[1m<[0;32;1m===========[0;39;1m--> 88% EXECUTING [16s][m[35D[5B[5A[1m<[0;32;1m===========[0;39;1m--> 89% EXECUTING [16s][m[35D[5B[5A[1m<[0;32;1m===========[0;39;1m--> 89% EXECUTING [17s][m[35D[5B[5A[1m<[0;32;1m===========[0;39;1m--> 90% EXECUTING [17s][m[35D[5B[5A[1m<[0;32;1m===========[0;39;1m--> 90% EXECUTING [18s][m[35D[5B[5A[1m<[0;32;1m===========[0;39;1m--> 90% EXECUTING [19s][m[35D[5B[5A[1m<[0;32;1m===========[0;39;1m--> 91% EXECUTING [19s][m[35D[5B[5A[1m<[0;32;1m===========[0;39;1m--> 91% EXECUTING [20s][m[35D[5B[5A[1m<[0;32;1m============[0;39;1m-> 92% EXECUTING [20s][m[35D[5B[5A[1m<[0;32;1m============[0;39;1m-> 92% EXECUTING [21s][m[35D[5B[5A[1m<[0;32;1m============[0;39;1m-> 95% EXECUTING [21s][m[35D[5B[5A[1m<[0;32;1m============[0;39;1m-> 95% EXECUTING [22s][m[35D[5B[5A[1m<[0;32;1m============[0;39;1m-> 96% EXECUTING [22s][m[35D[5B[5A[0K
Deprecated Gradle features were used in this build, making it incompatible with Gradle 7.0.[0K
Use '--warning-mode all' to show the individual deprecation warnings.[0K
See https://docs.gradle.org/6.7.1/userguide/command_line_interface.html#sec:command_line_warnings[0K
[0K
[0K
[0K
[0K
[0K
[0K
[5A[1m<[0;32;1m=============[0;39;1m> 100% EXECUTING [22s][m[36D[1B[1m> :app:checkGoogleDebugAarMetadata > Resolve files of :app:googleDebugRuntimeCl[m[79D[1B[1m> :app:checkGoogleDebugAarMetadata > Resolve files of :app:googleDebugRuntimeCl[m[79D[1B[1m> :app:checkGoogleDebugAarMetadata > Resolve files of :app:googleDebugRuntimeCl[m[79D[1B[1m> :app:checkGoogleDebugAarMetadata > Resolve files of :app:googleDebugRuntimeCl[m[79D[1B[5A[32;1mBUILD SUCCESSFUL[0;39m in 24s[0K
62 actionable tasks: 17 executed, 45 up-to-date[0K
[3B[0K
[0K
[5A[1m<[0;1m-------------> 0% WAITING[m[0K[26D[1B[1m> :app:checkGoogleDebugAarMetadata > Resolve files of :app:googleDebugRuntimeCl[m[79D[1B[1m> :app:checkGoogleDebugAarMetadata > Resolve files of :app:googleDebugRuntimeCl[m[79D[1B[1m> :app:checkGoogleDebugAarMetadata > Resolve files of :app:googleDebugRuntimeCl[m[79D[1B[1m> :app:checkGoogleDebugAarMetadata > Resolve files of :app:googleDebugRuntimeCl[m[79D[1B[5A[2K[1B[2K[1B[2K[1B[2K[1B[2K[4A[0m[?12l[?25h