To honour the JVM settings for this build a new JVM will be forked. Please consider using the daemon: https://docs.gradle.org/6.7.1/userguide/gradle_daemon.html.


[2A[1B[1m> Starting Daemon[m[17D[1B[2ADaemon will be stopped at the end of the build stopping after processing
[1B[0K
[2A[0K[1B> IDLE[6D[1B[2A[1m<[0;1m-------------> 0% INITIALIZING [16ms][m[38D[2B[2A[1m<[0;1m-------------> 0% INITIALIZING [116ms][m[39D[1B[1m> Evaluating settings[m[21D[1B[2A[1m<[0;1m-------------> 0% INITIALIZING [216ms][m[39D[2B[2A[1m<[0;1m-------------> 0% INITIALIZING [316ms][m[39D[2B[2A[1m<[0;1m-------------> 0% INITIALIZING [416ms][m[39D[2B[2A[1m<[0;1m-------------> 0% INITIALIZING [516ms][m[39D[2B[2A[1m<[0;1m-------------> 0% INITIALIZING [616ms][m[39D[2B[2A[1m<[0;1m-------------> 0% INITIALIZING [716ms][m[39D[2B[2A[1m<[0;1m-------------> 0% CONFIGURING [816ms][m[0K[38D[1B[1m> Loading projects[m[0K[18D[1B[2A[1m<[0;1m-------------> 0% CONFIGURING [916ms][m[38D[1B[1m> root project[m[0K[14D[1B[2A[1m<[0;1m-------------> 0% CONFIGURING [1s][m[0K[35D[2B[1A[1m> root project > Resolve dependencies of detachedConfiguration1[m[63D[1B[1A[1m> root project > Resolve dependencies of :classpath[m[0K[51D[1B[1A[1m> root project[m[0K[14D[1B[2A[1m<[0;32;1m====[0;39;1m---------> 33% CONFIGURING [1s][m[36D[1B[1m> :app > Resolve dependencies of detachedConfiguration5[m[55D[1B[1A[1m> :app > Resolve dependencies of :app:classpath[m[0K[47D[1B[1A[1m> :app[m[0K[6D[1B[2A[1m<[0;32;1m====[0;39;1m---------> 33% CONFIGURING [2s][m[36D[2B[2A[1m<[0;32;1m====[0;39;1m---------> 33% CONFIGURING [3s][m[36D[2B[2A[0K
[1m> Configure project :app[m[0K
WARNING:: The option setting 'android.aapt2FromMavenOverride=/opt/android-sdk-linux/build-tools/34.0.0/aapt2' is experimental.
No git repository reachable from /work/app
[0K
[0K
[2A[1m<[0;32;1m====[0;39;1m---------> 33% CONFIGURING [3s][m[36D[1B[1m> :app[m[6D[1B[2AWARNING:: Mapping new ns http://schemas.android.com/repository/android/common/02 to old ns http://schemas.android.com/repository/android/common/01[0K
Mapping new ns http://schemas.android.com/repository/android/common/02 to old ns http://schemas.android.com/repository/android/common/01[0K
WARNING:: Mapping new ns http://schemas.android.com/repository/android/generic/02 to old ns http://schemas.android.com/repository/android/generic/01
Mapping new ns http://schemas.android.com/repository/android/generic/02 to old ns http://schemas.android.com/repository/android/generic/01
WARNING:: Mapping new ns http://schemas.android.com/sdk/android/repo/addon2/02 to old ns http://schemas.android.com/sdk/android/repo/addon2/01
Mapping new ns http://schemas.android.com/sdk/android/repo/addon2/02 to old ns http://schemas.android.com/sdk/android/repo/addon2/01
WARNING:: Mapping new ns http://schemas.android.com/sdk/android/repo/addon2/03 to old ns http://schemas.android.com/sdk/android/repo/addon2/01
Mapping new ns http://schemas.android.com/sdk/android/repo/addon2/03 to old ns http://schemas.android.com/sdk/android/repo/addon2/01
WARNING:: Mapping new ns http://schemas.android.com/sdk/android/repo/repository2/02 to old ns http://schemas.android.com/sdk/android/repo/repository2/01
Mapping new ns http://schemas.android.com/sdk/android/repo/repository2/02 to old ns http://schemas.android.com/sdk/android/repo/repository2/01
WARNING:: Mapping new ns http://schemas.android.com/sdk/android/repo/repository2/03 to old ns http://schemas.android.com/sdk/android/repo/repository2/01
Mapping new ns http://schemas.android.com/sdk/android/repo/repository2/03 to old ns http://schemas.android.com/sdk/android/repo/repository2/01
WARNING:: Mapping new ns http://schemas.android.com/sdk/android/repo/sys-img2/03 to old ns http://schemas.android.com/sdk/android/repo/sys-img2/01
Mapping new ns http://schemas.android.com/sdk/android/repo/sys-img2/03 to old ns http://schemas.android.com/sdk/android/repo/sys-img2/01
WARNING:: Mapping new ns http://schemas.android.com/sdk/android/repo/sys-img2/02 to old ns http://schemas.android.com/sdk/android/repo/sys-img2/01
Mapping new ns http://schemas.android.com/sdk/android/repo/sys-img2/02 to old ns http://schemas.android.com/sdk/android/repo/sys-img2/01
WARNING:: unexpected element (uri:"", local:"base-extension"). Expected elements are <{}codename>,<{}layoutlib>,<{}api-level>
unexpected element (uri:"", local:"base-extension"). Expected elements are <{}codename>,<{}layoutlib>,<{}api-level>
WARNING:: unexpected element (uri:"", local:"extension-level"). Expected elements are <{}codename>,<{}layoutlib>,<{}api-level>
unexpected element (uri:"", local:"extension-level"). Expected elements are <{}codename>,<{}layoutlib>,<{}api-level>
[0K
[0K
[2A[1m<[0;32;1m====[0;39;1m---------> 33% CONFIGURING [3s][m[36D[1B[1m> :app[m[6D[1B[2A[1m<[0;32;1m====[0;39;1m---------> 33% CONFIGURING [4s][m[36D[2B[2AWarning: Mapping new ns http://schemas.android.com/repository/android/common/02 to old ns http://schemas.android.com/repository/android/common/01[0K
Warning: Mapping new ns http://schemas.android.com/repository/android/generic/02 to old ns http://schemas.android.com/repository/android/generic/01[0K
Warning: Mapping new ns http://schemas.android.com/sdk/android/repo/addon2/02 to old ns http://schemas.android.com/sdk/android/repo/addon2/01
Warning: Mapping new ns http://schemas.android.com/sdk/android/repo/addon2/03 to old ns http://schemas.android.com/sdk/android/repo/addon2/01
Warning: Mapping new ns http://schemas.android.com/sdk/android/repo/repository2/02 to old ns http://schemas.android.com/sdk/android/repo/repository2/01
Warning: Mapping new ns http://schemas.android.com/sdk/android/repo/repository2/03 to old ns http://schemas.android.com/sdk/android/repo/repository2/01
Warning: Mapping new ns http://schemas.android.com/sdk/android/repo/sys-img2/03 to old ns http://schemas.android.com/sdk/android/repo/sys-img2/01
Warning: Mapping new ns http://schemas.android.com/sdk/android/repo/sys-img2/02 to old ns http://schemas.android.com/sdk/android/repo/sys-img2/01
Warning: Mapping new ns http://schemas.android.com/repository/android/common/02 to old ns http://schemas.android.com/repository/android/common/01
Warning: Mapping new ns http://schemas.android.com/repository/android/generic/02 to old ns http://schemas.android.com/repository/android/generic/01
Warning: Mapping new ns http://schemas.android.com/sdk/android/repo/addon2/02 to old ns http://schemas.android.com/sdk/android/repo/addon2/01
Warning: Mapping new ns http://schemas.android.com/sdk/android/repo/addon2/03 to old ns http://schemas.android.com/sdk/android/repo/addon2/01
Warning: Mapping new ns http://schemas.android.com/sdk/android/repo/repository2/02 to old ns http://schemas.android.com/sdk/android/repo/repository2/01
Warning: Mapping new ns http://schemas.android.com/sdk/android/repo/repository2/03 to old ns http://schemas.android.com/sdk/android/repo/repository2/01
Warning: Mapping new ns http://schemas.android.com/sdk/android/repo/sys-img2/03 to old ns http://schemas.android.com/sdk/android/repo/sys-img2/01
Warning: Mapping new ns http://schemas.android.com/sdk/android/repo/sys-img2/02 to old ns http://schemas.android.com/sdk/android/repo/sys-img2/01
Warning: unexpected element (uri:"", local:"extension-level"). Expected elements are <{}codename>,<{}layoutlib>,<{}api-level>
Warning: unexpected element (uri:"", local:"base-extension"). Expected elements are <{}codename>,<{}layoutlib>,<{}api-level>
[0K
[0K
[2A[1m<[0;32;1m====[0;39;1m---------> 33% CONFIGURING [4s][m[36D[1B[1m> :app[m[6D[1B[2A[1m<[0;32;1m====[0;39;1m---------> 33% CONFIGURING [5s][m[36D[2B[2A[1m<[0;32;1m========[0;39;1m-----> 66% CONFIGURING [5s][m[36D[1B[1m> :translations[m[15D[1B[2A[1m<[0;32;1m=============[0;39;1m> 100% CONFIGURING [5s][m[37D[1B> IDLE[0K[6D[1B[2A[1m<[0;1m-------------> 2% EXECUTING [5s][m[0K[33D[1B[1m> :app:compileGoogleDebugAidl[m[29D[1B


[5A[1m<[0;1m-------------> 5% EXECUTING [6s][m[33D[1B[1m> :app:javaPreCompileGoogleDebug > Resolve files of :app:googleDebugAnnotationP[m[79D[1B[1m> :app:javaPreCompileGoogleDebug > Resolve files of :app:googleDebugAnnotationP[m[79D[1B[1m> :app:javaPreCompileGoogleDebug > Resolve files of :app:googleDebugAnnotationP[m[79D[1B[1m> :app:javaPreCompileGoogleDebug > Resolve files of :app:googleDebugAnnotationP[m[79D[1B[5A[1m<[0;1m-------------> 7% EXECUTING [6s][m[33D[1B[1m> :app:checkGoogleDebugAarMetadata > Resolve files of :app:googleDebugRuntimeCl[m[79D[2B[1m> :app:checkGoogleDebugAarMetadata > Resolve files of :app:googleDebugRuntimeCl[m[79D[1B[1m> :app:checkGoogleDebugAarMetadata > Resolve files of :app:googleDebugRuntimeCl[m[79D[1B[5A[1m<[0;32;1m=[0;39;1m------------> 10% EXECUTING [6s][m[34D[1B[1m> :app:mergeGoogleDebugResources[m[0K[32D[2B[1m> :app:javaPreCompileGoogleDebug > Resolve files of :app:googleDebugAnnotationP[m[79D[1B> IDLE[0K[6D[1B[5A[1m<[0;32;1m=[0;39;1m------------> 14% EXECUTING [6s][m[34D[1B[1m> :app:javaPreCompileGoogleDebug > Resolve files of :app:googleDebugAnnotationP[m[79D[3B[1m> :app:processGoogleDebugMainManifest > Resolve files of :app:googleDebugRuntim[m[79D[1B[5A[1m<[0;32;1m==[0;39;1m-----------> 17% EXECUTING [6s][m[34D[4B[1m> :app:javaPreCompileGoogleDebug > Resolve files of :app:googleDebugAnnotationP[m[79D[1B[5A[1m<[0;32;1m==[0;39;1m-----------> 19% EXECUTING [6s][m[34D[5B[5A[1m<[0;32;1m==[0;39;1m-----------> 19% EXECUTING [7s][m[34D[5B[5A[1m<[0;32;1m==[0;39;1m-----------> 19% EXECUTING [8s][m[34D[5B[5A[0K
[1m> Task :app:compileGoogleDebugJavaWithJavac[m[0K
/work/app/src/main/java/org/connectbot/HostListActivity.java:1033: warning: [UnusedMethod] Private method 'startConsoleActivity' is never used.[0K
        private boolean startConsoleActivity(Uri uri) {[0K
                        ^[0K
    (see https://errorprone.info/bugpattern/UnusedMethod)
  Did you mean to remove this line?
[0K
[0K
[0K
[0K
[0K
[5A[1m<[0;32;1m==[0;39;1m-----------> 19% EXECUTING [9s][m[34D[1B[1m> :app:javaPreCompileGoogleDebug > Resolve files of :app:googleDebugAnnotationP[m[79D[1B[1m> :app:javaPreCompileGoogleDebug > Resolve files of :app:googleDebugAnnotationP[m[79D[1B[1m> :app:javaPreCompileGoogleDebug > Resolve files of :app:googleDebugAnnotationP[m[79D[1B[1m> :app:javaPreCompileGoogleDebug > Resolve files of :app:googleDebugAnnotationP[m[79D[1B[5A/work/app/src/main/java/org/connectbot/HostListActivity.java:231: warning: [EmptyCatch] Caught exceptions should not be ignored[0K
                                } catch (SecurityException ignored) {[0K
                                  ^[0K
    (see https://google.github.io/styleguide/javaguide.html#s6.2-caught-exceptions)[0K
/work/app/src/main/java/org/connectbot/HostListActivity.java:232: warning: [EmptyCatch] Caught exceptions should not be ignored[0K
                                } catch (RuntimeException ignored) {
                                  ^
    (see https://google.github.io/styleguide/javaguide.html#s6.2-caught-exceptions)
[0K
[0K
[0K
[0K
[0K
[5A[1m<[0;32;1m==[0;39;1m-----------> 19% EXECUTING [9s][m[34D[1B[1m> :app:javaPreCompileGoogleDebug > Resolve files of :app:googleDebugAnnotationP[m[79D[1B[1m> :app:javaPreCompileGoogleDebug > Resolve files of :app:googleDebugAnnotationP[m[79D[1B[1m> :app:javaPreCompileGoogleDebug > Resolve files of :app:googleDebugAnnotationP[m[79D[1B[1m> :app:javaPreCompileGoogleDebug > Resolve files of :app:googleDebugAnnotationP[m[79D[1B[5A/work/app/src/main/java/org/connectbot/HostListActivity.java:1031: warning: [EmptyBlockTag] A block tag (@param, @return, @throws, @deprecated) has an empty description. Block tags without descriptions don't add much value for future readers of the code; consider removing the tag entirely or adding a description.[0K
         * @return[0K
           ^[0K
    (see http://google.github.io/styleguide/javaguide.html#s7.1.3-javadoc-block-tags)[0K
  Did you mean '*'?[0K
[0K
[0K
[0K
[0K
[0K
[5A[1m<[0;32;1m==[0;39;1m-----------> 19% EXECUTING [9s][m[34D[1B[1m> :app:javaPreCompileGoogleDebug > Resolve files of :app:googleDebugAnnotationP[m[79D[1B[1m> :app:javaPreCompileGoogleDebug > Resolve files of :app:googleDebugAnnotationP[m[79D[1B[1m> :app:javaPreCompileGoogleDebug > Resolve files of :app:googleDebugAnnotationP[m[79D[1B[1m> :app:javaPreCompileGoogleDebug > Resolve files of :app:googleDebugAnnotationP[m[79D[1B[5A/work/app/src/main/java/org/connectbot/service/TerminalManager.java:402: warning: [BadImport] Importing nested classes/static methods/static fields with commonly-used names can make code harder to read, because it may not be clear from the context exactly which type is being referred to. Qualifying the name with that of the containing class can make the code clearer.[0K
                for (Entry<String, KeyHolder> entry : loadedKeypairs.entrySet()) {[0K
                     ^[0K
    (see https://errorprone.info/bugpattern/BadImport)[0K
  Did you mean 'for (Map.Entry<String, KeyHolder> entry : loadedKeypairs.entrySet()) {'?[0K
/work/app/src/main/java/org/connectbot/service/TerminalManager.java:260: warning: [EmptyCatch] Caught exceptions should not be ignored
                } catch (Exception e) {
                  ^
    (see https://google.github.io/styleguide/javaguide.html#s6.2-caught-exceptions)
/work/app/src/main/java/org/connectbot/service/TerminalManager.java:304: warning: [EmptyBlockTag] A block tag (@param, @return, @throws, @deprecated) has an empty description. Block tags without descriptions don't add much value for future readers of the code; consider removing the tag entirely or adding a description.
         * @param nickname
           ^
    (see http://google.github.io/styleguide/javaguide.html#s7.1.3-javadoc-block-tags)
  Did you mean '*'?
[0K
[0K
[0K
[0K
[0K
[5A[1m<[0;32;1m==[0;39;1m-----------> 19% EXECUTING [9s][m[34D[1B[1m> :app:javaPreCompileGoogleDebug > Resolve files of :app:googleDebugAnnotationP[m[79D[1B[1m> :app:javaPreCompileGoogleDebug > Resolve files of :app:googleDebugAnnotationP[m[79D[1B[1m> :app:javaPreCompileGoogleDebug > Resolve files of :app:googleDebugAnnotationP[m[79D[1B[1m> :app:javaPreCompileGoogleDebug > Resolve files of :app:googleDebugAnnotationP[m[79D[1B[5A/work/app/src/main/java/org/connectbot/service/TerminalManager.java:604: warning: [EmptyBlockTag] A block tag (@param, @return, @throws, @deprecated) has an empty description. Block tags without descriptions don't add much value for future readers of the code; consider removing the tag entirely or adding a description.[0K
         * @param host[0K
           ^[0K
    (see http://google.github.io/styleguide/javaguide.html#s7.1.3-javadoc-block-tags)[0K
  Did you mean '*'?[0K
/work/app/src/main/java/org/connectbot/service/TerminalManager.java:649: warning: [EmptyBlockTag] A block tag (@param, @return, @throws, @deprecated) has an empty description. Block tags without descriptions don't add much value for future readers of the code; consider removing the tag entirely or adding a description.
         * @param resizeAllowed
           ^
    (see http://google.github.io/styleguide/javaguide.html#s7.1.3-javadoc-block-tags)
  Did you mean '*'?
/work/app/src/main/java/org/connectbot/bean/HostBean.java:31: warning: [MissingSummary] A summary line is required on public/protected Javadocs.
 * @author Kenny Root
   ^
    (see http://google.github.io/styleguide/javaguide.html#s7.2-summary-fragment)
[0K
[0K
[0K
[0K
[0K
[5A[1m<[0;32;1m==[0;39;1m-----------> 19% EXECUTING [9s][m[34D[1B[1m> :app:javaPreCompileGoogleDebug > Resolve files of :app:googleDebugAnnotationP[m[79D[1B[1m> :app:javaPreCompileGoogleDebug > Resolve files of :app:googleDebugAnnotationP[m[79D[1B[1m> :app:javaPreCompileGoogleDebug > Resolve files of :app:googleDebugAnnotationP[m[79D[1B[1m> :app:javaPreCompileGoogleDebug > Resolve files of :app:googleDebugAnnotationP[m[79D[1B[5A/work/app/src/main/java/org/connectbot/bean/HostBean.java:349: warning: [MissingSummary] A summary fragment is required; consider using the value of the @return block as a summary fragment instead.[0K
         * @return URI identifying this HostBean[0K
           ^[0K
    (see http://google.github.io/styleguide/javaguide.html#s7.2-summary-fragment)[0K
  Did you mean '*Returns uRI identifying this HostBean.'?[0K
[0K
[0K
[0K
[0K
[0K
[5A[1m<[0;32;1m==[0;39;1m-----------> 19% EXECUTING [9s][m[34D[1B[1m> :app:javaPreCompileGoogleDebug > Resolve files of :app:googleDebugAnnotationP[m[79D[1B[1m> :app:javaPreCompileGoogleDebug > Resolve files of :app:googleDebugAnnotationP[m[79D[1B[1m> :app:javaPreCompileGoogleDebug > Resolve files of :app:googleDebugAnnotationP[m[79D[1B[1m> :app:javaPreCompileGoogleDebug > Resolve files of :app:googleDebugAnnotationP[m[79D[1B[5A/work/app/src/main/java/org/connectbot/service/TerminalBridge.java:300: warning: [MissingSummary] A summary fragment is required; consider using the value of the @return block as a summary fragment instead.[0K
         * @return charset in use by bridge[0K
           ^[0K
    (see http://google.github.io/styleguide/javaguide.html#s7.2-summary-fragment)[0K
  Did you mean '*Returns charset in use by bridge.'?[0K
/work/app/src/main/java/org/connectbot/service/TerminalBridge.java:433: warning: [MissingSummary] A summary fragment is required; consider using the value of the @return block as a summary fragment instead.
         * @return whether a session is open or not
           ^
    (see http://google.github.io/styleguide/javaguide.html#s7.2-summary-fragment)
  Did you mean '*Returns whether a session is open or not.'?
/work/app/src/main/java/org/connectbot/service/TerminalBridge.java:579: warning: [EmptyBlockTag] A block tag (@param, @return, @throws, @deprecated) has an empty description. Block tags without descriptions don't add much value for future readers of the code; consider removing the tag entirely or adding a description.
         * @param listener
           ^
    (see http://google.github.io/styleguide/javaguide.html#s7.1.3-javadoc-block-tags)
  Did you mean '*'?
/work/app/src/main/java/org/connectbot/service/TerminalBridge.java:914: warning: [MissingSummary] A summary fragment is required; consider using the value of the @return block as a summary fragment instead.
         * @return whether underlying transport can forward ports
           ^
    (see http://google.github.io/styleguide/javaguide.html#s7.2-summary-fragment)
  Did you mean '*Returns whether underlying transport can forward ports.'?
[0K
[0K
[0K
[0K
[0K
[5A[1m<[0;32;1m==[0;39;1m-----------> 19% EXECUTING [9s][m[34D[1B[1m> :app:javaPreCompileGoogleDebug > Resolve files of :app:googleDebugAnnotationP[m[79D[1B[1m> :app:javaPreCompileGoogleDebug > Resolve files of :app:googleDebugAnnotationP[m[79D[1B[1m> :app:javaPreCompileGoogleDebug > Resolve files of :app:googleDebugAnnotationP[m[79D[1B[1m> :app:javaPreCompileGoogleDebug > Resolve files of :app:googleDebugAnnotationP[m[79D[1B[5A/work/app/src/main/java/org/connectbot/service/TerminalBridge.java:939: warning: [MissingSummary] A summary fragment is required; consider using the value of the @return block as a summary fragment instead.[0K
         * @return the list of port forwards[0K
           ^[0K
    (see http://google.github.io/styleguide/javaguide.html#s7.2-summary-fragment)[0K
  Did you mean '*Returns the list of port forwards.'?[0K
/work/app/src/main/java/org/connectbot/service/TerminalBridge.java:976: warning: [MissingSummary] A summary fragment is required; consider using the value of the @return block as a summary fragment instead.
         * @return whether the TerminalBridge should close
           ^
    (see http://google.github.io/styleguide/javaguide.html#s7.2-summary-fragment)
  Did you mean '*Returns whether the TerminalBridge should close.'?
/work/app/src/main/java/org/connectbot/service/TerminalBridge.java:983: warning: [MissingSummary] A summary fragment is required; consider using the value of the @return block as a summary fragment instead.
         * @return whether this connection had started and subsequently disconnected
           ^
    (see http://google.github.io/styleguide/javaguide.html#s7.2-summary-fragment)
  Did you mean '*Returns whether this connection had started and subsequently disconnected.'?
/work/app/src/main/java/org/connectbot/service/TerminalBridge.java:1043: warning: [EmptyBlockTag] A block tag (@param, @return, @throws, @deprecated) has an empty description. Block tags without descriptions don't add much value for future readers of the code; consider removing the tag entirely or adding a description.
         * @return
           ^
    (see http://google.github.io/styleguide/javaguide.html#s7.1.3-javadoc-block-tags)
  Did you mean '*'?
/work/app/src/main/java/org/connectbot/service/TerminalBridge.java:1043: warning: [MissingSummary] A summary line is required on public/protected Javadocs.
         * @return
           ^
    (see http://google.github.io/styleguide/javaguide.html#s7.2-summary-fragment)
/work/app/src/main/java/org/connectbot/service/TerminalBridge.java:1061: warning: [EmptyBlockTag] A block tag (@param, @return, @throws, @deprecated) has an empty description. Block tags without descriptions don't add much value for future readers of the code; consider removing the tag entirely or adding a description.
         * @return
           ^
    (see http://google.github.io/styleguide/javaguide.html#s7.1.3-javadoc-block-tags)
  Did you mean '*'?
/work/app/src/main/java/org/connectbot/service/TerminalBridge.java:1061: warning: [MissingSummary] A summary line is required on public/protected Javadocs.
         * @return
           ^
    (see http://google.github.io/styleguide/javaguide.html#s7.2-summary-fragment)
/work/app/src/main/java/org/connectbot/service/TerminalBridge.java:1068: warning: [EmptyBlockTag] A block tag (@param, @return, @throws, @deprecated) has an empty description. Block tags without descriptions don't add much value for future readers of the code; consider removing the tag entirely or adding a description.
         * @return
           ^
    (see http://google.github.io/styleguide/javaguide.html#s7.1.3-javadoc-block-tags)
  Did you mean '*'?
/work/app/src/main/java/org/connectbot/service/TerminalBridge.java:1068: warning: [MissingSummary] A summary line is required on public/protected Javadocs.
         * @return
           ^
    (see http://google.github.io/styleguide/javaguide.html#s7.2-summary-fragment)
warning: [MissingSummary] A summary line is required on public/protected Javadocs.
    (see http://google.github.io/styleguide/javaguide.html#s7.2-summary-fragment)
[0K
[0K
[0K
[0K
[0K
[5A[1m<[0;32;1m==[0;39;1m-----------> 19% EXECUTING [9s][m[34D[1B[1m> :app:javaPreCompileGoogleDebug > Resolve files of :app:googleDebugAnnotationP[m[79D[1B[1m> :app:javaPreCompileGoogleDebug > Resolve files of :app:googleDebugAnnotationP[m[79D[1B[1m> :app:javaPreCompileGoogleDebug > Resolve files of :app:googleDebugAnnotationP[m[79D[1B[1m> :app:javaPreCompileGoogleDebug > Resolve files of :app:googleDebugAnnotationP[m[79D[1B[5A/work/app/src/main/java/org/connectbot/HostEditorFragment.java:690: warning: [EmptyCatch] Caught exceptions should not be ignored[0K
                } catch (NumberFormatException ignored) {[0K
                  ^[0K
    (see https://google.github.io/styleguide/javaguide.html#s6.2-caught-exceptions)[0K
/work/app/src/main/java/org/connectbot/HostEditorFragment.java:889: warning: [EmptyCatch] Caught exceptions should not be ignored[0K
                                } catch (NumberFormatException e) {
                                  ^
    (see https://google.github.io/styleguide/javaguide.html#s6.2-caught-exceptions)
[0K
[0K
[0K
[0K
[0K
[5A[1m<[0;32;1m==[0;39;1m-----------> 19% EXECUTING [10s][m[35D[1B[1m> :app:javaPreCompileGoogleDebug > Resolve files of :app:googleDebugAnnotationP[m[79D[1B[1m> :app:javaPreCompileGoogleDebug > Resolve files of :app:googleDebugAnnotationP[m[79D[1B[1m> :app:javaPreCompileGoogleDebug > Resolve files of :app:googleDebugAnnotationP[m[79D[1B[1m> :app:javaPreCompileGoogleDebug > Resolve files of :app:googleDebugAnnotationP[m[79D[1B[5A/work/app/src/main/java/org/connectbot/transport/TransportFactory.java:32: warning: [MissingSummary] A summary line is required on public/protected Javadocs.[0K
 * @author Kenny Root[0K
   ^[0K
    (see http://google.github.io/styleguide/javaguide.html#s7.2-summary-fragment)[0K
/work/app/src/main/java/org/connectbot/transport/TransportFactory.java:45: warning: [EmptyBlockTag] A block tag (@param, @return, @throws, @deprecated) has an empty description. Block tags without descriptions don't add much value for future readers of the code; consider removing the tag entirely or adding a description.[0K
         * @param protocol
           ^
    (see http://google.github.io/styleguide/javaguide.html#s7.1.3-javadoc-block-tags)
  Did you mean '*'?
/work/app/src/main/java/org/connectbot/transport/TransportFactory.java:46: warning: [EmptyBlockTag] A block tag (@param, @return, @throws, @deprecated) has an empty description. Block tags without descriptions don't add much value for future readers of the code; consider removing the tag entirely or adding a description.
         * @return
           ^
    (see http://google.github.io/styleguide/javaguide.html#s7.1.3-javadoc-block-tags)
  Did you mean '*'?
/work/app/src/main/java/org/connectbot/transport/TransportFactory.java:45: warning: [MissingSummary] A summary line is required on public/protected Javadocs.
         * @param protocol
           ^
    (see http://google.github.io/styleguide/javaguide.html#s7.2-summary-fragment)
/work/app/src/main/java/org/connectbot/transport/TransportFactory.java:97: warning: [EmptyBlockTag] A block tag (@param, @return, @throws, @deprecated) has an empty description. Block tags without descriptions don't add much value for future readers of the code; consider removing the tag entirely or adding a description.
         * @param context
           ^
    (see http://google.github.io/styleguide/javaguide.html#s7.1.3-javadoc-block-tags)
  Did you mean '*'?
/work/app/src/main/java/org/connectbot/transport/TransportFactory.java:96: warning: [MissingSummary] A summary fragment is required; consider using the value of the @return block as a summary fragment instead.
         * @param protocol text name of protocol
           ^
    (see http://google.github.io/styleguide/javaguide.html#s7.2-summary-fragment)
  Did you mean '*Returns expanded format hint.'?
/work/app/src/main/java/org/connectbot/transport/TransportFactory.java:115: warning: [MissingSummary] A summary fragment is required; consider using the value of the @return block as a summary fragment instead.
         * @param hostdb Handle to HostDatabase
           ^
    (see http://google.github.io/styleguide/javaguide.html#s7.2-summary-fragment)
  Did you mean '*Returns true when host was found.'?
[0K
[0K
[0K
[0K
[0K
[5A[1m<[0;32;1m==[0;39;1m-----------> 19% EXECUTING [10s][m[35D[1B[1m> :app:javaPreCompileGoogleDebug > Resolve files of :app:googleDebugAnnotationP[m[79D[1B[1m> :app:javaPreCompileGoogleDebug > Resolve files of :app:googleDebugAnnotationP[m[79D[1B[1m> :app:javaPreCompileGoogleDebug > Resolve files of :app:googleDebugAnnotationP[m[79D[1B[1m> :app:javaPreCompileGoogleDebug > Resolve files of :app:googleDebugAnnotationP[m[79D[1B[5ANote: Some input files use or override a deprecated API.[0K
Note: Recompile with -Xlint:deprecation for details.[0K
34 warnings[0K
[2B[0K
[0K
[0K
[5A[1m<[0;32;1m==[0;39;1m-----------> 19% EXECUTING [10s][m[0K[35D[1B[1m> :app:javaPreCompileGoogleDebug > Resolve files of :app:googleDebugAnnotationP[m[79D[1B[1m> :app:javaPreCompileGoogleDebug > Resolve files of :app:googleDebugAnnotationP[m[79D[1B[1m> :app:javaPreCompileGoogleDebug > Resolve files of :app:googleDebugAnnotationP[m[79D[1B[1m> :app:javaPreCompileGoogleDebug > Resolve files of :app:googleDebugAnnotationP[m[79D[1B[5A[1m<[0;32;1m==[0;39;1m-----------> 20% EXECUTING [10s][m[35D[5B[5A[0K
[1m> Task :app:externalNativeBuildGoogleDebug[m[0K
Build com_google_ase_Exec_armeabi-v7a[0K
ninja: Entering directory `/work/app/.cxx/cmake/googleDebug/armeabi-v7a'[0K
Build com_google_ase_Exec_arm64-v8a[0K
ninja: Entering directory `/work/app/.cxx/cmake/googleDebug/arm64-v8a'
Build com_google_ase_Exec_x86
ninja: Entering directory `/work/app/.cxx/cmake/googleDebug/x86'
Build com_google_ase_Exec_x86_64
ninja: Entering directory `/work/app/.cxx/cmake/googleDebug/x86_64'
[0K
[0K
[0K
[0K
[0K
[5A[1m<[0;32;1m===[0;39;1m----------> 28% EXECUTING [10s][m[35D[1B[1m> :app:javaPreCompileGoogleDebug > Resolve files of :app:googleDebugAnnotationP[m[79D[1B[1m> :app:javaPreCompileGoogleDebug > Resolve files of :app:googleDebugAnnotationP[m[79D[1B[1m> :app:javaPreCompileGoogleDebug > Resolve files of :app:googleDebugAnnotationP[m[79D[1B[1m> :app:javaPreCompileGoogleDebug > Resolve files of :app:googleDebugAnnotationP[m[79D[1B[5A[1m<[0;32;1m====[0;39;1m---------> 30% EXECUTING [10s][m[35D[5B[5A[1m<[0;32;1m====[0;39;1m---------> 33% EXECUTING [10s][m[35D[5B[5A[1m<[0;32;1m====[0;39;1m---------> 34% EXECUTING [11s][m[35D[5B[5A[1m<[0;32;1m=====[0;39;1m--------> 39% EXECUTING [11s][m[35D[5B[5A[1m<[0;32;1m=====[0;39;1m--------> 40% EXECUTING [11s][m[35D[5B[5A[1m<[0;32;1m=====[0;39;1m--------> 41% EXECUTING [11s][m[35D[5B[5A[1m<[0;32;1m=====[0;39;1m--------> 41% EXECUTING [12s][m[35D[5B[5A[1m<[0;32;1m=====[0;39;1m--------> 41% EXECUTING [13s][m[35D[5B[5A[1m<[0;32;1m======[0;39;1m-------> 51% EXECUTING [13s][m[35D[5B[5A[1m<[0;32;1m========[0;39;1m-----> 61% EXECUTING [14s][m[35D[5B[5A[1m<[0;32;1m========[0;39;1m-----> 63% EXECUTING [14s][m[35D[5B[5A[1m<[0;32;1m========[0;39;1m-----> 63% EXECUTING [15s][m[35D[5B[5A[1m<[0;32;1m========[0;39;1m-----> 63% EXECUTING [16s][m[35D[5B[5A[0K
[1m> Task :app:compileOssDebugJavaWithJavac[m[0K
/work/app/src/main/java/org/connectbot/HostListActivity.java:1033: warning: [UnusedMethod] Private method 'startConsoleActivity' is never used.[0K
        private boolean startConsoleActivity(Uri uri) {[0K
                        ^[0K
    (see https://errorprone.info/bugpattern/UnusedMethod)
  Did you mean to remove this line?
[0K
[0K
[0K
[0K
[0K
[5A[1m<[0;32;1m========[0;39;1m-----> 64% EXECUTING [16s][m[35D[1B[1m> :app:javaPreCompileGoogleDebug > Resolve files of :app:googleDebugAnnotationP[m[79D[1B[1m> :app:javaPreCompileGoogleDebug > Resolve files of :app:googleDebugAnnotationP[m[79D[1B[1m> :app:javaPreCompileGoogleDebug > Resolve files of :app:googleDebugAnnotationP[m[79D[1B[1m> :app:javaPreCompileGoogleDebug > Resolve files of :app:googleDebugAnnotationP[m[79D[1B[5A/work/app/src/main/java/org/connectbot/HostListActivity.java:231: warning: [EmptyCatch] Caught exceptions should not be ignored[0K
                                } catch (SecurityException ignored) {[0K
                                  ^[0K
    (see https://google.github.io/styleguide/javaguide.html#s6.2-caught-exceptions)[0K
/work/app/src/main/java/org/connectbot/HostListActivity.java:232: warning: [EmptyCatch] Caught exceptions should not be ignored[0K
                                } catch (RuntimeException ignored) {
                                  ^
    (see https://google.github.io/styleguide/javaguide.html#s6.2-caught-exceptions)
[0K
[0K
[0K
[0K
[0K
[5A[1m<[0;32;1m========[0;39;1m-----> 64% EXECUTING [16s][m[35D[1B[1m> :app:javaPreCompileGoogleDebug > Resolve files of :app:googleDebugAnnotationP[m[79D[1B[1m> :app:javaPreCompileGoogleDebug > Resolve files of :app:googleDebugAnnotationP[m[79D[1B[1m> :app:javaPreCompileGoogleDebug > Resolve files of :app:googleDebugAnnotationP[m[79D[1B[1m> :app:javaPreCompileGoogleDebug > Resolve files of :app:googleDebugAnnotationP[m[79D[1B[5A/work/app/src/main/java/org/connectbot/HostListActivity.java:1031: warning: [EmptyBlockTag] A block tag (@param, @return, @throws, @deprecated) has an empty description. Block tags without descriptions don't add much value for future readers of the code; consider removing the tag entirely or adding a description.[0K
         * @return[0K
           ^[0K
    (see http://google.github.io/styleguide/javaguide.html#s7.1.3-javadoc-block-tags)[0K
  Did you mean '*'?[0K
[0K
[0K
[0K
[0K
[0K
[5A[1m<[0;32;1m========[0;39;1m-----> 64% EXECUTING [16s][m[35D[1B[1m> :app:javaPreCompileGoogleDebug > Resolve files of :app:googleDebugAnnotationP[m[79D[1B[1m> :app:javaPreCompileGoogleDebug > Resolve files of :app:googleDebugAnnotationP[m[79D[1B[1m> :app:javaPreCompileGoogleDebug > Resolve files of :app:googleDebugAnnotationP[m[79D[1B[1m> :app:javaPreCompileGoogleDebug > Resolve files of :app:googleDebugAnnotationP[m[79D[1B[5A/work/app/src/main/java/org/connectbot/service/TerminalManager.java:402: warning: [BadImport] Importing nested classes/static methods/static fields with commonly-used names can make code harder to read, because it may not be clear from the context exactly which type is being referred to. Qualifying the name with that of the containing class can make the code clearer.[0K
                for (Entry<String, KeyHolder> entry : loadedKeypairs.entrySet()) {[0K
                     ^[0K
    (see https://errorprone.info/bugpattern/BadImport)[0K
  Did you mean 'for (Map.Entry<String, KeyHolder> entry : loadedKeypairs.entrySet()) {'?[0K
/work/app/src/main/java/org/connectbot/service/TerminalManager.java:260: warning: [EmptyCatch] Caught exceptions should not be ignored
                } catch (Exception e) {
                  ^
    (see https://google.github.io/styleguide/javaguide.html#s6.2-caught-exceptions)
[0K
[0K
[0K
[0K
[0K
[5A[1m<[0;32;1m========[0;39;1m-----> 64% EXECUTING [16s][m[35D[1B[1m> :app:javaPreCompileGoogleDebug > Resolve files of :app:googleDebugAnnotationP[m[79D[1B[1m> :app:javaPreCompileGoogleDebug > Resolve files of :app:googleDebugAnnotationP[m[79D[1B[1m> :app:javaPreCompileGoogleDebug > Resolve files of :app:googleDebugAnnotationP[m[79D[1B[1m> :app:javaPreCompileGoogleDebug > Resolve files of :app:googleDebugAnnotationP[m[79D[1B[5A/work/app/src/main/java/org/connectbot/service/TerminalManager.java:304: warning: [EmptyBlockTag] A block tag (@param, @return, @throws, @deprecated) has an empty description. Block tags without descriptions don't add much value for future readers of the code; consider removing the tag entirely or adding a description.[0K
         * @param nickname[0K
           ^[0K
    (see http://google.github.io/styleguide/javaguide.html#s7.1.3-javadoc-block-tags)[0K
  Did you mean '*'?[0K
/work/app/src/main/java/org/connectbot/service/TerminalManager.java:604: warning: [EmptyBlockTag] A block tag (@param, @return, @throws, @deprecated) has an empty description. Block tags without descriptions don't add much value for future readers of the code; consider removing the tag entirely or adding a description.
         * @param host
           ^
    (see http://google.github.io/styleguide/javaguide.html#s7.1.3-javadoc-block-tags)
  Did you mean '*'?
/work/app/src/main/java/org/connectbot/service/TerminalManager.java:649: warning: [EmptyBlockTag] A block tag (@param, @return, @throws, @deprecated) has an empty description. Block tags without descriptions don't add much value for future readers of the code; consider removing the tag entirely or adding a description.
         * @param resizeAllowed
           ^
    (see http://google.github.io/styleguide/javaguide.html#s7.1.3-javadoc-block-tags)
  Did you mean '*'?
[0K
[0K
[0K
[0K
[0K
[5A[1m<[0;32;1m========[0;39;1m-----> 64% EXECUTING [16s][m[35D[1B[1m> :app:javaPreCompileGoogleDebug > Resolve files of :app:googleDebugAnnotationP[m[79D[1B[1m> :app:javaPreCompileGoogleDebug > Resolve files of :app:googleDebugAnnotationP[m[79D[1B[1m> :app:javaPreCompileGoogleDebug > Resolve files of :app:googleDebugAnnotationP[m[79D[1B[1m> :app:javaPreCompileGoogleDebug > Resolve files of :app:googleDebugAnnotationP[m[79D[1B[5A/work/app/src/main/java/org/connectbot/bean/HostBean.java:31: warning: [MissingSummary] A summary line is required on public/protected Javadocs.[0K
 * @author Kenny Root[0K
   ^[0K
    (see http://google.github.io/styleguide/javaguide.html#s7.2-summary-fragment)[0K
/work/app/src/main/java/org/connectbot/bean/HostBean.java:349: warning: [MissingSummary] A summary fragment is required; consider using the value of the @return block as a summary fragment instead.[0K
         * @return URI identifying this HostBean
           ^
    (see http://google.github.io/styleguide/javaguide.html#s7.2-summary-fragment)
  Did you mean '*Returns uRI identifying this HostBean.'?
[0K
[0K
[0K
[0K
[0K
[5A[1m<[0;32;1m========[0;39;1m-----> 64% EXECUTING [16s][m[35D[1B[1m> :app:javaPreCompileGoogleDebug > Resolve files of :app:googleDebugAnnotationP[m[79D[1B[1m> :app:javaPreCompileGoogleDebug > Resolve files of :app:googleDebugAnnotationP[m[79D[1B[1m> :app:javaPreCompileGoogleDebug > Resolve files of :app:googleDebugAnnotationP[m[79D[1B[1m> :app:javaPreCompileGoogleDebug > Resolve files of :app:googleDebugAnnotationP[m[79D[1B[5A/work/app/src/main/java/org/connectbot/service/TerminalBridge.java:300: warning: [MissingSummary] A summary fragment is required; consider using the value of the @return block as a summary fragment instead.[0K
         * @return charset in use by bridge[0K
           ^[0K
    (see http://google.github.io/styleguide/javaguide.html#s7.2-summary-fragment)[0K
  Did you mean '*Returns charset in use by bridge.'?[0K
/work/app/src/main/java/org/connectbot/service/TerminalBridge.java:433: warning: [MissingSummary] A summary fragment is required; consider using the value of the @return block as a summary fragment instead.
         * @return whether a session is open or not
           ^
    (see http://google.github.io/styleguide/javaguide.html#s7.2-summary-fragment)
  Did you mean '*Returns whether a session is open or not.'?
/work/app/src/main/java/org/connectbot/service/TerminalBridge.java:579: warning: [EmptyBlockTag] A block tag (@param, @return, @throws, @deprecated) has an empty description. Block tags without descriptions don't add much value for future readers of the code; consider removing the tag entirely or adding a description.
         * @param listener
           ^
    (see http://google.github.io/styleguide/javaguide.html#s7.1.3-javadoc-block-tags)
  Did you mean '*'?
/work/app/src/main/java/org/connectbot/service/TerminalBridge.java:914: warning: [MissingSummary] A summary fragment is required; consider using the value of the @return block as a summary fragment instead.
         * @return whether underlying transport can forward ports
           ^
    (see http://google.github.io/styleguide/javaguide.html#s7.2-summary-fragment)
  Did you mean '*Returns whether underlying transport can forward ports.'?
[0K
[0K
[0K
[0K
[0K
[5A[1m<[0;32;1m========[0;39;1m-----> 64% EXECUTING [17s][m[35D[1B[1m> :app:javaPreCompileGoogleDebug > Resolve files of :app:googleDebugAnnotationP[m[79D[1B[1m> :app:javaPreCompileGoogleDebug > Resolve files of :app:googleDebugAnnotationP[m[79D[1B[1m> :app:javaPreCompileGoogleDebug > Resolve files of :app:googleDebugAnnotationP[m[79D[1B[1m> :app:javaPreCompileGoogleDebug > Resolve files of :app:googleDebugAnnotationP[m[79D[1B[5A/work/app/src/main/java/org/connectbot/service/TerminalBridge.java:939: warning: [MissingSummary] A summary fragment is required; consider using the value of the @return block as a summary fragment instead.[0K
         * @return the list of port forwards[0K
           ^[0K
    (see http://google.github.io/styleguide/javaguide.html#s7.2-summary-fragment)[0K
  Did you mean '*Returns the list of port forwards.'?[0K
/work/app/src/main/java/org/connectbot/service/TerminalBridge.java:976: warning: [MissingSummary] A summary fragment is required; consider using the value of the @return block as a summary fragment instead.
         * @return whether the TerminalBridge should close
           ^
    (see http://google.github.io/styleguide/javaguide.html#s7.2-summary-fragment)
  Did you mean '*Returns whether the TerminalBridge should close.'?
/work/app/src/main/java/org/connectbot/service/TerminalBridge.java:983: warning: [MissingSummary] A summary fragment is required; consider using the value of the @return block as a summary fragment instead.
         * @return whether this connection had started and subsequently disconnected
           ^
    (see http://google.github.io/styleguide/javaguide.html#s7.2-summary-fragment)
  Did you mean '*Returns whether this connection had started and subsequently disconnected.'?
/work/app/src/main/java/org/connectbot/service/TerminalBridge.java:1043: warning: [EmptyBlockTag] A block tag (@param, @return, @throws, @deprecated) has an empty description. Block tags without descriptions don't add much value for future readers of the code; consider removing the tag entirely or adding a description.
         * @return
           ^
    (see http://google.github.io/styleguide/javaguide.html#s7.1.3-javadoc-block-tags)
  Did you mean '*'?
/work/app/src/main/java/org/connectbot/service/TerminalBridge.java:1043: warning: [MissingSummary] A summary line is required on public/protected Javadocs.
         * @return
           ^
    (see http://google.github.io/styleguide/javaguide.html#s7.2-summary-fragment)
/work/app/src/main/java/org/connectbot/service/TerminalBridge.java:1061: warning: [EmptyBlockTag] A block tag (@param, @return, @throws, @deprecated) has an empty description. Block tags without descriptions don't add much value for future readers of the code; consider removing the tag entirely or adding a description.
         * @return
           ^
    (see http://google.github.io/styleguide/javaguide.html#s7.1.3-javadoc-block-tags)
  Did you mean '*'?
/work/app/src/main/java/org/connectbot/service/TerminalBridge.java:1061: warning: [MissingSummary] A summary line is required on public/protected Javadocs.
         * @return
           ^
    (see http://google.github.io/styleguide/javaguide.html#s7.2-summary-fragment)
/work/app/src/main/java/org/connectbot/service/TerminalBridge.java:1068: warning: [EmptyBlockTag] A block tag (@param, @return, @throws, @deprecated) has an empty description. Block tags without descriptions don't add much value for future readers of the code; consider removing the tag entirely or adding a description.
         * @return
           ^
    (see http://google.github.io/styleguide/javaguide.html#s7.1.3-javadoc-block-tags)
  Did you mean '*'?
/work/app/src/main/java/org/connectbot/service/TerminalBridge.java:1068: warning: [MissingSummary] A summary line is required on public/protected Javadocs.
         * @return
           ^
    (see http://google.github.io/styleguide/javaguide.html#s7.2-summary-fragment)
warning: [MissingSummary] A summary line is required on public/protected Javadocs.
    (see http://google.github.io/styleguide/javaguide.html#s7.2-summary-fragment)
[0K
[0K
[0K
[0K
[0K
[5A[1m<[0;32;1m========[0;39;1m-----> 64% EXECUTING [17s][m[35D[1B[1m> :app:javaPreCompileGoogleDebug > Resolve files of :app:googleDebugAnnotationP[m[79D[1B[1m> :app:javaPreCompileGoogleDebug > Resolve files of :app:googleDebugAnnotationP[m[79D[1B[1m> :app:javaPreCompileGoogleDebug > Resolve files of :app:googleDebugAnnotationP[m[79D[1B[1m> :app:javaPreCompileGoogleDebug > Resolve files of :app:googleDebugAnnotationP[m[79D[1B[5A/work/app/src/main/java/org/connectbot/HostEditorFragment.java:690: warning: [EmptyCatch] Caught exceptions should not be ignored[0K
                } catch (NumberFormatException ignored) {[0K
                  ^[0K
    (see https://google.github.io/styleguide/javaguide.html#s6.2-caught-exceptions)[0K
/work/app/src/main/java/org/connectbot/HostEditorFragment.java:889: warning: [EmptyCatch] Caught exceptions should not be ignored[0K
                                } catch (NumberFormatException e) {
                                  ^
    (see https://google.github.io/styleguide/javaguide.html#s6.2-caught-exceptions)
/work/app/src/main/java/org/connectbot/transport/TransportFactory.java:32: warning: [MissingSummary] A summary line is required on public/protected Javadocs.
 * @author Kenny Root
   ^
    (see http://google.github.io/styleguide/javaguide.html#s7.2-summary-fragment)
/work/app/src/main/java/org/connectbot/transport/TransportFactory.java:45: warning: [EmptyBlockTag] A block tag (@param, @return, @throws, @deprecated) has an empty description. Block tags without descriptions don't add much value for future readers of the code; consider removing the tag entirely or adding a description.
         * @param protocol
           ^
    (see http://google.github.io/styleguide/javaguide.html#s7.1.3-javadoc-block-tags)
  Did you mean '*'?
/work/app/src/main/java/org/connectbot/transport/TransportFactory.java:46: warning: [EmptyBlockTag] A block tag (@param, @return, @throws, @deprecated) has an empty description. Block tags without descriptions don't add much value for future readers of the code; consider removing the tag entirely or adding a description.
         * @return
           ^
    (see http://google.github.io/styleguide/javaguide.html#s7.1.3-javadoc-block-tags)
  Did you mean '*'?
/work/app/src/main/java/org/connectbot/transport/TransportFactory.java:45: warning: [MissingSummary] A summary line is required on public/protected Javadocs.
         * @param protocol
           ^
    (see http://google.github.io/styleguide/javaguide.html#s7.2-summary-fragment)
/work/app/src/main/java/org/connectbot/transport/TransportFactory.java:97: warning: [EmptyBlockTag] A block tag (@param, @return, @throws, @deprecated) has an empty description. Block tags without descriptions don't add much value for future readers of the code; consider removing the tag entirely or adding a description.
         * @param context
           ^
    (see http://google.github.io/styleguide/javaguide.html#s7.1.3-javadoc-block-tags)
  Did you mean '*'?
/work/app/src/main/java/org/connectbot/transport/TransportFactory.java:96: warning: [MissingSummary] A summary fragment is required; consider using the value of the @return block as a summary fragment instead.
         * @param protocol text name of protocol
           ^
    (see http://google.github.io/styleguide/javaguide.html#s7.2-summary-fragment)
  Did you mean '*Returns expanded format hint.'?
/work/app/src/main/java/org/connectbot/transport/TransportFactory.java:115: warning: [MissingSummary] A summary fragment is required; consider using the value of the @return block as a summary fragment instead.
         * @param hostdb Handle to HostDatabase
           ^
    (see http://google.github.io/styleguide/javaguide.html#s7.2-summary-fragment)
  Did you mean '*Returns true when host was found.'?
[0K
[0K
[0K
[0K
[0K
[5A[1m<[0;32;1m========[0;39;1m-----> 64% EXECUTING [17s][m[35D[1B[1m> :app:javaPreCompileGoogleDebug > Resolve files of :app:googleDebugAnnotationP[m[79D[1B[1m> :app:javaPreCompileGoogleDebug > Resolve files of :app:googleDebugAnnotationP[m[79D[1B[1m> :app:javaPreCompileGoogleDebug > Resolve files of :app:googleDebugAnnotationP[m[79D[1B[1m> :app:javaPreCompileGoogleDebug > Resolve files of :app:googleDebugAnnotationP[m[79D[1B[5ANote: Some input files use or override a deprecated API.[0K
Note: Recompile with -Xlint:deprecation for details.[0K
34 warnings[0K
[2B[0K
[0K
[0K
[5A[1m<[0;32;1m========[0;39;1m-----> 64% EXECUTING [17s][m[0K[35D[1B[1m> :app:javaPreCompileGoogleDebug > Resolve files of :app:googleDebugAnnotationP[m[79D[1B[1m> :app:javaPreCompileGoogleDebug > Resolve files of :app:googleDebugAnnotationP[m[79D[1B[1m> :app:javaPreCompileGoogleDebug > Resolve files of :app:googleDebugAnnotationP[m[79D[1B[1m> :app:javaPreCompileGoogleDebug > Resolve files of :app:googleDebugAnnotationP[m[79D[1B[5A[1m<[0;32;1m========[0;39;1m-----> 65% EXECUTING [17s][m[35D[5B[5A[1m<[0;32;1m========[0;39;1m-----> 66% EXECUTING [18s][m[35D[5B[5A[0K
[1m> Task :app:externalNativeBuildOssDebug[m[0K
Build com_google_ase_Exec_armeabi-v7a[0K
ninja: Entering directory `/work/app/.cxx/cmake/ossDebug/armeabi-v7a'[0K
Build com_google_ase_Exec_arm64-v8a[0K
ninja: Entering directory `/work/app/.cxx/cmake/ossDebug/arm64-v8a'
Build com_google_ase_Exec_x86
ninja: Entering directory `/work/app/.cxx/cmake/ossDebug/x86'
Build com_google_ase_Exec_x86_64
ninja: Entering directory `/work/app/.cxx/cmake/ossDebug/x86_64'
[0K
[0K
[0K
[0K
[0K
[5A[1m<[0;32;1m==========[0;39;1m---> 78% EXECUTING [18s][m[35D[1B[1m> :app:javaPreCompileGoogleDebug > Resolve files of :app:googleDebugAnnotationP[m[79D[1B[1m> :app:javaPreCompileGoogleDebug > Resolve files of :app:googleDebugAnnotationP[m[79D[1B[1m> :app:javaPreCompileGoogleDebug > Resolve files of :app:googleDebugAnnotationP[m[79D[1B[1m> :app:javaPreCompileGoogleDebug > Resolve files of :app:googleDebugAnnotationP[m[79D[1B[5A[1m<[0;32;1m===========[0;39;1m--> 88% EXECUTING [18s][m[35D[5B[5A[1m<[0;32;1m===========[0;39;1m--> 89% EXECUTING [18s][m[35D[5B[5A[1m<[0;32;1m===========[0;39;1m--> 89% EXECUTING [19s][m[35D[5B[5A[1m<[0;32;1m===========[0;39;1m--> 90% EXECUTING [19s][m[35D[5B[5A[1m<[0;32;1m===========[0;39;1m--> 90% EXECUTING [20s][m[35D[5B[5A[1m<[0;32;1m===========[0;39;1m--> 90% EXECUTING [21s][m[35D[5B[5A[1m<[0;32;1m===========[0;39;1m--> 91% EXECUTING [21s][m[35D[5B[5A[1m<[0;32;1m===========[0;39;1m--> 91% EXECUTING [22s][m[35D[5B[5A[1m<[0;32;1m===========[0;39;1m--> 91% EXECUTING [23s][m[35D[5B[5A[1m<[0;32;1m============[0;39;1m-> 92% EXECUTING [23s][m[35D[5B[5A[1m<[0;32;1m============[0;39;1m-> 92% EXECUTING [24s][m[35D[5B[5A[1m<[0;32;1m============[0;39;1m-> 95% EXECUTING [24s][m[35D[5B[5A[1m<[0;32;1m============[0;39;1m-> 96% EXECUTING [24s][m[35D[5B[5A[1m<[0;32;1m=============[0;39;1m> 100% EXECUTING [24s][m[36D[5B[5A[0K
Deprecated Gradle features were used in this build, making it incompatible with Gradle 7.0.[0K
Use '--warning-mode all' to show the individual deprecation warnings.[0K
See https://docs.gradle.org/6.7.1/userguide/command_line_interface.html#sec:command_line_warnings[0K
[0K
[32;1mBUILD SUCCESSFUL[0;39m in 26s
62 actionable tasks: 17 executed, 45 up-to-date
[0K
[0K
[0K
[0K
[0K
[5A[1m<[0;1m-------------> 0% WAITING[m[26D[1B[1m> :app:javaPreCompileGoogleDebug > Resolve files of :app:googleDebugAnnotationP[m[79D[1B[1m> :app:javaPreCompileGoogleDebug > Resolve files of :app:googleDebugAnnotationP[m[79D[1B[1m> :app:javaPreCompileGoogleDebug > Resolve files of :app:googleDebugAnnotationP[m[79D[1B[1m> :app:javaPreCompileGoogleDebug > Resolve files of :app:googleDebugAnnotationP[m[79D[1B[5A[2K[1B[2K[1B[2K[1B[2K[1B[2K[4A[0m[?12l[?25h