Starting a Gradle Daemon, 2 incompatible and 1 stopped Daemons could not be reused, use --status for details


[2A[1B[1m> Starting Daemon[m[17D[1B[1A> IDLE[0K[6D[1B[2A[1m<[0;1m-------------> 0% INITIALIZING [46ms][m[38D[1B[1m> Evaluating settings[m[21D[1B[2A[1m<[0;1m-------------> 0% INITIALIZING [146ms][m[39D[2B[2A[1m<[0;1m-------------> 0% INITIALIZING [246ms][m[39D[2B[2A[1m<[0;1m-------------> 0% INITIALIZING [346ms][m[39D[2B[2A[1m<[0;1m-------------> 0% INITIALIZING [446ms][m[39D[2B[2A[1m<[0;1m-------------> 0% INITIALIZING [546ms][m[39D[2B[2A[1m<[0;1m-------------> 0% INITIALIZING [647ms][m[39D[2B[2A[1m<[0;1m-------------> 0% CONFIGURING [746ms][m[0K[38D[1B[1m> Loading projects[m[0K[18D[1B[2A[1m<[0;1m-------------> 0% CONFIGURING [846ms][m[38D[1B[1m> root project[m[0K[14D[1B[2A[1m<[0;1m-------------> 0% CONFIGURING [946ms][m[38D[1B[1m> root project > Compiling /work/build.gradle into local compilation cache > Co[m[79D[1B[2A[1m<[0;1m-------------> 0% CONFIGURING [1s][m[0K[35D[2B[1A[1m> root project[m[0K[14D[1B[1A[1m> root project > Resolve dependencies of detachedConfiguration1[m[63D[1B[1A[1m> root project > Resolve dependencies of :classpath[m[0K[51D[1B[2A[1m<[0;1m-------------> 0% CONFIGURING [2s][m[35D[2B[1A[1m> root project > Resolve dependencies of :classpath > spotless-plugin-gradle-5.[m[79D[1B[1A[1m> root project > Resolve dependencies of :classpath[m[0K[51D[1B
[3A[35C[0K[35D[1B[1m> root project > Resolve dependencies of :classpath > spotless-lib-extra-2.7.0.[m[79D[1B[1m> root project > Resolve dependencies of :classpath > spotless-lib-2.7.0.module[m[79D[1B[1A> IDLE[0K[6D[1B[3A[1m<[0;1m-------------> 0% CONFIGURING [3s][m[35D[1B[1m> root project > Resolve dependencies of :classpath[m[0K[51D[2B[2A[1m> root project > Resolve files of :classpath[m[0K[44D[2B[2A[1m> root project[m[0K[14D[2B[2A[1m> root project > Compiling /work/build.gradle into local compilation cache > Co[m[79D[2B[2A[1m> root project[m[0K[14D[2B[3A[1m<[0;32;1m====[0;39;1m---------> 33% CONFIGURING [4s][m[36D[1B[1m> :app > Compiling /work/app/build.gradle into local compilation cache > Compil[m[79D[2B[2A[1m> :app > Resolve dependencies of :app:classpath[m[0K[47D[2B[3A[1m<[0;32;1m====[0;39;1m---------> 33% CONFIGURING [5s][m[36D[3B[3A[1m<[0;32;1m====[0;39;1m---------> 33% CONFIGURING [6s][m[36D[3B[3A[1m<[0;32;1m====[0;39;1m---------> 33% CONFIGURING [7s][m[36D[3B[3A[1m<[0;32;1m====[0;39;1m---------> 33% CONFIGURING [8s][m[36D[3B[3A[1m<[0;32;1m====[0;39;1m---------> 33% CONFIGURING [9s][m[36D[3B[3A[1m<[0;32;1m====[0;39;1m---------> 33% CONFIGURING [10s][m[37D[3B[3A[1m<[0;32;1m====[0;39;1m---------> 33% CONFIGURING [11s][m[37D[3B[2A[1m> :app > Resolve files of :app:classpath[m[0K[40D[2B[2A[1m> :app[m[0K[6D[2B[3A[1m<[0;32;1m====[0;39;1m---------> 33% CONFIGURING [12s][m[37D[3B[3A[1m<[0;32;1m====[0;39;1m---------> 33% CONFIGURING [13s][m[37D[1B[1m> :app > Compiling /work/app/build.gradle into local compilation cache > Compil[m[79D[2B[2A[1m> :app[m[0K[6D[2B[3A[0K
[1m> Configure project :app[m[0K
No git repository reachable from /work/app[0K
[0K
[0K
[0K
[3A[1m<[0;32;1m====[0;39;1m---------> 33% CONFIGURING [13s][m[37D[1B[1m> :app[m[6D[1B> IDLE[6D[1B[3A[1m<[0;32;1m====[0;39;1m---------> 33% CONFIGURING [14s][m[37D[3B[3A[1m<[0;32;1m====[0;39;1m---------> 33% CONFIGURING [15s][m[37D[3B[3A[1m<[0;32;1m========[0;39;1m-----> 66% CONFIGURING [15s][m[37D[1B[1m> :translations > Resolve dependencies of :translations:classpath[m[65D[2B[2A[1m> :translations[m[0K[15D[2B[3A[1m<[0;32;1m=============[0;39;1m> 100% CONFIGURING [16s][m[38D[1B> IDLE[0K[6D[2B[3AMapping new ns http://schemas.android.com/repository/android/common/02 to old ns http://schemas.android.com/repository/android/common/01[0K
Mapping new ns http://schemas.android.com/repository/android/generic/02 to old ns http://schemas.android.com/repository/android/generic/01[0K
Mapping new ns http://schemas.android.com/sdk/android/repo/addon2/02 to old ns http://schemas.android.com/sdk/android/repo/addon2/01[0K
Mapping new ns http://schemas.android.com/sdk/android/repo/addon2/03 to old ns http://schemas.android.com/sdk/android/repo/addon2/01
Mapping new ns http://schemas.android.com/sdk/android/repo/repository2/02 to old ns http://schemas.android.com/sdk/android/repo/repository2/01
Mapping new ns http://schemas.android.com/sdk/android/repo/repository2/03 to old ns http://schemas.android.com/sdk/android/repo/repository2/01
Mapping new ns http://schemas.android.com/sdk/android/repo/sys-img2/03 to old ns http://schemas.android.com/sdk/android/repo/sys-img2/01
Mapping new ns http://schemas.android.com/sdk/android/repo/sys-img2/02 to old ns http://schemas.android.com/sdk/android/repo/sys-img2/01
Mapping new ns http://schemas.android.com/repository/android/common/02 to old ns http://schemas.android.com/repository/android/common/01
Mapping new ns http://schemas.android.com/repository/android/generic/02 to old ns http://schemas.android.com/repository/android/generic/01
Mapping new ns http://schemas.android.com/sdk/android/repo/addon2/02 to old ns http://schemas.android.com/sdk/android/repo/addon2/01
Mapping new ns http://schemas.android.com/sdk/android/repo/addon2/03 to old ns http://schemas.android.com/sdk/android/repo/addon2/01
Mapping new ns http://schemas.android.com/sdk/android/repo/repository2/02 to old ns http://schemas.android.com/sdk/android/repo/repository2/01
Mapping new ns http://schemas.android.com/sdk/android/repo/repository2/03 to old ns http://schemas.android.com/sdk/android/repo/repository2/01
Mapping new ns http://schemas.android.com/sdk/android/repo/sys-img2/03 to old ns http://schemas.android.com/sdk/android/repo/sys-img2/01
Mapping new ns http://schemas.android.com/sdk/android/repo/sys-img2/02 to old ns http://schemas.android.com/sdk/android/repo/sys-img2/01
Mapping new ns http://schemas.android.com/repository/android/common/02 to old ns http://schemas.android.com/repository/android/common/01
Mapping new ns http://schemas.android.com/repository/android/generic/02 to old ns http://schemas.android.com/repository/android/generic/01
Mapping new ns http://schemas.android.com/sdk/android/repo/addon2/02 to old ns http://schemas.android.com/sdk/android/repo/addon2/01
Mapping new ns http://schemas.android.com/sdk/android/repo/addon2/03 to old ns http://schemas.android.com/sdk/android/repo/addon2/01
Mapping new ns http://schemas.android.com/sdk/android/repo/repository2/02 to old ns http://schemas.android.com/sdk/android/repo/repository2/01
Mapping new ns http://schemas.android.com/sdk/android/repo/repository2/03 to old ns http://schemas.android.com/sdk/android/repo/repository2/01
Mapping new ns http://schemas.android.com/sdk/android/repo/sys-img2/03 to old ns http://schemas.android.com/sdk/android/repo/sys-img2/01
Mapping new ns http://schemas.android.com/sdk/android/repo/sys-img2/02 to old ns http://schemas.android.com/sdk/android/repo/sys-img2/01
Mapping new ns http://schemas.android.com/repository/android/common/02 to old ns http://schemas.android.com/repository/android/common/01
Mapping new ns http://schemas.android.com/repository/android/generic/02 to old ns http://schemas.android.com/repository/android/generic/01
Mapping new ns http://schemas.android.com/sdk/android/repo/addon2/02 to old ns http://schemas.android.com/sdk/android/repo/addon2/01
Mapping new ns http://schemas.android.com/sdk/android/repo/addon2/03 to old ns http://schemas.android.com/sdk/android/repo/addon2/01
Mapping new ns http://schemas.android.com/sdk/android/repo/repository2/02 to old ns http://schemas.android.com/sdk/android/repo/repository2/01
Mapping new ns http://schemas.android.com/sdk/android/repo/repository2/03 to old ns http://schemas.android.com/sdk/android/repo/repository2/01
Mapping new ns http://schemas.android.com/sdk/android/repo/sys-img2/03 to old ns http://schemas.android.com/sdk/android/repo/sys-img2/01
Mapping new ns http://schemas.android.com/sdk/android/repo/sys-img2/02 to old ns http://schemas.android.com/sdk/android/repo/sys-img2/01
[0K
[0K
[0K
[3A[1m<[0;32;1m=============[0;39;1m> 100% CONFIGURING [16s][m[38D[1B> IDLE[6D[1B> IDLE[6D[1B[3Aunexpected element (uri:"", local:"extension-level"). Expected elements are <{}codename>,<{}layoutlib>,<{}api-level>[0K
unexpected element (uri:"", local:"base-extension"). Expected elements are <{}codename>,<{}layoutlib>,<{}api-level>[0K
Mapping new ns http://schemas.android.com/repository/android/common/02 to old ns http://schemas.android.com/repository/android/common/01[0K
Mapping new ns http://schemas.android.com/repository/android/generic/02 to old ns http://schemas.android.com/repository/android/generic/01
Mapping new ns http://schemas.android.com/sdk/android/repo/addon2/02 to old ns http://schemas.android.com/sdk/android/repo/addon2/01
Mapping new ns http://schemas.android.com/sdk/android/repo/addon2/03 to old ns http://schemas.android.com/sdk/android/repo/addon2/01
Mapping new ns http://schemas.android.com/sdk/android/repo/repository2/02 to old ns http://schemas.android.com/sdk/android/repo/repository2/01
Mapping new ns http://schemas.android.com/sdk/android/repo/repository2/03 to old ns http://schemas.android.com/sdk/android/repo/repository2/01
Mapping new ns http://schemas.android.com/sdk/android/repo/sys-img2/03 to old ns http://schemas.android.com/sdk/android/repo/sys-img2/01
Mapping new ns http://schemas.android.com/sdk/android/repo/sys-img2/02 to old ns http://schemas.android.com/sdk/android/repo/sys-img2/01
Mapping new ns http://schemas.android.com/repository/android/common/02 to old ns http://schemas.android.com/repository/android/common/01
Mapping new ns http://schemas.android.com/repository/android/generic/02 to old ns http://schemas.android.com/repository/android/generic/01
Mapping new ns http://schemas.android.com/sdk/android/repo/addon2/02 to old ns http://schemas.android.com/sdk/android/repo/addon2/01
Mapping new ns http://schemas.android.com/sdk/android/repo/addon2/03 to old ns http://schemas.android.com/sdk/android/repo/addon2/01
Mapping new ns http://schemas.android.com/sdk/android/repo/repository2/02 to old ns http://schemas.android.com/sdk/android/repo/repository2/01
Mapping new ns http://schemas.android.com/sdk/android/repo/repository2/03 to old ns http://schemas.android.com/sdk/android/repo/repository2/01
Mapping new ns http://schemas.android.com/sdk/android/repo/sys-img2/03 to old ns http://schemas.android.com/sdk/android/repo/sys-img2/01
Mapping new ns http://schemas.android.com/sdk/android/repo/sys-img2/02 to old ns http://schemas.android.com/sdk/android/repo/sys-img2/01
Mapping new ns http://schemas.android.com/repository/android/common/02 to old ns http://schemas.android.com/repository/android/common/01
Mapping new ns http://schemas.android.com/repository/android/generic/02 to old ns http://schemas.android.com/repository/android/generic/01
Mapping new ns http://schemas.android.com/sdk/android/repo/addon2/02 to old ns http://schemas.android.com/sdk/android/repo/addon2/01
Mapping new ns http://schemas.android.com/sdk/android/repo/addon2/03 to old ns http://schemas.android.com/sdk/android/repo/addon2/01
Mapping new ns http://schemas.android.com/sdk/android/repo/repository2/02 to old ns http://schemas.android.com/sdk/android/repo/repository2/01
Mapping new ns http://schemas.android.com/sdk/android/repo/repository2/03 to old ns http://schemas.android.com/sdk/android/repo/repository2/01
Mapping new ns http://schemas.android.com/sdk/android/repo/sys-img2/03 to old ns http://schemas.android.com/sdk/android/repo/sys-img2/01
Mapping new ns http://schemas.android.com/sdk/android/repo/sys-img2/02 to old ns http://schemas.android.com/sdk/android/repo/sys-img2/01
Mapping new ns http://schemas.android.com/repository/android/common/02 to old ns http://schemas.android.com/repository/android/common/01
Mapping new ns http://schemas.android.com/repository/android/generic/02 to old ns http://schemas.android.com/repository/android/generic/01
Mapping new ns http://schemas.android.com/sdk/android/repo/addon2/02 to old ns http://schemas.android.com/sdk/android/repo/addon2/01
Mapping new ns http://schemas.android.com/sdk/android/repo/addon2/03 to old ns http://schemas.android.com/sdk/android/repo/addon2/01
Mapping new ns http://schemas.android.com/sdk/android/repo/repository2/02 to old ns http://schemas.android.com/sdk/android/repo/repository2/01
Mapping new ns http://schemas.android.com/sdk/android/repo/repository2/03 to old ns http://schemas.android.com/sdk/android/repo/repository2/01
Mapping new ns http://schemas.android.com/sdk/android/repo/sys-img2/03 to old ns http://schemas.android.com/sdk/android/repo/sys-img2/01
Mapping new ns http://schemas.android.com/sdk/android/repo/sys-img2/02 to old ns http://schemas.android.com/sdk/android/repo/sys-img2/01
unexpected element (uri:"", local:"extension-level"). Expected elements are <{}codename>,<{}layoutlib>,<{}api-level>
unexpected element (uri:"", local:"base-extension"). Expected elements are <{}codename>,<{}layoutlib>,<{}api-level>
Mapping new ns http://schemas.android.com/repository/android/common/02 to old ns http://schemas.android.com/repository/android/common/01
Mapping new ns http://schemas.android.com/repository/android/generic/02 to old ns http://schemas.android.com/repository/android/generic/01
Mapping new ns http://schemas.android.com/sdk/android/repo/addon2/02 to old ns http://schemas.android.com/sdk/android/repo/addon2/01
Mapping new ns http://schemas.android.com/sdk/android/repo/addon2/03 to old ns http://schemas.android.com/sdk/android/repo/addon2/01
Mapping new ns http://schemas.android.com/sdk/android/repo/repository2/02 to old ns http://schemas.android.com/sdk/android/repo/repository2/01
Mapping new ns http://schemas.android.com/sdk/android/repo/repository2/03 to old ns http://schemas.android.com/sdk/android/repo/repository2/01
Mapping new ns http://schemas.android.com/sdk/android/repo/sys-img2/03 to old ns http://schemas.android.com/sdk/android/repo/sys-img2/01
Mapping new ns http://schemas.android.com/sdk/android/repo/sys-img2/02 to old ns http://schemas.android.com/sdk/android/repo/sys-img2/01
Mapping new ns http://schemas.android.com/repository/android/common/02 to old ns http://schemas.android.com/repository/android/common/01
Mapping new ns http://schemas.android.com/repository/android/generic/02 to old ns http://schemas.android.com/repository/android/generic/01
Mapping new ns http://schemas.android.com/sdk/android/repo/addon2/02 to old ns http://schemas.android.com/sdk/android/repo/addon2/01
Mapping new ns http://schemas.android.com/sdk/android/repo/addon2/03 to old ns http://schemas.android.com/sdk/android/repo/addon2/01
Mapping new ns http://schemas.android.com/sdk/android/repo/repository2/02 to old ns http://schemas.android.com/sdk/android/repo/repository2/01
Mapping new ns http://schemas.android.com/sdk/android/repo/repository2/03 to old ns http://schemas.android.com/sdk/android/repo/repository2/01
Mapping new ns http://schemas.android.com/sdk/android/repo/sys-img2/03 to old ns http://schemas.android.com/sdk/android/repo/sys-img2/01
Mapping new ns http://schemas.android.com/sdk/android/repo/sys-img2/02 to old ns http://schemas.android.com/sdk/android/repo/sys-img2/01
Mapping new ns http://schemas.android.com/repository/android/common/02 to old ns http://schemas.android.com/repository/android/common/01
Mapping new ns http://schemas.android.com/repository/android/generic/02 to old ns http://schemas.android.com/repository/android/generic/01
Mapping new ns http://schemas.android.com/sdk/android/repo/addon2/02 to old ns http://schemas.android.com/sdk/android/repo/addon2/01
Mapping new ns http://schemas.android.com/sdk/android/repo/addon2/03 to old ns http://schemas.android.com/sdk/android/repo/addon2/01
Mapping new ns http://schemas.android.com/sdk/android/repo/repository2/02 to old ns http://schemas.android.com/sdk/android/repo/repository2/01
Mapping new ns http://schemas.android.com/sdk/android/repo/repository2/03 to old ns http://schemas.android.com/sdk/android/repo/repository2/01
Mapping new ns http://schemas.android.com/sdk/android/repo/sys-img2/03 to old ns http://schemas.android.com/sdk/android/repo/sys-img2/01
Mapping new ns http://schemas.android.com/sdk/android/repo/sys-img2/02 to old ns http://schemas.android.com/sdk/android/repo/sys-img2/01
Mapping new ns http://schemas.android.com/repository/android/common/02 to old ns http://schemas.android.com/repository/android/common/01
Mapping new ns http://schemas.android.com/repository/android/generic/02 to old ns http://schemas.android.com/repository/android/generic/01
Mapping new ns http://schemas.android.com/sdk/android/repo/addon2/02 to old ns http://schemas.android.com/sdk/android/repo/addon2/01
Mapping new ns http://schemas.android.com/sdk/android/repo/addon2/03 to old ns http://schemas.android.com/sdk/android/repo/addon2/01
Mapping new ns http://schemas.android.com/sdk/android/repo/repository2/02 to old ns http://schemas.android.com/sdk/android/repo/repository2/01
Mapping new ns http://schemas.android.com/sdk/android/repo/repository2/03 to old ns http://schemas.android.com/sdk/android/repo/repository2/01
Mapping new ns http://schemas.android.com/sdk/android/repo/sys-img2/03 to old ns http://schemas.android.com/sdk/android/repo/sys-img2/01
Mapping new ns http://schemas.android.com/sdk/android/repo/sys-img2/02 to old ns http://schemas.android.com/sdk/android/repo/sys-img2/01
unexpected element (uri:"", local:"extension-level"). Expected elements are <{}codename>,<{}layoutlib>,<{}api-level>
unexpected element (uri:"", local:"base-extension"). Expected elements are <{}codename>,<{}layoutlib>,<{}api-level>
[0K
[0K
[0K
[3A[1m<[0;32;1m=============[0;39;1m> 100% CONFIGURING [16s][m[38D[1B> IDLE[6D[1B> IDLE[6D[1B[3AFile /home/ubuntu/.android/repositories.cfg could not be loaded.[0K
[2B[0K
[3A[1m<[0;32;1m=============[0;39;1m> 100% CONFIGURING [16s][m[38D[1B> IDLE[6D[1B> IDLE[6D[1B[3A[1m<[0;32;1m=============[0;39;1m> 100% CONFIGURING [17s][m[38D[3B[3AChecking the license for package Android SDK Build-Tools 29.0.3 in /opt/android-sdk-linux/licenses[0K
License for package Android SDK Build-Tools 29.0.3 accepted.[0K
Preparing "Install Android SDK Build-Tools 29.0.3 (revision: 29.0.3)".[0K
Warning: Failed to read or create install properties file.
Checking the license for package Android SDK Platform 29 in /opt/android-sdk-linux/licenses
License for package Android SDK Platform 29 accepted.
Preparing "Install Android SDK Platform 29 (revision: 5)".
Warning: Failed to read or create install properties file.
[0K
[0K
[0K
[3A[1m<[0;32;1m=============[0;39;1m> 100% CONFIGURING [17s][m[38D[1B> IDLE[6D[1B> IDLE[6D[1B[3A[0K
[31mFAILURE: [39m[31mBuild failed with an exception.[39m[0K
[0K
* What went wrong:
Could not determine the dependencies of task ':app:compileOssDebugJavaWithJavac'.
[33m> [39mFailed to install the following SDK components:
      build-tools;29.0.3 Android SDK Build-Tools 29.0.3
      platforms;android-29 Android SDK Platform 29
  The SDK directory is not writable (/opt/android-sdk-linux)


* Try:
Run with [1m--stacktrace[m option to get the stack trace. Run with [1m--info[m or [1m--debug[m option to get more log output. Run with [1m--scan[m to get full insights.

* Get more help at [1mhttps://help.gradle.org[m

Deprecated Gradle features were used in this build, making it incompatible with Gradle 7.0.
Use '--warning-mode all' to show the individual deprecation warnings.
See https://docs.gradle.org/6.1.1/userguide/command_line_interface.html#sec:command_line_warnings

[31;1mBUILD FAILED[0;39m in 19s
[0K
[0K
[0K
[3A[1m<[0;1m-------------> 0% WAITING[m[26D[1B> IDLE[6D[1B> IDLE[6D[1B[3A[2K[1B[2K[1B[2K[2A[0m[?12l[?25h