To honour the JVM settings for this build a new JVM will be forked. Please consider using the daemon: https://docs.gradle.org/6.7.1/userguide/gradle_daemon.html.


[2A[1B[1m> Starting Daemon[m[17D[1B[1A> IDLE[0K[6D[1B[2ADaemon will be stopped at the end of the build stopping after processing
[1B[0K
[2A[0K[1B> IDLE[6D[1B[2A[1m<[0;1m-------------> 0% INITIALIZING [56ms][m[38D[1B[1m> Evaluating settings[m[21D[1B[2A[1m<[0;1m-------------> 0% INITIALIZING [156ms][m[39D[2B[2A[1m<[0;1m-------------> 0% INITIALIZING [256ms][m[39D[2B[2A[1m<[0;1m-------------> 0% INITIALIZING [356ms][m[39D[2B[2A[1m<[0;1m-------------> 0% INITIALIZING [456ms][m[39D[2B[2A[1m<[0;1m-------------> 0% INITIALIZING [556ms][m[39D[2B[2A[1m<[0;1m-------------> 0% INITIALIZING [656ms][m[39D[2B[2A[1m<[0;1m-------------> 0% INITIALIZING [756ms][m[39D[2B[2A[1m<[0;1m-------------> 0% CONFIGURING [856ms][m[0K[38D[1B[1m> Loading projects[m[0K[18D[1B[2A[1m<[0;1m-------------> 0% CONFIGURING [956ms][m[38D[1B[1m> root project[m[0K[14D[1B[2A[1m<[0;1m-------------> 0% CONFIGURING [1s][m[0K[35D[2B[1A[1m> root project > Resolve dependencies of detachedConfiguration1[m[63D[1B[1A[1m> root project > Resolve dependencies of :classpath[m[0K[51D[1B[1A[1m> root project[m[0K[14D[1B[2A[1m<[0;32;1m====[0;39;1m---------> 33% CONFIGURING [1s][m[36D[1B[1m> :app > Resolve dependencies of detachedConfiguration5[m[55D[1B[1A[1m> :app > Resolve dependencies of :app:classpath[m[0K[47D[1B[1A[1m> :app[m[0K[6D[1B[2A[1m<[0;32;1m====[0;39;1m---------> 33% CONFIGURING [2s][m[36D[2B[2A[1m<[0;32;1m====[0;39;1m---------> 33% CONFIGURING [3s][m[36D[2B[2A[0K
[1m> Configure project :app[m[0K
WARNING:: The option setting 'android.aapt2FromMavenOverride=/opt/android-sdk-linux/build-tools/34.0.0/aapt2' is experimental.
No git repository reachable from /work/app
[0K
[0K
[2A[1m<[0;32;1m====[0;39;1m---------> 33% CONFIGURING [3s][m[36D[1B[1m> :app[m[6D[1B[2A[1m<[0;32;1m====[0;39;1m---------> 33% CONFIGURING [4s][m[36D[2B[2AWARNING:: Mapping new ns http://schemas.android.com/repository/android/common/02 to old ns http://schemas.android.com/repository/android/common/01[0K
Mapping new ns http://schemas.android.com/repository/android/common/02 to old ns http://schemas.android.com/repository/android/common/01[0K
WARNING:: Mapping new ns http://schemas.android.com/repository/android/generic/02 to old ns http://schemas.android.com/repository/android/generic/01
Mapping new ns http://schemas.android.com/repository/android/generic/02 to old ns http://schemas.android.com/repository/android/generic/01
WARNING:: Mapping new ns http://schemas.android.com/sdk/android/repo/addon2/02 to old ns http://schemas.android.com/sdk/android/repo/addon2/01
Mapping new ns http://schemas.android.com/sdk/android/repo/addon2/02 to old ns http://schemas.android.com/sdk/android/repo/addon2/01
WARNING:: Mapping new ns http://schemas.android.com/sdk/android/repo/addon2/03 to old ns http://schemas.android.com/sdk/android/repo/addon2/01
Mapping new ns http://schemas.android.com/sdk/android/repo/addon2/03 to old ns http://schemas.android.com/sdk/android/repo/addon2/01
WARNING:: Mapping new ns http://schemas.android.com/sdk/android/repo/repository2/02 to old ns http://schemas.android.com/sdk/android/repo/repository2/01
Mapping new ns http://schemas.android.com/sdk/android/repo/repository2/02 to old ns http://schemas.android.com/sdk/android/repo/repository2/01
WARNING:: Mapping new ns http://schemas.android.com/sdk/android/repo/repository2/03 to old ns http://schemas.android.com/sdk/android/repo/repository2/01
Mapping new ns http://schemas.android.com/sdk/android/repo/repository2/03 to old ns http://schemas.android.com/sdk/android/repo/repository2/01
WARNING:: Mapping new ns http://schemas.android.com/sdk/android/repo/sys-img2/03 to old ns http://schemas.android.com/sdk/android/repo/sys-img2/01
Mapping new ns http://schemas.android.com/sdk/android/repo/sys-img2/03 to old ns http://schemas.android.com/sdk/android/repo/sys-img2/01
WARNING:: Mapping new ns http://schemas.android.com/sdk/android/repo/sys-img2/02 to old ns http://schemas.android.com/sdk/android/repo/sys-img2/01
Mapping new ns http://schemas.android.com/sdk/android/repo/sys-img2/02 to old ns http://schemas.android.com/sdk/android/repo/sys-img2/01
WARNING:: unexpected element (uri:"", local:"base-extension"). Expected elements are <{}codename>,<{}layoutlib>,<{}api-level>
unexpected element (uri:"", local:"base-extension"). Expected elements are <{}codename>,<{}layoutlib>,<{}api-level>
WARNING:: unexpected element (uri:"", local:"extension-level"). Expected elements are <{}codename>,<{}layoutlib>,<{}api-level>
unexpected element (uri:"", local:"extension-level"). Expected elements are <{}codename>,<{}layoutlib>,<{}api-level>
[0K
[0K
[2A[1m<[0;32;1m====[0;39;1m---------> 33% CONFIGURING [4s][m[36D[1B[1m> :app[m[6D[1B[2A[1m<[0;32;1m====[0;39;1m---------> 33% CONFIGURING [5s][m[36D[2B[2AWarning: Mapping new ns http://schemas.android.com/repository/android/common/02 to old ns http://schemas.android.com/repository/android/common/01[0K
Warning: Mapping new ns http://schemas.android.com/repository/android/generic/02 to old ns http://schemas.android.com/repository/android/generic/01[0K
Warning: Mapping new ns http://schemas.android.com/sdk/android/repo/addon2/02 to old ns http://schemas.android.com/sdk/android/repo/addon2/01
Warning: Mapping new ns http://schemas.android.com/sdk/android/repo/addon2/03 to old ns http://schemas.android.com/sdk/android/repo/addon2/01
Warning: Mapping new ns http://schemas.android.com/sdk/android/repo/repository2/02 to old ns http://schemas.android.com/sdk/android/repo/repository2/01
Warning: Mapping new ns http://schemas.android.com/sdk/android/repo/repository2/03 to old ns http://schemas.android.com/sdk/android/repo/repository2/01
Warning: Mapping new ns http://schemas.android.com/sdk/android/repo/sys-img2/03 to old ns http://schemas.android.com/sdk/android/repo/sys-img2/01
Warning: Mapping new ns http://schemas.android.com/sdk/android/repo/sys-img2/02 to old ns http://schemas.android.com/sdk/android/repo/sys-img2/01
Warning: Mapping new ns http://schemas.android.com/repository/android/common/02 to old ns http://schemas.android.com/repository/android/common/01
Warning: Mapping new ns http://schemas.android.com/repository/android/generic/02 to old ns http://schemas.android.com/repository/android/generic/01
Warning: Mapping new ns http://schemas.android.com/sdk/android/repo/addon2/02 to old ns http://schemas.android.com/sdk/android/repo/addon2/01
Warning: Mapping new ns http://schemas.android.com/sdk/android/repo/addon2/03 to old ns http://schemas.android.com/sdk/android/repo/addon2/01
Warning: Mapping new ns http://schemas.android.com/sdk/android/repo/repository2/02 to old ns http://schemas.android.com/sdk/android/repo/repository2/01
Warning: Mapping new ns http://schemas.android.com/sdk/android/repo/repository2/03 to old ns http://schemas.android.com/sdk/android/repo/repository2/01
Warning: Mapping new ns http://schemas.android.com/sdk/android/repo/sys-img2/03 to old ns http://schemas.android.com/sdk/android/repo/sys-img2/01
Warning: Mapping new ns http://schemas.android.com/sdk/android/repo/sys-img2/02 to old ns http://schemas.android.com/sdk/android/repo/sys-img2/01
Warning: unexpected element (uri:"", local:"extension-level"). Expected elements are <{}codename>,<{}layoutlib>,<{}api-level>
Warning: unexpected element (uri:"", local:"base-extension"). Expected elements are <{}codename>,<{}layoutlib>,<{}api-level>
[0K
[0K
[2A[1m<[0;32;1m====[0;39;1m---------> 33% CONFIGURING [5s][m[36D[1B[1m> :app[m[6D[1B[2A[1m<[0;32;1m========[0;39;1m-----> 66% CONFIGURING [5s][m[36D[1B[1m> :translations > Resolve dependencies of :translations:classpath[m[65D[1B[2A[1m<[0;32;1m========[0;39;1m-----> 66% CONFIGURING [6s][m[36D[1B[1m> :translations[m[0K[15D[1B[2A[1m<[0;32;1m=============[0;39;1m> 100% CONFIGURING [6s][m[37D[1B> IDLE[0K[6D[1B[2A[1m<[0;1m-------------> 4% EXECUTING [6s][m[0K[33D[1B[1m> :app:generateGoogleDebugBuildConfig[m[37D[1B


[5A[1m<[0;1m-------------> 5% EXECUTING [6s][m[33D[1B[1m> :app:javaPreCompileGoogleDebug > Resolve files of :app:googleDebugAnnotationP[m[79D[1B[1m> :app:javaPreCompileGoogleDebug > Resolve files of :app:googleDebugAnnotationP[m[79D[1B[1m> :app:javaPreCompileGoogleDebug > Resolve files of :app:googleDebugAnnotationP[m[79D[1B[1m> :app:javaPreCompileGoogleDebug > Resolve files of :app:googleDebugAnnotationP[m[79D[1B[5A[1m<[0;1m-------------> 7% EXECUTING [6s][m[33D[1B[1m> :app:checkGoogleDebugAarMetadata > Resolve files of :app:googleDebugRuntimeCl[m[79D[1B> IDLE[0K[6D[1B> IDLE[0K[6D[1B> IDLE[0K[6D[1B[3A[1m> :app:checkGoogleDebugAarMetadata > Resolve files of :app:googleDebugRuntimeCl[m[79D[1B[1m> :app:checkGoogleDebugAarMetadata > Resolve files of :app:googleDebugRuntimeCl[m[79D[1B[1m> :app:checkGoogleDebugAarMetadata > Resolve files of :app:googleDebugRuntimeCl[m[79D[1B[5A[1m<[0;32;1m=[0;39;1m------------> 10% EXECUTING [6s][m[34D[1B[1m> :app:mergeGoogleDebugResources[m[0K[32D[1B> IDLE[0K[6D[1B> IDLE[0K[6D[2B[5A[1m<[0;32;1m==[0;39;1m-----------> 17% EXECUTING [6s][m[34D[1B[1m> :app:checkGoogleDebugAarMetadata > Resolve files of :app:googleDebugRuntimeCl[m[79D[1B[1m> :app:processGoogleDebugResources[m[34D[3B[5A[1m<[0;32;1m==[0;39;1m-----------> 19% EXECUTING [7s][m[34D[2B[1m> :app:checkGoogleDebugAarMetadata > Resolve files of :app:googleDebugRuntimeCl[m[79D[1B[1m> :app:compileGoogleDebugJavaWithJavac[m[38D[2B[5A[1m<[0;32;1m==[0;39;1m-----------> 19% EXECUTING [8s][m[34D[5B[5A[1m<[0;32;1m==[0;39;1m-----------> 19% EXECUTING [9s][m[34D[5B[5A[0K
[1m> Task :app:compileGoogleDebugJavaWithJavac[m[0K
/work/app/src/main/java/org/connectbot/bean/HostBean.java:32: warning: [MissingSummary] A summary line is required on public/protected Javadocs.[0K
 * @author Kenny Root[0K
   ^[0K
    (see http://google.github.io/styleguide/javaguide.html#s7.2-summary-fragment)
/work/app/src/main/java/org/connectbot/bean/HostBean.java:361: warning: [MissingSummary] A summary fragment is required; consider using the value of the @return block as a summary fragment instead.
         * @return URI identifying this HostBean
           ^
    (see http://google.github.io/styleguide/javaguide.html#s7.2-summary-fragment)
  Did you mean '*Returns uRI identifying this HostBean.'?
[0K
[0K
[0K
[0K
[0K
[5A[1m<[0;32;1m==[0;39;1m-----------> 19% EXECUTING [9s][m[34D[1B[1m> :app:checkGoogleDebugAarMetadata > Resolve files of :app:googleDebugRuntimeCl[m[79D[1B[1m> :app:checkGoogleDebugAarMetadata > Resolve files of :app:googleDebugRuntimeCl[m[79D[1B[1m> :app:compileGoogleDebugJavaWithJavac[m[38D[1B[1m> :app:checkGoogleDebugAarMetadata > Resolve files of :app:googleDebugRuntimeCl[m[79D[1B[5A/work/app/src/main/java/org/connectbot/HostEditorFragment.java:758: warning: [EmptyCatch] Caught exceptions should not be ignored[0K
                } catch (NumberFormatException ignored) {[0K
                  ^[0K
    (see https://google.github.io/styleguide/javaguide.html#s6.2-caught-exceptions)[0K
/work/app/src/main/java/org/connectbot/HostEditorFragment.java:993: warning: [EmptyCatch] Caught exceptions should not be ignored[0K
                                } catch (NumberFormatException e) {
                                  ^
    (see https://google.github.io/styleguide/javaguide.html#s6.2-caught-exceptions)
[0K
[0K
[0K
[0K
[0K
[5A[1m<[0;32;1m==[0;39;1m-----------> 19% EXECUTING [9s][m[34D[1B[1m> :app:checkGoogleDebugAarMetadata > Resolve files of :app:googleDebugRuntimeCl[m[79D[1B[1m> :app:checkGoogleDebugAarMetadata > Resolve files of :app:googleDebugRuntimeCl[m[79D[1B[1m> :app:compileGoogleDebugJavaWithJavac[m[38D[1B[1m> :app:checkGoogleDebugAarMetadata > Resolve files of :app:googleDebugRuntimeCl[m[79D[1B[5A/work/app/src/main/java/org/connectbot/util/EncryptedBackupManager.java:132: warning: [JdkObsolete] Date has a bad API that leads to bugs; prefer java.time.Instant or LocalDate.[0K
                        String timestamp = new SimpleDateFormat("yyyyMMdd-HHmmss", Locale.US).format(new Date());[0K
                                                                                                     ^[0K
    (see https://errorprone.info/bugpattern/JdkObsolete)[0K
/work/app/src/main/java/org/connectbot/util/EncryptedBackupManager.java:248: warning: [JdkObsolete] Date has a bad API that leads to bugs; prefer java.time.Instant or LocalDate.[0K
                backup.put("created_at", new SimpleDateFormat("yyyy-MM-dd HH:mm:ss.SSSZ", Locale.US).format(new Date()));
                                                                                                            ^
    (see https://errorprone.info/bugpattern/JdkObsolete)
[0K
[0K
[0K
[0K
[0K
[5A[1m<[0;32;1m==[0;39;1m-----------> 19% EXECUTING [9s][m[34D[1B[1m> :app:checkGoogleDebugAarMetadata > Resolve files of :app:googleDebugRuntimeCl[m[79D[1B[1m> :app:checkGoogleDebugAarMetadata > Resolve files of :app:googleDebugRuntimeCl[m[79D[1B[1m> :app:compileGoogleDebugJavaWithJavac[m[38D[1B[1m> :app:checkGoogleDebugAarMetadata > Resolve files of :app:googleDebugRuntimeCl[m[79D[1B[5A/work/app/src/main/java/org/connectbot/util/EncryptedBackupManager.java:770: warning: [EmptyCatch] Caught exceptions should not be ignored[0K
                                } catch (NoSuchAlgorithmException ignored) {[0K
                                  ^[0K
    (see https://google.github.io/styleguide/javaguide.html#s6.2-caught-exceptions)[0K
/work/app/src/main/java/org/connectbot/transport/TransportFactory.java:32: warning: [MissingSummary] A summary line is required on public/protected Javadocs.[0K
 * @author Kenny Root
   ^
    (see http://google.github.io/styleguide/javaguide.html#s7.2-summary-fragment)
/work/app/src/main/java/org/connectbot/transport/TransportFactory.java:46: warning: [EmptyBlockTag] A block tag (@param, @return, @throws, @deprecated) has an empty description. Block tags without descriptions don't add much value for future readers of the code; consider removing the tag entirely or adding a description.
         * @param protocol
           ^
    (see http://google.github.io/styleguide/javaguide.html#s7.1.3-javadoc-block-tags)
  Did you mean '*'?
/work/app/src/main/java/org/connectbot/transport/TransportFactory.java:47: warning: [EmptyBlockTag] A block tag (@param, @return, @throws, @deprecated) has an empty description. Block tags without descriptions don't add much value for future readers of the code; consider removing the tag entirely or adding a description.
         * @return
           ^
    (see http://google.github.io/styleguide/javaguide.html#s7.1.3-javadoc-block-tags)
  Did you mean '*'?
/work/app/src/main/java/org/connectbot/transport/TransportFactory.java:46: warning: [MissingSummary] A summary line is required on public/protected Javadocs.
         * @param protocol
           ^
    (see http://google.github.io/styleguide/javaguide.html#s7.2-summary-fragment)
/work/app/src/main/java/org/connectbot/transport/TransportFactory.java:99: warning: [EmptyBlockTag] A block tag (@param, @return, @throws, @deprecated) has an empty description. Block tags without descriptions don't add much value for future readers of the code; consider removing the tag entirely or adding a description.
         * @param context
           ^
    (see http://google.github.io/styleguide/javaguide.html#s7.1.3-javadoc-block-tags)
  Did you mean '*'?
/work/app/src/main/java/org/connectbot/transport/TransportFactory.java:98: warning: [MissingSummary] A summary fragment is required; consider using the value of the @return block as a summary fragment instead.
         * @param protocol text name of protocol
           ^
    (see http://google.github.io/styleguide/javaguide.html#s7.2-summary-fragment)
  Did you mean '*Returns expanded format hint.'?
/work/app/src/main/java/org/connectbot/transport/TransportFactory.java:117: warning: [MissingSummary] A summary fragment is required; consider using the value of the @return block as a summary fragment instead.
         * @param hostdb Handle to HostDatabase
           ^
    (see http://google.github.io/styleguide/javaguide.html#s7.2-summary-fragment)
  Did you mean '*Returns true when host was found.'?
[0K
[0K
[0K
[0K
[0K
[5A[1m<[0;32;1m==[0;39;1m-----------> 19% EXECUTING [9s][m[34D[1B[1m> :app:checkGoogleDebugAarMetadata > Resolve files of :app:googleDebugRuntimeCl[m[79D[1B[1m> :app:checkGoogleDebugAarMetadata > Resolve files of :app:googleDebugRuntimeCl[m[79D[1B[1m> :app:compileGoogleDebugJavaWithJavac[m[38D[1B[1m> :app:checkGoogleDebugAarMetadata > Resolve files of :app:googleDebugRuntimeCl[m[79D[1B[5A[1m<[0;32;1m==[0;39;1m-----------> 19% EXECUTING [10s][m[35D[5B[5ANote: /work/app/src/main/java/org/connectbot/HostEditorFragment.java uses or overrides a deprecated API.[0K
Note: Recompile with -Xlint:deprecation for details.[0K
14 warnings[0K
[2B[0K
[0K
[0K
[5A[1m<[0;32;1m==[0;39;1m-----------> 19% EXECUTING [10s][m[0K[35D[1B[1m> :app:checkGoogleDebugAarMetadata > Resolve files of :app:googleDebugRuntimeCl[m[79D[1B[1m> :app:checkGoogleDebugAarMetadata > Resolve files of :app:googleDebugRuntimeCl[m[79D[1B[1m> :app:compileGoogleDebugJavaWithJavac[m[38D[1B[1m> :app:checkGoogleDebugAarMetadata > Resolve files of :app:googleDebugRuntimeCl[m[79D[1B[2A[1m> :app:compileGoogleDebugJavaWithJavac > Packing build cache entry[m[66D[2B[5A[1m<[0;32;1m==[0;39;1m-----------> 20% EXECUTING [10s][m[35D[3B[1m> :app:checkGoogleDebugAarMetadata > Resolve files of :app:googleDebugRuntimeCl[m[79D[2B[5A[0K
[1m> Task :app:externalNativeBuildGoogleDebug[m[0K
Build com_google_ase_Exec_armeabi-v7a[0K
ninja: Entering directory `/work/app/.cxx/cmake/googleDebug/armeabi-v7a'[0K
Build com_google_ase_Exec_arm64-v8a[0K
ninja: Entering directory `/work/app/.cxx/cmake/googleDebug/arm64-v8a'
Build com_google_ase_Exec_x86
ninja: Entering directory `/work/app/.cxx/cmake/googleDebug/x86'
Build com_google_ase_Exec_x86_64
ninja: Entering directory `/work/app/.cxx/cmake/googleDebug/x86_64'
[0K
[0K
[0K
[0K
[0K
[5A[1m<[0;32;1m===[0;39;1m----------> 28% EXECUTING [10s][m[35D[1B[1m> :app:checkGoogleDebugAarMetadata > Resolve files of :app:googleDebugRuntimeCl[m[79D[1B[1m> :app:checkGoogleDebugAarMetadata > Resolve files of :app:googleDebugRuntimeCl[m[79D[1B[1m> :app:checkGoogleDebugAarMetadata > Resolve files of :app:googleDebugRuntimeCl[m[79D[1B[1m> :app:checkGoogleDebugAarMetadata > Resolve files of :app:googleDebugRuntimeCl[m[79D[1B[5A[1m<[0;32;1m====[0;39;1m---------> 33% EXECUTING [10s][m[35D[5B[5A[1m<[0;32;1m====[0;39;1m---------> 34% EXECUTING [10s][m[35D[5B[5A[1m<[0;32;1m=====[0;39;1m--------> 39% EXECUTING [10s][m[35D[5B[5A[1m<[0;32;1m=====[0;39;1m--------> 40% EXECUTING [11s][m[35D[5B[5A[1m<[0;32;1m=====[0;39;1m--------> 41% EXECUTING [11s][m[35D[5B[5A[1m<[0;32;1m=====[0;39;1m--------> 41% EXECUTING [12s][m[35D[5B[5A[1m<[0;32;1m======[0;39;1m-------> 51% EXECUTING [12s][m[35D[5B[5A[1m<[0;32;1m========[0;39;1m-----> 61% EXECUTING [12s][m[35D[5B[5A[1m<[0;32;1m========[0;39;1m-----> 63% EXECUTING [12s][m[35D[5B[5A[1m<[0;32;1m========[0;39;1m-----> 63% EXECUTING [13s][m[35D[5B[5A[1m<[0;32;1m========[0;39;1m-----> 63% EXECUTING [14s][m[35D[5B[5A[1m<[0;32;1m========[0;39;1m-----> 64% EXECUTING [14s][m[35D[5B[5A[0K
[1m> Task :app:compileOssDebugJavaWithJavac[m[0K
/work/app/src/main/java/org/connectbot/bean/HostBean.java:32: warning: [MissingSummary] A summary line is required on public/protected Javadocs.[0K
 * @author Kenny Root[0K
   ^[0K
    (see http://google.github.io/styleguide/javaguide.html#s7.2-summary-fragment)
/work/app/src/main/java/org/connectbot/bean/HostBean.java:361: warning: [MissingSummary] A summary fragment is required; consider using the value of the @return block as a summary fragment instead.
         * @return URI identifying this HostBean
           ^
    (see http://google.github.io/styleguide/javaguide.html#s7.2-summary-fragment)
  Did you mean '*Returns uRI identifying this HostBean.'?
[0K
[0K
[0K
[0K
[0K
[5A[1m<[0;32;1m========[0;39;1m-----> 64% EXECUTING [14s][m[35D[1B[1m> :app:checkGoogleDebugAarMetadata > Resolve files of :app:googleDebugRuntimeCl[m[79D[1B[1m> :app:checkGoogleDebugAarMetadata > Resolve files of :app:googleDebugRuntimeCl[m[79D[1B[1m> :app:checkGoogleDebugAarMetadata > Resolve files of :app:googleDebugRuntimeCl[m[79D[1B[1m> :app:checkGoogleDebugAarMetadata > Resolve files of :app:googleDebugRuntimeCl[m[79D[1B[5A/work/app/src/main/java/org/connectbot/HostEditorFragment.java:758: warning: [EmptyCatch] Caught exceptions should not be ignored[0K
                } catch (NumberFormatException ignored) {[0K
                  ^[0K
    (see https://google.github.io/styleguide/javaguide.html#s6.2-caught-exceptions)[0K
/work/app/src/main/java/org/connectbot/HostEditorFragment.java:993: warning: [EmptyCatch] Caught exceptions should not be ignored[0K
                                } catch (NumberFormatException e) {
                                  ^
    (see https://google.github.io/styleguide/javaguide.html#s6.2-caught-exceptions)
[0K
[0K
[0K
[0K
[0K
[5A[1m<[0;32;1m========[0;39;1m-----> 64% EXECUTING [14s][m[35D[1B[1m> :app:checkGoogleDebugAarMetadata > Resolve files of :app:googleDebugRuntimeCl[m[79D[1B[1m> :app:checkGoogleDebugAarMetadata > Resolve files of :app:googleDebugRuntimeCl[m[79D[1B[1m> :app:checkGoogleDebugAarMetadata > Resolve files of :app:googleDebugRuntimeCl[m[79D[1B[1m> :app:checkGoogleDebugAarMetadata > Resolve files of :app:googleDebugRuntimeCl[m[79D[1B[5A/work/app/src/main/java/org/connectbot/util/EncryptedBackupManager.java:132: warning: [JdkObsolete] Date has a bad API that leads to bugs; prefer java.time.Instant or LocalDate.[0K
                        String timestamp = new SimpleDateFormat("yyyyMMdd-HHmmss", Locale.US).format(new Date());[0K
                                                                                                     ^[0K
    (see https://errorprone.info/bugpattern/JdkObsolete)[0K
/work/app/src/main/java/org/connectbot/util/EncryptedBackupManager.java:248: warning: [JdkObsolete] Date has a bad API that leads to bugs; prefer java.time.Instant or LocalDate.[0K
                backup.put("created_at", new SimpleDateFormat("yyyy-MM-dd HH:mm:ss.SSSZ", Locale.US).format(new Date()));
                                                                                                            ^
    (see https://errorprone.info/bugpattern/JdkObsolete)
[0K
[0K
[0K
[0K
[0K
[5A[1m<[0;32;1m========[0;39;1m-----> 64% EXECUTING [15s][m[35D[1B[1m> :app:checkGoogleDebugAarMetadata > Resolve files of :app:googleDebugRuntimeCl[m[79D[1B[1m> :app:checkGoogleDebugAarMetadata > Resolve files of :app:googleDebugRuntimeCl[m[79D[1B[1m> :app:checkGoogleDebugAarMetadata > Resolve files of :app:googleDebugRuntimeCl[m[79D[1B[1m> :app:checkGoogleDebugAarMetadata > Resolve files of :app:googleDebugRuntimeCl[m[79D[1B[5A/work/app/src/main/java/org/connectbot/util/EncryptedBackupManager.java:770: warning: [EmptyCatch] Caught exceptions should not be ignored[0K
                                } catch (NoSuchAlgorithmException ignored) {[0K
                                  ^[0K
    (see https://google.github.io/styleguide/javaguide.html#s6.2-caught-exceptions)[0K
/work/app/src/main/java/org/connectbot/transport/TransportFactory.java:32: warning: [MissingSummary] A summary line is required on public/protected Javadocs.[0K
 * @author Kenny Root
   ^
    (see http://google.github.io/styleguide/javaguide.html#s7.2-summary-fragment)
/work/app/src/main/java/org/connectbot/transport/TransportFactory.java:46: warning: [EmptyBlockTag] A block tag (@param, @return, @throws, @deprecated) has an empty description. Block tags without descriptions don't add much value for future readers of the code; consider removing the tag entirely or adding a description.
         * @param protocol
           ^
    (see http://google.github.io/styleguide/javaguide.html#s7.1.3-javadoc-block-tags)
  Did you mean '*'?
/work/app/src/main/java/org/connectbot/transport/TransportFactory.java:47: warning: [EmptyBlockTag] A block tag (@param, @return, @throws, @deprecated) has an empty description. Block tags without descriptions don't add much value for future readers of the code; consider removing the tag entirely or adding a description.
         * @return
           ^
    (see http://google.github.io/styleguide/javaguide.html#s7.1.3-javadoc-block-tags)
  Did you mean '*'?
/work/app/src/main/java/org/connectbot/transport/TransportFactory.java:46: warning: [MissingSummary] A summary line is required on public/protected Javadocs.
         * @param protocol
           ^
    (see http://google.github.io/styleguide/javaguide.html#s7.2-summary-fragment)
/work/app/src/main/java/org/connectbot/transport/TransportFactory.java:99: warning: [EmptyBlockTag] A block tag (@param, @return, @throws, @deprecated) has an empty description. Block tags without descriptions don't add much value for future readers of the code; consider removing the tag entirely or adding a description.
         * @param context
           ^
    (see http://google.github.io/styleguide/javaguide.html#s7.1.3-javadoc-block-tags)
  Did you mean '*'?
/work/app/src/main/java/org/connectbot/transport/TransportFactory.java:98: warning: [MissingSummary] A summary fragment is required; consider using the value of the @return block as a summary fragment instead.
         * @param protocol text name of protocol
           ^
    (see http://google.github.io/styleguide/javaguide.html#s7.2-summary-fragment)
  Did you mean '*Returns expanded format hint.'?
/work/app/src/main/java/org/connectbot/transport/TransportFactory.java:117: warning: [MissingSummary] A summary fragment is required; consider using the value of the @return block as a summary fragment instead.
         * @param hostdb Handle to HostDatabase
           ^
    (see http://google.github.io/styleguide/javaguide.html#s7.2-summary-fragment)
  Did you mean '*Returns true when host was found.'?
[0K
[0K
[0K
[0K
[0K
[5A[1m<[0;32;1m========[0;39;1m-----> 64% EXECUTING [15s][m[35D[1B[1m> :app:checkGoogleDebugAarMetadata > Resolve files of :app:googleDebugRuntimeCl[m[79D[1B[1m> :app:checkGoogleDebugAarMetadata > Resolve files of :app:googleDebugRuntimeCl[m[79D[1B[1m> :app:checkGoogleDebugAarMetadata > Resolve files of :app:googleDebugRuntimeCl[m[79D[1B[1m> :app:checkGoogleDebugAarMetadata > Resolve files of :app:googleDebugRuntimeCl[m[79D[1B[5ANote: /work/app/src/main/java/org/connectbot/HostEditorFragment.java uses or overrides a deprecated API.[0K
Note: Recompile with -Xlint:deprecation for details.[0K
14 warnings[0K
[2B[0K
[0K
[0K
[5A[1m<[0;32;1m========[0;39;1m-----> 64% EXECUTING [15s][m[0K[35D[1B[1m> :app:checkGoogleDebugAarMetadata > Resolve files of :app:googleDebugRuntimeCl[m[79D[1B[1m> :app:checkGoogleDebugAarMetadata > Resolve files of :app:googleDebugRuntimeCl[m[79D[1B[1m> :app:checkGoogleDebugAarMetadata > Resolve files of :app:googleDebugRuntimeCl[m[79D[1B[1m> :app:checkGoogleDebugAarMetadata > Resolve files of :app:googleDebugRuntimeCl[m[79D[1B[5A[1m<[0;32;1m========[0;39;1m-----> 65% EXECUTING [15s][m[35D[5B[5A[1m<[0;32;1m========[0;39;1m-----> 65% EXECUTING [16s][m[35D[5B[5A[1m<[0;32;1m========[0;39;1m-----> 66% EXECUTING [16s][m[35D[5B[5A[0K
[1m> Task :app:externalNativeBuildOssDebug[m[0K
Build com_google_ase_Exec_armeabi-v7a[0K
ninja: Entering directory `/work/app/.cxx/cmake/ossDebug/armeabi-v7a'[0K
Build com_google_ase_Exec_arm64-v8a[0K
ninja: Entering directory `/work/app/.cxx/cmake/ossDebug/arm64-v8a'
Build com_google_ase_Exec_x86
ninja: Entering directory `/work/app/.cxx/cmake/ossDebug/x86'
Build com_google_ase_Exec_x86_64
ninja: Entering directory `/work/app/.cxx/cmake/ossDebug/x86_64'
[0K
[0K
[0K
[0K
[0K
[5A[1m<[0;32;1m==========[0;39;1m---> 82% EXECUTING [16s][m[35D[1B[1m> :app:checkGoogleDebugAarMetadata > Resolve files of :app:googleDebugRuntimeCl[m[79D[1B[1m> :app:checkGoogleDebugAarMetadata > Resolve files of :app:googleDebugRuntimeCl[m[79D[1B[1m> :app:checkGoogleDebugAarMetadata > Resolve files of :app:googleDebugRuntimeCl[m[79D[1B[1m> :app:checkGoogleDebugAarMetadata > Resolve files of :app:googleDebugRuntimeCl[m[79D[1B[5A[1m<[0;32;1m===========[0;39;1m--> 88% EXECUTING [16s][m[35D[5B[5A[1m<[0;32;1m===========[0;39;1m--> 89% EXECUTING [16s][m[35D[5B[5A[1m<[0;32;1m===========[0;39;1m--> 89% EXECUTING [17s][m[35D[5B[5A[1m<[0;32;1m===========[0;39;1m--> 90% EXECUTING [17s][m[35D[5B[5A[1m<[0;32;1m===========[0;39;1m--> 90% EXECUTING [18s][m[35D[5B[5A[1m<[0;32;1m===========[0;39;1m--> 91% EXECUTING [18s][m[35D[5B[5A[1m<[0;32;1m===========[0;39;1m--> 91% EXECUTING [19s][m[35D[5B[5A[1m<[0;32;1m===========[0;39;1m--> 91% EXECUTING [20s][m[35D[5B[5A[1m<[0;32;1m============[0;39;1m-> 92% EXECUTING [20s][m[35D[5B[5A[1m<[0;32;1m============[0;39;1m-> 92% EXECUTING [21s][m[35D[5B[5A[1m<[0;32;1m============[0;39;1m-> 95% EXECUTING [21s][m[35D[5B[5A[1m<[0;32;1m============[0;39;1m-> 95% EXECUTING [22s][m[35D[5B[5A[1m<[0;32;1m============[0;39;1m-> 96% EXECUTING [22s][m[35D[5B[5A[0K
Deprecated Gradle features were used in this build, making it incompatible with Gradle 7.0.[0K
Use '--warning-mode all' to show the individual deprecation warnings.[0K
See https://docs.gradle.org/6.7.1/userguide/command_line_interface.html#sec:command_line_warnings[0K
[0K
[32;1mBUILD SUCCESSFUL[0;39m in 24s
62 actionable tasks: 17 executed, 45 up-to-date
[0K
[0K
[0K
[0K
[0K
[5A[1m<[0;1m-------------> 0% WAITING[m[26D[1B[1m> :app:checkGoogleDebugAarMetadata > Resolve files of :app:googleDebugRuntimeCl[m[79D[1B[1m> :app:checkGoogleDebugAarMetadata > Resolve files of :app:googleDebugRuntimeCl[m[79D[1B[1m> :app:checkGoogleDebugAarMetadata > Resolve files of :app:googleDebugRuntimeCl[m[79D[1B[1m> :app:checkGoogleDebugAarMetadata > Resolve files of :app:googleDebugRuntimeCl[m[79D[1B[5A[2K[1B[2K[1B[2K[1B[2K[1B[2K[4A[0m[?12l[?25h