Starting a Gradle Daemon, 2 incompatible and 2 stopped Daemons could not be reused, use --status for details


[2A[1B[1m> Starting Daemon[m[17D[1B[1A> IDLE[0K[6D[1B[2A[1m<[0;1m-------------> 0% INITIALIZING [54ms][m[38D[1B[1m> Evaluating settings[m[21D[1B[2A[1m<[0;1m-------------> 0% INITIALIZING [154ms][m[39D[2B[2A[1m<[0;1m-------------> 0% INITIALIZING [254ms][m[39D[2B[2A[1m<[0;1m-------------> 0% INITIALIZING [354ms][m[39D[2B[2A[1m<[0;1m-------------> 0% INITIALIZING [454ms][m[39D[2B[2A[1m<[0;1m-------------> 0% INITIALIZING [554ms][m[39D[2B[2A[1m<[0;1m-------------> 0% CONFIGURING [654ms][m[0K[38D[1B[1m> Loading projects[m[0K[18D[1B[2A[1m<[0;1m-------------> 0% CONFIGURING [754ms][m[38D[1B[1m> root project[m[0K[14D[1B[2A[1m<[0;1m-------------> 0% CONFIGURING [854ms][m[38D[2B[2A[1m<[0;1m-------------> 0% CONFIGURING [954ms][m[38D[1B[1m> root project > Resolve dependencies of detachedConfiguration1[m[63D[1B[2A[1m<[0;1m-------------> 0% CONFIGURING [1s][m[0K[35D[1B[1m> root project > Resolve dependencies of :classpath[m[0K[51D[1B[1A[1m> root project[m[0K[14D[1B[2A[1m<[0;32;1m====[0;39;1m---------> 33% CONFIGURING [1s][m[36D[1B[1m> :app > Resolve dependencies of detachedConfiguration3[m[55D[1B[1A[1m> :app > Resolve dependencies of :app:classpath[m[0K[47D[1B[1A[1m> :app[m[0K[6D[1B[2A[1m<[0;32;1m====[0;39;1m---------> 33% CONFIGURING [2s][m[36D[2B[2A[1m<[0;32;1m====[0;39;1m---------> 33% CONFIGURING [3s][m[36D[2B[2A[0K
[1m> Configure project :app[m[0K
No git repository reachable from /work/app
[0K
[0K
[2A[1m<[0;32;1m====[0;39;1m---------> 33% CONFIGURING [3s][m[36D[1B[1m> :app[m[6D[1B[2A[1m<[0;32;1m====[0;39;1m---------> 33% CONFIGURING [4s][m[36D[2B[2A[1m<[0;32;1m========[0;39;1m-----> 66% CONFIGURING [5s][m[36D[1B[1m> :translations[m[15D[1B[2A[1m<[0;32;1m=============[0;39;1m> 100% CONFIGURING [5s][m[37D[1B> IDLE[0K[6D[1B[2AWarning: Mapping new ns http://schemas.android.com/repository/android/common/02 to old ns http://schemas.android.com/repository/android/common/01[0K
Warning: Mapping new ns http://schemas.android.com/repository/android/generic/02 to old ns http://schemas.android.com/repository/android/generic/01[0K
Warning: Mapping new ns http://schemas.android.com/sdk/android/repo/addon2/02 to old ns http://schemas.android.com/sdk/android/repo/addon2/01
Warning: Mapping new ns http://schemas.android.com/sdk/android/repo/addon2/03 to old ns http://schemas.android.com/sdk/android/repo/addon2/01
Warning: Mapping new ns http://schemas.android.com/sdk/android/repo/repository2/02 to old ns http://schemas.android.com/sdk/android/repo/repository2/01
Warning: Mapping new ns http://schemas.android.com/sdk/android/repo/repository2/03 to old ns http://schemas.android.com/sdk/android/repo/repository2/01
Warning: Mapping new ns http://schemas.android.com/sdk/android/repo/sys-img2/03 to old ns http://schemas.android.com/sdk/android/repo/sys-img2/01
Warning: Mapping new ns http://schemas.android.com/sdk/android/repo/sys-img2/02 to old ns http://schemas.android.com/sdk/android/repo/sys-img2/01
Warning: Mapping new ns http://schemas.android.com/repository/android/common/02 to old ns http://schemas.android.com/repository/android/common/01
Warning: Mapping new ns http://schemas.android.com/repository/android/generic/02 to old ns http://schemas.android.com/repository/android/generic/01
Warning: Mapping new ns http://schemas.android.com/sdk/android/repo/addon2/02 to old ns http://schemas.android.com/sdk/android/repo/addon2/01
Warning: Mapping new ns http://schemas.android.com/sdk/android/repo/addon2/03 to old ns http://schemas.android.com/sdk/android/repo/addon2/01
Warning: Mapping new ns http://schemas.android.com/sdk/android/repo/repository2/02 to old ns http://schemas.android.com/sdk/android/repo/repository2/01
Warning: Mapping new ns http://schemas.android.com/sdk/android/repo/repository2/03 to old ns http://schemas.android.com/sdk/android/repo/repository2/01
Warning: Mapping new ns http://schemas.android.com/sdk/android/repo/sys-img2/03 to old ns http://schemas.android.com/sdk/android/repo/sys-img2/01
Warning: Mapping new ns http://schemas.android.com/sdk/android/repo/sys-img2/02 to old ns http://schemas.android.com/sdk/android/repo/sys-img2/01
Warning: unexpected element (uri:"", local:"base-extension"). Expected elements are <{}codename>,<{}layoutlib>,<{}api-level>
[0K
[0K
[2A[1m<[0;32;1m=============[0;39;1m> 100% CONFIGURING [5s][m[37D[1B> IDLE[6D[1B[1A[1m> Resolve dependencies of :app:googleDebugCompileClasspath[m[58D[1B


[5A[1m<[0;1m-------------> 0% EXECUTING [5s][m[0K[33D[1B[1m> Transforming artifact legacy-support-core-ui-1.0.0.aar (androidx.legacy:legac[m[79D[1B[1m> Transforming artifact fragment-1.1.0.aar (androidx.fragment:fragment:1.1.0) w[m[79D[1B[1m> Transforming artifact multidex-2.0.0.aar (androidx.multidex:multidex:2.0.0) w[m[79D[1B[1m> Transforming artifact legacy-support-v4-1.0.0.aar (androidx.legacy:legacy-sup[m[79D[1B[5A[1m<[0;32;1m=[0;39;1m------------> 8% EXECUTING [5s][m[33D[1B[1m> Transforming artifact asynclayoutinflater-1.0.0.aar (androidx.asynclayoutinfl[m[79D[1B[1m> Transforming artifact activity-1.0.0.aar (androidx.activity:activity:1.0.0) w[m[79D[1B[1m> Transforming artifact drawerlayout-1.0.0.aar (androidx.drawerlayout:drawerlay[m[79D[1B[1m> Transforming artifact slidingpanelayout-1.0.0.aar (androidx.slidingpanelayout[m[79D[1B[5A[1m<[0;32;1m====[0;39;1m---------> 34% EXECUTING [5s][m[34D[1B[1m> Transforming artifact legacy-support-core-utils-1.0.0.aar (androidx.legacy:le[m[79D[1B[1m> Transforming artifact play-services-basement-17.5.0.aar (com.google.android.g[m[79D[1B[1m> Transforming artifact vectordrawable-animated-1.1.0.aar (androidx.vectordrawa[m[79D[1B[1m> Transforming artifact preference-1.1.0.aar (androidx.preference:preference:1.[m[79D[1B[5A[1m<[0;32;1m======[0;39;1m-------> 49% EXECUTING [5s][m[34D[2B[1m> Transforming artifact appcompat-1.2.0.aar (androidx.appcompat:appcompat:1.2.0[m[79D[2B[1m> Transforming artifact appcompat-resources-1.2.0.aar (androidx.appcompat:appco[m[79D[1B[5A[1m<[0;32;1m========[0;39;1m-----> 63% EXECUTING [6s][m[34D[2B[1m> Transforming artifact core-1.3.1.aar (androidx.core:core:1.3.1) with AarTrans[m[79D[2B[1m> Transforming artifact asynclayoutinflater-1.0.0.aar (androidx.asynclayoutinfl[m[79D[1B[5A[1m<[0;32;1m============[0;39;1m-> 97% EXECUTING [6s][m[34D[5B[5A[1m<[0;32;1m============[0;39;1m-> 99% EXECUTING [6s][m[34D[5B[5A[0K
[31;1m> Task :app:compileGoogleDebugJavaWithJavac[0;39m[31m FAILED[39m[0K
[3B[0K
[0K
[5A[1m<[0;31;1m=============[0;39;1m> 100% EXECUTING [6s][m[0K[35D[1B[1m> Transforming artifact legacy-support-core-utils-1.0.0.aar (androidx.legacy:le[m[79D[1B[1m> Transforming artifact core-1.3.1.aar (androidx.core:core:1.3.1) with AarTrans[m[79D[1B[1m> Transforming artifact vectordrawable-animated-1.1.0.aar (androidx.vectordrawa[m[79D[1B[1m> Transforming artifact asynclayoutinflater-1.0.0.aar (androidx.asynclayoutinfl[m[79D[1B[5A[0K
[31mFAILURE: [39m[31mBuild failed with an exception.[39m[0K
[0K
* What went wrong:[0K
Execution failed for task ':app:compileGoogleDebugJavaWithJavac'.[0K
[33m> [39mFailed to clean up stale outputs

* Try:
Run with [1m--info[m or [1m--debug[m option to get more log output. Run with [1m--scan[m to get full insights.

* Exception is:
org.gradle.api.tasks.TaskExecutionException: Execution failed for task ':app:compileGoogleDebugJavaWithJavac'.
        at org.gradle.api.internal.tasks.execution.ExecuteActionsTaskExecuter.lambda$executeIfValid$1(ExecuteActionsTaskExecuter.java:205)
        at org.gradle.internal.Try$Failure.ifSuccessfulOrElse(Try.java:263)
        at org.gradle.api.internal.tasks.execution.ExecuteActionsTaskExecuter.executeIfValid(ExecuteActionsTaskExecuter.java:203)
        at org.gradle.api.internal.tasks.execution.ExecuteActionsTaskExecuter.execute(ExecuteActionsTaskExecuter.java:184)
        at org.gradle.api.internal.tasks.execution.CleanupStaleOutputsExecuter.execute(CleanupStaleOutputsExecuter.java:109)
        at org.gradle.api.internal.tasks.execution.FinalizePropertiesTaskExecuter.execute(FinalizePropertiesTaskExecuter.java:46)
        at org.gradle.api.internal.tasks.execution.ResolveTaskExecutionModeExecuter.execute(ResolveTaskExecutionModeExecuter.java:62)
        at org.gradle.api.internal.tasks.execution.SkipTaskWithNoActionsExecuter.execute(SkipTaskWithNoActionsExecuter.java:57)
        at org.gradle.api.internal.tasks.execution.SkipOnlyIfTaskExecuter.execute(SkipOnlyIfTaskExecuter.java:56)
        at org.gradle.api.internal.tasks.execution.CatchExceptionTaskExecuter.execute(CatchExceptionTaskExecuter.java:36)
        at org.gradle.api.internal.tasks.execution.EventFiringTaskExecuter$1.executeTask(EventFiringTaskExecuter.java:77)
        at org.gradle.api.internal.tasks.execution.EventFiringTaskExecuter$1.call(EventFiringTaskExecuter.java:55)
        at org.gradle.api.internal.tasks.execution.EventFiringTaskExecuter$1.call(EventFiringTaskExecuter.java:52)
        at org.gradle.internal.operations.DefaultBuildOperationExecutor$CallableBuildOperationWorker.execute(DefaultBuildOperationExecutor.java:416)
        at org.gradle.internal.operations.DefaultBuildOperationExecutor$CallableBuildOperationWorker.execute(DefaultBuildOperationExecutor.java:406)
        at org.gradle.internal.operations.DefaultBuildOperationExecutor$1.execute(DefaultBuildOperationExecutor.java:165)
        at org.gradle.internal.operations.DefaultBuildOperationExecutor.execute(DefaultBuildOperationExecutor.java:250)
        at org.gradle.internal.operations.DefaultBuildOperationExecutor.execute(DefaultBuildOperationExecutor.java:158)
        at org.gradle.internal.operations.DefaultBuildOperationExecutor.call(DefaultBuildOperationExecutor.java:102)
        at org.gradle.internal.operations.DelegatingBuildOperationExecutor.call(DelegatingBuildOperationExecutor.java:36)
        at org.gradle.api.internal.tasks.execution.EventFiringTaskExecuter.execute(EventFiringTaskExecuter.java:52)
        at org.gradle.execution.plan.LocalTaskNodeExecutor.execute(LocalTaskNodeExecutor.java:41)
        at org.gradle.execution.taskgraph.DefaultTaskExecutionGraph$InvokeNodeExecutorsAction.execute(DefaultTaskExecutionGraph.java:372)
        at org.gradle.execution.taskgraph.DefaultTaskExecutionGraph$InvokeNodeExecutorsAction.execute(DefaultTaskExecutionGraph.java:359)
        at org.gradle.execution.taskgraph.DefaultTaskExecutionGraph$BuildOperationAwareExecutionAction.execute(DefaultTaskExecutionGraph.java:352)
        at org.gradle.execution.taskgraph.DefaultTaskExecutionGraph$BuildOperationAwareExecutionAction.execute(DefaultTaskExecutionGraph.java:338)
        at org.gradle.execution.plan.DefaultPlanExecutor$ExecutorWorker.lambda$run$0(DefaultPlanExecutor.java:127)
        at org.gradle.execution.plan.DefaultPlanExecutor$ExecutorWorker.execute(DefaultPlanExecutor.java:191)
        at org.gradle.execution.plan.DefaultPlanExecutor$ExecutorWorker.executeNextNode(DefaultPlanExecutor.java:182)
        at org.gradle.execution.plan.DefaultPlanExecutor$ExecutorWorker.run(DefaultPlanExecutor.java:124)
        at org.gradle.internal.concurrent.ExecutorPolicy$CatchAndRecordFailures.onExecute(ExecutorPolicy.java:64)
        at org.gradle.internal.concurrent.ManagedExecutorImpl$1.run(ManagedExecutorImpl.java:48)
        at org.gradle.internal.concurrent.ThreadFactoryImpl$ManagedThreadRunnable.run(ThreadFactoryImpl.java:56)
Caused by: org.gradle.api.UncheckedIOException: Failed to clean up stale outputs
        at org.gradle.language.base.internal.tasks.StaleOutputCleaner.cleanOutputs(StaleOutputCleaner.java:77)
        at org.gradle.api.internal.tasks.compile.CleaningJavaCompiler.execute(CleaningJavaCompiler.java:50)
        at org.gradle.api.internal.tasks.compile.incremental.IncrementalCompilerFactory.lambda$createRebuildAllCompiler$0(IncrementalCompilerFactory.java:98)
        at org.gradle.api.internal.tasks.compile.incremental.SelectiveCompiler.execute(SelectiveCompiler.java:71)
        at org.gradle.api.internal.tasks.compile.incremental.SelectiveCompiler.execute(SelectiveCompiler.java:37)
        at org.gradle.api.internal.tasks.compile.incremental.IncrementalResultStoringCompiler.execute(IncrementalResultStoringCompiler.java:60)
        at org.gradle.api.internal.tasks.compile.incremental.IncrementalResultStoringCompiler.execute(IncrementalResultStoringCompiler.java:44)
        at org.gradle.api.internal.tasks.compile.CompileJavaBuildOperationReportingCompiler$2.call(CompileJavaBuildOperationReportingCompiler.java:59)
        at org.gradle.api.internal.tasks.compile.CompileJavaBuildOperationReportingCompiler$2.call(CompileJavaBuildOperationReportingCompiler.java:51)
        at org.gradle.internal.operations.DefaultBuildOperationExecutor$CallableBuildOperationWorker.execute(DefaultBuildOperationExecutor.java:416)
        at org.gradle.internal.operations.DefaultBuildOperationExecutor$CallableBuildOperationWorker.execute(DefaultBuildOperationExecutor.java:406)
        at org.gradle.internal.operations.DefaultBuildOperationExecutor$1.execute(DefaultBuildOperationExecutor.java:165)
        at org.gradle.internal.operations.DefaultBuildOperationExecutor.execute(DefaultBuildOperationExecutor.java:250)
        at org.gradle.internal.operations.DefaultBuildOperationExecutor.execute(DefaultBuildOperationExecutor.java:158)
        at org.gradle.internal.operations.DefaultBuildOperationExecutor.call(DefaultBuildOperationExecutor.java:102)
        at org.gradle.internal.operations.DelegatingBuildOperationExecutor.call(DelegatingBuildOperationExecutor.java:36)
        at org.gradle.api.internal.tasks.compile.CompileJavaBuildOperationReportingCompiler.execute(CompileJavaBuildOperationReportingCompiler.java:51)
        at org.gradle.api.tasks.compile.JavaCompile.performCompilation(JavaCompile.java:208)
        at org.gradle.api.tasks.compile.JavaCompile.compile(JavaCompile.java:179)
        at java.base/jdk.internal.reflect.NativeMethodAccessorImpl.invoke0(Native Method)
        at java.base/jdk.internal.reflect.NativeMethodAccessorImpl.invoke(NativeMethodAccessorImpl.java:62)
        at java.base/jdk.internal.reflect.DelegatingMethodAccessorImpl.invoke(DelegatingMethodAccessorImpl.java:43)
        at org.gradle.internal.reflect.JavaMethod.invoke(JavaMethod.java:104)
        at org.gradle.api.internal.project.taskfactory.IncrementalInputsTaskAction.doExecute(IncrementalInputsTaskAction.java:32)
        at org.gradle.api.internal.project.taskfactory.StandardTaskAction.execute(StandardTaskAction.java:42)
        at org.gradle.api.internal.project.taskfactory.AbstractIncrementalTaskAction.execute(AbstractIncrementalTaskAction.java:25)
        at org.gradle.api.internal.project.taskfactory.StandardTaskAction.execute(StandardTaskAction.java:28)
        at org.gradle.api.internal.tasks.execution.ExecuteActionsTaskExecuter$3.run(ExecuteActionsTaskExecuter.java:568)
        at org.gradle.internal.operations.DefaultBuildOperationExecutor$RunnableBuildOperationWorker.execute(DefaultBuildOperationExecutor.java:402)
        at org.gradle.internal.operations.DefaultBuildOperationExecutor$RunnableBuildOperationWorker.execute(DefaultBuildOperationExecutor.java:394)
        at org.gradle.internal.operations.DefaultBuildOperationExecutor$1.execute(DefaultBuildOperationExecutor.java:165)
        at org.gradle.internal.operations.DefaultBuildOperationExecutor.execute(DefaultBuildOperationExecutor.java:250)
        at org.gradle.internal.operations.DefaultBuildOperationExecutor.execute(DefaultBuildOperationExecutor.java:158)
        at org.gradle.internal.operations.DefaultBuildOperationExecutor.run(DefaultBuildOperationExecutor.java:92)
        at org.gradle.internal.operations.DelegatingBuildOperationExecutor.run(DelegatingBuildOperationExecutor.java:31)
        at org.gradle.api.internal.tasks.execution.ExecuteActionsTaskExecuter.executeAction(ExecuteActionsTaskExecuter.java:553)
        at org.gradle.api.internal.tasks.execution.ExecuteActionsTaskExecuter.executeActions(ExecuteActionsTaskExecuter.java:536)
        at org.gradle.api.internal.tasks.execution.ExecuteActionsTaskExecuter.access$300(ExecuteActionsTaskExecuter.java:109)
        at org.gradle.api.internal.tasks.execution.ExecuteActionsTaskExecuter$TaskExecution.executeWithPreviousOutputFiles(ExecuteActionsTaskExecuter.java:276)
        at org.gradle.api.internal.tasks.execution.ExecuteActionsTaskExecuter$TaskExecution.execute(ExecuteActionsTaskExecuter.java:265)
        at org.gradle.internal.execution.steps.ExecuteStep.lambda$execute$0(ExecuteStep.java:32)
        at org.gradle.internal.execution.steps.ExecuteStep.execute(ExecuteStep.java:32)
        at org.gradle.internal.execution.steps.ExecuteStep.execute(ExecuteStep.java:26)
        at org.gradle.internal.execution.steps.CleanupOutputsStep.execute(CleanupOutputsStep.java:63)
        at org.gradle.internal.execution.steps.CleanupOutputsStep.execute(CleanupOutputsStep.java:35)
        at org.gradle.internal.execution.steps.ResolveInputChangesStep.execute(ResolveInputChangesStep.java:49)
        at org.gradle.internal.execution.steps.ResolveInputChangesStep.execute(ResolveInputChangesStep.java:34)
        at org.gradle.internal.execution.steps.CancelExecutionStep.execute(CancelExecutionStep.java:43)
        at org.gradle.internal.execution.steps.TimeoutStep.executeWithoutTimeout(TimeoutStep.java:73)
        at org.gradle.internal.execution.steps.TimeoutStep.execute(TimeoutStep.java:54)
        at org.gradle.internal.execution.steps.CatchExceptionStep.execute(CatchExceptionStep.java:34)
        at org.gradle.internal.execution.steps.CreateOutputsStep.execute(CreateOutputsStep.java:44)
        at org.gradle.internal.execution.steps.SnapshotOutputsStep.execute(SnapshotOutputsStep.java:54)
        at org.gradle.internal.execution.steps.SnapshotOutputsStep.execute(SnapshotOutputsStep.java:38)
        at org.gradle.internal.execution.steps.BroadcastChangingOutputsStep.execute(BroadcastChangingOutputsStep.java:49)
        at org.gradle.internal.execution.steps.CacheStep.executeWithoutCache(CacheStep.java:153)
        at org.gradle.internal.execution.steps.CacheStep.executeAndStoreInCache(CacheStep.java:129)
        at org.gradle.internal.execution.steps.CacheStep.lambda$executeWithCache$2(CacheStep.java:107)
        at org.gradle.internal.execution.steps.CacheStep.lambda$executeWithCache$3(CacheStep.java:107)
        at org.gradle.internal.Try$Success.map(Try.java:162)
        at org.gradle.internal.execution.steps.CacheStep.executeWithCache(CacheStep.java:76)
        at org.gradle.internal.execution.steps.CacheStep.execute(CacheStep.java:66)
        at org.gradle.internal.execution.steps.CacheStep.execute(CacheStep.java:41)
        at org.gradle.internal.execution.steps.StoreExecutionStateStep.execute(StoreExecutionStateStep.java:44)
        at org.gradle.internal.execution.steps.StoreExecutionStateStep.execute(StoreExecutionStateStep.java:33)
        at org.gradle.internal.execution.steps.RecordOutputsStep.execute(RecordOutputsStep.java:38)
        at org.gradle.internal.execution.steps.RecordOutputsStep.execute(RecordOutputsStep.java:24)
        at org.gradle.internal.execution.steps.SkipUpToDateStep.executeBecause(SkipUpToDateStep.java:92)
        at org.gradle.internal.execution.steps.SkipUpToDateStep.lambda$execute$0(SkipUpToDateStep.java:85)
        at org.gradle.internal.execution.steps.SkipUpToDateStep.execute(SkipUpToDateStep.java:55)
        at org.gradle.internal.execution.steps.SkipUpToDateStep.execute(SkipUpToDateStep.java:39)
        at org.gradle.internal.execution.steps.ResolveChangesStep.execute(ResolveChangesStep.java:76)
        at org.gradle.internal.execution.steps.ResolveChangesStep.execute(ResolveChangesStep.java:37)
        at org.gradle.internal.execution.steps.legacy.MarkSnapshottingInputsFinishedStep.execute(MarkSnapshottingInputsFinishedStep.java:36)
        at org.gradle.internal.execution.steps.legacy.MarkSnapshottingInputsFinishedStep.execute(MarkSnapshottingInputsFinishedStep.java:26)
        at org.gradle.internal.execution.steps.ResolveCachingStateStep.execute(ResolveCachingStateStep.java:94)
        at org.gradle.internal.execution.steps.ResolveCachingStateStep.execute(ResolveCachingStateStep.java:49)
        at org.gradle.internal.execution.steps.CaptureStateBeforeExecutionStep.execute(CaptureStateBeforeExecutionStep.java:79)
        at org.gradle.internal.execution.steps.CaptureStateBeforeExecutionStep.execute(CaptureStateBeforeExecutionStep.java:53)
        at org.gradle.internal.execution.steps.ValidateStep.execute(ValidateStep.java:74)
        at org.gradle.internal.execution.steps.SkipEmptyWorkStep.lambda$execute$2(SkipEmptyWorkStep.java:78)
        at org.gradle.internal.execution.steps.SkipEmptyWorkStep.execute(SkipEmptyWorkStep.java:78)
        at org.gradle.internal.execution.steps.SkipEmptyWorkStep.execute(SkipEmptyWorkStep.java:34)
        at org.gradle.internal.execution.steps.legacy.MarkSnapshottingInputsStartedStep.execute(MarkSnapshottingInputsStartedStep.java:39)
        at org.gradle.internal.execution.steps.LoadExecutionStateStep.execute(LoadExecutionStateStep.java:40)
        at org.gradle.internal.execution.steps.LoadExecutionStateStep.execute(LoadExecutionStateStep.java:28)
        at org.gradle.internal.execution.impl.DefaultWorkExecutor.execute(DefaultWorkExecutor.java:33)
        at org.gradle.api.internal.tasks.execution.ExecuteActionsTaskExecuter.executeIfValid(ExecuteActionsTaskExecuter.java:192)
        ... 30 more
Caused by: java.io.IOException: Couldn't delete /work/app/build/intermediates/javac/googleDebug/classes/org/connectbot/transport/SSH$HostKeyVerifier.class
        at org.gradle.internal.file.impl.DefaultDeleter.delete(DefaultDeleter.java:103)
        at org.gradle.internal.execution.impl.OutputsCleaner.cleanupOutput(OutputsCleaner.java:68)
        at org.gradle.language.base.internal.tasks.StaleOutputCleaner.cleanOutputs(StaleOutputCleaner.java:72)
        ... 117 more


* Get more help at [1mhttps://help.gradle.org[m

Deprecated Gradle features were used in this build, making it incompatible with Gradle 7.0.
Use '--warning-mode all' to show the individual deprecation warnings.
See https://docs.gradle.org/6.1.1/userguide/command_line_interface.html#sec:command_line_warnings

[31;1mBUILD FAILED[0;39m in 8s
9 actionable tasks: 1 executed, 8 up-to-date
[0K
[0K
[0K
[0K
[0K
[5A[1m<[0;1m-------------> 0% WAITING[m[26D[1B[1m> Transforming artifact legacy-support-core-utils-1.0.0.aar (androidx.legacy:le[m[79D[1B[1m> Transforming artifact core-1.3.1.aar (androidx.core:core:1.3.1) with AarTrans[m[79D[1B[1m> Transforming artifact vectordrawable-animated-1.1.0.aar (androidx.vectordrawa[m[79D[1B[1m> Transforming artifact asynclayoutinflater-1.0.0.aar (androidx.asynclayoutinfl[m[79D[1B[5A[2K[1B[2K[1B[2K[1B[2K[1B[2K[4A[0m[?12l[?25h