

[1A[1m> Connecting to Daemon[m[22D[1B[2AStarting a Gradle Daemon, 2 incompatible and 3 stopped Daemons could not be reused, use --status for details
[1B[0K
[2A[0K[1B[1m> Starting Daemon[m[17D[1B[1A> IDLE[0K[6D[1B[2A[1m<[0;1m-------------> 0% INITIALIZING [98ms][m[38D[1B[1m> Evaluating settings[m[21D[1B[2A[1m<[0;1m-------------> 0% INITIALIZING [198ms][m[39D[2B[2A[1m<[0;1m-------------> 0% INITIALIZING [298ms][m[39D[2B[2A[1m<[0;1m-------------> 0% INITIALIZING [398ms][m[39D[2B[2A[1m<[0;1m-------------> 0% INITIALIZING [498ms][m[39D[2B[2A[1m<[0;1m-------------> 0% INITIALIZING [598ms][m[39D[2B[2A[1m<[0;1m-------------> 0% CONFIGURING [698ms][m[0K[38D[1B[1m> Loading projects[m[0K[18D[1B[2A[1m<[0;1m-------------> 0% CONFIGURING [798ms][m[38D[1B[1m> root project[m[0K[14D[1B[2A[1m<[0;1m-------------> 0% CONFIGURING [898ms][m[38D[2B[2A[1m<[0;1m-------------> 0% CONFIGURING [998ms][m[38D[1B[1m> root project > Resolve dependencies of detachedConfiguration1[m[63D[1B[2A[1m<[0;1m-------------> 0% CONFIGURING [1s][m[0K[35D[1B[1m> root project > Resolve files of :classpath[m[0K[44D[1B[1A[1m> root project[m[0K[14D[1B[2A[1m<[0;32;1m====[0;39;1m---------> 33% CONFIGURING [1s][m[36D[1B[1m> :app[m[0K[6D[1B[1A[1m> :app > Resolve dependencies of :app:classpath[m[47D[1B[1A[1m> :app[m[0K[6D[1B[2A[1m<[0;32;1m====[0;39;1m---------> 33% CONFIGURING [2s][m[36D[2B[2A[1m<[0;32;1m====[0;39;1m---------> 33% CONFIGURING [3s][m[36D[2B[2A[0K
[1m> Configure project :app[m[0K
No git repository reachable from /work/app
[0K
[0K
[2A[1m<[0;32;1m====[0;39;1m---------> 33% CONFIGURING [3s][m[36D[1B[1m> :app[m[6D[1B[2A[1m<[0;32;1m====[0;39;1m---------> 33% CONFIGURING [4s][m[36D[2B[2A[1m<[0;32;1m========[0;39;1m-----> 66% CONFIGURING [4s][m[36D[1B[1m> :translations > Resolve dependencies of detachedConfiguration10[m[65D[1B[1A[1m> :translations[m[0K[15D[1B[2A[1m<[0;32;1m=============[0;39;1m> 100% CONFIGURING [4s][m[37D[1B> IDLE[0K[6D[1B[2AWarning: Mapping new ns http://schemas.android.com/repository/android/common/02 to old ns http://schemas.android.com/repository/android/common/01[0K
Warning: Mapping new ns http://schemas.android.com/repository/android/generic/02 to old ns http://schemas.android.com/repository/android/generic/01[0K
Warning: Mapping new ns http://schemas.android.com/sdk/android/repo/addon2/02 to old ns http://schemas.android.com/sdk/android/repo/addon2/01
Warning: Mapping new ns http://schemas.android.com/sdk/android/repo/addon2/03 to old ns http://schemas.android.com/sdk/android/repo/addon2/01
Warning: Mapping new ns http://schemas.android.com/sdk/android/repo/repository2/02 to old ns http://schemas.android.com/sdk/android/repo/repository2/01
Warning: Mapping new ns http://schemas.android.com/sdk/android/repo/repository2/03 to old ns http://schemas.android.com/sdk/android/repo/repository2/01
Warning: Mapping new ns http://schemas.android.com/sdk/android/repo/sys-img2/03 to old ns http://schemas.android.com/sdk/android/repo/sys-img2/01
Warning: Mapping new ns http://schemas.android.com/sdk/android/repo/sys-img2/02 to old ns http://schemas.android.com/sdk/android/repo/sys-img2/01
Warning: Mapping new ns http://schemas.android.com/repository/android/common/02 to old ns http://schemas.android.com/repository/android/common/01
Warning: Mapping new ns http://schemas.android.com/repository/android/generic/02 to old ns http://schemas.android.com/repository/android/generic/01
Warning: Mapping new ns http://schemas.android.com/sdk/android/repo/addon2/02 to old ns http://schemas.android.com/sdk/android/repo/addon2/01
Warning: Mapping new ns http://schemas.android.com/sdk/android/repo/addon2/03 to old ns http://schemas.android.com/sdk/android/repo/addon2/01
Warning: Mapping new ns http://schemas.android.com/sdk/android/repo/repository2/02 to old ns http://schemas.android.com/sdk/android/repo/repository2/01
Warning: Mapping new ns http://schemas.android.com/sdk/android/repo/repository2/03 to old ns http://schemas.android.com/sdk/android/repo/repository2/01
Warning: Mapping new ns http://schemas.android.com/sdk/android/repo/sys-img2/03 to old ns http://schemas.android.com/sdk/android/repo/sys-img2/01
Warning: Mapping new ns http://schemas.android.com/sdk/android/repo/sys-img2/02 to old ns http://schemas.android.com/sdk/android/repo/sys-img2/01
Warning: unexpected element (uri:"", local:"base-extension"). Expected elements are <{}codename>,<{}layoutlib>,<{}api-level>
[0K
[0K
[2A[1m<[0;32;1m=============[0;39;1m> 100% CONFIGURING [4s][m[37D[1B> IDLE[6D[1B[2A[1m<[0;32;1m=============[0;39;1m> 100% CONFIGURING [5s][m[37D[2B[2AMapping new ns http://schemas.android.com/repository/android/common/02 to old ns http://schemas.android.com/repository/android/common/01[0K
Mapping new ns http://schemas.android.com/repository/android/generic/02 to old ns http://schemas.android.com/repository/android/generic/01[0K
Mapping new ns http://schemas.android.com/sdk/android/repo/addon2/02 to old ns http://schemas.android.com/sdk/android/repo/addon2/01
Mapping new ns http://schemas.android.com/sdk/android/repo/addon2/03 to old ns http://schemas.android.com/sdk/android/repo/addon2/01
Mapping new ns http://schemas.android.com/sdk/android/repo/repository2/02 to old ns http://schemas.android.com/sdk/android/repo/repository2/01
Mapping new ns http://schemas.android.com/sdk/android/repo/repository2/03 to old ns http://schemas.android.com/sdk/android/repo/repository2/01
Mapping new ns http://schemas.android.com/sdk/android/repo/sys-img2/03 to old ns http://schemas.android.com/sdk/android/repo/sys-img2/01
Mapping new ns http://schemas.android.com/sdk/android/repo/sys-img2/02 to old ns http://schemas.android.com/sdk/android/repo/sys-img2/01
Mapping new ns http://schemas.android.com/repository/android/common/02 to old ns http://schemas.android.com/repository/android/common/01
Mapping new ns http://schemas.android.com/repository/android/generic/02 to old ns http://schemas.android.com/repository/android/generic/01
Mapping new ns http://schemas.android.com/sdk/android/repo/addon2/02 to old ns http://schemas.android.com/sdk/android/repo/addon2/01
Mapping new ns http://schemas.android.com/sdk/android/repo/addon2/03 to old ns http://schemas.android.com/sdk/android/repo/addon2/01
Mapping new ns http://schemas.android.com/sdk/android/repo/repository2/02 to old ns http://schemas.android.com/sdk/android/repo/repository2/01
Mapping new ns http://schemas.android.com/sdk/android/repo/repository2/03 to old ns http://schemas.android.com/sdk/android/repo/repository2/01
Mapping new ns http://schemas.android.com/sdk/android/repo/sys-img2/03 to old ns http://schemas.android.com/sdk/android/repo/sys-img2/01
Mapping new ns http://schemas.android.com/sdk/android/repo/sys-img2/02 to old ns http://schemas.android.com/sdk/android/repo/sys-img2/01
Mapping new ns http://schemas.android.com/repository/android/common/02 to old ns http://schemas.android.com/repository/android/common/01
Mapping new ns http://schemas.android.com/repository/android/generic/02 to old ns http://schemas.android.com/repository/android/generic/01
Mapping new ns http://schemas.android.com/sdk/android/repo/addon2/02 to old ns http://schemas.android.com/sdk/android/repo/addon2/01
Mapping new ns http://schemas.android.com/sdk/android/repo/addon2/03 to old ns http://schemas.android.com/sdk/android/repo/addon2/01
Mapping new ns http://schemas.android.com/sdk/android/repo/repository2/02 to old ns http://schemas.android.com/sdk/android/repo/repository2/01
Mapping new ns http://schemas.android.com/sdk/android/repo/repository2/03 to old ns http://schemas.android.com/sdk/android/repo/repository2/01
Mapping new ns http://schemas.android.com/sdk/android/repo/sys-img2/03 to old ns http://schemas.android.com/sdk/android/repo/sys-img2/01
Mapping new ns http://schemas.android.com/sdk/android/repo/sys-img2/02 to old ns http://schemas.android.com/sdk/android/repo/sys-img2/01
Mapping new ns http://schemas.android.com/repository/android/common/02 to old ns http://schemas.android.com/repository/android/common/01
Mapping new ns http://schemas.android.com/repository/android/generic/02 to old ns http://schemas.android.com/repository/android/generic/01
Mapping new ns http://schemas.android.com/sdk/android/repo/addon2/02 to old ns http://schemas.android.com/sdk/android/repo/addon2/01
Mapping new ns http://schemas.android.com/sdk/android/repo/addon2/03 to old ns http://schemas.android.com/sdk/android/repo/addon2/01
Mapping new ns http://schemas.android.com/sdk/android/repo/repository2/02 to old ns http://schemas.android.com/sdk/android/repo/repository2/01
Mapping new ns http://schemas.android.com/sdk/android/repo/repository2/03 to old ns http://schemas.android.com/sdk/android/repo/repository2/01
Mapping new ns http://schemas.android.com/sdk/android/repo/sys-img2/03 to old ns http://schemas.android.com/sdk/android/repo/sys-img2/01
Mapping new ns http://schemas.android.com/sdk/android/repo/sys-img2/02 to old ns http://schemas.android.com/sdk/android/repo/sys-img2/01
Mapping new ns http://schemas.android.com/repository/android/common/02 to old ns http://schemas.android.com/repository/android/common/01
Mapping new ns http://schemas.android.com/repository/android/generic/02 to old ns http://schemas.android.com/repository/android/generic/01
Mapping new ns http://schemas.android.com/sdk/android/repo/addon2/02 to old ns http://schemas.android.com/sdk/android/repo/addon2/01
Mapping new ns http://schemas.android.com/sdk/android/repo/addon2/03 to old ns http://schemas.android.com/sdk/android/repo/addon2/01
Mapping new ns http://schemas.android.com/sdk/android/repo/repository2/02 to old ns http://schemas.android.com/sdk/android/repo/repository2/01
Mapping new ns http://schemas.android.com/sdk/android/repo/repository2/03 to old ns http://schemas.android.com/sdk/android/repo/repository2/01
Mapping new ns http://schemas.android.com/sdk/android/repo/sys-img2/03 to old ns http://schemas.android.com/sdk/android/repo/sys-img2/01
Mapping new ns http://schemas.android.com/sdk/android/repo/sys-img2/02 to old ns http://schemas.android.com/sdk/android/repo/sys-img2/01
Mapping new ns http://schemas.android.com/repository/android/common/02 to old ns http://schemas.android.com/repository/android/common/01
Mapping new ns http://schemas.android.com/repository/android/generic/02 to old ns http://schemas.android.com/repository/android/generic/01
Mapping new ns http://schemas.android.com/sdk/android/repo/addon2/02 to old ns http://schemas.android.com/sdk/android/repo/addon2/01
Mapping new ns http://schemas.android.com/sdk/android/repo/addon2/03 to old ns http://schemas.android.com/sdk/android/repo/addon2/01
Mapping new ns http://schemas.android.com/sdk/android/repo/repository2/02 to old ns http://schemas.android.com/sdk/android/repo/repository2/01
Mapping new ns http://schemas.android.com/sdk/android/repo/repository2/03 to old ns http://schemas.android.com/sdk/android/repo/repository2/01
Mapping new ns http://schemas.android.com/sdk/android/repo/sys-img2/03 to old ns http://schemas.android.com/sdk/android/repo/sys-img2/01
Mapping new ns http://schemas.android.com/sdk/android/repo/sys-img2/02 to old ns http://schemas.android.com/sdk/android/repo/sys-img2/01
unexpected element (uri:"", local:"base-extension"). Expected elements are <{}codename>,<{}layoutlib>,<{}api-level>
Mapping new ns http://schemas.android.com/repository/android/common/02 to old ns http://schemas.android.com/repository/android/common/01
Mapping new ns http://schemas.android.com/repository/android/generic/02 to old ns http://schemas.android.com/repository/android/generic/01
Mapping new ns http://schemas.android.com/sdk/android/repo/addon2/02 to old ns http://schemas.android.com/sdk/android/repo/addon2/01
Mapping new ns http://schemas.android.com/sdk/android/repo/addon2/03 to old ns http://schemas.android.com/sdk/android/repo/addon2/01
Mapping new ns http://schemas.android.com/sdk/android/repo/repository2/02 to old ns http://schemas.android.com/sdk/android/repo/repository2/01
Mapping new ns http://schemas.android.com/sdk/android/repo/repository2/03 to old ns http://schemas.android.com/sdk/android/repo/repository2/01
Mapping new ns http://schemas.android.com/sdk/android/repo/sys-img2/03 to old ns http://schemas.android.com/sdk/android/repo/sys-img2/01
Mapping new ns http://schemas.android.com/sdk/android/repo/sys-img2/02 to old ns http://schemas.android.com/sdk/android/repo/sys-img2/01
unexpected element (uri:"", local:"extension-level"). Expected elements are <{}codename>,<{}layoutlib>,<{}api-level>
unexpected element (uri:"", local:"base-extension"). Expected elements are <{}codename>,<{}layoutlib>,<{}api-level>
[0K
[0K
[2A[1m<[0;32;1m=============[0;39;1m> 100% CONFIGURING [5s][m[37D[1B> IDLE[6D[1B


[5A[1m<[0;1m-------------> 0% EXECUTING [5s][m[0K[33D[1B[1m> Transforming artifact sshlib-2.2.15.jar (com.github.connectbot:sshlib:2.2.15)[m[79D[1B[1m> Transforming artifact appcompat-1.2.0.aar (androidx.appcompat:appcompat:1.2.0[m[79D[1B[1m> Transforming artifact legacy-support-v4-1.0.0.aar (androidx.legacy:legacy-sup[m[79D[1B[1m> Transforming artifact material-1.3.0.aar (com.google.android.material:materia[m[79D[1B[5A[1m<[0;32;1m==[0;39;1m-----------> 17% EXECUTING [5s][m[34D[1B[1m> Transforming artifact recyclerview-1.1.0.aar (androidx.recyclerview:recyclerv[m[79D[1B[1m> Transforming artifact hwsecurity-openpgp-4.4.0.aar (com.github.cotechde.hwsec[m[79D[1B[1m> Transforming artifact constraintlayout-2.0.4.aar (androidx.constraintlayout:c[m[79D[2B[5A[1m<[0;32;1m===[0;39;1m----------> 28% EXECUTING [5s][m[34D[5B[5A[1m<[0;32;1m====[0;39;1m---------> 37% EXECUTING [5s][m[34D[5B[5A[1m<[0;32;1m=======[0;39;1m------> 54% EXECUTING [5s][m[34D[5B[5A[1m<[0;32;1m=======[0;39;1m------> 54% EXECUTING [6s][m[34D[5B[5A[1m<[0;32;1m=======[0;39;1m------> 54% EXECUTING [7s][m[34D[5B[5A[1m<[0;32;1m=======[0;39;1m------> 54% EXECUTING [8s][m[34D[5B[5A[0K
[1m> Task :app:compileGoogleDebugJavaWithJavac[m[0K
/work/app/src/main/java/com/google/ase/Exec.java:26: warning: [MissingSummary] A summary fragment is required; consider using the value of the @return block as a summary fragment instead.[0K
   * @param cmd[0K
     ^[0K
    (see http://google.github.io/styleguide/javaguide.html#s7.2-summary-fragment)
  Did you mean '*Returns the file descriptor of the started process.'?
/work/app/src/main/java/com/google/ase/Exec.java:40: warning: [MissingSummary] A summary fragment is required; consider using the value of the @return block as a summary fragment instead.
   * @param cmd
     ^
    (see http://google.github.io/styleguide/javaguide.html#s7.2-summary-fragment)
  Did you mean '*Returns the file descriptor of the started process.'?
[0K
[0K
[0K
[0K
[0K
[5A[1m<[0;32;1m=======[0;39;1m------> 54% EXECUTING [8s][m[34D[1B[1m> Transforming artifact recyclerview-1.1.0.aar (androidx.recyclerview:recyclerv[m[79D[1B[1m> Transforming artifact hwsecurity-openpgp-4.4.0.aar (com.github.cotechde.hwsec[m[79D[1B[1m> Transforming artifact constraintlayout-2.0.4.aar (androidx.constraintlayout:c[m[79D[1B[1m> Transforming artifact material-1.3.0.aar (com.google.android.material:materia[m[79D[1B[5A[1m<[0;32;1m=======[0;39;1m------> 54% EXECUTING [9s][m[34D[5B[5A/work/app/src/main/java/org/connectbot/AppCompatListActivity.java:100: warning: [UnusedVariable] The field 'inflater' is never read.[0K
                private final LayoutInflater inflater;[0K
                                             ^[0K
    (see https://errorprone.info/bugpattern/UnusedVariable)[0K
  Did you mean to remove this line or to remove this line?[0K
/work/app/src/main/java/org/connectbot/AppCompatListActivity.java:91: warning: [PublicConstructorForAbstractClass] Constructors of on an abstract class can be declared protected as there is never a need for them to be public
                public ItemViewHolder(View v) {
                       ^
    (see https://errorprone.info/bugpattern/PublicConstructorForAbstractClass)
  Did you mean 'protected ItemViewHolder(View v) {'?
[0K
[0K
[0K
[0K
[0K
[5A[1m<[0;32;1m=======[0;39;1m------> 54% EXECUTING [9s][m[34D[1B[1m> Transforming artifact recyclerview-1.1.0.aar (androidx.recyclerview:recyclerv[m[79D[1B[1m> Transforming artifact hwsecurity-openpgp-4.4.0.aar (com.github.cotechde.hwsec[m[79D[1B[1m> Transforming artifact constraintlayout-2.0.4.aar (androidx.constraintlayout:c[m[79D[1B[1m> Transforming artifact material-1.3.0.aar (com.google.android.material:materia[m[79D[1B[5A/work/app/src/main/java/org/connectbot/AppCompatListActivity.java:103: warning: [PublicConstructorForAbstractClass] Constructors of on an abstract class can be declared protected as there is never a need for them to be public[0K
                public ItemAdapter(Context context/*, List<AbstractBean> items*/) {[0K
                       ^[0K
    (see https://errorprone.info/bugpattern/PublicConstructorForAbstractClass)[0K
  Did you mean 'protected ItemAdapter(Context context/*, List<AbstractBean> items*/) {'?[0K
/work/app/src/main/java/org/connectbot/service/TerminalManager.java:402: warning: [BadImport] Importing nested classes/static methods/static fields with commonly-used names can make code harder to read, because it may not be clear from the context exactly which type is being referred to. Qualifying the name with that of the containing class can make the code clearer.
                for (Entry<String, KeyHolder> entry : loadedKeypairs.entrySet()) {
                     ^
    (see https://errorprone.info/bugpattern/BadImport)
  Did you mean 'for (Map.Entry<String, KeyHolder> entry : loadedKeypairs.entrySet()) {'?
[0K
[0K
[0K
[0K
[0K
[5A[1m<[0;32;1m=======[0;39;1m------> 54% EXECUTING [9s][m[34D[1B[1m> Transforming artifact recyclerview-1.1.0.aar (androidx.recyclerview:recyclerv[m[79D[1B[1m> Transforming artifact hwsecurity-openpgp-4.4.0.aar (com.github.cotechde.hwsec[m[79D[1B[1m> Transforming artifact constraintlayout-2.0.4.aar (androidx.constraintlayout:c[m[79D[1B[1m> Transforming artifact material-1.3.0.aar (com.google.android.material:materia[m[79D[1B[5A/work/app/src/main/java/org/connectbot/service/TerminalManager.java:260: warning: [EmptyCatch] Caught exceptions should not be ignored[0K
                } catch (Exception e) {[0K
                  ^[0K
    (see https://google.github.io/styleguide/javaguide.html#s6.2-caught-exceptions)[0K
/work/app/src/main/java/org/connectbot/service/TerminalManager.java:304: warning: [EmptyBlockTag] A block tag (@param, @return, @throws, @deprecated) has an empty description. Block tags without descriptions don't add much value for future readers of the code; consider removing the tag entirely or adding a description.[0K
         * @param nickname
           ^
    (see http://google.github.io/styleguide/javaguide.html#s7.1.3-javadoc-block-tags)
  Did you mean '*'?
/work/app/src/main/java/org/connectbot/service/TerminalManager.java:604: warning: [EmptyBlockTag] A block tag (@param, @return, @throws, @deprecated) has an empty description. Block tags without descriptions don't add much value for future readers of the code; consider removing the tag entirely or adding a description.
         * @param host
           ^
    (see http://google.github.io/styleguide/javaguide.html#s7.1.3-javadoc-block-tags)
  Did you mean '*'?
/work/app/src/main/java/org/connectbot/service/TerminalManager.java:649: warning: [EmptyBlockTag] A block tag (@param, @return, @throws, @deprecated) has an empty description. Block tags without descriptions don't add much value for future readers of the code; consider removing the tag entirely or adding a description.
         * @param resizeAllowed
           ^
    (see http://google.github.io/styleguide/javaguide.html#s7.1.3-javadoc-block-tags)
  Did you mean '*'?
[0K
[0K
[0K
[0K
[0K
[5A[1m<[0;32;1m=======[0;39;1m------> 54% EXECUTING [9s][m[34D[1B[1m> Transforming artifact recyclerview-1.1.0.aar (androidx.recyclerview:recyclerv[m[79D[1B[1m> Transforming artifact hwsecurity-openpgp-4.4.0.aar (com.github.cotechde.hwsec[m[79D[1B[1m> Transforming artifact constraintlayout-2.0.4.aar (androidx.constraintlayout:c[m[79D[1B[1m> Transforming artifact material-1.3.0.aar (com.google.android.material:materia[m[79D[1B[5A/work/app/src/main/java/org/connectbot/bean/PubkeyBean.java:41: warning: [UnusedVariable] The field 'KEY_TYPE_DSA' is never read.[0K
        private static final String KEY_TYPE_DSA = "DSA";[0K
                                    ^[0K
    (see https://errorprone.info/bugpattern/UnusedVariable)[0K
  Did you mean to remove this line?[0K
/work/app/src/main/java/org/connectbot/bean/PubkeyBean.java:39: warning: [UnusedVariable] The field 'KEY_TYPE_RSA' is never read.
        private static final String KEY_TYPE_RSA = "RSA";
                                    ^
    (see https://errorprone.info/bugpattern/UnusedVariable)
  Did you mean to remove this line?
/work/app/src/main/java/org/connectbot/bean/PubkeyBean.java:43: warning: [UnusedVariable] The field 'KEY_TYPE_EC' is never read.
        private static final String KEY_TYPE_EC = "EC";
                                    ^
    (see https://errorprone.info/bugpattern/UnusedVariable)
  Did you mean to remove this line?
/work/app/src/main/java/org/connectbot/bean/PubkeyBean.java:33: warning: [MissingSummary] A summary line is required on public/protected Javadocs.
 * @author Kenny Root
   ^
    (see http://google.github.io/styleguide/javaguide.html#s7.2-summary-fragment)
/work/app/src/main/java/org/connectbot/bean/PubkeyBean.java:179: warning: [EmptyCatch] Caught exceptions should not be ignored
                        } catch (NoSuchAlgorithmException | InvalidKeySpecException ignored) {
                          ^
    (see https://google.github.io/styleguide/javaguide.html#s6.2-caught-exceptions)
/work/app/src/main/java/org/connectbot/bean/AbstractBean.java:40: warning: [BadImport] Importing nested classes/static methods/static fields with commonly-used names can make code harder to read, because it may not be clear from the context exactly which type is being referred to. Qualifying the name with that of the containing class can make the code clearer.
                for (Entry<String, Object> entry : values.valueSet()) {
                     ^
    (see https://errorprone.info/bugpattern/BadImport)
  Did you mean 'for (Map.Entry<String, Object> entry : values.valueSet()) {'?
/work/app/src/main/java/org/connectbot/service/TerminalBridge.java:300: warning: [MissingSummary] A summary fragment is required; consider using the value of the @return block as a summary fragment instead.
         * @return charset in use by bridge
           ^
    (see http://google.github.io/styleguide/javaguide.html#s7.2-summary-fragment)
  Did you mean '*Returns charset in use by bridge.'?
[0K
[0K
[0K
[0K
[0K
[5A[1m<[0;32;1m=======[0;39;1m------> 54% EXECUTING [9s][m[34D[1B[1m> Transforming artifact recyclerview-1.1.0.aar (androidx.recyclerview:recyclerv[m[79D[1B[1m> Transforming artifact hwsecurity-openpgp-4.4.0.aar (com.github.cotechde.hwsec[m[79D[1B[1m> Transforming artifact constraintlayout-2.0.4.aar (androidx.constraintlayout:c[m[79D[1B[1m> Transforming artifact material-1.3.0.aar (com.google.android.material:materia[m[79D[1B[5A/work/app/src/main/java/org/connectbot/service/TerminalBridge.java:433: warning: [MissingSummary] A summary fragment is required; consider using the value of the @return block as a summary fragment instead.[0K
         * @return whether a session is open or not[0K
           ^[0K
    (see http://google.github.io/styleguide/javaguide.html#s7.2-summary-fragment)[0K
  Did you mean '*Returns whether a session is open or not.'?[0K
/work/app/src/main/java/org/connectbot/service/TerminalBridge.java:579: warning: [EmptyBlockTag] A block tag (@param, @return, @throws, @deprecated) has an empty description. Block tags without descriptions don't add much value for future readers of the code; consider removing the tag entirely or adding a description.
         * @param listener
           ^
    (see http://google.github.io/styleguide/javaguide.html#s7.1.3-javadoc-block-tags)
  Did you mean '*'?
/work/app/src/main/java/org/connectbot/service/TerminalBridge.java:914: warning: [MissingSummary] A summary fragment is required; consider using the value of the @return block as a summary fragment instead.
         * @return whether underlying transport can forward ports
           ^
    (see http://google.github.io/styleguide/javaguide.html#s7.2-summary-fragment)
  Did you mean '*Returns whether underlying transport can forward ports.'?
/work/app/src/main/java/org/connectbot/service/TerminalBridge.java:939: warning: [MissingSummary] A summary fragment is required; consider using the value of the @return block as a summary fragment instead.
         * @return the list of port forwards
           ^
    (see http://google.github.io/styleguide/javaguide.html#s7.2-summary-fragment)
  Did you mean '*Returns the list of port forwards.'?
/work/app/src/main/java/org/connectbot/service/TerminalBridge.java:976: warning: [MissingSummary] A summary fragment is required; consider using the value of the @return block as a summary fragment instead.
         * @return whether the TerminalBridge should close
           ^
    (see http://google.github.io/styleguide/javaguide.html#s7.2-summary-fragment)
  Did you mean '*Returns whether the TerminalBridge should close.'?
/work/app/src/main/java/org/connectbot/service/TerminalBridge.java:983: warning: [MissingSummary] A summary fragment is required; consider using the value of the @return block as a summary fragment instead.
         * @return whether this connection had started and subsequently disconnected
           ^
    (see http://google.github.io/styleguide/javaguide.html#s7.2-summary-fragment)
  Did you mean '*Returns whether this connection had started and subsequently disconnected.'?
/work/app/src/main/java/org/connectbot/service/TerminalBridge.java:1043: warning: [EmptyBlockTag] A block tag (@param, @return, @throws, @deprecated) has an empty description. Block tags without descriptions don't add much value for future readers of the code; consider removing the tag entirely or adding a description.
         * @return
           ^
    (see http://google.github.io/styleguide/javaguide.html#s7.1.3-javadoc-block-tags)
  Did you mean '*'?
/work/app/src/main/java/org/connectbot/service/TerminalBridge.java:1043: warning: [MissingSummary] A summary line is required on public/protected Javadocs.
         * @return
           ^
    (see http://google.github.io/styleguide/javaguide.html#s7.2-summary-fragment)
/work/app/src/main/java/org/connectbot/service/TerminalBridge.java:1061: warning: [EmptyBlockTag] A block tag (@param, @return, @throws, @deprecated) has an empty description. Block tags without descriptions don't add much value for future readers of the code; consider removing the tag entirely or adding a description.
         * @return
           ^
    (see http://google.github.io/styleguide/javaguide.html#s7.1.3-javadoc-block-tags)
  Did you mean '*'?
/work/app/src/main/java/org/connectbot/service/TerminalBridge.java:1061: warning: [MissingSummary] A summary line is required on public/protected Javadocs.
         * @return
           ^
    (see http://google.github.io/styleguide/javaguide.html#s7.2-summary-fragment)
/work/app/src/main/java/org/connectbot/service/TerminalBridge.java:1068: warning: [EmptyBlockTag] A block tag (@param, @return, @throws, @deprecated) has an empty description. Block tags without descriptions don't add much value for future readers of the code; consider removing the tag entirely or adding a description.
         * @return
           ^
    (see http://google.github.io/styleguide/javaguide.html#s7.1.3-javadoc-block-tags)
  Did you mean '*'?
/work/app/src/main/java/org/connectbot/service/TerminalBridge.java:1068: warning: [MissingSummary] A summary line is required on public/protected Javadocs.
         * @return
           ^
    (see http://google.github.io/styleguide/javaguide.html#s7.2-summary-fragment)
warning: [MissingSummary] A summary line is required on public/protected Javadocs.
    (see http://google.github.io/styleguide/javaguide.html#s7.2-summary-fragment)
/work/app/src/main/java/org/connectbot/bean/HostBean.java:31: warning: [MissingSummary] A summary line is required on public/protected Javadocs.
 * @author Kenny Root
   ^
    (see http://google.github.io/styleguide/javaguide.html#s7.2-summary-fragment)
[0K
[0K
[0K
[0K
[0K
[5A[1m<[0;32;1m=======[0;39;1m------> 54% EXECUTING [9s][m[34D[1B[1m> Transforming artifact recyclerview-1.1.0.aar (androidx.recyclerview:recyclerv[m[79D[1B[1m> Transforming artifact hwsecurity-openpgp-4.4.0.aar (com.github.cotechde.hwsec[m[79D[1B[1m> Transforming artifact constraintlayout-2.0.4.aar (androidx.constraintlayout:c[m[79D[1B[1m> Transforming artifact material-1.3.0.aar (com.google.android.material:materia[m[79D[1B[5A/work/app/src/main/java/org/connectbot/bean/HostBean.java:314: warning: [MissingSummary] A summary fragment is required; consider using the value of the @return block as a summary fragment instead.[0K
         * @return URI identifying this HostBean[0K
           ^[0K
    (see http://google.github.io/styleguide/javaguide.html#s7.2-summary-fragment)[0K
  Did you mean '*Returns uRI identifying this HostBean.'?[0K
/work/app/src/main/java/org/connectbot/util/PubkeyDatabase.java:208: warning: [MissingSummary] A summary fragment is required; consider using the value of the @return block as a summary fragment instead.
         * @param pubkeyId database ID for a desired pubkey
           ^
    (see http://google.github.io/styleguide/javaguide.html#s7.2-summary-fragment)
  Did you mean '*Returns object representing the pubkey.'?
/work/app/src/main/java/org/connectbot/util/PubkeyDatabase.java:285: warning: [EmptyBlockTag] A block tag (@param, @return, @throws, @deprecated) has an empty description. Block tags without descriptions don't add much value for future readers of the code; consider removing the tag entirely or adding a description.
         * @param pubkey
           ^
    (see http://google.github.io/styleguide/javaguide.html#s7.1.3-javadoc-block-tags)
  Did you mean '*'?
/work/app/src/main/java/org/connectbot/util/PubkeyDatabase.java:285: warning: [MissingSummary] A summary line is required on public/protected Javadocs.
         * @param pubkey
           ^
    (see http://google.github.io/styleguide/javaguide.html#s7.2-summary-fragment)
/work/app/src/main/java/org/connectbot/util/RobustSQLiteOpenHelper.java:31: warning: [MissingSummary] A summary line is required on public/protected Javadocs.
 * @author Kenny Root
   ^
    (see http://google.github.io/styleguide/javaguide.html#s7.2-summary-fragment)
/work/app/src/main/java/org/connectbot/util/RobustSQLiteOpenHelper.java:38: warning: [PublicConstructorForAbstractClass] Constructors of on an abstract class can be declared protected as there is never a need for them to be public
        public RobustSQLiteOpenHelper(Context context, String name,
               ^
    (see https://errorprone.info/bugpattern/PublicConstructorForAbstractClass)
  Did you mean 'protected RobustSQLiteOpenHelper(Context context, String name,'?
/work/app/src/main/java/org/connectbot/service/ConnectivityReceiver.java:31: warning: [MissingSummary] A summary line is required on public/protected Javadocs.
 * @author kroot
   ^
    (see http://google.github.io/styleguide/javaguide.html#s7.2-summary-fragment)
warning: [MissingSummary] A summary line is required on public/protected Javadocs.
    (see http://google.github.io/styleguide/javaguide.html#s7.2-summary-fragment)
/work/app/src/main/java/org/connectbot/service/ConnectivityReceiver.java:136: warning: [EmptyBlockTag] A block tag (@param, @return, @throws, @deprecated) has an empty description. Block tags without descriptions don't add much value for future readers of the code; consider removing the tag entirely or adding a description.
         * @param lockingWifi
           ^
    (see http://google.github.io/styleguide/javaguide.html#s7.1.3-javadoc-block-tags)
  Did you mean '*'?
/work/app/src/main/java/org/connectbot/service/ConnectivityReceiver.java:136: warning: [MissingSummary] A summary line is required on public/protected Javadocs.
         * @param lockingWifi
           ^
    (see http://google.github.io/styleguide/javaguide.html#s7.2-summary-fragment)
[0K
[0K
[0K
[0K
[0K
[5A[1m<[0;32;1m=======[0;39;1m------> 54% EXECUTING [9s][m[34D[1B[1m> Transforming artifact recyclerview-1.1.0.aar (androidx.recyclerview:recyclerv[m[79D[1B[1m> Transforming artifact hwsecurity-openpgp-4.4.0.aar (com.github.cotechde.hwsec[m[79D[1B[1m> Transforming artifact constraintlayout-2.0.4.aar (androidx.constraintlayout:c[m[79D[1B[1m> Transforming artifact material-1.3.0.aar (com.google.android.material:materia[m[79D[1B[5A/work/app/src/main/java/org/connectbot/service/ConnectivityReceiver.java:163: warning: [MissingSummary] A summary fragment is required; consider using the value of the @return block as a summary fragment instead.[0K
         * @return whether we're connected to a network[0K
           ^[0K
    (see http://google.github.io/styleguide/javaguide.html#s7.2-summary-fragment)[0K
  Did you mean '*Returns whether we're connected to a network.'?[0K
/work/app/src/main/java/org/connectbot/bean/PortForwardBean.java:27: warning: [MissingSummary] A summary line is required on public/protected Javadocs.
 * @author Kenny Root
   ^
    (see http://google.github.io/styleguide/javaguide.html#s7.2-summary-fragment)
/work/app/src/main/java/org/connectbot/bean/PortForwardBean.java:84: warning: [MissingSummary] A summary line is required on public/protected Javadocs.
         * @param id the id to set
           ^
    (see http://google.github.io/styleguide/javaguide.html#s7.2-summary-fragment)
/work/app/src/main/java/org/connectbot/bean/PortForwardBean.java:91: warning: [MissingSummary] A summary fragment is required; consider using the value of the @return block as a summary fragment instead.
         * @return the id
           ^
    (see http://google.github.io/styleguide/javaguide.html#s7.2-summary-fragment)
  Did you mean '*Returns the id.'?
/work/app/src/main/java/org/connectbot/bean/PortForwardBean.java:98: warning: [MissingSummary] A summary line is required on public/protected Javadocs.
         * @param nickname the nickname to set
           ^
    (see http://google.github.io/styleguide/javaguide.html#s7.2-summary-fragment)
/work/app/src/main/java/org/connectbot/bean/PortForwardBean.java:105: warning: [MissingSummary] A summary fragment is required; consider using the value of the @return block as a summary fragment instead.
         * @return the nickname
           ^
    (see http://google.github.io/styleguide/javaguide.html#s7.2-summary-fragment)
  Did you mean '*Returns the nickname.'?
/work/app/src/main/java/org/connectbot/bean/PortForwardBean.java:112: warning: [MissingSummary] A summary line is required on public/protected Javadocs.
         * @param type the type to set
           ^
    (see http://google.github.io/styleguide/javaguide.html#s7.2-summary-fragment)
/work/app/src/main/java/org/connectbot/bean/PortForwardBean.java:119: warning: [MissingSummary] A summary fragment is required; consider using the value of the @return block as a summary fragment instead.
         * @return the type
           ^
    (see http://google.github.io/styleguide/javaguide.html#s7.2-summary-fragment)
  Did you mean '*Returns the type.'?
/work/app/src/main/java/org/connectbot/bean/PortForwardBean.java:126: warning: [MissingSummary] A summary line is required on public/protected Javadocs.
         * @param sourcePort the sourcePort to set
           ^
    (see http://google.github.io/styleguide/javaguide.html#s7.2-summary-fragment)
/work/app/src/main/java/org/connectbot/bean/PortForwardBean.java:133: warning: [MissingSummary] A summary fragment is required; consider using the value of the @return block as a summary fragment instead.
         * @return the sourcePort
           ^
    (see http://google.github.io/styleguide/javaguide.html#s7.2-summary-fragment)
  Did you mean '*Returns the sourcePort.'?
/work/app/src/main/java/org/connectbot/bean/PortForwardBean.java:140: warning: [MissingSummary] A summary line is required on public/protected Javadocs.
         * @param dest The destination in "host:port" format
           ^
    (see http://google.github.io/styleguide/javaguide.html#s7.2-summary-fragment)
/work/app/src/main/java/org/connectbot/bean/PortForwardBean.java:151: warning: [MissingSummary] A summary line is required on public/protected Javadocs.
         * @param destAddr the destAddr to set
           ^
    (see http://google.github.io/styleguide/javaguide.html#s7.2-summary-fragment)
/work/app/src/main/java/org/connectbot/bean/PortForwardBean.java:158: warning: [MissingSummary] A summary fragment is required; consider using the value of the @return block as a summary fragment instead.
         * @return the destAddr
           ^
    (see http://google.github.io/styleguide/javaguide.html#s7.2-summary-fragment)
  Did you mean '*Returns the destAddr.'?
/work/app/src/main/java/org/connectbot/bean/PortForwardBean.java:165: warning: [MissingSummary] A summary line is required on public/protected Javadocs.
         * @param destPort the destPort to set
           ^
    (see http://google.github.io/styleguide/javaguide.html#s7.2-summary-fragment)
/work/app/src/main/java/org/connectbot/bean/PortForwardBean.java:172: warning: [MissingSummary] A summary fragment is required; consider using the value of the @return block as a summary fragment instead.
         * @return the destPort
           ^
    (see http://google.github.io/styleguide/javaguide.html#s7.2-summary-fragment)
  Did you mean '*Returns the destPort.'?
/work/app/src/main/java/org/connectbot/bean/PortForwardBean.java:179: warning: [MissingSummary] A summary line is required on public/protected Javadocs.
         * @param enabled the enabled to set
           ^
    (see http://google.github.io/styleguide/javaguide.html#s7.2-summary-fragment)
/work/app/src/main/java/org/connectbot/bean/PortForwardBean.java:186: warning: [MissingSummary] A summary fragment is required; consider using the value of the @return block as a summary fragment instead.
         * @return the enabled
           ^
    (see http://google.github.io/styleguide/javaguide.html#s7.2-summary-fragment)
  Did you mean '*Returns the enabled.'?
/work/app/src/main/java/org/connectbot/bean/PortForwardBean.java:193: warning: [MissingSummary] A summary line is required on public/protected Javadocs.
         * @param identifier the identifier of this particular type to set
           ^
    (see http://google.github.io/styleguide/javaguide.html#s7.2-summary-fragment)
/work/app/src/main/java/org/connectbot/bean/PortForwardBean.java:200: warning: [MissingSummary] A summary fragment is required; consider using the value of the @return block as a summary fragment instead.
         * @return the identifier used by this particular type
           ^
    (see http://google.github.io/styleguide/javaguide.html#s7.2-summary-fragment)
  Did you mean '*Returns the identifier used by this particular type.'?
/work/app/src/main/java/org/connectbot/bean/PortForwardBean.java:207: warning: [MissingSummary] A summary fragment is required; consider using the value of the @return block as a summary fragment instead.
         * @return human readable description of the port forward
           ^
    (see http://google.github.io/styleguide/javaguide.html#s7.2-summary-fragment)
  Did you mean '*Returns human readable description of the port forward.'?
/work/app/src/main/java/org/connectbot/bean/PortForwardBean.java:225: warning: [EmptyBlockTag] A block tag (@param, @return, @throws, @deprecated) has an empty description. Block tags without descriptions don't add much value for future readers of the code; consider removing the tag entirely or adding a description.
         * @return
           ^
    (see http://google.github.io/styleguide/javaguide.html#s7.1.3-javadoc-block-tags)
  Did you mean '*'?
/work/app/src/main/java/org/connectbot/transport/AbsTransport.java:33: warning: [MissingSummary] A summary line is required on public/protected Javadocs.
 * @author Kenny Root
   ^
    (see http://google.github.io/styleguide/javaguide.html#s7.2-summary-fragment)
/work/app/src/main/java/org/connectbot/transport/AbsTransport.java:43: warning: [PublicConstructorForAbstractClass] Constructors of on an abstract class can be declared protected as there is never a need for them to be public
        public AbsTransport() {
               ^
    (see https://errorprone.info/bugpattern/PublicConstructorForAbstractClass)
  Did you mean 'protected AbsTransport() {'?
/work/app/src/main/java/org/connectbot/transport/AbsTransport.java:46: warning: [PublicConstructorForAbstractClass] Constructors of on an abstract class can be declared protected as there is never a need for them to be public
        public AbsTransport(HostBean host, TerminalBridge bridge, TerminalManager manager) {
               ^
    (see https://errorprone.info/bugpattern/PublicConstructorForAbstractClass)
  Did you mean 'protected AbsTransport(HostBean host, TerminalBridge bridge, TerminalManager manager) {'?
/work/app/src/main/java/org/connectbot/transport/AbsTransport.java:53: warning: [MissingSummary] A summary fragment is required; consider using the value of the @return block as a summary fragment instead.
         * @return protocol part of the URI
           ^
    (see http://google.github.io/styleguide/javaguide.html#s7.2-summary-fragment)
  Did you mean '*Returns protocol part of the URI.'?
/work/app/src/main/java/org/connectbot/transport/AbsTransport.java:218: warning: [MissingSummary] A summary fragment is required; consider using the value of the @return block as a summary fragment instead.
         * @return int default port for protocol
           ^
    (see http://google.github.io/styleguide/javaguide.html#s7.2-summary-fragment)
  Did you mean '*Returns int default port for protocol.'?
/work/app/src/main/java/org/connectbot/transport/AbsTransport.java:223: warning: [EmptyBlockTag] A block tag (@param, @return, @throws, @deprecated) has an empty description. Block tags without descriptions don't add much value for future readers of the code; consider removing the tag entirely or adding a description.
         * @param username
           ^
    (see http://google.github.io/styleguide/javaguide.html#s7.1.3-javadoc-block-tags)
  Did you mean '*'?
/work/app/src/main/java/org/connectbot/transport/AbsTransport.java:224: warning: [EmptyBlockTag] A block tag (@param, @return, @throws, @deprecated) has an empty description. Block tags without descriptions don't add much value for future readers of the code; consider removing the tag entirely or adding a description.
         * @param hostname
           ^
    (see http://google.github.io/styleguide/javaguide.html#s7.1.3-javadoc-block-tags)
  Did you mean '*'?
/work/app/src/main/java/org/connectbot/transport/AbsTransport.java:225: warning: [EmptyBlockTag] A block tag (@param, @return, @throws, @deprecated) has an empty description. Block tags without descriptions don't add much value for future readers of the code; consider removing the tag entirely or adding a description.
         * @param port
           ^
    (see http://google.github.io/styleguide/javaguide.html#s7.1.3-javadoc-block-tags)
  Did you mean '*'?
/work/app/src/main/java/org/connectbot/transport/AbsTransport.java:226: warning: [EmptyBlockTag] A block tag (@param, @return, @throws, @deprecated) has an empty description. Block tags without descriptions don't add much value for future readers of the code; consider removing the tag entirely or adding a description.
         * @return
           ^
    (see http://google.github.io/styleguide/javaguide.html#s7.1.3-javadoc-block-tags)
  Did you mean '*'?
/work/app/src/main/java/org/connectbot/transport/AbsTransport.java:223: warning: [MissingSummary] A summary line is required on public/protected Javadocs.
         * @param username
           ^
    (see http://google.github.io/styleguide/javaguide.html#s7.2-summary-fragment)
/work/app/src/main/java/org/connectbot/transport/AbsTransport.java:231: warning: [EmptyBlockTag] A block tag (@param, @return, @throws, @deprecated) has an empty description. Block tags without descriptions don't add much value for future readers of the code; consider removing the tag entirely or adding a description.
         * @param uri
           ^
    (see http://google.github.io/styleguide/javaguide.html#s7.1.3-javadoc-block-tags)
  Did you mean '*'?
/work/app/src/main/java/org/connectbot/transport/AbsTransport.java:232: warning: [EmptyBlockTag] A block tag (@param, @return, @throws, @deprecated) has an empty description. Block tags without descriptions don't add much value for future readers of the code; consider removing the tag entirely or adding a description.
         * @param selection
           ^
    (see http://google.github.io/styleguide/javaguide.html#s7.1.3-javadoc-block-tags)
  Did you mean '*'?
/work/app/src/main/java/org/connectbot/transport/AbsTransport.java:231: warning: [MissingSummary] A summary line is required on public/protected Javadocs.
         * @param uri
           ^
    (see http://google.github.io/styleguide/javaguide.html#s7.2-summary-fragment)
/work/app/src/main/java/org/connectbot/transport/AbsTransport.java:237: warning: [EmptyBlockTag] A block tag (@param, @return, @throws, @deprecated) has an empty description. Block tags without descriptions don't add much value for future readers of the code; consider removing the tag entirely or adding a description.
         * @param uri
           ^
    (see http://google.github.io/styleguide/javaguide.html#s7.1.3-javadoc-block-tags)
  Did you mean '*'?
/work/app/src/main/java/org/connectbot/transport/AbsTransport.java:238: warning: [EmptyBlockTag] A block tag (@param, @return, @throws, @deprecated) has an empty description. Block tags without descriptions don't add much value for future readers of the code; consider removing the tag entirely or adding a description.
         * @return
           ^
    (see http://google.github.io/styleguide/javaguide.html#s7.1.3-javadoc-block-tags)
  Did you mean '*'?
/work/app/src/main/java/org/connectbot/transport/AbsTransport.java:237: warning: [MissingSummary] A summary line is required on public/protected Javadocs.
         * @param uri
           ^
    (see http://google.github.io/styleguide/javaguide.html#s7.2-summary-fragment)
/work/app/src/main/java/org/connectbot/transport/AbsTransport.java:243: warning: [MissingSummary] A summary fragment is required; consider using the value of the @return block as a summary fragment instead.
         * @param context context containing the correct resources
           ^
    (see http://google.github.io/styleguide/javaguide.html#s7.2-summary-fragment)
  Did you mean '*Returns string that hints at the format for connection.'?
/work/app/src/main/java/org/connectbot/transport/AbsTransport.java:251: warning: [EmptyBlockTag] A block tag (@param, @return, @throws, @deprecated) has an empty description. Block tags without descriptions don't add much value for future readers of the code; consider removing the tag entirely or adding a description.
         * @return
           ^
    (see http://google.github.io/styleguide/javaguide.html#s7.1.3-javadoc-block-tags)
  Did you mean '*'?
/work/app/src/main/java/org/connectbot/transport/AbsTransport.java:251: warning: [MissingSummary] A summary line is required on public/protected Javadocs.
         * @return
           ^
    (see http://google.github.io/styleguide/javaguide.html#s7.2-summary-fragment)
/work/app/src/main/java/org/connectbot/service/Relay.java:36: warning: [MissingSummary] A summary line is required on public/protected Javadocs.
 * @author Kenny Root
   ^
    (see http://google.github.io/styleguide/javaguide.html#s7.2-summary-fragment)
[0K
[0K
[0K
[0K
[0K
[5A[1m<[0;32;1m=======[0;39;1m------> 54% EXECUTING [9s][m[34D[1B[1m> Transforming artifact recyclerview-1.1.0.aar (androidx.recyclerview:recyclerv[m[79D[1B[1m> Transforming artifact hwsecurity-openpgp-4.4.0.aar (com.github.cotechde.hwsec[m[79D[1B[1m> Transforming artifact constraintlayout-2.0.4.aar (androidx.constraintlayout:c[m[79D[1B[1m> Transforming artifact material-1.3.0.aar (com.google.android.material:materia[m[79D[1B[5A/work/app/src/main/java/org/connectbot/TerminalView.java:579: warning: [JdkObsolete] StringBuffer performs synchronization that is usually unnecessary; prefer StringBuilder.[0K
                                mAccessibilityBuffer.append(rawText, 0, length);[0K
                                                           ^[0K
    (see https://errorprone.info/bugpattern/JdkObsolete)[0K
/work/app/src/main/java/org/connectbot/TerminalView.java:608: warning: [JdkObsolete] StringBuffer performs synchronization that is usually unnecessary; prefer StringBuilder.[0K
                                        mCodeMatcher = mControlCodes.matcher(mAccessibilityBuffer.toString());
                                                                                                          ^
    (see https://errorprone.info/bugpattern/JdkObsolete)
/work/app/src/main/java/org/connectbot/TerminalView.java:610: warning: [JdkObsolete] StringBuffer performs synchronization that is usually unnecessary; prefer StringBuilder.
                                        mCodeMatcher.reset(mAccessibilityBuffer.toString());
                                                                                        ^
    (see https://errorprone.info/bugpattern/JdkObsolete)
/work/app/src/main/java/org/connectbot/TerminalView.java:614: warning: [JdkObsolete] StringBuffer performs synchronization that is usually unnecessary; prefer StringBuilder.
                                mAccessibilityBuffer.setLength(0);
                                                              ^
    (see https://errorprone.info/bugpattern/JdkObsolete)
/work/app/src/main/java/org/connectbot/TerminalView.java:620: warning: [JdkObsolete] StringBuffer performs synchronization that is usually unnecessary; prefer StringBuilder.
                                int i = mAccessibilityBuffer.indexOf(BACKSPACE_CODE);
                                                                    ^
    (see https://errorprone.info/bugpattern/JdkObsolete)
/work/app/src/main/java/org/connectbot/TerminalView.java:622: warning: [JdkObsolete] StringBuffer performs synchronization that is usually unnecessary; prefer StringBuilder.
                                        mAccessibilityBuffer.replace(i == 0 ? 0 : i - 1,
                                                                    ^
    (see https://errorprone.info/bugpattern/JdkObsolete)
/work/app/src/main/java/org/connectbot/TerminalView.java:624: warning: [JdkObsolete] StringBuffer performs synchronization that is usually unnecessary; prefer StringBuilder.
                                        i = mAccessibilityBuffer.indexOf(BACKSPACE_CODE);
                                                                        ^
    (see https://errorprone.info/bugpattern/JdkObsolete)
/work/app/src/main/java/org/connectbot/TerminalView.java:627: warning: [JdkObsolete] StringBuffer performs synchronization that is usually unnecessary; prefer StringBuilder.
                                if (mAccessibilityBuffer.length() > 0) {
                                                               ^
    (see https://errorprone.info/bugpattern/JdkObsolete)
/work/app/src/main/java/org/connectbot/TerminalView.java:631: warning: [JdkObsolete] StringBuffer performs synchronization that is usually unnecessary; prefer StringBuilder.
                                        event.setAddedCount(mAccessibilityBuffer.length());
                                                                                       ^
    (see https://errorprone.info/bugpattern/JdkObsolete)
/work/app/src/main/java/org/connectbot/TerminalView.java:635: warning: [JdkObsolete] StringBuffer performs synchronization that is usually unnecessary; prefer StringBuilder.
                                        mAccessibilityBuffer.setLength(0);
                                                                      ^
    (see https://errorprone.info/bugpattern/JdkObsolete)
/work/app/src/main/java/org/connectbot/TerminalView.java:718: warning: [JdkObsolete] StringBuffer performs synchronization that is usually unnecessary; prefer StringBuilder.
                                        mAccessibilityBuffer.setLength(0);
                                                                      ^
    (see https://errorprone.info/bugpattern/JdkObsolete)
/work/app/src/main/java/org/connectbot/TerminalView.java:719: warning: [JdkObsolete] StringBuffer performs synchronization that is usually unnecessary; prefer StringBuilder.
                                        mAccessibilityBuffer.trimToSize();
                                                                       ^
    (see https://errorprone.info/bugpattern/JdkObsolete)
/work/app/src/main/java/org/connectbot/service/FontSizeChangedListener.java:21: warning: [MissingSummary] A summary line is required on public/protected Javadocs.
 * @author Kenny Root
   ^
    (see http://google.github.io/styleguide/javaguide.html#s7.2-summary-fragment)
/work/app/src/main/java/org/connectbot/service/FontSizeChangedListener.java:27: warning: [MissingSummary] A summary line is required on public/protected Javadocs.
         * @param sizeDp
           ^
    (see http://google.github.io/styleguide/javaguide.html#s7.2-summary-fragment)
/work/app/src/main/java/org/connectbot/service/TerminalKeyListener.java:38: warning: [MissingSummary] A summary line is required on public/protected Javadocs.
 * @author kenny
   ^
    (see http://google.github.io/styleguide/javaguide.html#s7.2-summary-fragment)
[0K
[0K
[0K
[0K
[0K
[5A[1m<[0;32;1m=======[0;39;1m------> 54% EXECUTING [9s][m[34D[1B[1m> Transforming artifact recyclerview-1.1.0.aar (androidx.recyclerview:recyclerv[m[79D[1B[1m> Transforming artifact hwsecurity-openpgp-4.4.0.aar (com.github.cotechde.hwsec[m[79D[1B[1m> Transforming artifact constraintlayout-2.0.4.aar (androidx.constraintlayout:c[m[79D[1B[1m> Transforming artifact material-1.3.0.aar (com.google.android.material:materia[m[79D[1B[5A/work/app/src/main/java/org/connectbot/service/TerminalKeyListener.java:537: warning: [EmptyBlockTag] A block tag (@param, @return, @throws, @deprecated) has an empty description. Block tags without descriptions don't add much value for future readers of the code; consider removing the tag entirely or adding a description.[0K
         * @param keyCode[0K
           ^[0K
    (see http://google.github.io/styleguide/javaguide.html#s7.1.3-javadoc-block-tags)[0K
  Did you mean '*'?[0K
/work/app/src/main/java/org/connectbot/service/TerminalKeyListener.java:584: warning: [EmptyBlockTag] A block tag (@param, @return, @throws, @deprecated) has an empty description. Block tags without descriptions don't add much value for future readers of the code; consider removing the tag entirely or adding a description.
         * @param code
           ^
    (see http://google.github.io/styleguide/javaguide.html#s7.1.3-javadoc-block-tags)
  Did you mean '*'?
/work/app/src/main/java/org/connectbot/bean/SelectionArea.java:23: warning: [MissingSummary] A summary line is required on public/protected Javadocs.
 * @author Kenny Root
   ^
    (see http://google.github.io/styleguide/javaguide.html#s7.2-summary-fragment)
[0K
[0K
[0K
[0K
[0K
[5A[1m<[0;32;1m=======[0;39;1m------> 54% EXECUTING [9s][m[34D[1B[1m> Transforming artifact recyclerview-1.1.0.aar (androidx.recyclerview:recyclerv[m[79D[1B[1m> Transforming artifact hwsecurity-openpgp-4.4.0.aar (com.github.cotechde.hwsec[m[79D[1B[1m> Transforming artifact constraintlayout-2.0.4.aar (androidx.constraintlayout:c[m[79D[1B[1m> Transforming artifact material-1.3.0.aar (com.google.android.material:materia[m[79D[1B[5A[1m<[0;32;1m=======[0;39;1m------> 54% EXECUTING [10s][m[35D[5B[5A/work/app/src/main/java/org/connectbot/transport/SSH.java:538: error: unreported exception IOException; must be caught or declared to be thrown[0K
                                return ECDSASHA2Verify.getSshKeyType(((ECPublicKey) publicKey).getParams());[0K
                                                                    ^[0K
Note: Some input files use or override a deprecated API.[0K
Note: Recompile with -Xlint:deprecation for details.[0K
1 error
100 warnings

[31;1m> Task :app:compileGoogleDebugJavaWithJavac[0;39m[31m FAILED[39m

[31mFAILURE: [39m[31mBuild failed with an exception.[39m

* What went wrong:
Execution failed for task ':app:compileGoogleDebugJavaWithJavac'.
[33m> [39mCompilation failed; see the compiler error output for details.

* Try:
Run with [1m--stacktrace[m option to get the stack trace. Run with [1m--info[m or [1m--debug[m option to get more log output. Run with [1m--scan[m to get full insights.

* Get more help at [1mhttps://help.gradle.org[m

Deprecated Gradle features were used in this build, making it incompatible with Gradle 7.0.
Use '--warning-mode all' to show the individual deprecation warnings.
See https://docs.gradle.org/6.1.1/userguide/command_line_interface.html#sec:command_line_warnings

[31;1mBUILD FAILED[0;39m in 12s
9 actionable tasks: 1 executed, 8 up-to-date
[0K
[0K
[0K
[0K
[0K
[5A[1m<[0;1m-------------> 0% WAITING[m[26D[1B[1m> Transforming artifact recyclerview-1.1.0.aar (androidx.recyclerview:recyclerv[m[79D[1B[1m> Transforming artifact hwsecurity-openpgp-4.4.0.aar (com.github.cotechde.hwsec[m[79D[1B[1m> Transforming artifact constraintlayout-2.0.4.aar (androidx.constraintlayout:c[m[79D[1B[1m> Transforming artifact material-1.3.0.aar (com.google.android.material:materia[m[79D[1B[5A[2K[1B[2K[1B[2K[1B[2K[1B[2K[4A[0m[?12l[?25h