Starting a Gradle Daemon, 2 incompatible and 2 stopped Daemons could not be reused, use --status for details


[2A[1B[1m> Starting Daemon[m[17D[1B[1A> IDLE[0K[6D[1B[2A[1m<[0;1m-------------> 0% INITIALIZING [32ms][m[38D[1B[1m> Evaluating settings[m[21D[1B[2A[1m<[0;1m-------------> 0% INITIALIZING [132ms][m[39D[2B[2A[1m<[0;1m-------------> 0% INITIALIZING [232ms][m[39D[2B[2A[1m<[0;1m-------------> 0% INITIALIZING [332ms][m[39D[2B[2A[1m<[0;1m-------------> 0% INITIALIZING [432ms][m[39D[2B[2A[1m<[0;1m-------------> 0% INITIALIZING [532ms][m[39D[2B[2A[1m<[0;1m-------------> 0% INITIALIZING [632ms][m[39D[2B[2A[1m<[0;1m-------------> 0% INITIALIZING [732ms][m[39D[2B[2A[1m<[0;1m-------------> 0% CONFIGURING [832ms][m[0K[38D[1B[1m> Loading projects[m[0K[18D[1B[2A[1m<[0;1m-------------> 0% CONFIGURING [932ms][m[38D[1B[1m> root project[m[0K[14D[1B[2A[1m<[0;1m-------------> 0% CONFIGURING [1s][m[0K[35D[2B[1A[1m> root project > Resolve dependencies of detachedConfiguration1[m[63D[1B[1A[1m> root project > Resolve dependencies of :classpath[m[0K[51D[1B[1A[1m> root project[m[0K[14D[1B[2A[1m<[0;32;1m====[0;39;1m---------> 33% CONFIGURING [1s][m[36D[1B[1m> :app > Resolve dependencies of detachedConfiguration5[m[55D[1B[1A[1m> :app > Resolve dependencies of :app:classpath[m[0K[47D[1B[1A[1m> :app[m[0K[6D[1B[2A[1m<[0;32;1m====[0;39;1m---------> 33% CONFIGURING [2s][m[36D[2B[2A[1m<[0;32;1m====[0;39;1m---------> 33% CONFIGURING [3s][m[36D[2B[2A[0K
[1m> Configure project :app[m[0K
WARNING:: The option setting 'android.aapt2FromMavenOverride=/opt/android-sdk-linux/build-tools/34.0.0/aapt2' is experimental.
No git repository reachable from /work/app
[0K
[0K
[2A[1m<[0;32;1m====[0;39;1m---------> 33% CONFIGURING [3s][m[36D[1B[1m> :app[m[6D[1B[2A[1m<[0;32;1m====[0;39;1m---------> 33% CONFIGURING [4s][m[36D[2B[2AWARNING:: Mapping new ns http://schemas.android.com/repository/android/common/02 to old ns http://schemas.android.com/repository/android/common/01[0K
Mapping new ns http://schemas.android.com/repository/android/common/02 to old ns http://schemas.android.com/repository/android/common/01[0K
WARNING:: Mapping new ns http://schemas.android.com/repository/android/generic/02 to old ns http://schemas.android.com/repository/android/generic/01
Mapping new ns http://schemas.android.com/repository/android/generic/02 to old ns http://schemas.android.com/repository/android/generic/01
WARNING:: Mapping new ns http://schemas.android.com/sdk/android/repo/addon2/02 to old ns http://schemas.android.com/sdk/android/repo/addon2/01
Mapping new ns http://schemas.android.com/sdk/android/repo/addon2/02 to old ns http://schemas.android.com/sdk/android/repo/addon2/01
WARNING:: Mapping new ns http://schemas.android.com/sdk/android/repo/addon2/03 to old ns http://schemas.android.com/sdk/android/repo/addon2/01
Mapping new ns http://schemas.android.com/sdk/android/repo/addon2/03 to old ns http://schemas.android.com/sdk/android/repo/addon2/01
WARNING:: Mapping new ns http://schemas.android.com/sdk/android/repo/repository2/02 to old ns http://schemas.android.com/sdk/android/repo/repository2/01
Mapping new ns http://schemas.android.com/sdk/android/repo/repository2/02 to old ns http://schemas.android.com/sdk/android/repo/repository2/01
WARNING:: Mapping new ns http://schemas.android.com/sdk/android/repo/repository2/03 to old ns http://schemas.android.com/sdk/android/repo/repository2/01
Mapping new ns http://schemas.android.com/sdk/android/repo/repository2/03 to old ns http://schemas.android.com/sdk/android/repo/repository2/01
WARNING:: Mapping new ns http://schemas.android.com/sdk/android/repo/sys-img2/03 to old ns http://schemas.android.com/sdk/android/repo/sys-img2/01
Mapping new ns http://schemas.android.com/sdk/android/repo/sys-img2/03 to old ns http://schemas.android.com/sdk/android/repo/sys-img2/01
WARNING:: Mapping new ns http://schemas.android.com/sdk/android/repo/sys-img2/02 to old ns http://schemas.android.com/sdk/android/repo/sys-img2/01
Mapping new ns http://schemas.android.com/sdk/android/repo/sys-img2/02 to old ns http://schemas.android.com/sdk/android/repo/sys-img2/01
WARNING:: unexpected element (uri:"", local:"base-extension"). Expected elements are <{}codename>,<{}layoutlib>,<{}api-level>
unexpected element (uri:"", local:"base-extension"). Expected elements are <{}codename>,<{}layoutlib>,<{}api-level>
WARNING:: unexpected element (uri:"", local:"extension-level"). Expected elements are <{}codename>,<{}layoutlib>,<{}api-level>
unexpected element (uri:"", local:"extension-level"). Expected elements are <{}codename>,<{}layoutlib>,<{}api-level>
[0K
[0K
[2A[1m<[0;32;1m====[0;39;1m---------> 33% CONFIGURING [4s][m[36D[1B[1m> :app[m[6D[1B[2A[1m<[0;32;1m====[0;39;1m---------> 33% CONFIGURING [5s][m[36D[2B[2AWarning: Mapping new ns http://schemas.android.com/repository/android/common/02 to old ns http://schemas.android.com/repository/android/common/01[0K
Warning: Mapping new ns http://schemas.android.com/repository/android/generic/02 to old ns http://schemas.android.com/repository/android/generic/01[0K
Warning: Mapping new ns http://schemas.android.com/sdk/android/repo/addon2/02 to old ns http://schemas.android.com/sdk/android/repo/addon2/01
Warning: Mapping new ns http://schemas.android.com/sdk/android/repo/addon2/03 to old ns http://schemas.android.com/sdk/android/repo/addon2/01
Warning: Mapping new ns http://schemas.android.com/sdk/android/repo/repository2/02 to old ns http://schemas.android.com/sdk/android/repo/repository2/01
Warning: Mapping new ns http://schemas.android.com/sdk/android/repo/repository2/03 to old ns http://schemas.android.com/sdk/android/repo/repository2/01
Warning: Mapping new ns http://schemas.android.com/sdk/android/repo/sys-img2/03 to old ns http://schemas.android.com/sdk/android/repo/sys-img2/01
Warning: Mapping new ns http://schemas.android.com/sdk/android/repo/sys-img2/02 to old ns http://schemas.android.com/sdk/android/repo/sys-img2/01
Warning: Mapping new ns http://schemas.android.com/repository/android/common/02 to old ns http://schemas.android.com/repository/android/common/01
Warning: Mapping new ns http://schemas.android.com/repository/android/generic/02 to old ns http://schemas.android.com/repository/android/generic/01
Warning: Mapping new ns http://schemas.android.com/sdk/android/repo/addon2/02 to old ns http://schemas.android.com/sdk/android/repo/addon2/01
Warning: Mapping new ns http://schemas.android.com/sdk/android/repo/addon2/03 to old ns http://schemas.android.com/sdk/android/repo/addon2/01
Warning: Mapping new ns http://schemas.android.com/sdk/android/repo/repository2/02 to old ns http://schemas.android.com/sdk/android/repo/repository2/01
Warning: Mapping new ns http://schemas.android.com/sdk/android/repo/repository2/03 to old ns http://schemas.android.com/sdk/android/repo/repository2/01
Warning: Mapping new ns http://schemas.android.com/sdk/android/repo/sys-img2/03 to old ns http://schemas.android.com/sdk/android/repo/sys-img2/01
Warning: Mapping new ns http://schemas.android.com/sdk/android/repo/sys-img2/02 to old ns http://schemas.android.com/sdk/android/repo/sys-img2/01
Warning: unexpected element (uri:"", local:"extension-level"). Expected elements are <{}codename>,<{}layoutlib>,<{}api-level>
Warning: unexpected element (uri:"", local:"base-extension"). Expected elements are <{}codename>,<{}layoutlib>,<{}api-level>
[0K
[0K
[2A[1m<[0;32;1m====[0;39;1m---------> 33% CONFIGURING [5s][m[36D[1B[1m> :app[m[6D[1B[2A[1m<[0;32;1m====[0;39;1m---------> 33% CONFIGURING [6s][m[36D[2B[2A[1m<[0;32;1m========[0;39;1m-----> 66% CONFIGURING [6s][m[36D[1B[1m> :translations[m[15D[1B[2A[1m<[0;32;1m=============[0;39;1m> 100% CONFIGURING [6s][m[37D[1B> IDLE[0K[6D[1B[2A[1m<[0;1m-------------> 4% EXECUTING [6s][m[0K[33D[1B[1m> :app:generateGoogleDebugBuildConfig[m[37D[1B[2A[1m<[0;1m-------------> 7% EXECUTING [6s][m[33D[1B[1m> :app:checkGoogleDebugAarMetadata > Resolve dependencies of :app:googleDebugRu[m[79D[1B


[4A[1m> :app:checkGoogleDebugAarMetadata > Resolve files of :app:googleDebugRuntimeCl[m[79D[1B[1m> :app:checkGoogleDebugAarMetadata > Resolve files of :app:googleDebugRuntimeCl[m[79D[1B[1m> :app:checkGoogleDebugAarMetadata > Resolve files of :app:googleDebugRuntimeCl[m[79D[1B[1m> :app:checkGoogleDebugAarMetadata > Resolve files of :app:googleDebugRuntimeCl[m[79D[1B[5A[1m<[0;32;1m=[0;39;1m------------> 10% EXECUTING [7s][m[34D[1B> IDLE[0K[6D[1B[1m> :app:mergeGoogleDebugResources[m[0K[32D[1B> IDLE[0K[6D[2B[5A[1m<[0;32;1m==[0;39;1m-----------> 16% EXECUTING [8s][m[34D[1B[1m> :app:generateJsonModelGoogleDebug[m[35D[4B[5A[1m<[0;32;1m==[0;39;1m-----------> 17% EXECUTING [8s][m[34D[1B[1m> :app:checkGoogleDebugAarMetadata > Resolve files of :app:googleDebugRuntimeCl[m[79D[2B[1m> :app:externalNativeBuildGoogleDebug[m[37D[2B[5A[0K
[1m> Task :app:externalNativeBuildGoogleDebug[m[0K
Build com_google_ase_Exec_armeabi-v7a[0K
ninja: Entering directory `/work/app/.cxx/cmake/googleDebug/armeabi-v7a'[0K
Build com_google_ase_Exec_arm64-v8a[0K
ninja: Entering directory `/work/app/.cxx/cmake/googleDebug/arm64-v8a'
Build com_google_ase_Exec_x86
ninja: Entering directory `/work/app/.cxx/cmake/googleDebug/x86'
Build com_google_ase_Exec_x86_64
ninja: Entering directory `/work/app/.cxx/cmake/googleDebug/x86_64'
[0K
[0K
[0K
[0K
[0K
[5A[1m<[0;32;1m===[0;39;1m----------> 26% EXECUTING [8s][m[34D[1B[1m> :app:checkGoogleDebugAarMetadata > Resolve files of :app:googleDebugRuntimeCl[m[79D[1B[1m> :app:mergeGoogleDebugResources[m[32D[1B[1m> :app:checkGoogleDebugAarMetadata > Resolve files of :app:googleDebugRuntimeCl[m[79D[1B[1m> :app:checkGoogleDebugAarMetadata > Resolve files of :app:googleDebugRuntimeCl[m[79D[1B[5A[1m<[0;32;1m====[0;39;1m---------> 30% EXECUTING [8s][m[34D[5B[5A[1m<[0;32;1m====[0;39;1m---------> 33% EXECUTING [8s][m[34D[5B[3A[1m> :app:mergeGoogleDebugResources > Packing build cache entry[m[60D[3B[5A[1m<[0;32;1m====[0;39;1m---------> 34% EXECUTING [8s][m[34D[2B[1m> :app:checkGoogleDebugAarMetadata > Resolve files of :app:googleDebugRuntimeCl[m[79D[3B[5A[1m<[0;32;1m====[0;39;1m---------> 35% EXECUTING [9s][m[34D[5B[5A[1m<[0;32;1m=====[0;39;1m--------> 44% EXECUTING [9s][m[34D[5B[5A[1m<[0;32;1m======[0;39;1m-------> 47% EXECUTING [9s][m[34D[5B[5A[1m<[0;32;1m=======[0;39;1m------> 54% EXECUTING [9s][m[34D[5B[5A[0K
[1m> Task :app:externalNativeBuildOssDebug[m[0K
Build com_google_ase_Exec_armeabi-v7a[0K
ninja: Entering directory `/work/app/.cxx/cmake/ossDebug/armeabi-v7a'[0K
Build com_google_ase_Exec_arm64-v8a[0K
ninja: Entering directory `/work/app/.cxx/cmake/ossDebug/arm64-v8a'
Build com_google_ase_Exec_x86
ninja: Entering directory `/work/app/.cxx/cmake/ossDebug/x86'
Build com_google_ase_Exec_x86_64
ninja: Entering directory `/work/app/.cxx/cmake/ossDebug/x86_64'
[0K
[0K
[0K
[0K
[0K
[5A[1m<[0;32;1m=========[0;39;1m----> 73% EXECUTING [10s][m[35D[1B[1m> :app:checkGoogleDebugAarMetadata > Resolve files of :app:googleDebugRuntimeCl[m[79D[1B[1m> :app:checkGoogleDebugAarMetadata > Resolve files of :app:googleDebugRuntimeCl[m[79D[1B[1m> :app:checkGoogleDebugAarMetadata > Resolve files of :app:googleDebugRuntimeCl[m[79D[1B[1m> :app:checkGoogleDebugAarMetadata > Resolve files of :app:googleDebugRuntimeCl[m[79D[1B[5A[0K
[31;1m> Task :app:processGoogleDebugResources[0;39m[31m FAILED[39m[0K
[3B[0K
[0K
[5A[1m<[0;31;1m=========[0;39;1m----> 75% EXECUTING [10s][m[0K[35D[1B[1m> :app:checkGoogleDebugAarMetadata > Resolve files of :app:googleDebugRuntimeCl[m[79D[1B[1m> :app:checkGoogleDebugAarMetadata > Resolve files of :app:googleDebugRuntimeCl[m[79D[1B[1m> :app:checkGoogleDebugAarMetadata > Resolve files of :app:googleDebugRuntimeCl[m[79D[1B[1m> :app:checkGoogleDebugAarMetadata > Resolve files of :app:googleDebugRuntimeCl[m[79D[1B[5A[1m<[0;31;1m=========[0;39;1m----> 76% EXECUTING [10s][m[35D[5B[5A[0K
[31mFAILURE: [39m[31mBuild failed with an exception.[39m[0K
[0K
* What went wrong:[0K
Execution failed for task ':app:processGoogleDebugResources'.[0K
[33m> [39mA failure occurred while executing com.android.build.gradle.internal.res.LinkApplicationAndroidResourcesTask$TaskAction
   [33m> [39mAndroid resource linking failed
     ERROR:/work/app/src/main/res/values/styles.xml:21:2-35:10: AAPT: error: style attribute 'attr/textColorPrimary (aka org.sufficientlysecure.termbot.debug:attr/textColorPrimary)' not found.
         
     ERROR:/work/app/src/main/res/values/styles.xml:21:2-35:10: AAPT: error: style attribute 'attr/textColorSecondary (aka org.sufficientlysecure.termbot.debug:attr/textColorSecondary)' not found.
         

* Try:
Run with [1m--stacktrace[m option to get the stack trace. Run with [1m--info[m or [1m--debug[m option to get more log output. Run with [1m--scan[m to get full insights.

* Get more help at [1mhttps://help.gradle.org[m

Deprecated Gradle features were used in this build, making it incompatible with Gradle 7.0.
Use '--warning-mode all' to show the individual deprecation warnings.
See https://docs.gradle.org/6.7.1/userguide/command_line_interface.html#sec:command_line_warnings

[31;1mBUILD FAILED[0;39m in 12s
47 actionable tasks: 8 executed, 39 up-to-date
[0K
[0K
[0K
[0K
[0K
[5A[1m<[0;1m-------------> 0% WAITING[m[26D[1B[1m> :app:checkGoogleDebugAarMetadata > Resolve files of :app:googleDebugRuntimeCl[m[79D[1B[1m> :app:checkGoogleDebugAarMetadata > Resolve files of :app:googleDebugRuntimeCl[m[79D[1B[1m> :app:checkGoogleDebugAarMetadata > Resolve files of :app:googleDebugRuntimeCl[m[79D[1B[1m> :app:checkGoogleDebugAarMetadata > Resolve files of :app:googleDebugRuntimeCl[m[79D[1B[5A[2K[1B[2K[1B[2K[1B[2K[1B[2K[4A[0m[?12l[?25h