Starting a Gradle Daemon, 2 incompatible and 2 stopped Daemons could not be reused, use --status for details


[2A[1B[1m> Starting Daemon[m[17D[1B[1A> IDLE[0K[6D[1B[2A[1m<[0;1m-------------> 0% INITIALIZING [91ms][m[38D[1B[1m> Evaluating settings[m[21D[1B[2A[1m<[0;1m-------------> 0% INITIALIZING [191ms][m[39D[2B[2A[1m<[0;1m-------------> 0% INITIALIZING [291ms][m[39D[2B[2A[1m<[0;1m-------------> 0% INITIALIZING [391ms][m[39D[2B[2A[1m<[0;1m-------------> 0% INITIALIZING [491ms][m[39D[2B[2A[1m<[0;1m-------------> 0% INITIALIZING [591ms][m[39D[2B[2A[1m<[0;1m-------------> 0% INITIALIZING [691ms][m[39D[2B[2A[1m<[0;1m-------------> 0% CONFIGURING [791ms][m[0K[38D[1B[1m> Loading projects[m[0K[18D[1B[2A[1m<[0;1m-------------> 0% CONFIGURING [891ms][m[38D[1B[1m> root project[m[0K[14D[1B[2A[1m<[0;1m-------------> 0% CONFIGURING [991ms][m[38D[1B[1m> root project > Resolve dependencies of detachedConfiguration1[m[63D[1B[2A[1m<[0;1m-------------> 0% CONFIGURING [1s][m[0K[35D[2B[1A[1m> root project > Resolve files of :classpath[m[0K[44D[1B[1A[1m> root project[m[0K[14D[1B[2A[1m<[0;32;1m====[0;39;1m---------> 33% CONFIGURING [1s][m[36D[1B[1m> :app > Compiling /work/app/build.gradle into local compilation cache > Compil[m[79D[1B[1A[1m> :app > Resolve dependencies of detachedConfiguration6[m[0K[55D[1B[1A[1m> :app > Resolve dependencies of :app:classpath[m[0K[47D[1B[1A[1m> :app[m[0K[6D[1B[2A[1m<[0;32;1m====[0;39;1m---------> 33% CONFIGURING [2s][m[36D[2B[2A[1m<[0;32;1m====[0;39;1m---------> 33% CONFIGURING [3s][m[36D[2B[1A[1m> :app > Compiling /work/app/build.gradle into local compilation cache > Compil[m[79D[1B[1A[1m> :app[m[0K[6D[1B[2A[0K
[1m> Configure project :app[m[0K
No git repository reachable from /work/app
[0K
[0K
[2A[1m<[0;32;1m====[0;39;1m---------> 33% CONFIGURING [3s][m[36D[1B[1m> :app[m[6D[1B[2A[1m<[0;32;1m====[0;39;1m---------> 33% CONFIGURING [4s][m[36D[2B[2A[1m<[0;32;1m====[0;39;1m---------> 33% CONFIGURING [5s][m[36D[2B[2A[1m<[0;32;1m========[0;39;1m-----> 66% CONFIGURING [5s][m[36D[1B[1m> :translations[m[15D[1B[2A[1m<[0;32;1m========[0;39;1m-----> 66% CONFIGURING [6s][m[36D[2B[2A[1m<[0;32;1m=============[0;39;1m> 100% CONFIGURING [6s][m[37D[1B[1m> Resolve dependencies of :app:ossDebugRuntimeClasspath[m[55D[1B[1A[1m> Resolve dependencies of :app:ossDebugRuntimeClasspath > sshlib-2.2.43.pom[m[75D[1B[2A[1m<[0;32;1m=============[0;39;1m> 100% CONFIGURING [7s][m[37D[2B[2A[1m<[0;32;1m=============[0;39;1m> 100% CONFIGURING [8s][m[37D[2B[2A[1m<[0;32;1m=============[0;39;1m> 100% CONFIGURING [9s][m[37D[2B[2A[1m<[0;32;1m=============[0;39;1m> 100% CONFIGURING [10s][m[38D[2B[2A[1m<[0;32;1m=============[0;39;1m> 100% CONFIGURING [11s][m[38D[2B[1A[1m> Resolve dependencies of :app:ossDebugRuntimeClasspath[m[0K[55D[1B[1A[1m> Resolve dependencies of :app:ossDebugRuntimeClasspath > sshlib-2.2.43.module[m[78D[1B[2A[1m<[0;32;1m=============[0;39;1m> 100% CONFIGURING [12s][m[38D[2B[1A[1m> Resolve dependencies of :app:ossDebugRuntimeClasspath[m[0K[55D[1B
[3A[38C[0K[38D[1B[1m> Resolve dependencies of :app:ossDebugRuntimeClasspath > tink-1.20.0.pom[m[73D[1B[1m> Resolve dependencies of :app:ossDebugRuntimeClasspath > kyber-2.0.1.pom[m[73D[1B[3A[1m<[0;32;1m=============[0;39;1m> 100% CONFIGURING [13s][m[38D[3B[1A[1m> Resolve dependencies of :app:ossDebugRuntimeClasspath > kyber-2.0.1.module[m[76D[1B[2A> IDLE[0K[6D[2B[1A[1m> Resolve dependencies of :app:ossDebugRuntimeClasspath[m[0K[55D[1B[1A[1m> Resolve dependencies of :app:ossDebugRuntimeClasspath > kyber-jvm-2.0.1.pom[m[77D[1B[3A[1m<[0;32;1m=============[0;39;1m> 100% CONFIGURING [14s][m[38D[3B[1A[1m> Resolve dependencies of :app:ossDebugRuntimeClasspath > kyber-jvm-2.0.1.modul[m[79D[1B
[4A[1m<[0;32;1m=============[0;39;1m> 100% CONFIGURING [15s][m[38D[1B[1m> Resolve dependencies of :app:ossDebugRuntimeClasspath > kotlin-stdlib-2.1.10.[m[79D[1B[1m> Resolve dependencies of :app:ossDebugRuntimeClasspath > crypto-rand-0.5.0.pom[m[79D[1B[1m> Resolve dependencies of :app:ossDebugRuntimeClasspath > keccak-2.0.1.pom[m[74D[1B[3A[1m> Resolve dependencies of :app:ossDebugRuntimeClasspath > crypto-rand-0.5.0.pom[m[79D[1B> IDLE[0K[6D[1B[1m> Resolve dependencies of :app:ossDebugRuntimeClasspath > kotlin-stdlib-2.1.10.[m[79D[1B[3A[1m> Resolve dependencies of :app:ossDebugRuntimeClasspath > crypto-rand-0.5.0.mod[m[79D[1B[1m> Resolve dependencies of :app:ossDebugRuntimeClasspath > keccak-2.0.1.module[m[77D[2B[3A[1m> Resolve dependencies of :app:ossDebugRuntimeClasspath > crypto-rand-jvm-0.5.0[m[79D[1B> IDLE[0K[6D[1B> IDLE[0K[6D[1B[4A[1m<[0;32;1m=============[0;39;1m> 100% CONFIGURING [16s][m[38D[4B[3A[1m> Resolve dependencies of :app:ossDebugRuntimeClasspath > keccak-jvm-2.0.1.pom[m[0K[78D[3B[4A[1m<[0;32;1m=============[0;39;1m> 100% CONFIGURING [17s][m[38D[4B[3A[1m> Resolve dependencies of :app:ossDebugRuntimeClasspath > keccak-jvm-2.0.1.modu[m[79D[3B[4A[1m<[0;32;1m=============[0;39;1m> 100% CONFIGURING [18s][m[38D[4B[3A[1m> Resolve dependencies of :app:ossDebugRuntimeClasspath > error-0.3.0.pom[m[0K[73D[3B[3A[1m> Resolve dependencies of :app:ossDebugRuntimeClasspath > error-0.3.0.module[m[76D[3B[3A[1m> Resolve dependencies of :app:ossDebugRuntimeClasspath > error-jvm-0.3.0.pom[m[77D[3B[4A[1m<[0;32;1m=============[0;39;1m> 100% CONFIGURING [19s][m[38D[4B[3A[1m> Resolve dependencies of :app:ossDebugRuntimeClasspath > error-jvm-0.3.0.modul[m[79D[3B[3A> IDLE[0K[6D[3B[4AMapping new ns http://schemas.android.com/repository/android/common/02 to old ns http://schemas.android.com/repository/android/common/01[0K
Mapping new ns http://schemas.android.com/repository/android/generic/02 to old ns http://schemas.android.com/repository/android/generic/01[0K
Mapping new ns http://schemas.android.com/sdk/android/repo/addon2/02 to old ns http://schemas.android.com/sdk/android/repo/addon2/01[0K
Mapping new ns http://schemas.android.com/sdk/android/repo/addon2/03 to old ns http://schemas.android.com/sdk/android/repo/addon2/01[0K
Mapping new ns http://schemas.android.com/sdk/android/repo/repository2/02 to old ns http://schemas.android.com/sdk/android/repo/repository2/01
Mapping new ns http://schemas.android.com/sdk/android/repo/repository2/03 to old ns http://schemas.android.com/sdk/android/repo/repository2/01
Mapping new ns http://schemas.android.com/sdk/android/repo/sys-img2/03 to old ns http://schemas.android.com/sdk/android/repo/sys-img2/01
Mapping new ns http://schemas.android.com/sdk/android/repo/sys-img2/02 to old ns http://schemas.android.com/sdk/android/repo/sys-img2/01
Mapping new ns http://schemas.android.com/repository/android/common/02 to old ns http://schemas.android.com/repository/android/common/01
Mapping new ns http://schemas.android.com/repository/android/generic/02 to old ns http://schemas.android.com/repository/android/generic/01
Mapping new ns http://schemas.android.com/sdk/android/repo/addon2/02 to old ns http://schemas.android.com/sdk/android/repo/addon2/01
Mapping new ns http://schemas.android.com/sdk/android/repo/addon2/03 to old ns http://schemas.android.com/sdk/android/repo/addon2/01
Mapping new ns http://schemas.android.com/sdk/android/repo/repository2/02 to old ns http://schemas.android.com/sdk/android/repo/repository2/01
Mapping new ns http://schemas.android.com/sdk/android/repo/repository2/03 to old ns http://schemas.android.com/sdk/android/repo/repository2/01
Mapping new ns http://schemas.android.com/sdk/android/repo/sys-img2/03 to old ns http://schemas.android.com/sdk/android/repo/sys-img2/01
Mapping new ns http://schemas.android.com/sdk/android/repo/sys-img2/02 to old ns http://schemas.android.com/sdk/android/repo/sys-img2/01
Mapping new ns http://schemas.android.com/repository/android/common/02 to old ns http://schemas.android.com/repository/android/common/01
Mapping new ns http://schemas.android.com/repository/android/generic/02 to old ns http://schemas.android.com/repository/android/generic/01
Mapping new ns http://schemas.android.com/sdk/android/repo/addon2/02 to old ns http://schemas.android.com/sdk/android/repo/addon2/01
Mapping new ns http://schemas.android.com/sdk/android/repo/addon2/03 to old ns http://schemas.android.com/sdk/android/repo/addon2/01
Mapping new ns http://schemas.android.com/sdk/android/repo/repository2/02 to old ns http://schemas.android.com/sdk/android/repo/repository2/01
Mapping new ns http://schemas.android.com/sdk/android/repo/repository2/03 to old ns http://schemas.android.com/sdk/android/repo/repository2/01
Mapping new ns http://schemas.android.com/sdk/android/repo/sys-img2/03 to old ns http://schemas.android.com/sdk/android/repo/sys-img2/01
Mapping new ns http://schemas.android.com/sdk/android/repo/sys-img2/02 to old ns http://schemas.android.com/sdk/android/repo/sys-img2/01
[0K
[0K
[0K
[0K
[4A[1m<[0;32;1m=============[0;39;1m> 100% CONFIGURING [19s][m[38D[1B> IDLE[6D[1B> IDLE[6D[1B> IDLE[6D[1B[4AMapping new ns http://schemas.android.com/repository/android/common/02 to old ns http://schemas.android.com/repository/android/common/01[0K
Mapping new ns http://schemas.android.com/repository/android/generic/02 to old ns http://schemas.android.com/repository/android/generic/01[0K
Mapping new ns http://schemas.android.com/sdk/android/repo/addon2/02 to old ns http://schemas.android.com/sdk/android/repo/addon2/01[0K
Mapping new ns http://schemas.android.com/sdk/android/repo/addon2/03 to old ns http://schemas.android.com/sdk/android/repo/addon2/01[0K
Mapping new ns http://schemas.android.com/sdk/android/repo/repository2/02 to old ns http://schemas.android.com/sdk/android/repo/repository2/01
Mapping new ns http://schemas.android.com/sdk/android/repo/repository2/03 to old ns http://schemas.android.com/sdk/android/repo/repository2/01
Mapping new ns http://schemas.android.com/sdk/android/repo/sys-img2/03 to old ns http://schemas.android.com/sdk/android/repo/sys-img2/01
Mapping new ns http://schemas.android.com/sdk/android/repo/sys-img2/02 to old ns http://schemas.android.com/sdk/android/repo/sys-img2/01
Mapping new ns http://schemas.android.com/repository/android/common/02 to old ns http://schemas.android.com/repository/android/common/01
Mapping new ns http://schemas.android.com/repository/android/generic/02 to old ns http://schemas.android.com/repository/android/generic/01
Mapping new ns http://schemas.android.com/sdk/android/repo/addon2/02 to old ns http://schemas.android.com/sdk/android/repo/addon2/01
Mapping new ns http://schemas.android.com/sdk/android/repo/addon2/03 to old ns http://schemas.android.com/sdk/android/repo/addon2/01
Mapping new ns http://schemas.android.com/sdk/android/repo/repository2/02 to old ns http://schemas.android.com/sdk/android/repo/repository2/01
Mapping new ns http://schemas.android.com/sdk/android/repo/repository2/03 to old ns http://schemas.android.com/sdk/android/repo/repository2/01
Mapping new ns http://schemas.android.com/sdk/android/repo/sys-img2/03 to old ns http://schemas.android.com/sdk/android/repo/sys-img2/01
Mapping new ns http://schemas.android.com/sdk/android/repo/sys-img2/02 to old ns http://schemas.android.com/sdk/android/repo/sys-img2/01
Mapping new ns http://schemas.android.com/repository/android/common/02 to old ns http://schemas.android.com/repository/android/common/01
Mapping new ns http://schemas.android.com/repository/android/generic/02 to old ns http://schemas.android.com/repository/android/generic/01
Mapping new ns http://schemas.android.com/sdk/android/repo/addon2/02 to old ns http://schemas.android.com/sdk/android/repo/addon2/01
Mapping new ns http://schemas.android.com/sdk/android/repo/addon2/03 to old ns http://schemas.android.com/sdk/android/repo/addon2/01
Mapping new ns http://schemas.android.com/sdk/android/repo/repository2/02 to old ns http://schemas.android.com/sdk/android/repo/repository2/01
Mapping new ns http://schemas.android.com/sdk/android/repo/repository2/03 to old ns http://schemas.android.com/sdk/android/repo/repository2/01
Mapping new ns http://schemas.android.com/sdk/android/repo/sys-img2/03 to old ns http://schemas.android.com/sdk/android/repo/sys-img2/01
Mapping new ns http://schemas.android.com/sdk/android/repo/sys-img2/02 to old ns http://schemas.android.com/sdk/android/repo/sys-img2/01
unexpected element (uri:"", local:"base-extension"). Expected elements are <{}codename>,<{}layoutlib>,<{}api-level>
Mapping new ns http://schemas.android.com/repository/android/common/02 to old ns http://schemas.android.com/repository/android/common/01
Mapping new ns http://schemas.android.com/repository/android/generic/02 to old ns http://schemas.android.com/repository/android/generic/01
Mapping new ns http://schemas.android.com/sdk/android/repo/addon2/02 to old ns http://schemas.android.com/sdk/android/repo/addon2/01
Mapping new ns http://schemas.android.com/sdk/android/repo/addon2/03 to old ns http://schemas.android.com/sdk/android/repo/addon2/01
Mapping new ns http://schemas.android.com/sdk/android/repo/repository2/02 to old ns http://schemas.android.com/sdk/android/repo/repository2/01
Mapping new ns http://schemas.android.com/sdk/android/repo/repository2/03 to old ns http://schemas.android.com/sdk/android/repo/repository2/01
Mapping new ns http://schemas.android.com/sdk/android/repo/sys-img2/03 to old ns http://schemas.android.com/sdk/android/repo/sys-img2/01
Mapping new ns http://schemas.android.com/sdk/android/repo/sys-img2/02 to old ns http://schemas.android.com/sdk/android/repo/sys-img2/01
unexpected element (uri:"", local:"extension-level"). Expected elements are <{}codename>,<{}layoutlib>,<{}api-level>
unexpected element (uri:"", local:"base-extension"). Expected elements are <{}codename>,<{}layoutlib>,<{}api-level>
[0K
[0K
[0K
[0K
[4A[1m<[0;32;1m=============[0;39;1m> 100% CONFIGURING [19s][m[38D[1B> IDLE[6D[1B> IDLE[6D[1B> IDLE[6D[1B[4AWarning: Mapping new ns http://schemas.android.com/repository/android/common/02 to old ns http://schemas.android.com/repository/android/common/01[0K
Warning: Mapping new ns http://schemas.android.com/repository/android/generic/02 to old ns http://schemas.android.com/repository/android/generic/01[0K
Warning: Mapping new ns http://schemas.android.com/sdk/android/repo/addon2/02 to old ns http://schemas.android.com/sdk/android/repo/addon2/01[0K
Warning: Mapping new ns http://schemas.android.com/sdk/android/repo/addon2/03 to old ns http://schemas.android.com/sdk/android/repo/addon2/01[0K
Warning: Mapping new ns http://schemas.android.com/sdk/android/repo/repository2/02 to old ns http://schemas.android.com/sdk/android/repo/repository2/01
Warning: Mapping new ns http://schemas.android.com/sdk/android/repo/repository2/03 to old ns http://schemas.android.com/sdk/android/repo/repository2/01
Warning: Mapping new ns http://schemas.android.com/sdk/android/repo/sys-img2/03 to old ns http://schemas.android.com/sdk/android/repo/sys-img2/01
Warning: Mapping new ns http://schemas.android.com/sdk/android/repo/sys-img2/02 to old ns http://schemas.android.com/sdk/android/repo/sys-img2/01
Warning: Mapping new ns http://schemas.android.com/repository/android/common/02 to old ns http://schemas.android.com/repository/android/common/01
Warning: Mapping new ns http://schemas.android.com/repository/android/generic/02 to old ns http://schemas.android.com/repository/android/generic/01
Warning: Mapping new ns http://schemas.android.com/sdk/android/repo/addon2/02 to old ns http://schemas.android.com/sdk/android/repo/addon2/01
Warning: Mapping new ns http://schemas.android.com/sdk/android/repo/addon2/03 to old ns http://schemas.android.com/sdk/android/repo/addon2/01
Warning: Mapping new ns http://schemas.android.com/sdk/android/repo/repository2/02 to old ns http://schemas.android.com/sdk/android/repo/repository2/01
Warning: Mapping new ns http://schemas.android.com/sdk/android/repo/repository2/03 to old ns http://schemas.android.com/sdk/android/repo/repository2/01
Warning: Mapping new ns http://schemas.android.com/sdk/android/repo/sys-img2/03 to old ns http://schemas.android.com/sdk/android/repo/sys-img2/01
Warning: Mapping new ns http://schemas.android.com/sdk/android/repo/sys-img2/02 to old ns http://schemas.android.com/sdk/android/repo/sys-img2/01
Warning: unexpected element (uri:"", local:"base-extension"). Expected elements are <{}codename>,<{}layoutlib>,<{}api-level>
[0K
[0K
[0K
[0K
[4A[1m<[0;32;1m=============[0;39;1m> 100% CONFIGURING [19s][m[38D[1B> IDLE[6D[1B> IDLE[6D[1B> IDLE[6D[1B[4A[1m<[0;32;1m=============[0;39;1m> 100% CONFIGURING [20s][m[38D[1B[1m> Resolve dependencies of :app:googleDebugCompileClasspath[m[58D[3B
[5A[1m<[0;1m-------------> 0% EXECUTING [20s][m[0K[0K[34D[1B[1m> Transforming artifact appcompat-1.2.0.aar (androidx.appcompat:appcompat:1.2.0[m[79D[1B[1m> Transforming artifact legacy-support-v4-1.0.0.aar (androidx.legacy:legacy-sup[m[79D[1B[1m> Transforming artifact viewpager2-1.0.0.aar (androidx.viewpager2:viewpager2:1.[m[79D[1B[1m> Transforming artifact multidex-2.0.0.aar (androidx.multidex:multidex:2.0.0) w[m[79D[1B[5A[1m<[0;32;1m=[0;39;1m------------> 9% EXECUTING [20s][m[34D[1B[1m> Transforming artifact piv-2.4.0.jar (com.yubico.yubikit:piv:2.4.0) with Jetif[m[79D[1B[1m> Transforming artifact core-2.4.0.jar (com.yubico.yubikit:core:2.4.0) with Jet[m[79D[1B[1m> Transforming artifact appcompat-1.2.0.aar (androidx.appcompat:appcompat:1.2.0[m[79D[2B[5A[1m<[0;32;1m===[0;39;1m----------> 24% EXECUTING [20s][m[35D[5B[5A[1m<[0;32;1m=====[0;39;1m--------> 40% EXECUTING [20s][m[35D[5B[5A[1m<[0;32;1m======[0;39;1m-------> 53% EXECUTING [20s][m[35D[5B[5A[1m<[0;31;1m======[0;39;1m-------> 53% EXECUTING [20s][m[35D[5B[5A[1m<[0;31;1m======[0;39;1m-------> 53% EXECUTING [21s][m[35D[5B[5A[1m<[0;31;1m=======[0;39;1m------> 56% EXECUTING [21s][m[35D[5B[5A[1m<[0;31;1m=======[0;39;1m------> 58% EXECUTING [21s][m[35D[5B[5A[0K
[1m> Task :app:externalNativeBuildGoogleDebug[m[0K
Build com_google_ase_Exec_armeabi-v7a[0K
ninja: Entering directory `/work/app/.cxx/cmake/googleDebug/armeabi-v7a'[0K
ninja: no work to do.[0K
Build com_google_ase_Exec_arm64-v8a
ninja: Entering directory `/work/app/.cxx/cmake/googleDebug/arm64-v8a'
ninja: no work to do.
Build com_google_ase_Exec_x86
ninja: Entering directory `/work/app/.cxx/cmake/googleDebug/x86'
ninja: no work to do.
Build com_google_ase_Exec_x86_64
ninja: Entering directory `/work/app/.cxx/cmake/googleDebug/x86_64'
ninja: no work to do.
[0K
[0K
[0K
[0K
[0K
[5A[1m<[0;31;1m=======[0;39;1m------> 59% EXECUTING [21s][m[35D[1B[1m> Transforming artifact piv-2.4.0.jar (com.yubico.yubikit:piv:2.4.0) with Jetif[m[79D[1B[1m> Transforming artifact core-2.4.0.jar (com.yubico.yubikit:core:2.4.0) with Jet[m[79D[1B[1m> Transforming artifact appcompat-1.2.0.aar (androidx.appcompat:appcompat:1.2.0[m[79D[1B[1m> Transforming artifact multidex-2.0.0.aar (androidx.multidex:multidex:2.0.0) w[m[79D[1B[5A[1m<[0;31;1m=======[0;39;1m------> 59% EXECUTING [22s][m[35D[5B[5A[1m<[0;31;1m=======[0;39;1m------> 59% EXECUTING [23s][m[35D[5B[5A[0K
[31;1m> Task :app:compileGoogleDebugJavaWithJavac[0;39m[31m FAILED[39m[0K
[0K
[31mFAILURE: [39m[31mBuild failed with an exception.[39m[0K
[0K
* What went wrong:
Execution failed for task ':app:compileGoogleDebugJavaWithJavac'.
[33m> [39mCould not resolve all files for configuration ':app:googleDebugCompileClasspath'.
   [33m> [39mFailed to transform sshlib-2.2.43.jar (com.github.connectbot:sshlib:2.2.43) to match attributes {artifactType=android-classes-jar, org.gradle.category=library, org.gradle.dependency.bundling=external, org.gradle.jvm.version=17, org.gradle.libraryelements=jar, org.gradle.status=release, org.gradle.usage=java-api}.
      [33m> [39mExecution failed for JetifyTransform: /home/gradle/.gradle/caches/modules-2/files-2.1/com.github.connectbot/sshlib/2.2.43/932d222ccdd1d0efb471396abc5a825b5b258ec4/sshlib-2.2.43.jar.
         [33m> [39mFailed to transform '/home/gradle/.gradle/caches/modules-2/files-2.1/com.github.connectbot/sshlib/2.2.43/932d222ccdd1d0efb471396abc5a825b5b258ec4/sshlib-2.2.43.jar' using Jetifier. Reason: IllegalArgumentException, message: Unsupported class file major version 61. (Run with --stacktrace for more details.)
           Suggestions:
            - Check out existing issues at https://issuetracker.google.com/issues?q=componentid:460323&s=modified_time:desc, it's possible that this issue has already been filed there.
            - If this issue has not been filed, please report it at https://issuetracker.google.com/issues/new?component=460323 (run with --stacktrace and provide a stack trace if possible).

* Try:
Run with [1m--stacktrace[m option to get the stack trace. Run with [1m--info[m or [1m--debug[m option to get more log output. Run with [1m--scan[m to get full insights.

* Get more help at [1mhttps://help.gradle.org[m

Deprecated Gradle features were used in this build, making it incompatible with Gradle 7.0.
Use '--warning-mode all' to show the individual deprecation warnings.
See https://docs.gradle.org/6.1.1/userguide/command_line_interface.html#sec:command_line_warnings

[31;1mBUILD FAILED[0;39m in 25s
11 actionable tasks: 5 executed, 6 up-to-date
[0K
[0K
[0K
[0K
[0K
[5A[1m<[0;1m-------------> 0% WAITING[m[26D[1B[1m> Transforming artifact piv-2.4.0.jar (com.yubico.yubikit:piv:2.4.0) with Jetif[m[79D[1B[1m> Transforming artifact core-2.4.0.jar (com.yubico.yubikit:core:2.4.0) with Jet[m[79D[1B[1m> Transforming artifact appcompat-1.2.0.aar (androidx.appcompat:appcompat:1.2.0[m[79D[1B[1m> Transforming artifact multidex-2.0.0.aar (androidx.multidex:multidex:2.0.0) w[m[79D[1B[5A[2K[1B[2K[1B[2K[1B[2K[1B[2K[4A[0m[?12l[?25h