

[1A[1m> Connecting to Daemon[m[22D[1B[2AStarting a Gradle Daemon, 2 incompatible and 3 stopped Daemons could not be reused, use --status for details
[1B[0K
[2A[0K[1B[1m> Starting Daemon[m[17D[1B[1A> IDLE[0K[6D[1B[2A[1m<[0;1m-------------> 0% INITIALIZING [72ms][m[38D[1B[1m> Evaluating settings[m[21D[1B[2A[1m<[0;1m-------------> 0% INITIALIZING [172ms][m[39D[2B[2A[1m<[0;1m-------------> 0% INITIALIZING [272ms][m[39D[2B[2A[1m<[0;1m-------------> 0% INITIALIZING [372ms][m[39D[2B[2A[1m<[0;1m-------------> 0% INITIALIZING [472ms][m[39D[2B[2A[1m<[0;1m-------------> 0% INITIALIZING [572ms][m[39D[2B[2A[1m<[0;1m-------------> 0% CONFIGURING [672ms][m[0K[38D[1B[1m> Loading projects[m[0K[18D[1B[2A[1m<[0;1m-------------> 0% CONFIGURING [772ms][m[38D[1B[1m> root project[m[0K[14D[1B[2A[1m<[0;1m-------------> 0% CONFIGURING [872ms][m[38D[1B[1m> root project > Resolve dependencies of detachedConfiguration1[m[63D[1B[2A[1m<[0;1m-------------> 0% CONFIGURING [972ms][m[38D[2B[2A[1m<[0;1m-------------> 0% CONFIGURING [1s][m[0K[35D[1B[1m> root project[m[0K[14D[1B[2A[1m<[0;32;1m====[0;39;1m---------> 33% CONFIGURING [1s][m[36D[1B[1m> :app > Compiling build file 'app/build.gradle'[m[48D[1B[1A[1m> :app > Resolve dependencies of :app:classpath[m[0K[47D[1B[1A[1m> :app[m[0K[6D[1B[2A[1m<[0;32;1m====[0;39;1m---------> 33% CONFIGURING [2s][m[36D[2B[1A[1m> :app > Compiling build file 'app/build.gradle'[m[48D[1B[1A[1m> :app[m[0K[6D[1B[2A[1m<[0;32;1m====[0;39;1m---------> 33% CONFIGURING [3s][m[36D[2B[2A[0K
[1m> Configure project :app[m[0K
WARNING:: The option setting 'android.aapt2FromMavenOverride=/opt/android-sdk-linux/build-tools/34.0.0/aapt2' is experimental.
No git repository reachable from /work/app
[0K
[0K
[2A[1m<[0;32;1m====[0;39;1m---------> 33% CONFIGURING [3s][m[36D[1B[1m> :app[m[6D[1B[2AWARNING:: Mapping new ns http://schemas.android.com/repository/android/common/02 to old ns http://schemas.android.com/repository/android/common/01[0K
Mapping new ns http://schemas.android.com/repository/android/common/02 to old ns http://schemas.android.com/repository/android/common/01[0K
WARNING:: Mapping new ns http://schemas.android.com/repository/android/generic/02 to old ns http://schemas.android.com/repository/android/generic/01
Mapping new ns http://schemas.android.com/repository/android/generic/02 to old ns http://schemas.android.com/repository/android/generic/01
WARNING:: Mapping new ns http://schemas.android.com/sdk/android/repo/addon2/02 to old ns http://schemas.android.com/sdk/android/repo/addon2/01
Mapping new ns http://schemas.android.com/sdk/android/repo/addon2/02 to old ns http://schemas.android.com/sdk/android/repo/addon2/01
WARNING:: Mapping new ns http://schemas.android.com/sdk/android/repo/addon2/03 to old ns http://schemas.android.com/sdk/android/repo/addon2/01
Mapping new ns http://schemas.android.com/sdk/android/repo/addon2/03 to old ns http://schemas.android.com/sdk/android/repo/addon2/01
WARNING:: Mapping new ns http://schemas.android.com/sdk/android/repo/repository2/02 to old ns http://schemas.android.com/sdk/android/repo/repository2/01
Mapping new ns http://schemas.android.com/sdk/android/repo/repository2/02 to old ns http://schemas.android.com/sdk/android/repo/repository2/01
WARNING:: Mapping new ns http://schemas.android.com/sdk/android/repo/repository2/03 to old ns http://schemas.android.com/sdk/android/repo/repository2/01
Mapping new ns http://schemas.android.com/sdk/android/repo/repository2/03 to old ns http://schemas.android.com/sdk/android/repo/repository2/01
WARNING:: Mapping new ns http://schemas.android.com/sdk/android/repo/sys-img2/03 to old ns http://schemas.android.com/sdk/android/repo/sys-img2/01
Mapping new ns http://schemas.android.com/sdk/android/repo/sys-img2/03 to old ns http://schemas.android.com/sdk/android/repo/sys-img2/01
WARNING:: Mapping new ns http://schemas.android.com/sdk/android/repo/sys-img2/02 to old ns http://schemas.android.com/sdk/android/repo/sys-img2/01
Mapping new ns http://schemas.android.com/sdk/android/repo/sys-img2/02 to old ns http://schemas.android.com/sdk/android/repo/sys-img2/01
[0K
[0K
[2A[1m<[0;32;1m====[0;39;1m---------> 33% CONFIGURING [3s][m[36D[1B[1m> :app[m[6D[1B[2AWARNING:: unexpected element (uri:"", local:"base-extension"). Expected elements are <{}codename>,<{}layoutlib>,<{}api-level>[0K
unexpected element (uri:"", local:"base-extension"). Expected elements are <{}codename>,<{}layoutlib>,<{}api-level>[0K
WARNING:: unexpected element (uri:"", local:"extension-level"). Expected elements are <{}codename>,<{}layoutlib>,<{}api-level>
unexpected element (uri:"", local:"extension-level"). Expected elements are <{}codename>,<{}layoutlib>,<{}api-level>
[0K
[0K
[2A[1m<[0;32;1m====[0;39;1m---------> 33% CONFIGURING [4s][m[36D[1B[1m> :app[m[6D[1B[2A[1m<[0;32;1m====[0;39;1m---------> 33% CONFIGURING [5s][m[36D[2B[2AWarning: Mapping new ns http://schemas.android.com/repository/android/common/02 to old ns http://schemas.android.com/repository/android/common/01[0K
Warning: Mapping new ns http://schemas.android.com/repository/android/generic/02 to old ns http://schemas.android.com/repository/android/generic/01[0K
Warning: Mapping new ns http://schemas.android.com/sdk/android/repo/addon2/02 to old ns http://schemas.android.com/sdk/android/repo/addon2/01
Warning: Mapping new ns http://schemas.android.com/sdk/android/repo/addon2/03 to old ns http://schemas.android.com/sdk/android/repo/addon2/01
Warning: Mapping new ns http://schemas.android.com/sdk/android/repo/repository2/02 to old ns http://schemas.android.com/sdk/android/repo/repository2/01
Warning: Mapping new ns http://schemas.android.com/sdk/android/repo/repository2/03 to old ns http://schemas.android.com/sdk/android/repo/repository2/01
Warning: Mapping new ns http://schemas.android.com/sdk/android/repo/sys-img2/03 to old ns http://schemas.android.com/sdk/android/repo/sys-img2/01
Warning: Mapping new ns http://schemas.android.com/sdk/android/repo/sys-img2/02 to old ns http://schemas.android.com/sdk/android/repo/sys-img2/01
Warning: Mapping new ns http://schemas.android.com/repository/android/common/02 to old ns http://schemas.android.com/repository/android/common/01
Warning: Mapping new ns http://schemas.android.com/repository/android/generic/02 to old ns http://schemas.android.com/repository/android/generic/01
Warning: Mapping new ns http://schemas.android.com/sdk/android/repo/addon2/02 to old ns http://schemas.android.com/sdk/android/repo/addon2/01
Warning: Mapping new ns http://schemas.android.com/sdk/android/repo/addon2/03 to old ns http://schemas.android.com/sdk/android/repo/addon2/01
Warning: Mapping new ns http://schemas.android.com/sdk/android/repo/repository2/02 to old ns http://schemas.android.com/sdk/android/repo/repository2/01
Warning: Mapping new ns http://schemas.android.com/sdk/android/repo/repository2/03 to old ns http://schemas.android.com/sdk/android/repo/repository2/01
Warning: Mapping new ns http://schemas.android.com/sdk/android/repo/sys-img2/03 to old ns http://schemas.android.com/sdk/android/repo/sys-img2/01
Warning: Mapping new ns http://schemas.android.com/sdk/android/repo/sys-img2/02 to old ns http://schemas.android.com/sdk/android/repo/sys-img2/01
Warning: unexpected element (uri:"", local:"extension-level"). Expected elements are <{}codename>,<{}layoutlib>,<{}api-level>
Warning: unexpected element (uri:"", local:"base-extension"). Expected elements are <{}codename>,<{}layoutlib>,<{}api-level>
[0K
[0K
[2A[1m<[0;32;1m====[0;39;1m---------> 33% CONFIGURING [5s][m[36D[1B[1m> :app[m[6D[1B[2A[1m<[0;32;1m========[0;39;1m-----> 66% CONFIGURING [5s][m[36D[1B[1m> :translations[m[15D[1B[2A[1m<[0;32;1m=============[0;39;1m> 100% CONFIGURING [6s][m[37D[1B> IDLE[0K[6D[1B[2A[1m<[0;1m-------------> 2% EXECUTING [6s][m[0K[33D[1B[1m> :app:compileGoogleDebugAidl[m[29D[1B[2A[1m<[0;1m-------------> 5% EXECUTING [6s][m[33D[1B[1m> :app:javaPreCompileGoogleDebug[m[32D[1B[2A[1m<[0;1m-------------> 7% EXECUTING [6s][m[33D[1B[1m> :app:checkGoogleDebugAarMetadata > Resolve dependencies of :app:googleDebugRu[m[79D[1B


[4A[1m> :app:checkGoogleDebugAarMetadata > Resolve files of :app:googleDebugRuntimeCl[m[79D[1B[1m> :app:checkGoogleDebugAarMetadata > Resolve files of :app:googleDebugRuntimeCl[m[79D[1B[1m> :app:checkGoogleDebugAarMetadata > Resolve files of :app:googleDebugRuntimeCl[m[79D[1B[1m> :app:checkGoogleDebugAarMetadata > Resolve files of :app:googleDebugRuntimeCl[m[79D[1B[5A[1m<[0;32;1m=[0;39;1m------------> 10% EXECUTING [6s][m[34D[1B> IDLE[0K[6D[2B[1m> :app:mergeGoogleDebugResources[m[0K[32D[1B> IDLE[0K[6D[1B[5A[1m<[0;32;1m=[0;39;1m------------> 10% EXECUTING [7s][m[34D[5B[5A[1m<[0;32;1m=[0;39;1m------------> 10% EXECUTING [8s][m[34D[5B[4A[1m> :app:createGoogleDebugCompatibleScreenManifests > Packing build cache entry[m[77D[4B[5A[1m<[0;32;1m=[0;39;1m------------> 13% EXECUTING [8s][m[34D[1B[1m> :app:checkGoogleDebugAarMetadata > Resolve files of :app:googleDebugRuntimeCl[m[79D[3B[1m> :app:processGoogleDebugMainManifest[m[37D[1B[5A[1m<[0;32;1m=[0;39;1m------------> 13% EXECUTING [9s][m[34D[3B[1m> :app:mergeGoogleDebugResources > Packing build cache entry[m[60D[1B[1m> :app:processGoogleDebugMainManifest > Packing build cache entry[m[65D[1B[5A[1m<[0;32;1m=[0;39;1m------------> 14% EXECUTING [9s][m[34D[4B[1m> :app:checkGoogleDebugAarMetadata > Resolve files of :app:googleDebugRuntimeCl[m[79D[1B[5A[1m<[0;32;1m==[0;39;1m-----------> 16% EXECUTING [9s][m[34D[3B[1m> :app:processGoogleDebugManifestForPackage[m[0K[43D[2B[5A[1m<[0;32;1m==[0;39;1m-----------> 16% EXECUTING [10s][m[35D[5B[5A[1m<[0;32;1m==[0;39;1m-----------> 16% EXECUTING [11s][m[35D[5B[5A[1m<[0;32;1m==[0;39;1m-----------> 17% EXECUTING [11s][m[35D[5B[5A[0K
[1m> Task :app:externalNativeBuildGoogleDebug[m[0K
Build com_google_ase_Exec_armeabi-v7a[0K
ninja: Entering directory `/work/app/.cxx/cmake/googleDebug/armeabi-v7a'[0K
Build com_google_ase_Exec_arm64-v8a[0K
ninja: Entering directory `/work/app/.cxx/cmake/googleDebug/arm64-v8a'
Build com_google_ase_Exec_x86
ninja: Entering directory `/work/app/.cxx/cmake/googleDebug/x86'
Build com_google_ase_Exec_x86_64
ninja: Entering directory `/work/app/.cxx/cmake/googleDebug/x86_64'
[0K
[0K
[0K
[0K
[0K
[5A[1m<[0;32;1m===[0;39;1m----------> 23% EXECUTING [12s][m[35D[1B[1m> :app:checkGoogleDebugAarMetadata > Resolve files of :app:googleDebugRuntimeCl[m[79D[1B[1m> :app:checkGoogleDebugAarMetadata > Resolve files of :app:googleDebugRuntimeCl[m[79D[1B[1m> :app:processGoogleDebugManifestForPackage[m[43D[1B[1m> :app:checkGoogleDebugAarMetadata > Resolve files of :app:googleDebugRuntimeCl[m[79D[1B[5A[1m<[0;32;1m===[0;39;1m----------> 26% EXECUTING [12s][m[35D[5B[5A[1m<[0;32;1m===[0;39;1m----------> 26% EXECUTING [13s][m[35D[5B[5A[1m<[0;32;1m====[0;39;1m---------> 30% EXECUTING [13s][m[35D[5B[5A[1m<[0;32;1m=====[0;39;1m--------> 39% EXECUTING [13s][m[35D[5B[5A[1m<[0;32;1m=====[0;39;1m--------> 44% EXECUTING [14s][m[35D[5B[5A[1m<[0;32;1m=====[0;39;1m--------> 45% EXECUTING [14s][m[35D[5B[5A[1m<[0;32;1m======[0;39;1m-------> 48% EXECUTING [15s][m[35D[5B[5A[1m<[0;32;1m======[0;39;1m-------> 51% EXECUTING [15s][m[35D[5B[5A[1m<[0;32;1m======[0;39;1m-------> 52% EXECUTING [15s][m[35D[5B[5A[1m<[0;32;1m======[0;39;1m-------> 52% EXECUTING [16s][m[35D[5B[5A[1m<[0;32;1m======[0;39;1m-------> 52% EXECUTING [17s][m[35D[5B[5A[1m<[0;32;1m======[0;39;1m-------> 53% EXECUTING [17s][m[35D[5B[5A[0K
[1m> Task :app:externalNativeBuildOssDebug[m[0K
Build com_google_ase_Exec_armeabi-v7a[0K
ninja: Entering directory `/work/app/.cxx/cmake/ossDebug/armeabi-v7a'[0K
Build com_google_ase_Exec_arm64-v8a[0K
ninja: Entering directory `/work/app/.cxx/cmake/ossDebug/arm64-v8a'
Build com_google_ase_Exec_x86
ninja: Entering directory `/work/app/.cxx/cmake/ossDebug/x86'
Build com_google_ase_Exec_x86_64
ninja: Entering directory `/work/app/.cxx/cmake/ossDebug/x86_64'
[0K
[0K
[0K
[0K
[0K
[5A[1m<[0;32;1m=========[0;39;1m----> 71% EXECUTING [17s][m[35D[1B[1m> :app:checkGoogleDebugAarMetadata > Resolve files of :app:googleDebugRuntimeCl[m[79D[1B[1m> :app:checkGoogleDebugAarMetadata > Resolve files of :app:googleDebugRuntimeCl[m[79D[1B[1m> :app:checkGoogleDebugDuplicateClasses > Resolve files of :app:googleDebugRunt[m[79D[1B[1m> :app:checkGoogleDebugAarMetadata > Resolve files of :app:googleDebugRuntimeCl[m[79D[1B[5A[1m<[0;32;1m=========[0;39;1m----> 72% EXECUTING [17s][m[35D[5B[5A[1m<[0;32;1m=========[0;39;1m----> 72% EXECUTING [18s][m[35D[5B[5A[0K
[31;1m> Task :app:processGoogleDebugResources[0;39m[31m FAILED[39m[0K
[31;1m> Task :app:processOssDebugResources[0;39m[31m FAILED[39m[0K
[2B[0K
[0K
[0K
[5A[1m<[0;31;1m=========[0;39;1m----> 75% EXECUTING [18s][m[0K[35D[1B[1m> :app:checkGoogleDebugAarMetadata > Resolve files of :app:googleDebugRuntimeCl[m[79D[1B[1m> :app:checkGoogleDebugAarMetadata > Resolve files of :app:googleDebugRuntimeCl[m[79D[1B[1m> :app:checkGoogleDebugDuplicateClasses > Resolve files of :app:googleDebugRunt[m[79D[1B[1m> :app:checkGoogleDebugAarMetadata > Resolve files of :app:googleDebugRuntimeCl[m[79D[1B[5A[0K
[31mFAILURE: Build completed with 2 failures.[39m[0K
[0K
[31m1: [39m[31mTask failed with an exception.[39m[0K
-----------[0K
* What went wrong:
Execution failed for task ':app:processGoogleDebugResources'.
[33m> [39mA failure occurred while executing com.android.build.gradle.internal.res.LinkApplicationAndroidResourcesTask$TaskAction
   [33m> [39mAndroid resource linking failed
     ERROR:/work/app/src/main/res/layout/bottom_sheet_web.xml:52: AAPT: error: resource drawable/ic_usb_nfc_security_key (aka org.sufficientlysecure.termbot.debug:drawable/ic_usb_nfc_security_key) not found.
         
     ERROR:/work/app/src/main/res/layout/dia_pubkey_add.xml:40: AAPT: error: resource drawable/ic_usb_nfc_security_key_plus (aka org.sufficientlysecure.termbot.debug:drawable/ic_usb_nfc_security_key_plus) not found.
         
     ERROR:/work/app/src/main/res/layout/dia_pubkey_add.xml:51: AAPT: error: resource drawable/ic_usb_nfc_security_key_plus (aka org.sufficientlysecure.termbot.debug:drawable/ic_usb_nfc_security_key_plus) not found.
         
     ERROR:/work/app/src/main/res/layout/dia_pubkey_add.xml:62: AAPT: error: resource drawable/ic_usb_nfc_security_key_plus (aka org.sufficientlysecure.termbot.debug:drawable/ic_usb_nfc_security_key_plus) not found.
         
     ERROR:/work/app/src/main/res/layout/dia_pubkey_add.xml:73: AAPT: error: resource drawable/ic_usb_nfc_security_key (aka org.sufficientlysecure.termbot.debug:drawable/ic_usb_nfc_security_key) not found.
         

* Try:
Run with [1m--stacktrace[m option to get the stack trace. Run with [1m--info[m or [1m--debug[m option to get more log output. Run with [1m--scan[m to get full insights.
==============================================================================

[31m2: [39m[31mTask failed with an exception.[39m
-----------
* What went wrong:
Execution failed for task ':app:processOssDebugResources'.
[33m> [39mA failure occurred while executing com.android.build.gradle.internal.res.LinkApplicationAndroidResourcesTask$TaskAction
   [33m> [39mAndroid resource linking failed
     ERROR:/work/app/src/main/res/layout/bottom_sheet_web.xml:52: AAPT: error: resource drawable/ic_usb_nfc_security_key (aka org.sufficientlysecure.termbot.debug:drawable/ic_usb_nfc_security_key) not found.
         
     ERROR:/work/app/src/main/res/layout/dia_pubkey_add.xml:40: AAPT: error: resource drawable/ic_usb_nfc_security_key_plus (aka org.sufficientlysecure.termbot.debug:drawable/ic_usb_nfc_security_key_plus) not found.
         
     ERROR:/work/app/src/main/res/layout/dia_pubkey_add.xml:51: AAPT: error: resource drawable/ic_usb_nfc_security_key_plus (aka org.sufficientlysecure.termbot.debug:drawable/ic_usb_nfc_security_key_plus) not found.
         
     ERROR:/work/app/src/main/res/layout/dia_pubkey_add.xml:62: AAPT: error: resource drawable/ic_usb_nfc_security_key_plus (aka org.sufficientlysecure.termbot.debug:drawable/ic_usb_nfc_security_key_plus) not found.
         
     ERROR:/work/app/src/main/res/layout/dia_pubkey_add.xml:73: AAPT: error: resource drawable/ic_usb_nfc_security_key (aka org.sufficientlysecure.termbot.debug:drawable/ic_usb_nfc_security_key) not found.
         

* Try:
Run with [1m--stacktrace[m option to get the stack trace. Run with [1m--info[m or [1m--debug[m option to get more log output. Run with [1m--scan[m to get full insights.
==============================================================================

* Get more help at [1mhttps://help.gradle.org[m

Deprecated Gradle features were used in this build, making it incompatible with Gradle 7.0.
Use '--warning-mode all' to show the individual deprecation warnings.
See https://docs.gradle.org/6.7.1/userguide/command_line_interface.html#sec:command_line_warnings

[31;1mBUILD FAILED[0;39m in 20s
47 actionable tasks: 27 executed, 3 from cache, 17 up-to-date
[0K
[0K
[0K
[0K
[0K
[5A[1m<[0;1m-------------> 0% WAITING[m[26D[1B[1m> :app:checkGoogleDebugAarMetadata > Resolve files of :app:googleDebugRuntimeCl[m[79D[1B[1m> :app:checkGoogleDebugAarMetadata > Resolve files of :app:googleDebugRuntimeCl[m[79D[1B[1m> :app:checkGoogleDebugDuplicateClasses > Resolve files of :app:googleDebugRunt[m[79D[1B[1m> :app:checkGoogleDebugAarMetadata > Resolve files of :app:googleDebugRuntimeCl[m[79D[1B[5A[2K[1B[2K[1B[2K[1B[2K[1B[2K[4A[0m[?12l[?25h