Starting a Gradle Daemon, 2 incompatible and 2 stopped Daemons could not be reused, use --status for details


[2A[1B[1m> Starting Daemon[m[17D[1B[1A> IDLE[0K[6D[1B[2A[1m<[0;1m-------------> 0% INITIALIZING [37ms][m[38D[1B[1m> Evaluating settings[m[21D[1B[2A[1m<[0;1m-------------> 0% INITIALIZING [137ms][m[39D[2B[2A[1m<[0;1m-------------> 0% INITIALIZING [237ms][m[39D[2B[2A[1m<[0;1m-------------> 0% INITIALIZING [337ms][m[39D[2B[2A[1m<[0;1m-------------> 0% INITIALIZING [437ms][m[39D[2B[2A[1m<[0;1m-------------> 0% INITIALIZING [537ms][m[39D[2B[2A[1m<[0;1m-------------> 0% INITIALIZING [637ms][m[39D[2B[2A[1m<[0;1m-------------> 0% CONFIGURING [737ms][m[0K[38D[1B[1m> Loading projects[m[0K[18D[1B[2A[1m<[0;1m-------------> 0% CONFIGURING [837ms][m[38D[1B[1m> root project[m[0K[14D[1B[2A[1m<[0;1m-------------> 0% CONFIGURING [937ms][m[38D[2B[2A[1m<[0;1m-------------> 0% CONFIGURING [1s][m[0K[35D[1B[1m> root project > Resolve dependencies of detachedConfiguration1[m[63D[1B[1A[1m> root project > Resolve dependencies of :classpath[m[0K[51D[1B[1A[1m> root project[m[0K[14D[1B[2A[1m<[0;32;1m====[0;39;1m---------> 33% CONFIGURING [1s][m[36D[1B[1m> :app > Compiling /work/app/build.gradle into local compilation cache > Compil[m[79D[1B[1A[1m> :app[m[0K[6D[1B[1A[1m> :app > Resolve dependencies of :app:classpath[m[47D[1B[1A[1m> :app[m[0K[6D[1B[2A[1m<[0;32;1m====[0;39;1m---------> 33% CONFIGURING [2s][m[36D[2B[2A[1m<[0;32;1m====[0;39;1m---------> 33% CONFIGURING [3s][m[36D[2B[1A[1m> :app > Compiling /work/app/build.gradle into local compilation cache > Compil[m[79D[1B[1A[1m> :app[m[0K[6D[1B[2A[0K
[1m> Configure project :app[m[0K
No git repository reachable from /work/app
[0K
[0K
[2A[1m<[0;32;1m====[0;39;1m---------> 33% CONFIGURING [3s][m[36D[1B[1m> :app[m[6D[1B[2A[1m<[0;32;1m====[0;39;1m---------> 33% CONFIGURING [4s][m[36D[2B[2A[1m<[0;32;1m====[0;39;1m---------> 33% CONFIGURING [5s][m[36D[2B[2A[1m<[0;32;1m========[0;39;1m-----> 66% CONFIGURING [5s][m[36D[1B[1m> :translations[m[15D[1B[2A[1m<[0;32;1m=============[0;39;1m> 100% CONFIGURING [6s][m[37D[1B[1m> Resolve dependencies of :app:ossDebugRuntimeClasspath[m[55D[1B[1A[1m> Resolve dependencies of :app:ossDebugCompileClasspath[m[55D[1B[1A> IDLE[0K[6D[1B[2AWarning: Mapping new ns http://schemas.android.com/repository/android/common/02 to old ns http://schemas.android.com/repository/android/common/01[0K
Warning: Mapping new ns http://schemas.android.com/repository/android/generic/02 to old ns http://schemas.android.com/repository/android/generic/01[0K
Warning: Mapping new ns http://schemas.android.com/sdk/android/repo/addon2/02 to old ns http://schemas.android.com/sdk/android/repo/addon2/01
Warning: Mapping new ns http://schemas.android.com/sdk/android/repo/addon2/03 to old ns http://schemas.android.com/sdk/android/repo/addon2/01
Warning: Mapping new ns http://schemas.android.com/sdk/android/repo/repository2/02 to old ns http://schemas.android.com/sdk/android/repo/repository2/01
Warning: Mapping new ns http://schemas.android.com/sdk/android/repo/repository2/03 to old ns http://schemas.android.com/sdk/android/repo/repository2/01
Warning: Mapping new ns http://schemas.android.com/sdk/android/repo/sys-img2/03 to old ns http://schemas.android.com/sdk/android/repo/sys-img2/01
Warning: Mapping new ns http://schemas.android.com/sdk/android/repo/sys-img2/02 to old ns http://schemas.android.com/sdk/android/repo/sys-img2/01
Warning: Mapping new ns http://schemas.android.com/repository/android/common/02 to old ns http://schemas.android.com/repository/android/common/01
Warning: Mapping new ns http://schemas.android.com/repository/android/generic/02 to old ns http://schemas.android.com/repository/android/generic/01
Warning: Mapping new ns http://schemas.android.com/sdk/android/repo/addon2/02 to old ns http://schemas.android.com/sdk/android/repo/addon2/01
Warning: Mapping new ns http://schemas.android.com/sdk/android/repo/addon2/03 to old ns http://schemas.android.com/sdk/android/repo/addon2/01
Warning: Mapping new ns http://schemas.android.com/sdk/android/repo/repository2/02 to old ns http://schemas.android.com/sdk/android/repo/repository2/01
Warning: Mapping new ns http://schemas.android.com/sdk/android/repo/repository2/03 to old ns http://schemas.android.com/sdk/android/repo/repository2/01
Warning: Mapping new ns http://schemas.android.com/sdk/android/repo/sys-img2/03 to old ns http://schemas.android.com/sdk/android/repo/sys-img2/01
Warning: Mapping new ns http://schemas.android.com/sdk/android/repo/sys-img2/02 to old ns http://schemas.android.com/sdk/android/repo/sys-img2/01
[0K
[0K
[2A[1m<[0;32;1m=============[0;39;1m> 100% CONFIGURING [6s][m[37D[1B> IDLE[6D[1B[2AWarning: unexpected element (uri:"", local:"base-extension"). Expected elements are <{}codename>,<{}layoutlib>,<{}api-level>[0K
[1B[0K
[2A[1m<[0;32;1m=============[0;39;1m> 100% CONFIGURING [6s][m[37D[1B> IDLE[6D[1B[2AMapping new ns http://schemas.android.com/repository/android/common/02 to old ns http://schemas.android.com/repository/android/common/01[0K
Mapping new ns http://schemas.android.com/repository/android/generic/02 to old ns http://schemas.android.com/repository/android/generic/01[0K
Mapping new ns http://schemas.android.com/sdk/android/repo/addon2/02 to old ns http://schemas.android.com/sdk/android/repo/addon2/01
Mapping new ns http://schemas.android.com/sdk/android/repo/addon2/03 to old ns http://schemas.android.com/sdk/android/repo/addon2/01
Mapping new ns http://schemas.android.com/sdk/android/repo/repository2/02 to old ns http://schemas.android.com/sdk/android/repo/repository2/01
Mapping new ns http://schemas.android.com/sdk/android/repo/repository2/03 to old ns http://schemas.android.com/sdk/android/repo/repository2/01
Mapping new ns http://schemas.android.com/sdk/android/repo/sys-img2/03 to old ns http://schemas.android.com/sdk/android/repo/sys-img2/01
Mapping new ns http://schemas.android.com/sdk/android/repo/sys-img2/02 to old ns http://schemas.android.com/sdk/android/repo/sys-img2/01
Mapping new ns http://schemas.android.com/repository/android/common/02 to old ns http://schemas.android.com/repository/android/common/01
Mapping new ns http://schemas.android.com/repository/android/generic/02 to old ns http://schemas.android.com/repository/android/generic/01
Mapping new ns http://schemas.android.com/sdk/android/repo/addon2/02 to old ns http://schemas.android.com/sdk/android/repo/addon2/01
Mapping new ns http://schemas.android.com/sdk/android/repo/addon2/03 to old ns http://schemas.android.com/sdk/android/repo/addon2/01
Mapping new ns http://schemas.android.com/sdk/android/repo/repository2/02 to old ns http://schemas.android.com/sdk/android/repo/repository2/01
Mapping new ns http://schemas.android.com/sdk/android/repo/repository2/03 to old ns http://schemas.android.com/sdk/android/repo/repository2/01
Mapping new ns http://schemas.android.com/sdk/android/repo/sys-img2/03 to old ns http://schemas.android.com/sdk/android/repo/sys-img2/01
Mapping new ns http://schemas.android.com/sdk/android/repo/sys-img2/02 to old ns http://schemas.android.com/sdk/android/repo/sys-img2/01
Mapping new ns http://schemas.android.com/repository/android/common/02 to old ns http://schemas.android.com/repository/android/common/01
Mapping new ns http://schemas.android.com/repository/android/generic/02 to old ns http://schemas.android.com/repository/android/generic/01
Mapping new ns http://schemas.android.com/sdk/android/repo/addon2/02 to old ns http://schemas.android.com/sdk/android/repo/addon2/01
Mapping new ns http://schemas.android.com/sdk/android/repo/addon2/03 to old ns http://schemas.android.com/sdk/android/repo/addon2/01
Mapping new ns http://schemas.android.com/sdk/android/repo/repository2/02 to old ns http://schemas.android.com/sdk/android/repo/repository2/01
Mapping new ns http://schemas.android.com/sdk/android/repo/repository2/03 to old ns http://schemas.android.com/sdk/android/repo/repository2/01
Mapping new ns http://schemas.android.com/sdk/android/repo/sys-img2/03 to old ns http://schemas.android.com/sdk/android/repo/sys-img2/01
Mapping new ns http://schemas.android.com/sdk/android/repo/sys-img2/02 to old ns http://schemas.android.com/sdk/android/repo/sys-img2/01
Mapping new ns http://schemas.android.com/repository/android/common/02 to old ns http://schemas.android.com/repository/android/common/01
Mapping new ns http://schemas.android.com/repository/android/generic/02 to old ns http://schemas.android.com/repository/android/generic/01
Mapping new ns http://schemas.android.com/sdk/android/repo/addon2/02 to old ns http://schemas.android.com/sdk/android/repo/addon2/01
Mapping new ns http://schemas.android.com/sdk/android/repo/addon2/03 to old ns http://schemas.android.com/sdk/android/repo/addon2/01
Mapping new ns http://schemas.android.com/sdk/android/repo/repository2/02 to old ns http://schemas.android.com/sdk/android/repo/repository2/01
Mapping new ns http://schemas.android.com/sdk/android/repo/repository2/03 to old ns http://schemas.android.com/sdk/android/repo/repository2/01
Mapping new ns http://schemas.android.com/sdk/android/repo/sys-img2/03 to old ns http://schemas.android.com/sdk/android/repo/sys-img2/01
Mapping new ns http://schemas.android.com/sdk/android/repo/sys-img2/02 to old ns http://schemas.android.com/sdk/android/repo/sys-img2/01
Mapping new ns http://schemas.android.com/repository/android/common/02 to old ns http://schemas.android.com/repository/android/common/01
Mapping new ns http://schemas.android.com/repository/android/generic/02 to old ns http://schemas.android.com/repository/android/generic/01
Mapping new ns http://schemas.android.com/sdk/android/repo/addon2/02 to old ns http://schemas.android.com/sdk/android/repo/addon2/01
Mapping new ns http://schemas.android.com/sdk/android/repo/addon2/03 to old ns http://schemas.android.com/sdk/android/repo/addon2/01
Mapping new ns http://schemas.android.com/sdk/android/repo/repository2/02 to old ns http://schemas.android.com/sdk/android/repo/repository2/01
Mapping new ns http://schemas.android.com/sdk/android/repo/repository2/03 to old ns http://schemas.android.com/sdk/android/repo/repository2/01
Mapping new ns http://schemas.android.com/sdk/android/repo/sys-img2/03 to old ns http://schemas.android.com/sdk/android/repo/sys-img2/01
Mapping new ns http://schemas.android.com/sdk/android/repo/sys-img2/02 to old ns http://schemas.android.com/sdk/android/repo/sys-img2/01
Mapping new ns http://schemas.android.com/repository/android/common/02 to old ns http://schemas.android.com/repository/android/common/01
Mapping new ns http://schemas.android.com/repository/android/generic/02 to old ns http://schemas.android.com/repository/android/generic/01
Mapping new ns http://schemas.android.com/sdk/android/repo/addon2/02 to old ns http://schemas.android.com/sdk/android/repo/addon2/01
Mapping new ns http://schemas.android.com/sdk/android/repo/addon2/03 to old ns http://schemas.android.com/sdk/android/repo/addon2/01
Mapping new ns http://schemas.android.com/sdk/android/repo/repository2/02 to old ns http://schemas.android.com/sdk/android/repo/repository2/01
Mapping new ns http://schemas.android.com/sdk/android/repo/repository2/03 to old ns http://schemas.android.com/sdk/android/repo/repository2/01
Mapping new ns http://schemas.android.com/sdk/android/repo/sys-img2/03 to old ns http://schemas.android.com/sdk/android/repo/sys-img2/01
Mapping new ns http://schemas.android.com/sdk/android/repo/sys-img2/02 to old ns http://schemas.android.com/sdk/android/repo/sys-img2/01
unexpected element (uri:"", local:"base-extension"). Expected elements are <{}codename>,<{}layoutlib>,<{}api-level>
Mapping new ns http://schemas.android.com/repository/android/common/02 to old ns http://schemas.android.com/repository/android/common/01
Mapping new ns http://schemas.android.com/repository/android/generic/02 to old ns http://schemas.android.com/repository/android/generic/01
Mapping new ns http://schemas.android.com/sdk/android/repo/addon2/02 to old ns http://schemas.android.com/sdk/android/repo/addon2/01
Mapping new ns http://schemas.android.com/sdk/android/repo/addon2/03 to old ns http://schemas.android.com/sdk/android/repo/addon2/01
Mapping new ns http://schemas.android.com/sdk/android/repo/repository2/02 to old ns http://schemas.android.com/sdk/android/repo/repository2/01
Mapping new ns http://schemas.android.com/sdk/android/repo/repository2/03 to old ns http://schemas.android.com/sdk/android/repo/repository2/01
Mapping new ns http://schemas.android.com/sdk/android/repo/sys-img2/03 to old ns http://schemas.android.com/sdk/android/repo/sys-img2/01
Mapping new ns http://schemas.android.com/sdk/android/repo/sys-img2/02 to old ns http://schemas.android.com/sdk/android/repo/sys-img2/01
unexpected element (uri:"", local:"extension-level"). Expected elements are <{}codename>,<{}layoutlib>,<{}api-level>
unexpected element (uri:"", local:"base-extension"). Expected elements are <{}codename>,<{}layoutlib>,<{}api-level>
[0K
[0K
[2A[1m<[0;32;1m=============[0;39;1m> 100% CONFIGURING [6s][m[37D[1B> IDLE[6D[1B


[5A[1m<[0;1m-------------> 0% EXECUTING [6s][m[0K[33D[1B[1m> Transforming artifact material-1.3.0.aar (com.google.android.material:materia[m[79D[1B[1m> Transforming artifact appcompat-1.2.0.aar (androidx.appcompat:appcompat:1.2.0[m[79D[1B[1m> Transforming artifact legacy-support-v4-1.0.0.aar (androidx.legacy:legacy-sup[m[79D[1B[1m> Transforming artifact preference-1.1.0.aar (androidx.preference:preference:1.[m[79D[1B[5A[1m<[0;1m-------------> 6% EXECUTING [6s][m[33D[1B[1m> Transforming artifact lifecycle-runtime-2.3.0.aar (androidx.lifecycle:lifecyc[m[79D[1B[1m> Transforming artifact core-1.3.1.aar (androidx.core:core:1.3.1) with JetifyTr[m[79D[1B[1m> Transforming artifact lifecycle-runtime-2.3.0.aar (androidx.lifecycle:lifecyc[m[79D[1B[1m> Transforming artifact legacy-support-core-utils-1.0.0.aar (androidx.legacy:le[m[79D[1B[5A[1m<[0;32;1m==[0;39;1m-----------> 20% EXECUTING [7s][m[34D[1B[1m> Transforming artifact core-runtime-2.1.0.aar (androidx.arch.core:core-runtime[m[79D[1B[1m> Transforming artifact preference-1.1.0.aar (androidx.preference:preference:1.[m[79D[1B[1m> Transforming artifact loader-1.0.0.aar (androidx.loader:loader:1.0.0) with Aa[m[79D[1B[1m> Transforming artifact material-1.3.0.aar (com.google.android.material:materia[m[79D[1B[5A[1m<[0;32;1m===[0;39;1m----------> 30% EXECUTING [7s][m[34D[2B[1m> Transforming artifact lifecycle-livedata-2.0.0.aar (androidx.lifecycle:lifecy[m[79D[2B[1m> Transforming artifact core-runtime-2.1.0.aar (androidx.arch.core:core-runtime[m[79D[1B[5A[1m<[0;32;1m====[0;39;1m---------> 31% EXECUTING [7s][m[34D[5B[5A[1m<[0;32;1m======[0;39;1m-------> 51% EXECUTING [7s][m[34D[5B[5A[1m<[0;32;1m=======[0;39;1m------> 54% EXECUTING [7s][m[34D[5B[5A[1m<[0;32;1m=======[0;39;1m------> 54% EXECUTING [8s][m[34D[5B[5A[1m<[0;32;1m=======[0;39;1m------> 59% EXECUTING [8s][m[34D[5B[5A[0K
[1m> Task :app:externalNativeBuildGoogleDebug[m[0K
Build com_google_ase_Exec_armeabi-v7a[0K
ninja: Entering directory `/work/app/.cxx/cmake/googleDebug/armeabi-v7a'[0K
ninja: no work to do.[0K
Build com_google_ase_Exec_arm64-v8a
ninja: Entering directory `/work/app/.cxx/cmake/googleDebug/arm64-v8a'
ninja: no work to do.
Build com_google_ase_Exec_x86
ninja: Entering directory `/work/app/.cxx/cmake/googleDebug/x86'
ninja: no work to do.
Build com_google_ase_Exec_x86_64
ninja: Entering directory `/work/app/.cxx/cmake/googleDebug/x86_64'
ninja: no work to do.
[0K
[0K
[0K
[0K
[0K
[5A[1m<[0;32;1m=======[0;39;1m------> 60% EXECUTING [9s][m[34D[1B[1m> Transforming artifact core-runtime-2.1.0.aar (androidx.arch.core:core-runtime[m[79D[1B[1m> Transforming artifact lifecycle-livedata-2.0.0.aar (androidx.lifecycle:lifecy[m[79D[1B[1m> Transforming artifact loader-1.0.0.aar (androidx.loader:loader:1.0.0) with Aa[m[79D[1B[1m> Transforming artifact core-runtime-2.1.0.aar (androidx.arch.core:core-runtime[m[79D[1B[5A[1m<[0;32;1m=======[0;39;1m------> 60% EXECUTING [10s][m[35D[5B[5A[1m<[0;32;1m=======[0;39;1m------> 60% EXECUTING [11s][m[35D[5B[5A[0K
[31;1m> Task :app:compileGoogleDebugJavaWithJavac[0;39m[31m FAILED[39m[0K
[0K
[31mFAILURE: [39m[31mBuild failed with an exception.[39m[0K
[0K
* What went wrong:
Execution failed for task ':app:compileGoogleDebugJavaWithJavac'.
[33m> [39mFailed to clean up stale outputs

* Try:
Run with [1m--stacktrace[m option to get the stack trace. Run with [1m--info[m or [1m--debug[m option to get more log output. Run with [1m--scan[m to get full insights.

* Get more help at [1mhttps://help.gradle.org[m

Deprecated Gradle features were used in this build, making it incompatible with Gradle 7.0.
Use '--warning-mode all' to show the individual deprecation warnings.
See https://docs.gradle.org/6.1.1/userguide/command_line_interface.html#sec:command_line_warnings

[31;1mBUILD FAILED[0;39m in 12s
11 actionable tasks: 7 executed, 4 up-to-date
[0K
[0K
[0K
[0K
[0K
[5A[1m<[0;1m-------------> 0% WAITING[m[26D[1B[1m> Transforming artifact core-runtime-2.1.0.aar (androidx.arch.core:core-runtime[m[79D[1B[1m> Transforming artifact lifecycle-livedata-2.0.0.aar (androidx.lifecycle:lifecy[m[79D[1B[1m> Transforming artifact loader-1.0.0.aar (androidx.loader:loader:1.0.0) with Aa[m[79D[1B[1m> Transforming artifact core-runtime-2.1.0.aar (androidx.arch.core:core-runtime[m[79D[1B[5A[2K[1B[2K[1B[2K[1B[2K[1B[2K[4A[0m[?12l[?25h