

[1A[1m> Connecting to Daemon[m[22D[1B[2AStarting a Gradle Daemon, 3 incompatible and 2 stopped Daemons could not be reused, use --status for details
[1B[0K
[2A[0K[1B[1m> Starting Daemon[m[17D[1B[1A> IDLE[0K[6D[1B[2A[1m<[0;1m-------------> 0% INITIALIZING [65ms][m[38D[1B[1m> Evaluating settings[m[21D[1B[2A[1m<[0;1m-------------> 0% INITIALIZING [165ms][m[39D[2B[2A[1m<[0;1m-------------> 0% INITIALIZING [265ms][m[39D[2B[2A[1m<[0;1m-------------> 0% INITIALIZING [365ms][m[39D[2B[2A[1m<[0;1m-------------> 0% INITIALIZING [465ms][m[39D[2B[2A[1m<[0;1m-------------> 0% INITIALIZING [565ms][m[39D[2B[2A[1m<[0;1m-------------> 0% INITIALIZING [665ms][m[39D[2B[2A[1m<[0;1m-------------> 0% INITIALIZING [765ms][m[39D[2B[2A[1m<[0;1m-------------> 0% INITIALIZING [865ms][m[39D[2B[2A[1m<[0;1m-------------> 0% CONFIGURING [965ms][m[0K[38D[1B[1m> Loading projects[m[0K[18D[1B[2A[1m<[0;1m-------------> 0% CONFIGURING [1s][m[0K[35D[1B[1m> root project[m[0K[14D[1B[1A[1m> root project > Resolve dependencies of detachedConfiguration1[m[63D[1B[1A[1m> root project > Resolve dependencies of :classpath[m[0K[51D[1B[1A[1m> root project[m[0K[14D[1B[2A[1m<[0;32;1m====[0;39;1m---------> 33% CONFIGURING [1s][m[36D[1B[1m> :app[m[0K[6D[1B[1A[1m> :app > Resolve dependencies of :app:classpath[m[47D[1B[1A[1m> :app[m[0K[6D[1B[2A[1m<[0;32;1m====[0;39;1m---------> 33% CONFIGURING [2s][m[36D[2B[2A[1m<[0;32;1m====[0;39;1m---------> 33% CONFIGURING [3s][m[36D[2B[2A[0K
[1m> Configure project :app[m[0K
No git repository reachable from /work/app
[0K
[0K
[2A[1m<[0;32;1m====[0;39;1m---------> 33% CONFIGURING [3s][m[36D[1B[1m> :app[m[6D[1B[2A[1m<[0;32;1m====[0;39;1m---------> 33% CONFIGURING [4s][m[36D[2B[2A[1m<[0;32;1m====[0;39;1m---------> 33% CONFIGURING [5s][m[36D[2B[2A[1m<[0;32;1m========[0;39;1m-----> 66% CONFIGURING [5s][m[36D[1B[1m> :translations[m[15D[1B[2A[1m<[0;32;1m=============[0;39;1m> 100% CONFIGURING [5s][m[37D[1B> IDLE[0K[6D[1B[1A[1m> Resolve dependencies of :app:ossDebugCompileClasspath[m[55D[1B[1A> IDLE[0K[6D[1B[2AMapping new ns http://schemas.android.com/repository/android/common/02 to old ns http://schemas.android.com/repository/android/common/01[0K
Mapping new ns http://schemas.android.com/repository/android/generic/02 to old ns http://schemas.android.com/repository/android/generic/01[0K
Mapping new ns http://schemas.android.com/sdk/android/repo/addon2/02 to old ns http://schemas.android.com/sdk/android/repo/addon2/01
Mapping new ns http://schemas.android.com/sdk/android/repo/addon2/03 to old ns http://schemas.android.com/sdk/android/repo/addon2/01
Mapping new ns http://schemas.android.com/sdk/android/repo/repository2/02 to old ns http://schemas.android.com/sdk/android/repo/repository2/01
Mapping new ns http://schemas.android.com/sdk/android/repo/repository2/03 to old ns http://schemas.android.com/sdk/android/repo/repository2/01
Mapping new ns http://schemas.android.com/sdk/android/repo/sys-img2/03 to old ns http://schemas.android.com/sdk/android/repo/sys-img2/01
Mapping new ns http://schemas.android.com/sdk/android/repo/sys-img2/02 to old ns http://schemas.android.com/sdk/android/repo/sys-img2/01
Mapping new ns http://schemas.android.com/repository/android/common/02 to old ns http://schemas.android.com/repository/android/common/01
Mapping new ns http://schemas.android.com/repository/android/generic/02 to old ns http://schemas.android.com/repository/android/generic/01
Mapping new ns http://schemas.android.com/sdk/android/repo/addon2/02 to old ns http://schemas.android.com/sdk/android/repo/addon2/01
Mapping new ns http://schemas.android.com/sdk/android/repo/addon2/03 to old ns http://schemas.android.com/sdk/android/repo/addon2/01
Mapping new ns http://schemas.android.com/sdk/android/repo/repository2/02 to old ns http://schemas.android.com/sdk/android/repo/repository2/01
Mapping new ns http://schemas.android.com/sdk/android/repo/repository2/03 to old ns http://schemas.android.com/sdk/android/repo/repository2/01
Mapping new ns http://schemas.android.com/sdk/android/repo/sys-img2/03 to old ns http://schemas.android.com/sdk/android/repo/sys-img2/01
Mapping new ns http://schemas.android.com/sdk/android/repo/sys-img2/02 to old ns http://schemas.android.com/sdk/android/repo/sys-img2/01
Mapping new ns http://schemas.android.com/repository/android/common/02 to old ns http://schemas.android.com/repository/android/common/01
Mapping new ns http://schemas.android.com/repository/android/generic/02 to old ns http://schemas.android.com/repository/android/generic/01
Mapping new ns http://schemas.android.com/sdk/android/repo/addon2/02 to old ns http://schemas.android.com/sdk/android/repo/addon2/01
Mapping new ns http://schemas.android.com/sdk/android/repo/addon2/03 to old ns http://schemas.android.com/sdk/android/repo/addon2/01
Mapping new ns http://schemas.android.com/sdk/android/repo/repository2/02 to old ns http://schemas.android.com/sdk/android/repo/repository2/01
Mapping new ns http://schemas.android.com/sdk/android/repo/repository2/03 to old ns http://schemas.android.com/sdk/android/repo/repository2/01
Mapping new ns http://schemas.android.com/sdk/android/repo/sys-img2/03 to old ns http://schemas.android.com/sdk/android/repo/sys-img2/01
Mapping new ns http://schemas.android.com/sdk/android/repo/sys-img2/02 to old ns http://schemas.android.com/sdk/android/repo/sys-img2/01
Mapping new ns http://schemas.android.com/repository/android/common/02 to old ns http://schemas.android.com/repository/android/common/01
Mapping new ns http://schemas.android.com/repository/android/generic/02 to old ns http://schemas.android.com/repository/android/generic/01
Mapping new ns http://schemas.android.com/sdk/android/repo/addon2/02 to old ns http://schemas.android.com/sdk/android/repo/addon2/01
Mapping new ns http://schemas.android.com/sdk/android/repo/addon2/03 to old ns http://schemas.android.com/sdk/android/repo/addon2/01
Mapping new ns http://schemas.android.com/sdk/android/repo/repository2/02 to old ns http://schemas.android.com/sdk/android/repo/repository2/01
Mapping new ns http://schemas.android.com/sdk/android/repo/repository2/03 to old ns http://schemas.android.com/sdk/android/repo/repository2/01
Mapping new ns http://schemas.android.com/sdk/android/repo/sys-img2/03 to old ns http://schemas.android.com/sdk/android/repo/sys-img2/01
Mapping new ns http://schemas.android.com/sdk/android/repo/sys-img2/02 to old ns http://schemas.android.com/sdk/android/repo/sys-img2/01
[0K
[0K
[2A[1m<[0;32;1m=============[0;39;1m> 100% CONFIGURING [5s][m[37D[1B> IDLE[6D[1B[2AMapping new ns http://schemas.android.com/repository/android/common/02 to old ns http://schemas.android.com/repository/android/common/01[0K
Mapping new ns http://schemas.android.com/repository/android/generic/02 to old ns http://schemas.android.com/repository/android/generic/01[0K
Mapping new ns http://schemas.android.com/sdk/android/repo/addon2/02 to old ns http://schemas.android.com/sdk/android/repo/addon2/01
Mapping new ns http://schemas.android.com/sdk/android/repo/addon2/03 to old ns http://schemas.android.com/sdk/android/repo/addon2/01
Mapping new ns http://schemas.android.com/sdk/android/repo/repository2/02 to old ns http://schemas.android.com/sdk/android/repo/repository2/01
Mapping new ns http://schemas.android.com/sdk/android/repo/repository2/03 to old ns http://schemas.android.com/sdk/android/repo/repository2/01
Mapping new ns http://schemas.android.com/sdk/android/repo/sys-img2/03 to old ns http://schemas.android.com/sdk/android/repo/sys-img2/01
Mapping new ns http://schemas.android.com/sdk/android/repo/sys-img2/02 to old ns http://schemas.android.com/sdk/android/repo/sys-img2/01
Mapping new ns http://schemas.android.com/repository/android/common/02 to old ns http://schemas.android.com/repository/android/common/01
Mapping new ns http://schemas.android.com/repository/android/generic/02 to old ns http://schemas.android.com/repository/android/generic/01
Mapping new ns http://schemas.android.com/sdk/android/repo/addon2/02 to old ns http://schemas.android.com/sdk/android/repo/addon2/01
Mapping new ns http://schemas.android.com/sdk/android/repo/addon2/03 to old ns http://schemas.android.com/sdk/android/repo/addon2/01
Mapping new ns http://schemas.android.com/sdk/android/repo/repository2/02 to old ns http://schemas.android.com/sdk/android/repo/repository2/01
Mapping new ns http://schemas.android.com/sdk/android/repo/repository2/03 to old ns http://schemas.android.com/sdk/android/repo/repository2/01
Mapping new ns http://schemas.android.com/sdk/android/repo/sys-img2/03 to old ns http://schemas.android.com/sdk/android/repo/sys-img2/01
Mapping new ns http://schemas.android.com/sdk/android/repo/sys-img2/02 to old ns http://schemas.android.com/sdk/android/repo/sys-img2/01
unexpected element (uri:"", local:"base-extension"). Expected elements are <{}codename>,<{}layoutlib>,<{}api-level>
Mapping new ns http://schemas.android.com/repository/android/common/02 to old ns http://schemas.android.com/repository/android/common/01
Mapping new ns http://schemas.android.com/repository/android/generic/02 to old ns http://schemas.android.com/repository/android/generic/01
Mapping new ns http://schemas.android.com/sdk/android/repo/addon2/02 to old ns http://schemas.android.com/sdk/android/repo/addon2/01
Mapping new ns http://schemas.android.com/sdk/android/repo/addon2/03 to old ns http://schemas.android.com/sdk/android/repo/addon2/01
Mapping new ns http://schemas.android.com/sdk/android/repo/repository2/02 to old ns http://schemas.android.com/sdk/android/repo/repository2/01
Mapping new ns http://schemas.android.com/sdk/android/repo/repository2/03 to old ns http://schemas.android.com/sdk/android/repo/repository2/01
Mapping new ns http://schemas.android.com/sdk/android/repo/sys-img2/03 to old ns http://schemas.android.com/sdk/android/repo/sys-img2/01
Mapping new ns http://schemas.android.com/sdk/android/repo/sys-img2/02 to old ns http://schemas.android.com/sdk/android/repo/sys-img2/01
unexpected element (uri:"", local:"extension-level"). Expected elements are <{}codename>,<{}layoutlib>,<{}api-level>
unexpected element (uri:"", local:"base-extension"). Expected elements are <{}codename>,<{}layoutlib>,<{}api-level>
Warning: Mapping new ns http://schemas.android.com/repository/android/common/02 to old ns http://schemas.android.com/repository/android/common/01
Warning: Mapping new ns http://schemas.android.com/repository/android/generic/02 to old ns http://schemas.android.com/repository/android/generic/01
Warning: Mapping new ns http://schemas.android.com/sdk/android/repo/addon2/02 to old ns http://schemas.android.com/sdk/android/repo/addon2/01
Warning: Mapping new ns http://schemas.android.com/sdk/android/repo/addon2/03 to old ns http://schemas.android.com/sdk/android/repo/addon2/01
Warning: Mapping new ns http://schemas.android.com/sdk/android/repo/repository2/02 to old ns http://schemas.android.com/sdk/android/repo/repository2/01
Warning: Mapping new ns http://schemas.android.com/sdk/android/repo/repository2/03 to old ns http://schemas.android.com/sdk/android/repo/repository2/01
Warning: Mapping new ns http://schemas.android.com/sdk/android/repo/sys-img2/03 to old ns http://schemas.android.com/sdk/android/repo/sys-img2/01
Warning: Mapping new ns http://schemas.android.com/sdk/android/repo/sys-img2/02 to old ns http://schemas.android.com/sdk/android/repo/sys-img2/01
Warning: Mapping new ns http://schemas.android.com/repository/android/common/02 to old ns http://schemas.android.com/repository/android/common/01
Warning: Mapping new ns http://schemas.android.com/repository/android/generic/02 to old ns http://schemas.android.com/repository/android/generic/01
Warning: Mapping new ns http://schemas.android.com/sdk/android/repo/addon2/02 to old ns http://schemas.android.com/sdk/android/repo/addon2/01
Warning: Mapping new ns http://schemas.android.com/sdk/android/repo/addon2/03 to old ns http://schemas.android.com/sdk/android/repo/addon2/01
Warning: Mapping new ns http://schemas.android.com/sdk/android/repo/repository2/02 to old ns http://schemas.android.com/sdk/android/repo/repository2/01
Warning: Mapping new ns http://schemas.android.com/sdk/android/repo/repository2/03 to old ns http://schemas.android.com/sdk/android/repo/repository2/01
Warning: Mapping new ns http://schemas.android.com/sdk/android/repo/sys-img2/03 to old ns http://schemas.android.com/sdk/android/repo/sys-img2/01
Warning: Mapping new ns http://schemas.android.com/sdk/android/repo/sys-img2/02 to old ns http://schemas.android.com/sdk/android/repo/sys-img2/01
Warning: unexpected element (uri:"", local:"base-extension"). Expected elements are <{}codename>,<{}layoutlib>,<{}api-level>
[0K
[0K
[2A[1m<[0;32;1m=============[0;39;1m> 100% CONFIGURING [5s][m[37D[1B[1m> Resolve dependencies of :app:ossDebugAnnotationProcessorClasspath[m[67D[1B[1A[1m> Resolve dependencies of :app:googleDebugCompileClasspath[m[0K[58D[1B


[5A[1m<[0;1m-------------> 0% EXECUTING [5s][m[0K[33D[1B[1m> Transforming artifact legacy-support-v4-1.0.0.aar (androidx.legacy:legacy-sup[m[79D[1B[1m> Transforming artifact jbcrypt-1.0.2.jar (org.connectbot:jbcrypt:1.0.2) with J[m[79D[1B[1m> Transforming artifact core-2.4.0.jar (com.yubico.yubikit:core:2.4.0) with Jet[m[79D[1B[1m> Transforming artifact fido-2.4.0.jar (com.yubico.yubikit:fido:2.4.0) with Jet[m[79D[1B[5A[1m<[0;1m-------------> 7% EXECUTING [6s][m[33D[1B[1m> Transforming artifact hwsecurity-ui-4.4.0.aar (com.github.cotechde.hwsecurity[m[79D[1B[1m> Transforming artifact piv-2.4.0.jar (com.yubico.yubikit:piv:2.4.0) with Jetif[m[79D[1B[1m> Transforming artifact preferencex-1.1.0.aar (com.takisoft.preferencex:prefere[m[79D[2B[5A[1m<[0;32;1m==[0;39;1m-----------> 19% EXECUTING [6s][m[34D[5B[5A[1m<[0;32;1m====[0;39;1m---------> 31% EXECUTING [6s][m[34D[5B[5A[1m<[0;32;1m====[0;39;1m---------> 37% EXECUTING [6s][m[34D[5B[5A[1m<[0;32;1m======[0;39;1m-------> 53% EXECUTING [6s][m[34D[5B[5A[1m<[0;32;1m=======[0;39;1m------> 54% EXECUTING [6s][m[34D[5B[5A[1m<[0;32;1m=======[0;39;1m------> 54% EXECUTING [7s][m[34D[5B[5A[1m<[0;32;1m=======[0;39;1m------> 54% EXECUTING [8s][m[34D[5B[5A[1m<[0;32;1m=======[0;39;1m------> 54% EXECUTING [9s][m[34D[5B[5A[0K
[1m> Task :app:compileGoogleDebugJavaWithJavac[m[0K
/work/app/src/main/java/org/connectbot/SecurityKeyActivity.java:67: warning: [NonCanonicalType] The type `SecurityKeyDialogInterface.SecurityKeyDialogCallback` was referred to by the non-canonical name `SecurityKeyDialogFragment.SecurityKeyDialogCallback`. This may be misleading.[0K
public class SecurityKeyActivity extends AppCompatActivity implements SecurityKeyDialogFragment.SecurityKeyDialogCallback<OpenPgpSecurityKey> {[0K
                                                                                               ^[0K
    (see https://errorprone.info/bugpattern/NonCanonicalType)
  Did you mean 'public class SecurityKeyActivity extends AppCompatActivity implements SecurityKeyDialogInterface.SecurityKeyDialogCallback<OpenPgpSecurityKey> {'?
[0K
[0K
[0K
[0K
[0K
[5A[1m<[0;32;1m=======[0;39;1m------> 54% EXECUTING [9s][m[34D[1B[1m> Transforming artifact hwsecurity-ui-4.4.0.aar (com.github.cotechde.hwsecurity[m[79D[1B[1m> Transforming artifact piv-2.4.0.jar (com.yubico.yubikit:piv:2.4.0) with Jetif[m[79D[1B[1m> Transforming artifact preferencex-1.1.0.aar (com.takisoft.preferencex:prefere[m[79D[1B[1m> Transforming artifact fido-2.4.0.jar (com.yubico.yubikit:fido:2.4.0) with Jet[m[79D[1B[5A/work/app/src/main/java/org/connectbot/HostListActivity.java:725: warning: [UnusedMethod] Private method 'startConsoleActivity' is never used.[0K
        private boolean startConsoleActivity(Uri uri) {[0K
                        ^[0K
    (see https://errorprone.info/bugpattern/UnusedMethod)[0K
  Did you mean to remove this line?[0K
[0K
[0K
[0K
[0K
[0K
[5A[1m<[0;32;1m=======[0;39;1m------> 54% EXECUTING [9s][m[34D[1B[1m> Transforming artifact hwsecurity-ui-4.4.0.aar (com.github.cotechde.hwsecurity[m[79D[1B[1m> Transforming artifact piv-2.4.0.jar (com.yubico.yubikit:piv:2.4.0) with Jetif[m[79D[1B[1m> Transforming artifact preferencex-1.1.0.aar (com.takisoft.preferencex:prefere[m[79D[1B[1m> Transforming artifact fido-2.4.0.jar (com.yubico.yubikit:fido:2.4.0) with Jet[m[79D[1B[5A/work/app/src/main/java/org/connectbot/HostListActivity.java:217: warning: [EmptyCatch] Caught exceptions should not be ignored[0K
                                } catch (SecurityException ignored) {[0K
                                  ^[0K
    (see https://google.github.io/styleguide/javaguide.html#s6.2-caught-exceptions)[0K
/work/app/src/main/java/org/connectbot/HostListActivity.java:218: warning: [EmptyCatch] Caught exceptions should not be ignored[0K
                                } catch (RuntimeException ignored) {
                                  ^
    (see https://google.github.io/styleguide/javaguide.html#s6.2-caught-exceptions)
/work/app/src/main/java/org/connectbot/HostListActivity.java:723: warning: [EmptyBlockTag] A block tag (@param, @return, @throws, @deprecated) has an empty description. Block tags without descriptions don't add much value for future readers of the code; consider removing the tag entirely or adding a description.
         * @return
           ^
    (see http://google.github.io/styleguide/javaguide.html#s7.1.3-javadoc-block-tags)
  Did you mean '*'?
[0K
[0K
[0K
[0K
[0K
[5A[1m<[0;32;1m=======[0;39;1m------> 54% EXECUTING [9s][m[34D[1B[1m> Transforming artifact hwsecurity-ui-4.4.0.aar (com.github.cotechde.hwsecurity[m[79D[1B[1m> Transforming artifact piv-2.4.0.jar (com.yubico.yubikit:piv:2.4.0) with Jetif[m[79D[1B[1m> Transforming artifact preferencex-1.1.0.aar (com.takisoft.preferencex:prefere[m[79D[1B[1m> Transforming artifact fido-2.4.0.jar (com.yubico.yubikit:fido:2.4.0) with Jet[m[79D[1B[5A/work/app/src/main/java/org/connectbot/GeneratePubkeyActivity.java:494: warning: [UnusedMethod] Private method 'dismissActivity' is never used.[0K
        private void dismissActivity() {[0K
                     ^[0K
    (see https://errorprone.info/bugpattern/UnusedMethod)[0K
  Did you mean to remove this line?[0K
[0K
[0K
[0K
[0K
[0K
[5A[1m<[0;32;1m=======[0;39;1m------> 54% EXECUTING [9s][m[34D[1B[1m> Transforming artifact hwsecurity-ui-4.4.0.aar (com.github.cotechde.hwsecurity[m[79D[1B[1m> Transforming artifact piv-2.4.0.jar (com.yubico.yubikit:piv:2.4.0) with Jetif[m[79D[1B[1m> Transforming artifact preferencex-1.1.0.aar (com.takisoft.preferencex:prefere[m[79D[1B[1m> Transforming artifact fido-2.4.0.jar (com.yubico.yubikit:fido:2.4.0) with Jet[m[79D[1B[5A/work/app/src/main/java/org/connectbot/util/SecurityKeyDebugLog.java:155: warning: [JdkObsolete] StringBuffer performs synchronization that is usually unnecessary; prefer StringBuilder.[0K
                sanitized = fingerprintBuffer.toString();[0K
                                                      ^[0K
    (see https://errorprone.info/bugpattern/JdkObsolete)[0K
/work/app/src/main/java/org/connectbot/util/SecurityKeyDebugLog.java:166: warning: [JdkObsolete] StringBuffer performs synchronization that is usually unnecessary; prefer StringBuilder.[0K
                sanitized = openSshKeyBuffer.toString();
                                                     ^
    (see https://errorprone.info/bugpattern/JdkObsolete)
[0K
[0K
[0K
[0K
[0K
[5A[1m<[0;32;1m=======[0;39;1m------> 54% EXECUTING [9s][m[34D[1B[1m> Transforming artifact hwsecurity-ui-4.4.0.aar (com.github.cotechde.hwsecurity[m[79D[1B[1m> Transforming artifact piv-2.4.0.jar (com.yubico.yubikit:piv:2.4.0) with Jetif[m[79D[1B[1m> Transforming artifact preferencex-1.1.0.aar (com.takisoft.preferencex:prefere[m[79D[1B[1m> Transforming artifact fido-2.4.0.jar (com.yubico.yubikit:fido:2.4.0) with Jet[m[79D[1B[5A/work/app/src/main/java/org/connectbot/util/SecurityKeyDebugLog.java:315: warning: [JdkObsolete] Date has a bad API that leads to bugs; prefer java.time.Instant or LocalDate.[0K
                return format.format(new Date());[0K
                                     ^[0K
    (see https://errorprone.info/bugpattern/JdkObsolete)[0K
/work/app/src/main/java/org/connectbot/util/SecurityKeyDebugReportExporter.java:70: warning: [JdkObsolete] Date has a bad API that leads to bugs; prefer java.time.Instant or LocalDate.[0K
                String timestamp = new SimpleDateFormat("yyyyMMdd-HHmmss", Locale.US).format(new Date());
                                                                                             ^
    (see https://errorprone.info/bugpattern/JdkObsolete)
/work/app/src/main/java/org/connectbot/util/SecurityKeyDebugReportExporter.java:121: warning: [JdkObsolete] Date has a bad API that leads to bugs; prefer java.time.Instant or LocalDate.
                        writer.write("generated_at: " + new SimpleDateFormat("yyyy-MM-dd HH:mm:ss.SSSZ", Locale.US).format(new Date()));
                                                                                                                           ^
    (see https://errorprone.info/bugpattern/JdkObsolete)
/work/app/src/main/java/org/connectbot/util/EncryptedBackupManager.java:112: warning: [JdkObsolete] Date has a bad API that leads to bugs; prefer java.time.Instant or LocalDate.
                        String timestamp = new SimpleDateFormat("yyyyMMdd-HHmmss", Locale.US).format(new Date());
                                                                                                     ^
    (see https://errorprone.info/bugpattern/JdkObsolete)
/work/app/src/main/java/org/connectbot/util/EncryptedBackupManager.java:212: warning: [JdkObsolete] Date has a bad API that leads to bugs; prefer java.time.Instant or LocalDate.
                backup.put("created_at", new SimpleDateFormat("yyyy-MM-dd HH:mm:ss.SSSZ", Locale.US).format(new Date()));
                                                                                                            ^
    (see https://errorprone.info/bugpattern/JdkObsolete)
[0K
[0K
[0K
[0K
[0K
[5A[1m<[0;32;1m=======[0;39;1m------> 54% EXECUTING [9s][m[34D[1B[1m> Transforming artifact hwsecurity-ui-4.4.0.aar (com.github.cotechde.hwsecurity[m[79D[1B[1m> Transforming artifact piv-2.4.0.jar (com.yubico.yubikit:piv:2.4.0) with Jetif[m[79D[1B[1m> Transforming artifact preferencex-1.1.0.aar (com.takisoft.preferencex:prefere[m[79D[1B[1m> Transforming artifact fido-2.4.0.jar (com.yubico.yubikit:fido:2.4.0) with Jet[m[79D[1B[5A/work/app/src/main/java/org/connectbot/util/EncryptedBackupManager.java:553: warning: [EmptyCatch] Caught exceptions should not be ignored[0K
                                } catch (NoSuchAlgorithmException ignored) {[0K
                                  ^[0K
    (see https://google.github.io/styleguide/javaguide.html#s6.2-caught-exceptions)[0K
/work/app/src/main/java/org/connectbot/transport/SSH.java:1712: warning: [UnusedVariable] This assignment to the local variable 'lpf' is never read.[0K
                        LocalPortForwarder lpf = null;
                                           ^
    (see https://errorprone.info/bugpattern/UnusedVariable)
  Did you mean to remove this line?
/work/app/src/main/java/org/connectbot/transport/SSH.java:1737: warning: [UnusedVariable] This assignment to the local variable 'dpf' is never read.
                        DynamicPortForwarder dpf = null;
                                             ^
    (see https://errorprone.info/bugpattern/UnusedVariable)
  Did you mean to remove this line?
/work/app/src/main/java/org/connectbot/transport/SSH.java:133: warning: [UnusedVariable] The field 'MARKER_SIGN_REQUESTED' is never read.
        private static final String MARKER_SIGN_REQUESTED = "SIGN_REQUESTED";
                                    ^
    (see https://errorprone.info/bugpattern/UnusedVariable)
  Did you mean to remove this line?
/work/app/src/main/java/org/connectbot/transport/SSH.java:1421: warning: [UnusedVariable] The parameter 'targetHost' is never read.
        private boolean connectJumpHost(HostBean jumpHost, HostBean targetHost) {
                                                                    ^
    (see https://errorprone.info/bugpattern/UnusedVariable)
  Did you mean 'if (!connectJumpHost(configuredJumpHost)) {'?
/work/app/src/main/java/org/connectbot/transport/SSH.java:325: warning: [BadImport] Importing nested classes/static methods/static fields with commonly-used names can make code harder to read, because it may not be clear from the context exactly which type is being referred to. Qualifying the name with that of the containing class can make the code clearer.
                                        for (Entry<String, KeyHolder> entry : manager.loadedKeypairs.entrySet()) {
                                             ^
    (see https://errorprone.info/bugpattern/BadImport)
  Did you mean 'for (Map.Entry<String, KeyHolder> entry : manager.loadedKeypairs.entrySet()) {'?
/work/app/src/main/java/org/connectbot/transport/SSH.java:104: warning: [MissingSummary] A summary line is required on public/protected Javadocs.
 * @author Kenny Root
   ^
    (see http://google.github.io/styleguide/javaguide.html#s7.2-summary-fragment)
/work/app/src/main/java/org/connectbot/transport/SSH.java:118: warning: [EmptyBlockTag] A block tag (@param, @return, @throws, @deprecated) has an empty description. Block tags without descriptions don't add much value for future readers of the code; consider removing the tag entirely or adding a description.
         * @param host
           ^
    (see http://google.github.io/styleguide/javaguide.html#s7.1.3-javadoc-block-tags)
  Did you mean '*'?
/work/app/src/main/java/org/connectbot/transport/SSH.java:119: warning: [EmptyBlockTag] A block tag (@param, @return, @throws, @deprecated) has an empty description. Block tags without descriptions don't add much value for future readers of the code; consider removing the tag entirely or adding a description.
         * @param bridge
           ^
    (see http://google.github.io/styleguide/javaguide.html#s7.1.3-javadoc-block-tags)
  Did you mean '*'?
/work/app/src/main/java/org/connectbot/transport/SSH.java:120: warning: [EmptyBlockTag] A block tag (@param, @return, @throws, @deprecated) has an empty description. Block tags without descriptions don't add much value for future readers of the code; consider removing the tag entirely or adding a description.
         * @param manager
           ^
    (see http://google.github.io/styleguide/javaguide.html#s7.1.3-javadoc-block-tags)
  Did you mean '*'?
[0K
[0K
[0K
[0K
[0K
[5A[1m<[0;32;1m=======[0;39;1m------> 54% EXECUTING [10s][m[35D[1B[1m> Transforming artifact hwsecurity-ui-4.4.0.aar (com.github.cotechde.hwsecurity[m[79D[1B[1m> Transforming artifact piv-2.4.0.jar (com.yubico.yubikit:piv:2.4.0) with Jetif[m[79D[1B[1m> Transforming artifact preferencex-1.1.0.aar (com.takisoft.preferencex:prefere[m[79D[1B[1m> Transforming artifact fido-2.4.0.jar (com.yubico.yubikit:fido:2.4.0) with Jet[m[79D[1B[5A/work/app/src/main/java/org/connectbot/transport/SSH.java:901: warning: [EmptyBlockTag] A block tag (@param, @return, @throws, @deprecated) has an empty description. Block tags without descriptions don't add much value for future readers of the code; consider removing the tag entirely or adding a description.[0K
         * @throws NoSuchAlgorithmException[0K
           ^[0K
    (see http://google.github.io/styleguide/javaguide.html#s7.1.3-javadoc-block-tags)[0K
  Did you mean '*'?[0K
/work/app/src/main/java/org/connectbot/transport/SSH.java:902: warning: [EmptyBlockTag] A block tag (@param, @return, @throws, @deprecated) has an empty description. Block tags without descriptions don't add much value for future readers of the code; consider removing the tag entirely or adding a description.
         * @throws InvalidKeySpecException
           ^
    (see http://google.github.io/styleguide/javaguide.html#s7.1.3-javadoc-block-tags)
  Did you mean '*'?
/work/app/src/main/java/org/connectbot/transport/SSH.java:903: warning: [EmptyBlockTag] A block tag (@param, @return, @throws, @deprecated) has an empty description. Block tags without descriptions don't add much value for future readers of the code; consider removing the tag entirely or adding a description.
         * @throws IOException
           ^
    (see http://google.github.io/styleguide/javaguide.html#s7.1.3-javadoc-block-tags)
  Did you mean '*'?
[0K
[0K
[0K
[0K
[0K
[5A[1m<[0;32;1m=======[0;39;1m------> 54% EXECUTING [10s][m[35D[1B[1m> Transforming artifact hwsecurity-ui-4.4.0.aar (com.github.cotechde.hwsecurity[m[79D[1B[1m> Transforming artifact piv-2.4.0.jar (com.yubico.yubikit:piv:2.4.0) with Jetif[m[79D[1B[1m> Transforming artifact preferencex-1.1.0.aar (com.takisoft.preferencex:prefere[m[79D[1B[1m> Transforming artifact fido-2.4.0.jar (com.yubico.yubikit:fido:2.4.0) with Jet[m[79D[1B[5A/work/app/src/main/java/org/connectbot/transport/SSH.java:1428: warning: [EmptyCatch] Caught exceptions should not be ignored[0K
                        } catch (IOException ignored) {[0K
                          ^[0K
    (see https://google.github.io/styleguide/javaguide.html#s6.2-caught-exceptions)[0K
[1B[0K
[0K
[0K
[0K
[5A[1m<[0;32;1m=======[0;39;1m------> 54% EXECUTING [10s][m[0K[35D[1B[1m> Transforming artifact hwsecurity-ui-4.4.0.aar (com.github.cotechde.hwsecurity[m[79D[1B[1m> Transforming artifact piv-2.4.0.jar (com.yubico.yubikit:piv:2.4.0) with Jetif[m[79D[1B[1m> Transforming artifact preferencex-1.1.0.aar (com.takisoft.preferencex:prefere[m[79D[1B[1m> Transforming artifact fido-2.4.0.jar (com.yubico.yubikit:fido:2.4.0) with Jet[m[79D[1B[5ANote: Some input files use or override a deprecated API.[0K
Note: Recompile with -Xlint:deprecation for details.[0K
27 warnings[0K
[2B[0K
[0K
[0K
[5A[1m<[0;32;1m=======[0;39;1m------> 54% EXECUTING [10s][m[0K[35D[1B[1m> Transforming artifact hwsecurity-ui-4.4.0.aar (com.github.cotechde.hwsecurity[m[79D[1B[1m> Transforming artifact piv-2.4.0.jar (com.yubico.yubikit:piv:2.4.0) with Jetif[m[79D[1B[1m> Transforming artifact preferencex-1.1.0.aar (com.takisoft.preferencex:prefere[m[79D[1B[1m> Transforming artifact fido-2.4.0.jar (com.yubico.yubikit:fido:2.4.0) with Jet[m[79D[1B[5A[1m<[0;32;1m=======[0;39;1m------> 59% EXECUTING [10s][m[35D[5B[5A[1m<[0;32;1m=======[0;39;1m------> 59% EXECUTING [11s][m[35D[5B[5A[0K
[1m> Task :app:externalNativeBuildGoogleDebug[m[0K
Build com_google_ase_Exec_armeabi-v7a[0K
ninja: Entering directory `/work/app/.cxx/cmake/googleDebug/armeabi-v7a'[0K
ninja: no work to do.[0K
Build com_google_ase_Exec_arm64-v8a
ninja: Entering directory `/work/app/.cxx/cmake/googleDebug/arm64-v8a'
ninja: no work to do.
Build com_google_ase_Exec_x86
ninja: Entering directory `/work/app/.cxx/cmake/googleDebug/x86'
ninja: no work to do.
Build com_google_ase_Exec_x86_64
ninja: Entering directory `/work/app/.cxx/cmake/googleDebug/x86_64'
ninja: no work to do.
[0K
[0K
[0K
[0K
[0K
[5A[1m<[0;32;1m=========[0;39;1m----> 69% EXECUTING [11s][m[35D[1B[1m> Transforming artifact hwsecurity-ui-4.4.0.aar (com.github.cotechde.hwsecurity[m[79D[1B[1m> Transforming artifact piv-2.4.0.jar (com.yubico.yubikit:piv:2.4.0) with Jetif[m[79D[1B[1m> Transforming artifact preferencex-1.1.0.aar (com.takisoft.preferencex:prefere[m[79D[1B[1m> Transforming artifact fido-2.4.0.jar (com.yubico.yubikit:fido:2.4.0) with Jet[m[79D[1B[5A[1m<[0;32;1m==========[0;39;1m---> 79% EXECUTING [11s][m[35D[5B[5A[1m<[0;32;1m============[0;39;1m-> 93% EXECUTING [11s][m[35D[5B[5A[1m<[0;32;1m============[0;39;1m-> 94% EXECUTING [11s][m[35D[5B[5A[1m<[0;32;1m============[0;39;1m-> 94% EXECUTING [12s][m[35D[5B[5A[1m<[0;32;1m============[0;39;1m-> 94% EXECUTING [13s][m[35D[5B[5A[1m<[0;32;1m============[0;39;1m-> 95% EXECUTING [13s][m[35D[5B[5A[1m<[0;32;1m============[0;39;1m-> 96% EXECUTING [13s][m[35D[5B[5A[1m<[0;32;1m============[0;39;1m-> 96% EXECUTING [14s][m[35D[5B[5A[1m<[0;32;1m============[0;39;1m-> 96% EXECUTING [15s][m[35D[5B[5A[0K
[1m> Task :app:compileOssDebugJavaWithJavac[m[0K
/work/app/src/main/java/org/connectbot/SecurityKeyActivity.java:67: warning: [NonCanonicalType] The type `SecurityKeyDialogInterface.SecurityKeyDialogCallback` was referred to by the non-canonical name `SecurityKeyDialogFragment.SecurityKeyDialogCallback`. This may be misleading.[0K
public class SecurityKeyActivity extends AppCompatActivity implements SecurityKeyDialogFragment.SecurityKeyDialogCallback<OpenPgpSecurityKey> {[0K
                                                                                               ^[0K
    (see https://errorprone.info/bugpattern/NonCanonicalType)
  Did you mean 'public class SecurityKeyActivity extends AppCompatActivity implements SecurityKeyDialogInterface.SecurityKeyDialogCallback<OpenPgpSecurityKey> {'?
[0K
[0K
[0K
[0K
[0K
[5A[1m<[0;32;1m============[0;39;1m-> 96% EXECUTING [15s][m[35D[1B[1m> Transforming artifact hwsecurity-ui-4.4.0.aar (com.github.cotechde.hwsecurity[m[79D[1B[1m> Transforming artifact piv-2.4.0.jar (com.yubico.yubikit:piv:2.4.0) with Jetif[m[79D[1B[1m> Transforming artifact preferencex-1.1.0.aar (com.takisoft.preferencex:prefere[m[79D[1B[1m> Transforming artifact fido-2.4.0.jar (com.yubico.yubikit:fido:2.4.0) with Jet[m[79D[1B[5A/work/app/src/main/java/org/connectbot/HostListActivity.java:725: warning: [UnusedMethod] Private method 'startConsoleActivity' is never used.[0K
        private boolean startConsoleActivity(Uri uri) {[0K
                        ^[0K
    (see https://errorprone.info/bugpattern/UnusedMethod)[0K
  Did you mean to remove this line?[0K
/work/app/src/main/java/org/connectbot/HostListActivity.java:217: warning: [EmptyCatch] Caught exceptions should not be ignored
                                } catch (SecurityException ignored) {
                                  ^
    (see https://google.github.io/styleguide/javaguide.html#s6.2-caught-exceptions)
/work/app/src/main/java/org/connectbot/HostListActivity.java:218: warning: [EmptyCatch] Caught exceptions should not be ignored
                                } catch (RuntimeException ignored) {
                                  ^
    (see https://google.github.io/styleguide/javaguide.html#s6.2-caught-exceptions)
[0K
[0K
[0K
[0K
[0K
[5A[1m<[0;32;1m============[0;39;1m-> 96% EXECUTING [16s][m[35D[1B[1m> Transforming artifact hwsecurity-ui-4.4.0.aar (com.github.cotechde.hwsecurity[m[79D[1B[1m> Transforming artifact piv-2.4.0.jar (com.yubico.yubikit:piv:2.4.0) with Jetif[m[79D[1B[1m> Transforming artifact preferencex-1.1.0.aar (com.takisoft.preferencex:prefere[m[79D[1B[1m> Transforming artifact fido-2.4.0.jar (com.yubico.yubikit:fido:2.4.0) with Jet[m[79D[1B[5A/work/app/src/main/java/org/connectbot/HostListActivity.java:723: warning: [EmptyBlockTag] A block tag (@param, @return, @throws, @deprecated) has an empty description. Block tags without descriptions don't add much value for future readers of the code; consider removing the tag entirely or adding a description.[0K
         * @return[0K
           ^[0K
    (see http://google.github.io/styleguide/javaguide.html#s7.1.3-javadoc-block-tags)[0K
  Did you mean '*'?[0K
[0K
[0K
[0K
[0K
[0K
[5A[1m<[0;32;1m============[0;39;1m-> 96% EXECUTING [16s][m[35D[1B[1m> Transforming artifact hwsecurity-ui-4.4.0.aar (com.github.cotechde.hwsecurity[m[79D[1B[1m> Transforming artifact piv-2.4.0.jar (com.yubico.yubikit:piv:2.4.0) with Jetif[m[79D[1B[1m> Transforming artifact preferencex-1.1.0.aar (com.takisoft.preferencex:prefere[m[79D[1B[1m> Transforming artifact fido-2.4.0.jar (com.yubico.yubikit:fido:2.4.0) with Jet[m[79D[1B[5A/work/app/src/main/java/org/connectbot/GeneratePubkeyActivity.java:494: warning: [UnusedMethod] Private method 'dismissActivity' is never used.[0K
        private void dismissActivity() {[0K
                     ^[0K
    (see https://errorprone.info/bugpattern/UnusedMethod)[0K
  Did you mean to remove this line?[0K
[0K
[0K
[0K
[0K
[0K
[5A[1m<[0;32;1m============[0;39;1m-> 96% EXECUTING [16s][m[35D[1B[1m> Transforming artifact hwsecurity-ui-4.4.0.aar (com.github.cotechde.hwsecurity[m[79D[1B[1m> Transforming artifact piv-2.4.0.jar (com.yubico.yubikit:piv:2.4.0) with Jetif[m[79D[1B[1m> Transforming artifact preferencex-1.1.0.aar (com.takisoft.preferencex:prefere[m[79D[1B[1m> Transforming artifact fido-2.4.0.jar (com.yubico.yubikit:fido:2.4.0) with Jet[m[79D[1B[5A/work/app/src/main/java/org/connectbot/util/SecurityKeyDebugLog.java:155: warning: [JdkObsolete] StringBuffer performs synchronization that is usually unnecessary; prefer StringBuilder.[0K
                sanitized = fingerprintBuffer.toString();[0K
                                                      ^[0K
    (see https://errorprone.info/bugpattern/JdkObsolete)[0K
/work/app/src/main/java/org/connectbot/util/SecurityKeyDebugLog.java:166: warning: [JdkObsolete] StringBuffer performs synchronization that is usually unnecessary; prefer StringBuilder.[0K
                sanitized = openSshKeyBuffer.toString();
                                                     ^
    (see https://errorprone.info/bugpattern/JdkObsolete)
/work/app/src/main/java/org/connectbot/util/SecurityKeyDebugLog.java:315: warning: [JdkObsolete] Date has a bad API that leads to bugs; prefer java.time.Instant or LocalDate.
                return format.format(new Date());
                                     ^
    (see https://errorprone.info/bugpattern/JdkObsolete)
/work/app/src/main/java/org/connectbot/util/SecurityKeyDebugReportExporter.java:70: warning: [JdkObsolete] Date has a bad API that leads to bugs; prefer java.time.Instant or LocalDate.
                String timestamp = new SimpleDateFormat("yyyyMMdd-HHmmss", Locale.US).format(new Date());
                                                                                             ^
    (see https://errorprone.info/bugpattern/JdkObsolete)
/work/app/src/main/java/org/connectbot/util/SecurityKeyDebugReportExporter.java:121: warning: [JdkObsolete] Date has a bad API that leads to bugs; prefer java.time.Instant or LocalDate.
                        writer.write("generated_at: " + new SimpleDateFormat("yyyy-MM-dd HH:mm:ss.SSSZ", Locale.US).format(new Date()));
                                                                                                                           ^
    (see https://errorprone.info/bugpattern/JdkObsolete)
/work/app/src/main/java/org/connectbot/util/EncryptedBackupManager.java:112: warning: [JdkObsolete] Date has a bad API that leads to bugs; prefer java.time.Instant or LocalDate.
                        String timestamp = new SimpleDateFormat("yyyyMMdd-HHmmss", Locale.US).format(new Date());
                                                                                                     ^
    (see https://errorprone.info/bugpattern/JdkObsolete)
/work/app/src/main/java/org/connectbot/util/EncryptedBackupManager.java:212: warning: [JdkObsolete] Date has a bad API that leads to bugs; prefer java.time.Instant or LocalDate.
                backup.put("created_at", new SimpleDateFormat("yyyy-MM-dd HH:mm:ss.SSSZ", Locale.US).format(new Date()));
                                                                                                            ^
    (see https://errorprone.info/bugpattern/JdkObsolete)
[0K
[0K
[0K
[0K
[0K
[5A[1m<[0;32;1m============[0;39;1m-> 96% EXECUTING [16s][m[35D[1B[1m> Transforming artifact hwsecurity-ui-4.4.0.aar (com.github.cotechde.hwsecurity[m[79D[1B[1m> Transforming artifact piv-2.4.0.jar (com.yubico.yubikit:piv:2.4.0) with Jetif[m[79D[1B[1m> Transforming artifact preferencex-1.1.0.aar (com.takisoft.preferencex:prefere[m[79D[1B[1m> Transforming artifact fido-2.4.0.jar (com.yubico.yubikit:fido:2.4.0) with Jet[m[79D[1B[5A/work/app/src/main/java/org/connectbot/util/EncryptedBackupManager.java:553: warning: [EmptyCatch] Caught exceptions should not be ignored[0K
                                } catch (NoSuchAlgorithmException ignored) {[0K
                                  ^[0K
    (see https://google.github.io/styleguide/javaguide.html#s6.2-caught-exceptions)[0K
/work/app/src/main/java/org/connectbot/transport/SSH.java:1712: warning: [UnusedVariable] This assignment to the local variable 'lpf' is never read.[0K
                        LocalPortForwarder lpf = null;
                                           ^
    (see https://errorprone.info/bugpattern/UnusedVariable)
  Did you mean to remove this line?
/work/app/src/main/java/org/connectbot/transport/SSH.java:1737: warning: [UnusedVariable] This assignment to the local variable 'dpf' is never read.
                        DynamicPortForwarder dpf = null;
                                             ^
    (see https://errorprone.info/bugpattern/UnusedVariable)
  Did you mean to remove this line?
/work/app/src/main/java/org/connectbot/transport/SSH.java:133: warning: [UnusedVariable] The field 'MARKER_SIGN_REQUESTED' is never read.
        private static final String MARKER_SIGN_REQUESTED = "SIGN_REQUESTED";
                                    ^
    (see https://errorprone.info/bugpattern/UnusedVariable)
  Did you mean to remove this line?
/work/app/src/main/java/org/connectbot/transport/SSH.java:1421: warning: [UnusedVariable] The parameter 'targetHost' is never read.
        private boolean connectJumpHost(HostBean jumpHost, HostBean targetHost) {
                                                                    ^
    (see https://errorprone.info/bugpattern/UnusedVariable)
  Did you mean 'if (!connectJumpHost(configuredJumpHost)) {'?
[0K
[0K
[0K
[0K
[0K
[5A[1m<[0;32;1m============[0;39;1m-> 96% EXECUTING [16s][m[35D[1B[1m> Transforming artifact hwsecurity-ui-4.4.0.aar (com.github.cotechde.hwsecurity[m[79D[1B[1m> Transforming artifact piv-2.4.0.jar (com.yubico.yubikit:piv:2.4.0) with Jetif[m[79D[1B[1m> Transforming artifact preferencex-1.1.0.aar (com.takisoft.preferencex:prefere[m[79D[1B[1m> Transforming artifact fido-2.4.0.jar (com.yubico.yubikit:fido:2.4.0) with Jet[m[79D[1B[5A/work/app/src/main/java/org/connectbot/transport/SSH.java:325: warning: [BadImport] Importing nested classes/static methods/static fields with commonly-used names can make code harder to read, because it may not be clear from the context exactly which type is being referred to. Qualifying the name with that of the containing class can make the code clearer.[0K
                                        for (Entry<String, KeyHolder> entry : manager.loadedKeypairs.entrySet()) {[0K
                                             ^[0K
    (see https://errorprone.info/bugpattern/BadImport)[0K
  Did you mean 'for (Map.Entry<String, KeyHolder> entry : manager.loadedKeypairs.entrySet()) {'?[0K
/work/app/src/main/java/org/connectbot/transport/SSH.java:104: warning: [MissingSummary] A summary line is required on public/protected Javadocs.
 * @author Kenny Root
   ^
    (see http://google.github.io/styleguide/javaguide.html#s7.2-summary-fragment)
/work/app/src/main/java/org/connectbot/transport/SSH.java:118: warning: [EmptyBlockTag] A block tag (@param, @return, @throws, @deprecated) has an empty description. Block tags without descriptions don't add much value for future readers of the code; consider removing the tag entirely or adding a description.
         * @param host
           ^
    (see http://google.github.io/styleguide/javaguide.html#s7.1.3-javadoc-block-tags)
  Did you mean '*'?
/work/app/src/main/java/org/connectbot/transport/SSH.java:119: warning: [EmptyBlockTag] A block tag (@param, @return, @throws, @deprecated) has an empty description. Block tags without descriptions don't add much value for future readers of the code; consider removing the tag entirely or adding a description.
         * @param bridge
           ^
    (see http://google.github.io/styleguide/javaguide.html#s7.1.3-javadoc-block-tags)
  Did you mean '*'?
/work/app/src/main/java/org/connectbot/transport/SSH.java:120: warning: [EmptyBlockTag] A block tag (@param, @return, @throws, @deprecated) has an empty description. Block tags without descriptions don't add much value for future readers of the code; consider removing the tag entirely or adding a description.
         * @param manager
           ^
    (see http://google.github.io/styleguide/javaguide.html#s7.1.3-javadoc-block-tags)
  Did you mean '*'?
[0K
[0K
[0K
[0K
[0K
[5A[1m<[0;32;1m============[0;39;1m-> 96% EXECUTING [16s][m[35D[1B[1m> Transforming artifact hwsecurity-ui-4.4.0.aar (com.github.cotechde.hwsecurity[m[79D[1B[1m> Transforming artifact piv-2.4.0.jar (com.yubico.yubikit:piv:2.4.0) with Jetif[m[79D[1B[1m> Transforming artifact preferencex-1.1.0.aar (com.takisoft.preferencex:prefere[m[79D[1B[1m> Transforming artifact fido-2.4.0.jar (com.yubico.yubikit:fido:2.4.0) with Jet[m[79D[1B[5A/work/app/src/main/java/org/connectbot/transport/SSH.java:901: warning: [EmptyBlockTag] A block tag (@param, @return, @throws, @deprecated) has an empty description. Block tags without descriptions don't add much value for future readers of the code; consider removing the tag entirely or adding a description.[0K
         * @throws NoSuchAlgorithmException[0K
           ^[0K
    (see http://google.github.io/styleguide/javaguide.html#s7.1.3-javadoc-block-tags)[0K
  Did you mean '*'?[0K
/work/app/src/main/java/org/connectbot/transport/SSH.java:902: warning: [EmptyBlockTag] A block tag (@param, @return, @throws, @deprecated) has an empty description. Block tags without descriptions don't add much value for future readers of the code; consider removing the tag entirely or adding a description.
         * @throws InvalidKeySpecException
           ^
    (see http://google.github.io/styleguide/javaguide.html#s7.1.3-javadoc-block-tags)
  Did you mean '*'?
/work/app/src/main/java/org/connectbot/transport/SSH.java:903: warning: [EmptyBlockTag] A block tag (@param, @return, @throws, @deprecated) has an empty description. Block tags without descriptions don't add much value for future readers of the code; consider removing the tag entirely or adding a description.
         * @throws IOException
           ^
    (see http://google.github.io/styleguide/javaguide.html#s7.1.3-javadoc-block-tags)
  Did you mean '*'?
[0K
[0K
[0K
[0K
[0K
[5A[1m<[0;32;1m============[0;39;1m-> 96% EXECUTING [16s][m[35D[1B[1m> Transforming artifact hwsecurity-ui-4.4.0.aar (com.github.cotechde.hwsecurity[m[79D[1B[1m> Transforming artifact piv-2.4.0.jar (com.yubico.yubikit:piv:2.4.0) with Jetif[m[79D[1B[1m> Transforming artifact preferencex-1.1.0.aar (com.takisoft.preferencex:prefere[m[79D[1B[1m> Transforming artifact fido-2.4.0.jar (com.yubico.yubikit:fido:2.4.0) with Jet[m[79D[1B[5A/work/app/src/main/java/org/connectbot/transport/SSH.java:1428: warning: [EmptyCatch] Caught exceptions should not be ignored[0K
                        } catch (IOException ignored) {[0K
                          ^[0K
    (see https://google.github.io/styleguide/javaguide.html#s6.2-caught-exceptions)[0K
[1B[0K
[0K
[0K
[0K
[5A[1m<[0;32;1m============[0;39;1m-> 96% EXECUTING [16s][m[0K[35D[1B[1m> Transforming artifact hwsecurity-ui-4.4.0.aar (com.github.cotechde.hwsecurity[m[79D[1B[1m> Transforming artifact piv-2.4.0.jar (com.yubico.yubikit:piv:2.4.0) with Jetif[m[79D[1B[1m> Transforming artifact preferencex-1.1.0.aar (com.takisoft.preferencex:prefere[m[79D[1B[1m> Transforming artifact fido-2.4.0.jar (com.yubico.yubikit:fido:2.4.0) with Jet[m[79D[1B[5ANote: Some input files use or override a deprecated API.[0K
Note: Recompile with -Xlint:deprecation for details.[0K
27 warnings[0K
[2B[0K
[0K
[0K
[5A[1m<[0;32;1m============[0;39;1m-> 96% EXECUTING [16s][m[0K[35D[1B[1m> Transforming artifact hwsecurity-ui-4.4.0.aar (com.github.cotechde.hwsecurity[m[79D[1B[1m> Transforming artifact piv-2.4.0.jar (com.yubico.yubikit:piv:2.4.0) with Jetif[m[79D[1B[1m> Transforming artifact preferencex-1.1.0.aar (com.takisoft.preferencex:prefere[m[79D[1B[1m> Transforming artifact fido-2.4.0.jar (com.yubico.yubikit:fido:2.4.0) with Jet[m[79D[1B[5A[1m<[0;32;1m============[0;39;1m-> 96% EXECUTING [17s][m[35D[5B[5A[0K
[1m> Task :app:externalNativeBuildOssDebug[m[0K
Build com_google_ase_Exec_armeabi-v7a[0K
ninja: Entering directory `/work/app/.cxx/cmake/ossDebug/armeabi-v7a'[0K
ninja: no work to do.[0K
Build com_google_ase_Exec_arm64-v8a
ninja: Entering directory `/work/app/.cxx/cmake/ossDebug/arm64-v8a'
ninja: no work to do.
Build com_google_ase_Exec_x86
ninja: Entering directory `/work/app/.cxx/cmake/ossDebug/x86'
ninja: no work to do.
Build com_google_ase_Exec_x86_64
ninja: Entering directory `/work/app/.cxx/cmake/ossDebug/x86_64'
ninja: no work to do.
[0K
[0K
[0K
[0K
[0K
[5A[1m<[0;32;1m============[0;39;1m-> 98% EXECUTING [17s][m[35D[1B[1m> Transforming artifact hwsecurity-ui-4.4.0.aar (com.github.cotechde.hwsecurity[m[79D[1B[1m> Transforming artifact piv-2.4.0.jar (com.yubico.yubikit:piv:2.4.0) with Jetif[m[79D[1B[1m> Transforming artifact preferencex-1.1.0.aar (com.takisoft.preferencex:prefere[m[79D[1B[1m> Transforming artifact fido-2.4.0.jar (com.yubico.yubikit:fido:2.4.0) with Jet[m[79D[1B[5A[1m<[0;32;1m============[0;39;1m-> 99% EXECUTING [17s][m[35D[5B[5A[1m<[0;32;1m============[0;39;1m-> 99% EXECUTING [18s][m[35D[5B[5A[1m<[0;32;1m============[0;39;1m-> 99% EXECUTING [19s][m[35D[5B[5A[1m<[0;32;1m============[0;39;1m-> 99% EXECUTING [20s][m[35D[5B[5A[1m<[0;32;1m============[0;39;1m-> 99% EXECUTING [21s][m[35D[5B[5A[1m<[0;32;1m============[0;39;1m-> 99% EXECUTING [22s][m[35D[5B[5A[0K
Deprecated Gradle features were used in this build, making it incompatible with Gradle 7.0.[0K
Use '--warning-mode all' to show the individual deprecation warnings.[0K
See https://docs.gradle.org/6.1.1/userguide/command_line_interface.html#sec:command_line_warnings[0K
[0K
[32;1mBUILD SUCCESSFUL[0;39m in 24s
50 actionable tasks: 17 executed, 33 up-to-date
[0K
[0K
[0K
[0K
[0K
[5A[1m<[0;1m-------------> 0% WAITING[m[26D[1B[1m> Transforming artifact hwsecurity-ui-4.4.0.aar (com.github.cotechde.hwsecurity[m[79D[1B[1m> Transforming artifact piv-2.4.0.jar (com.yubico.yubikit:piv:2.4.0) with Jetif[m[79D[1B[1m> Transforming artifact preferencex-1.1.0.aar (com.takisoft.preferencex:prefere[m[79D[1B[1m> Transforming artifact fido-2.4.0.jar (com.yubico.yubikit:fido:2.4.0) with Jet[m[79D[1B[5A[2K[1B[2K[1B[2K[1B[2K[1B[2K[4A[0m[?12l[?25h