

[1A[1m> Connecting to Daemon[m[22D[1B[2AStarting a Gradle Daemon, 3 incompatible and 1 stopped Daemons could not be reused, use --status for details
[1B[0K
[2A[0K[1B[1m> Starting Daemon[m[17D[1B[1A> IDLE[0K[6D[1B[2A[1m<[0;1m-------------> 0% INITIALIZING [91ms][m[38D[1B[1m> Evaluating settings[m[21D[1B[2A[1m<[0;1m-------------> 0% INITIALIZING [191ms][m[39D[2B[2A[1m<[0;1m-------------> 0% INITIALIZING [291ms][m[39D[2B[2A[1m<[0;1m-------------> 0% INITIALIZING [391ms][m[39D[2B[2A[1m<[0;1m-------------> 0% INITIALIZING [491ms][m[39D[2B[2A[1m<[0;1m-------------> 0% INITIALIZING [591ms][m[39D[2B[2A[1m<[0;1m-------------> 0% CONFIGURING [691ms][m[0K[38D[1B[1m> Loading projects[m[0K[18D[1B[2A[1m<[0;1m-------------> 0% CONFIGURING [791ms][m[38D[1B[1m> root project[m[0K[14D[1B[2A[1m<[0;1m-------------> 0% CONFIGURING [891ms][m[38D[1B[1m> root project > Resolve dependencies of detachedConfiguration1[m[63D[1B[2A[1m<[0;1m-------------> 0% CONFIGURING [991ms][m[38D[2B[2A[1m<[0;1m-------------> 0% CONFIGURING [1s][m[0K[35D[1B[1m> root project > Resolve files of :classpath[m[0K[44D[1B[1A[1m> root project[m[0K[14D[1B[2A[1m<[0;32;1m====[0;39;1m---------> 33% CONFIGURING [1s][m[36D[1B[1m> :app > Resolve dependencies of :app:classpath[m[47D[1B[1A[1m> :app[m[0K[6D[1B[2A[1m<[0;32;1m====[0;39;1m---------> 33% CONFIGURING [2s][m[36D[2B[2A[1m<[0;32;1m====[0;39;1m---------> 33% CONFIGURING [3s][m[36D[2B[2A[0K
[1m> Configure project :app[m[0K
No git repository reachable from /work/app
[0K
[0K
[2A[1m<[0;32;1m====[0;39;1m---------> 33% CONFIGURING [3s][m[36D[1B[1m> :app[m[6D[1B[2A[1m<[0;32;1m====[0;39;1m---------> 33% CONFIGURING [4s][m[36D[2B[2A[1m<[0;32;1m========[0;39;1m-----> 66% CONFIGURING [4s][m[36D[1B[1m> :translations[m[15D[1B[2A[1m<[0;32;1m=============[0;39;1m> 100% CONFIGURING [4s][m[37D[1B> IDLE[0K[6D[1B[2AWarning: Mapping new ns http://schemas.android.com/repository/android/common/02 to old ns http://schemas.android.com/repository/android/common/01[0K
Warning: Mapping new ns http://schemas.android.com/repository/android/generic/02 to old ns http://schemas.android.com/repository/android/generic/01[0K
Warning: Mapping new ns http://schemas.android.com/sdk/android/repo/addon2/02 to old ns http://schemas.android.com/sdk/android/repo/addon2/01
Warning: Mapping new ns http://schemas.android.com/sdk/android/repo/addon2/03 to old ns http://schemas.android.com/sdk/android/repo/addon2/01
Warning: Mapping new ns http://schemas.android.com/sdk/android/repo/repository2/02 to old ns http://schemas.android.com/sdk/android/repo/repository2/01
Warning: Mapping new ns http://schemas.android.com/sdk/android/repo/repository2/03 to old ns http://schemas.android.com/sdk/android/repo/repository2/01
Warning: Mapping new ns http://schemas.android.com/sdk/android/repo/sys-img2/03 to old ns http://schemas.android.com/sdk/android/repo/sys-img2/01
Warning: Mapping new ns http://schemas.android.com/sdk/android/repo/sys-img2/02 to old ns http://schemas.android.com/sdk/android/repo/sys-img2/01
Warning: Mapping new ns http://schemas.android.com/repository/android/common/02 to old ns http://schemas.android.com/repository/android/common/01
Warning: Mapping new ns http://schemas.android.com/repository/android/generic/02 to old ns http://schemas.android.com/repository/android/generic/01
Warning: Mapping new ns http://schemas.android.com/sdk/android/repo/addon2/02 to old ns http://schemas.android.com/sdk/android/repo/addon2/01
Warning: Mapping new ns http://schemas.android.com/sdk/android/repo/addon2/03 to old ns http://schemas.android.com/sdk/android/repo/addon2/01
Warning: Mapping new ns http://schemas.android.com/sdk/android/repo/repository2/02 to old ns http://schemas.android.com/sdk/android/repo/repository2/01
Warning: Mapping new ns http://schemas.android.com/sdk/android/repo/repository2/03 to old ns http://schemas.android.com/sdk/android/repo/repository2/01
Warning: Mapping new ns http://schemas.android.com/sdk/android/repo/sys-img2/03 to old ns http://schemas.android.com/sdk/android/repo/sys-img2/01
Warning: Mapping new ns http://schemas.android.com/sdk/android/repo/sys-img2/02 to old ns http://schemas.android.com/sdk/android/repo/sys-img2/01
[0K
[0K
[2A[1m<[0;32;1m=============[0;39;1m> 100% CONFIGURING [4s][m[37D[1B> IDLE[6D[1B[2AWarning: unexpected element (uri:"", local:"base-extension"). Expected elements are <{}codename>,<{}layoutlib>,<{}api-level>[0K
[1B[0K
[2A[1m<[0;32;1m=============[0;39;1m> 100% CONFIGURING [4s][m[37D[1B[1m> Resolve dependencies of :app:ossDebugCompileClasspath > Resolve dependencies [m[79D[1B[2A[1m<[0;32;1m=============[0;39;1m> 100% CONFIGURING [5s][m[37D[1B> IDLE[0K[6D[1B[2AMapping new ns http://schemas.android.com/repository/android/common/02 to old ns http://schemas.android.com/repository/android/common/01[0K
Mapping new ns http://schemas.android.com/repository/android/generic/02 to old ns http://schemas.android.com/repository/android/generic/01[0K
Mapping new ns http://schemas.android.com/sdk/android/repo/addon2/02 to old ns http://schemas.android.com/sdk/android/repo/addon2/01
Mapping new ns http://schemas.android.com/sdk/android/repo/addon2/03 to old ns http://schemas.android.com/sdk/android/repo/addon2/01
Mapping new ns http://schemas.android.com/sdk/android/repo/repository2/02 to old ns http://schemas.android.com/sdk/android/repo/repository2/01
Mapping new ns http://schemas.android.com/sdk/android/repo/repository2/03 to old ns http://schemas.android.com/sdk/android/repo/repository2/01
Mapping new ns http://schemas.android.com/sdk/android/repo/sys-img2/03 to old ns http://schemas.android.com/sdk/android/repo/sys-img2/01
Mapping new ns http://schemas.android.com/sdk/android/repo/sys-img2/02 to old ns http://schemas.android.com/sdk/android/repo/sys-img2/01
Mapping new ns http://schemas.android.com/repository/android/common/02 to old ns http://schemas.android.com/repository/android/common/01
Mapping new ns http://schemas.android.com/repository/android/generic/02 to old ns http://schemas.android.com/repository/android/generic/01
Mapping new ns http://schemas.android.com/sdk/android/repo/addon2/02 to old ns http://schemas.android.com/sdk/android/repo/addon2/01
Mapping new ns http://schemas.android.com/sdk/android/repo/addon2/03 to old ns http://schemas.android.com/sdk/android/repo/addon2/01
Mapping new ns http://schemas.android.com/sdk/android/repo/repository2/02 to old ns http://schemas.android.com/sdk/android/repo/repository2/01
Mapping new ns http://schemas.android.com/sdk/android/repo/repository2/03 to old ns http://schemas.android.com/sdk/android/repo/repository2/01
Mapping new ns http://schemas.android.com/sdk/android/repo/sys-img2/03 to old ns http://schemas.android.com/sdk/android/repo/sys-img2/01
Mapping new ns http://schemas.android.com/sdk/android/repo/sys-img2/02 to old ns http://schemas.android.com/sdk/android/repo/sys-img2/01
Mapping new ns http://schemas.android.com/repository/android/common/02 to old ns http://schemas.android.com/repository/android/common/01
Mapping new ns http://schemas.android.com/repository/android/generic/02 to old ns http://schemas.android.com/repository/android/generic/01
Mapping new ns http://schemas.android.com/sdk/android/repo/addon2/02 to old ns http://schemas.android.com/sdk/android/repo/addon2/01
Mapping new ns http://schemas.android.com/sdk/android/repo/addon2/03 to old ns http://schemas.android.com/sdk/android/repo/addon2/01
Mapping new ns http://schemas.android.com/sdk/android/repo/repository2/02 to old ns http://schemas.android.com/sdk/android/repo/repository2/01
Mapping new ns http://schemas.android.com/sdk/android/repo/repository2/03 to old ns http://schemas.android.com/sdk/android/repo/repository2/01
Mapping new ns http://schemas.android.com/sdk/android/repo/sys-img2/03 to old ns http://schemas.android.com/sdk/android/repo/sys-img2/01
Mapping new ns http://schemas.android.com/sdk/android/repo/sys-img2/02 to old ns http://schemas.android.com/sdk/android/repo/sys-img2/01
Mapping new ns http://schemas.android.com/repository/android/common/02 to old ns http://schemas.android.com/repository/android/common/01
Mapping new ns http://schemas.android.com/repository/android/generic/02 to old ns http://schemas.android.com/repository/android/generic/01
Mapping new ns http://schemas.android.com/sdk/android/repo/addon2/02 to old ns http://schemas.android.com/sdk/android/repo/addon2/01
Mapping new ns http://schemas.android.com/sdk/android/repo/addon2/03 to old ns http://schemas.android.com/sdk/android/repo/addon2/01
Mapping new ns http://schemas.android.com/sdk/android/repo/repository2/02 to old ns http://schemas.android.com/sdk/android/repo/repository2/01
Mapping new ns http://schemas.android.com/sdk/android/repo/repository2/03 to old ns http://schemas.android.com/sdk/android/repo/repository2/01
Mapping new ns http://schemas.android.com/sdk/android/repo/sys-img2/03 to old ns http://schemas.android.com/sdk/android/repo/sys-img2/01
Mapping new ns http://schemas.android.com/sdk/android/repo/sys-img2/02 to old ns http://schemas.android.com/sdk/android/repo/sys-img2/01
Mapping new ns http://schemas.android.com/repository/android/common/02 to old ns http://schemas.android.com/repository/android/common/01
Mapping new ns http://schemas.android.com/repository/android/generic/02 to old ns http://schemas.android.com/repository/android/generic/01
Mapping new ns http://schemas.android.com/sdk/android/repo/addon2/02 to old ns http://schemas.android.com/sdk/android/repo/addon2/01
Mapping new ns http://schemas.android.com/sdk/android/repo/addon2/03 to old ns http://schemas.android.com/sdk/android/repo/addon2/01
Mapping new ns http://schemas.android.com/sdk/android/repo/repository2/02 to old ns http://schemas.android.com/sdk/android/repo/repository2/01
Mapping new ns http://schemas.android.com/sdk/android/repo/repository2/03 to old ns http://schemas.android.com/sdk/android/repo/repository2/01
Mapping new ns http://schemas.android.com/sdk/android/repo/sys-img2/03 to old ns http://schemas.android.com/sdk/android/repo/sys-img2/01
Mapping new ns http://schemas.android.com/sdk/android/repo/sys-img2/02 to old ns http://schemas.android.com/sdk/android/repo/sys-img2/01
Mapping new ns http://schemas.android.com/repository/android/common/02 to old ns http://schemas.android.com/repository/android/common/01
Mapping new ns http://schemas.android.com/repository/android/generic/02 to old ns http://schemas.android.com/repository/android/generic/01
Mapping new ns http://schemas.android.com/sdk/android/repo/addon2/02 to old ns http://schemas.android.com/sdk/android/repo/addon2/01
Mapping new ns http://schemas.android.com/sdk/android/repo/addon2/03 to old ns http://schemas.android.com/sdk/android/repo/addon2/01
Mapping new ns http://schemas.android.com/sdk/android/repo/repository2/02 to old ns http://schemas.android.com/sdk/android/repo/repository2/01
Mapping new ns http://schemas.android.com/sdk/android/repo/repository2/03 to old ns http://schemas.android.com/sdk/android/repo/repository2/01
Mapping new ns http://schemas.android.com/sdk/android/repo/sys-img2/03 to old ns http://schemas.android.com/sdk/android/repo/sys-img2/01
Mapping new ns http://schemas.android.com/sdk/android/repo/sys-img2/02 to old ns http://schemas.android.com/sdk/android/repo/sys-img2/01
unexpected element (uri:"", local:"base-extension"). Expected elements are <{}codename>,<{}layoutlib>,<{}api-level>
[0K
[0K
[2A[1m<[0;32;1m=============[0;39;1m> 100% CONFIGURING [5s][m[37D[1B> IDLE[6D[1B[2AMapping new ns http://schemas.android.com/repository/android/common/02 to old ns http://schemas.android.com/repository/android/common/01[0K
Mapping new ns http://schemas.android.com/repository/android/generic/02 to old ns http://schemas.android.com/repository/android/generic/01[0K
Mapping new ns http://schemas.android.com/sdk/android/repo/addon2/02 to old ns http://schemas.android.com/sdk/android/repo/addon2/01
Mapping new ns http://schemas.android.com/sdk/android/repo/addon2/03 to old ns http://schemas.android.com/sdk/android/repo/addon2/01
Mapping new ns http://schemas.android.com/sdk/android/repo/repository2/02 to old ns http://schemas.android.com/sdk/android/repo/repository2/01
Mapping new ns http://schemas.android.com/sdk/android/repo/repository2/03 to old ns http://schemas.android.com/sdk/android/repo/repository2/01
Mapping new ns http://schemas.android.com/sdk/android/repo/sys-img2/03 to old ns http://schemas.android.com/sdk/android/repo/sys-img2/01
Mapping new ns http://schemas.android.com/sdk/android/repo/sys-img2/02 to old ns http://schemas.android.com/sdk/android/repo/sys-img2/01
unexpected element (uri:"", local:"extension-level"). Expected elements are <{}codename>,<{}layoutlib>,<{}api-level>
unexpected element (uri:"", local:"base-extension"). Expected elements are <{}codename>,<{}layoutlib>,<{}api-level>
[0K
[0K
[2A[1m<[0;32;1m=============[0;39;1m> 100% CONFIGURING [5s][m[37D[1B[1m> Resolve dependencies of :app:googleDebugCompileClasspath[m[58D[1B


[5A[1m<[0;1m-------------> 0% EXECUTING [5s][m[0K[33D[1B[1m> Transforming artifact material-1.3.0.aar (com.google.android.material:materia[m[79D[1B[1m> Transforming artifact hwsecurity-ui-4.4.0.aar (com.github.cotechde.hwsecurity[m[79D[1B[1m> Transforming artifact viewpager2-1.0.0.aar (androidx.viewpager2:viewpager2:1.[m[79D[1B[1m> Transforming artifact hwsecurity-openpgp-4.4.0.aar (com.github.cotechde.hwsec[m[79D[1B[5A[1m<[0;32;1m=[0;39;1m------------> 12% EXECUTING [5s][m[34D[1B[1m> Transforming artifact legacy-support-v4-1.0.0.aar (androidx.legacy:legacy-sup[m[79D[1B[1m> Transforming artifact constraintlayout-2.0.4.aar (androidx.constraintlayout:c[m[79D[1B[1m> Transforming artifact fido-2.4.0.jar (com.yubico.yubikit:fido:2.4.0) with Jet[m[79D[2B[5A[1m<[0;32;1m===[0;39;1m----------> 24% EXECUTING [5s][m[34D[5B[5A[1m<[0;32;1m====[0;39;1m---------> 33% EXECUTING [5s][m[34D[5B[5A[1m<[0;32;1m=======[0;39;1m------> 54% EXECUTING [5s][m[34D[5B[5A[1m<[0;32;1m=======[0;39;1m------> 54% EXECUTING [6s][m[34D[5B[5A[1m<[0;32;1m=======[0;39;1m------> 54% EXECUTING [7s][m[34D[5B[5A[0K
[1m> Task :app:compileGoogleDebugJavaWithJavac[m[0K
/work/app/src/main/java/org/connectbot/SecurityKeyActivity.java:67: warning: [NonCanonicalType] The type `SecurityKeyDialogInterface.SecurityKeyDialogCallback` was referred to by the non-canonical name `SecurityKeyDialogFragment.SecurityKeyDialogCallback`. This may be misleading.[0K
public class SecurityKeyActivity extends AppCompatActivity implements SecurityKeyDialogFragment.SecurityKeyDialogCallback<OpenPgpSecurityKey> {[0K
                                                                                               ^[0K
    (see https://errorprone.info/bugpattern/NonCanonicalType)
  Did you mean 'public class SecurityKeyActivity extends AppCompatActivity implements SecurityKeyDialogInterface.SecurityKeyDialogCallback<OpenPgpSecurityKey> {'?
1 warning
[0K
[0K
[0K
[0K
[0K
[5A[1m<[0;32;1m=======[0;39;1m------> 54% EXECUTING [7s][m[34D[1B[1m> Transforming artifact legacy-support-v4-1.0.0.aar (androidx.legacy:legacy-sup[m[79D[1B[1m> Transforming artifact constraintlayout-2.0.4.aar (androidx.constraintlayout:c[m[79D[1B[1m> Transforming artifact fido-2.4.0.jar (com.yubico.yubikit:fido:2.4.0) with Jet[m[79D[1B[1m> Transforming artifact hwsecurity-openpgp-4.4.0.aar (com.github.cotechde.hwsec[m[79D[1B[5A[1m<[0;32;1m=======[0;39;1m------> 58% EXECUTING [7s][m[34D[5B[5A[1m<[0;32;1m=======[0;39;1m------> 59% EXECUTING [8s][m[34D[5B[5A[0K
[1m> Task :app:externalNativeBuildGoogleDebug[m[0K
Build com_google_ase_Exec_armeabi-v7a[0K
ninja: Entering directory `/work/app/.cxx/cmake/googleDebug/armeabi-v7a'[0K
ninja: no work to do.[0K
Build com_google_ase_Exec_arm64-v8a
ninja: Entering directory `/work/app/.cxx/cmake/googleDebug/arm64-v8a'
ninja: no work to do.
Build com_google_ase_Exec_x86
ninja: Entering directory `/work/app/.cxx/cmake/googleDebug/x86'
ninja: no work to do.
Build com_google_ase_Exec_x86_64
ninja: Entering directory `/work/app/.cxx/cmake/googleDebug/x86_64'
ninja: no work to do.
[0K
[0K
[0K
[0K
[0K
[5A[1m<[0;32;1m=======[0;39;1m------> 61% EXECUTING [8s][m[34D[1B[1m> Transforming artifact legacy-support-v4-1.0.0.aar (androidx.legacy:legacy-sup[m[79D[1B[1m> Transforming artifact constraintlayout-2.0.4.aar (androidx.constraintlayout:c[m[79D[1B[1m> Transforming artifact fido-2.4.0.jar (com.yubico.yubikit:fido:2.4.0) with Jet[m[79D[1B[1m> Transforming artifact hwsecurity-openpgp-4.4.0.aar (com.github.cotechde.hwsec[m[79D[1B[5A[1m<[0;32;1m==========[0;39;1m---> 79% EXECUTING [8s][m[34D[5B[5A[1m<[0;32;1m===========[0;39;1m--> 85% EXECUTING [8s][m[34D[5B[5A[1m<[0;32;1m============[0;39;1m-> 93% EXECUTING [8s][m[34D[5B[5A[1m<[0;32;1m============[0;39;1m-> 94% EXECUTING [8s][m[34D[5B[5A[1m<[0;32;1m============[0;39;1m-> 94% EXECUTING [9s][m[34D[5B[5A[1m<[0;32;1m============[0;39;1m-> 94% EXECUTING [10s][m[35D[5B[5A[1m<[0;32;1m============[0;39;1m-> 96% EXECUTING [10s][m[35D[5B[5A[1m<[0;32;1m============[0;39;1m-> 96% EXECUTING [11s][m[35D[5B[5A[1m<[0;32;1m============[0;39;1m-> 96% EXECUTING [12s][m[35D[5B[5A[0K
[1m> Task :app:compileOssDebugJavaWithJavac[m[0K
/work/app/src/main/java/org/connectbot/SecurityKeyActivity.java:67: warning: [NonCanonicalType] The type `SecurityKeyDialogInterface.SecurityKeyDialogCallback` was referred to by the non-canonical name `SecurityKeyDialogFragment.SecurityKeyDialogCallback`. This may be misleading.[0K
public class SecurityKeyActivity extends AppCompatActivity implements SecurityKeyDialogFragment.SecurityKeyDialogCallback<OpenPgpSecurityKey> {[0K
                                                                                               ^[0K
    (see https://errorprone.info/bugpattern/NonCanonicalType)
  Did you mean 'public class SecurityKeyActivity extends AppCompatActivity implements SecurityKeyDialogInterface.SecurityKeyDialogCallback<OpenPgpSecurityKey> {'?
1 warning
[0K
[0K
[0K
[0K
[0K
[5A[1m<[0;32;1m============[0;39;1m-> 96% EXECUTING [12s][m[35D[1B[1m> Transforming artifact legacy-support-v4-1.0.0.aar (androidx.legacy:legacy-sup[m[79D[1B[1m> Transforming artifact constraintlayout-2.0.4.aar (androidx.constraintlayout:c[m[79D[1B[1m> Transforming artifact fido-2.4.0.jar (com.yubico.yubikit:fido:2.4.0) with Jet[m[79D[1B[1m> Transforming artifact hwsecurity-openpgp-4.4.0.aar (com.github.cotechde.hwsec[m[79D[1B[5A[0K
[1m> Task :app:externalNativeBuildOssDebug[m[0K
Build com_google_ase_Exec_armeabi-v7a[0K
ninja: Entering directory `/work/app/.cxx/cmake/ossDebug/armeabi-v7a'[0K
ninja: no work to do.[0K
Build com_google_ase_Exec_arm64-v8a
ninja: Entering directory `/work/app/.cxx/cmake/ossDebug/arm64-v8a'
ninja: no work to do.
Build com_google_ase_Exec_x86
ninja: Entering directory `/work/app/.cxx/cmake/ossDebug/x86'
ninja: no work to do.
Build com_google_ase_Exec_x86_64
ninja: Entering directory `/work/app/.cxx/cmake/ossDebug/x86_64'
ninja: no work to do.
[0K
[0K
[0K
[0K
[0K
[5A[1m<[0;32;1m============[0;39;1m-> 98% EXECUTING [12s][m[35D[1B[1m> Transforming artifact legacy-support-v4-1.0.0.aar (androidx.legacy:legacy-sup[m[79D[1B[1m> Transforming artifact constraintlayout-2.0.4.aar (androidx.constraintlayout:c[m[79D[1B[1m> Transforming artifact fido-2.4.0.jar (com.yubico.yubikit:fido:2.4.0) with Jet[m[79D[1B[1m> Transforming artifact hwsecurity-openpgp-4.4.0.aar (com.github.cotechde.hwsec[m[79D[1B[5A[1m<[0;32;1m============[0;39;1m-> 99% EXECUTING [12s][m[35D[5B[5A[1m<[0;32;1m============[0;39;1m-> 99% EXECUTING [13s][m[35D[5B[5A[1m<[0;32;1m============[0;39;1m-> 99% EXECUTING [14s][m[35D[5B[5A[1m<[0;32;1m============[0;39;1m-> 99% EXECUTING [15s][m[35D[5B[5A[1m<[0;32;1m============[0;39;1m-> 99% EXECUTING [16s][m[35D[5B[5A[1m<[0;32;1m============[0;39;1m-> 99% EXECUTING [17s][m[35D[5B[5A[0K
Deprecated Gradle features were used in this build, making it incompatible with Gradle 7.0.[0K
Use '--warning-mode all' to show the individual deprecation warnings.[0K
See https://docs.gradle.org/6.1.1/userguide/command_line_interface.html#sec:command_line_warnings[0K
[0K
[32;1mBUILD SUCCESSFUL[0;39m in 19s
50 actionable tasks: 17 executed, 33 up-to-date
[0K
[0K
[0K
[0K
[0K
[5A[1m<[0;1m-------------> 0% WAITING[m[26D[1B[1m> Transforming artifact legacy-support-v4-1.0.0.aar (androidx.legacy:legacy-sup[m[79D[1B[1m> Transforming artifact constraintlayout-2.0.4.aar (androidx.constraintlayout:c[m[79D[1B[1m> Transforming artifact fido-2.4.0.jar (com.yubico.yubikit:fido:2.4.0) with Jet[m[79D[1B[1m> Transforming artifact hwsecurity-openpgp-4.4.0.aar (com.github.cotechde.hwsec[m[79D[1B[5A[2K[1B[2K[1B[2K[1B[2K[1B[2K[4A[0m[?12l[?25h