

[1A[1m> Connecting to Daemon[m[22D[1B[2AStarting a Gradle Daemon, 2 incompatible and 3 stopped Daemons could not be reused, use --status for details
[1B[0K
[2A[0K[1B[1m> Starting Daemon[m[17D[1B[1A> IDLE[0K[6D[1B[2A[1m<[0;1m-------------> 0% INITIALIZING [23ms][m[38D[1B[1m> Evaluating settings[m[21D[1B[2A[1m<[0;1m-------------> 0% INITIALIZING [123ms][m[39D[2B[2A[1m<[0;1m-------------> 0% INITIALIZING [223ms][m[39D[2B[2A[1m<[0;1m-------------> 0% INITIALIZING [323ms][m[39D[2B[2A[1m<[0;1m-------------> 0% INITIALIZING [423ms][m[39D[2B[2A[1m<[0;1m-------------> 0% INITIALIZING [523ms][m[39D[2B[2A[1m<[0;1m-------------> 0% INITIALIZING [623ms][m[39D[2B[2A[1m<[0;1m-------------> 0% CONFIGURING [723ms][m[0K[38D[1B[1m> root project[m[0K[14D[1B[2A[1m<[0;1m-------------> 0% CONFIGURING [823ms][m[38D[2B[2A[1m<[0;1m-------------> 0% CONFIGURING [923ms][m[38D[1B[1m> root project > Resolve dependencies of detachedConfiguration1[m[63D[1B[2A[1m<[0;1m-------------> 0% CONFIGURING [1s][m[0K[35D[1B[1m> root project > Resolve dependencies of :classpath[m[0K[51D[1B[1A[1m> root project[m[0K[14D[1B[2A[1m<[0;32;1m====[0;39;1m---------> 33% CONFIGURING [1s][m[36D[1B[1m> :app[m[0K[6D[1B[1A[1m> :app > Resolve dependencies of :app:classpath[m[47D[1B[1A[1m> :app[m[0K[6D[1B[2A[1m<[0;32;1m====[0;39;1m---------> 33% CONFIGURING [2s][m[36D[2B[2A[1m<[0;32;1m====[0;39;1m---------> 33% CONFIGURING [3s][m[36D[2B[2A[0K
[1m> Configure project :app[m[0K
WARNING:: The option setting 'android.aapt2FromMavenOverride=/opt/android-sdk-linux/build-tools/34.0.0/aapt2' is experimental.
No git repository reachable from /work/app
[0K
[0K
[2A[1m<[0;32;1m====[0;39;1m---------> 33% CONFIGURING [3s][m[36D[1B[1m> :app[m[6D[1B[2AWARNING:: Mapping new ns http://schemas.android.com/repository/android/common/02 to old ns http://schemas.android.com/repository/android/common/01[0K
Mapping new ns http://schemas.android.com/repository/android/common/02 to old ns http://schemas.android.com/repository/android/common/01[0K
WARNING:: Mapping new ns http://schemas.android.com/repository/android/generic/02 to old ns http://schemas.android.com/repository/android/generic/01
Mapping new ns http://schemas.android.com/repository/android/generic/02 to old ns http://schemas.android.com/repository/android/generic/01
WARNING:: Mapping new ns http://schemas.android.com/sdk/android/repo/addon2/02 to old ns http://schemas.android.com/sdk/android/repo/addon2/01
Mapping new ns http://schemas.android.com/sdk/android/repo/addon2/02 to old ns http://schemas.android.com/sdk/android/repo/addon2/01
WARNING:: Mapping new ns http://schemas.android.com/sdk/android/repo/addon2/03 to old ns http://schemas.android.com/sdk/android/repo/addon2/01
Mapping new ns http://schemas.android.com/sdk/android/repo/addon2/03 to old ns http://schemas.android.com/sdk/android/repo/addon2/01
WARNING:: Mapping new ns http://schemas.android.com/sdk/android/repo/repository2/02 to old ns http://schemas.android.com/sdk/android/repo/repository2/01
Mapping new ns http://schemas.android.com/sdk/android/repo/repository2/02 to old ns http://schemas.android.com/sdk/android/repo/repository2/01
WARNING:: Mapping new ns http://schemas.android.com/sdk/android/repo/repository2/03 to old ns http://schemas.android.com/sdk/android/repo/repository2/01
Mapping new ns http://schemas.android.com/sdk/android/repo/repository2/03 to old ns http://schemas.android.com/sdk/android/repo/repository2/01
WARNING:: Mapping new ns http://schemas.android.com/sdk/android/repo/sys-img2/03 to old ns http://schemas.android.com/sdk/android/repo/sys-img2/01
Mapping new ns http://schemas.android.com/sdk/android/repo/sys-img2/03 to old ns http://schemas.android.com/sdk/android/repo/sys-img2/01
WARNING:: Mapping new ns http://schemas.android.com/sdk/android/repo/sys-img2/02 to old ns http://schemas.android.com/sdk/android/repo/sys-img2/01
Mapping new ns http://schemas.android.com/sdk/android/repo/sys-img2/02 to old ns http://schemas.android.com/sdk/android/repo/sys-img2/01
[0K
[0K
[2A[1m<[0;32;1m====[0;39;1m---------> 33% CONFIGURING [3s][m[36D[1B[1m> :app[m[6D[1B[2AWARNING:: unexpected element (uri:"", local:"base-extension"). Expected elements are <{}codename>,<{}layoutlib>,<{}api-level>[0K
unexpected element (uri:"", local:"base-extension"). Expected elements are <{}codename>,<{}layoutlib>,<{}api-level>[0K
WARNING:: unexpected element (uri:"", local:"extension-level"). Expected elements are <{}codename>,<{}layoutlib>,<{}api-level>
unexpected element (uri:"", local:"extension-level"). Expected elements are <{}codename>,<{}layoutlib>,<{}api-level>
[0K
[0K
[2A[1m<[0;32;1m====[0;39;1m---------> 33% CONFIGURING [3s][m[36D[1B[1m> :app[m[6D[1B[2A[1m<[0;32;1m====[0;39;1m---------> 33% CONFIGURING [4s][m[36D[2B[2AWarning: Mapping new ns http://schemas.android.com/repository/android/common/02 to old ns http://schemas.android.com/repository/android/common/01[0K
Warning: Mapping new ns http://schemas.android.com/repository/android/generic/02 to old ns http://schemas.android.com/repository/android/generic/01[0K
Warning: Mapping new ns http://schemas.android.com/sdk/android/repo/addon2/02 to old ns http://schemas.android.com/sdk/android/repo/addon2/01
Warning: Mapping new ns http://schemas.android.com/sdk/android/repo/addon2/03 to old ns http://schemas.android.com/sdk/android/repo/addon2/01
Warning: Mapping new ns http://schemas.android.com/sdk/android/repo/repository2/02 to old ns http://schemas.android.com/sdk/android/repo/repository2/01
Warning: Mapping new ns http://schemas.android.com/sdk/android/repo/repository2/03 to old ns http://schemas.android.com/sdk/android/repo/repository2/01
Warning: Mapping new ns http://schemas.android.com/sdk/android/repo/sys-img2/03 to old ns http://schemas.android.com/sdk/android/repo/sys-img2/01
Warning: Mapping new ns http://schemas.android.com/sdk/android/repo/sys-img2/02 to old ns http://schemas.android.com/sdk/android/repo/sys-img2/01
Warning: Mapping new ns http://schemas.android.com/repository/android/common/02 to old ns http://schemas.android.com/repository/android/common/01
Warning: Mapping new ns http://schemas.android.com/repository/android/generic/02 to old ns http://schemas.android.com/repository/android/generic/01
Warning: Mapping new ns http://schemas.android.com/sdk/android/repo/addon2/02 to old ns http://schemas.android.com/sdk/android/repo/addon2/01
Warning: Mapping new ns http://schemas.android.com/sdk/android/repo/addon2/03 to old ns http://schemas.android.com/sdk/android/repo/addon2/01
Warning: Mapping new ns http://schemas.android.com/sdk/android/repo/repository2/02 to old ns http://schemas.android.com/sdk/android/repo/repository2/01
Warning: Mapping new ns http://schemas.android.com/sdk/android/repo/repository2/03 to old ns http://schemas.android.com/sdk/android/repo/repository2/01
Warning: Mapping new ns http://schemas.android.com/sdk/android/repo/sys-img2/03 to old ns http://schemas.android.com/sdk/android/repo/sys-img2/01
Warning: Mapping new ns http://schemas.android.com/sdk/android/repo/sys-img2/02 to old ns http://schemas.android.com/sdk/android/repo/sys-img2/01
[0K
[0K
[2A[1m<[0;32;1m====[0;39;1m---------> 33% CONFIGURING [4s][m[36D[1B[1m> :app[m[6D[1B[2AWarning: unexpected element (uri:"", local:"extension-level"). Expected elements are <{}codename>,<{}layoutlib>,<{}api-level>[0K
Warning: unexpected element (uri:"", local:"base-extension"). Expected elements are <{}codename>,<{}layoutlib>,<{}api-level>[0K
[0K
[0K
[2A[1m<[0;32;1m====[0;39;1m---------> 33% CONFIGURING [4s][m[36D[1B[1m> :app[m[6D[1B[2A[1m<[0;32;1m====[0;39;1m---------> 33% CONFIGURING [5s][m[36D[2B[2A[1m<[0;32;1m========[0;39;1m-----> 66% CONFIGURING [5s][m[36D[1B[1m> :translations[m[15D[1B[2A[1m<[0;32;1m=============[0;39;1m> 100% CONFIGURING [5s][m[37D[1B> IDLE[0K[6D[1B[2A[1m<[0;1m-------------> 0% EXECUTING [5s][m[0K[33D[2B[2A[1m<[0;1m-------------> 5% EXECUTING [5s][m[33D[1B[1m> :app:javaPreCompileGoogleDebug > Resolve dependencies of :app:googleDebugAnno[m[79D[1B[2A[1m<[0;1m-------------> 7% EXECUTING [5s][m[33D[1B[1m> :app:checkGoogleDebugAarMetadata > Resolve dependencies of :app:googleDebugRu[m[79D[1B


[5A[1m<[0;1m-------------> 7% EXECUTING [6s][m[33D[1B[1m> :app:checkGoogleDebugAarMetadata > Resolve files of :app:googleDebugRuntimeCl[m[79D[1B[1m> :app:checkGoogleDebugAarMetadata > Resolve files of :app:googleDebugRuntimeCl[m[79D[1B[1m> :app:checkGoogleDebugAarMetadata > Resolve files of :app:googleDebugRuntimeCl[m[79D[1B[1m> :app:checkGoogleDebugAarMetadata > Resolve files of :app:googleDebugRuntimeCl[m[79D[1B[5A[1m<[0;32;1m=[0;39;1m------------> 10% EXECUTING [6s][m[34D[1B[1m> :app:mergeGoogleDebugResources[m[0K[32D[2B> IDLE[0K[6D[1B> IDLE[0K[6D[1B[5A[1m<[0;32;1m=[0;39;1m------------> 10% EXECUTING [7s][m[34D[4B[1m> :app:createGoogleDebugCompatibleScreenManifests[m[49D[1B[5A[1m<[0;32;1m==[0;39;1m-----------> 16% EXECUTING [7s][m[34D[3B[1m> :app:generateJsonModelGoogleDebug[m[35D[1B[1m> :app:checkGoogleDebugAarMetadata > Resolve files of :app:googleDebugRuntimeCl[m[79D[1B[5A[0K
[1m> Task :app:externalNativeBuildGoogleDebug[m[0K
Build com_google_ase_Exec_armeabi-v7a[0K
ninja: Entering directory `/work/app/.cxx/cmake/googleDebug/armeabi-v7a'[0K
Build com_google_ase_Exec_arm64-v8a[0K
ninja: Entering directory `/work/app/.cxx/cmake/googleDebug/arm64-v8a'
Build com_google_ase_Exec_x86
ninja: Entering directory `/work/app/.cxx/cmake/googleDebug/x86'
Build com_google_ase_Exec_x86_64
ninja: Entering directory `/work/app/.cxx/cmake/googleDebug/x86_64'
[0K
[0K
[0K
[0K
[0K
[5A[1m<[0;32;1m===[0;39;1m----------> 23% EXECUTING [7s][m[34D[1B[1m> :app:mergeGoogleDebugResources > Packing build cache entry[m[60D[1B[1m> :app:checkGoogleDebugAarMetadata > Resolve files of :app:googleDebugRuntimeCl[m[79D[1B[1m> :app:checkGoogleDebugAarMetadata > Resolve files of :app:googleDebugRuntimeCl[m[79D[1B[1m> :app:checkGoogleDebugAarMetadata > Resolve files of :app:googleDebugRuntimeCl[m[79D[1B[5A[1m<[0;32;1m====[0;39;1m---------> 30% EXECUTING [7s][m[34D[5B[5A[1m<[0;32;1m====[0;39;1m---------> 33% EXECUTING [7s][m[34D[5B[5A[1m<[0;32;1m====[0;39;1m---------> 34% EXECUTING [7s][m[34D[1B[1m> :app:mergeGoogleDebugAssets > Resolve files of :app:googleDebugRuntimeClasspa[m[79D[4B[5A[1m<[0;32;1m====[0;39;1m---------> 35% EXECUTING [8s][m[34D[5B[5A[1m<[0;32;1m=====[0;39;1m--------> 44% EXECUTING [8s][m[34D[5B[5A[1m<[0;32;1m======[0;39;1m-------> 47% EXECUTING [8s][m[34D[5B[5A[1m<[0;32;1m=======[0;39;1m------> 54% EXECUTING [8s][m[34D[5B[5A[0K
[1m> Task :app:externalNativeBuildOssDebug[m[0K
Build com_google_ase_Exec_armeabi-v7a[0K
ninja: Entering directory `/work/app/.cxx/cmake/ossDebug/armeabi-v7a'[0K
Build com_google_ase_Exec_arm64-v8a[0K
ninja: Entering directory `/work/app/.cxx/cmake/ossDebug/arm64-v8a'
Build com_google_ase_Exec_x86
ninja: Entering directory `/work/app/.cxx/cmake/ossDebug/x86'
Build com_google_ase_Exec_x86_64
ninja: Entering directory `/work/app/.cxx/cmake/ossDebug/x86_64'
[0K
[0K
[0K
[0K
[0K
[5A[1m<[0;32;1m========[0;39;1m-----> 69% EXECUTING [8s][m[34D[1B[1m> :app:mergeGoogleDebugAssets > Resolve files of :app:googleDebugRuntimeClasspa[m[79D[1B[1m> :app:checkGoogleDebugAarMetadata > Resolve files of :app:googleDebugRuntimeCl[m[79D[1B[1m> :app:checkGoogleDebugAarMetadata > Resolve files of :app:googleDebugRuntimeCl[m[79D[1B[1m> :app:checkGoogleDebugAarMetadata > Resolve files of :app:googleDebugRuntimeCl[m[79D[1B[5A[1m<[0;32;1m=========[0;39;1m----> 70% EXECUTING [8s][m[34D[5B[5A[1m<[0;32;1m=========[0;39;1m----> 70% EXECUTING [9s][m[34D[5B[5A[1m<[0;32;1m=========[0;39;1m----> 71% EXECUTING [9s][m[34D[5B[5A[1m<[0;32;1m=========[0;39;1m----> 75% EXECUTING [9s][m[34D[5B[5A[1m<[0;32;1m=========[0;39;1m----> 76% EXECUTING [9s][m[34D[5B[5A[1m<[0;32;1m=========[0;39;1m----> 76% EXECUTING [10s][m[35D[5B[5A[1m<[0;32;1m==========[0;39;1m---> 77% EXECUTING [10s][m[35D[5B[5A[1m<[0;32;1m==========[0;39;1m---> 77% EXECUTING [11s][m[35D[5B[5A[0K
[1m> Task :app:compileGoogleDebugJavaWithJavac[m[0K
/work/app/src/main/java/org/connectbot/securitykey/YubiKitOpenPgpAuthenticatorBridge.java:18: error: cannot find symbol[0K
import com.yubico.yubikit.openpgp.OpenPgpKeyRef;[0K
                                 ^[0K
  symbol:   class OpenPgpKeyRef
  location: package com.yubico.yubikit.openpgp
/work/app/src/main/java/org/connectbot/PubkeyListActivity.java:564: error: cannot find symbol
        Toast.makeText(this, R.string.pubkey_add_openpgp_tap_key, Toast.LENGTH_LONG).show();
                                     ^
  symbol:   variable pubkey_add_openpgp_tap_key
  location: class string
[0K
[0K
[0K
[0K
[0K
[5A[1m<[0;32;1m==========[0;39;1m---> 77% EXECUTING [11s][m[35D[1B[1m> :app:mergeGoogleDebugAssets > Resolve files of :app:googleDebugRuntimeClasspa[m[79D[1B[1m> :app:checkGoogleDebugAarMetadata > Resolve files of :app:googleDebugRuntimeCl[m[79D[1B[1m> :app:checkGoogleDebugAarMetadata > Resolve files of :app:googleDebugRuntimeCl[m[79D[1B[1m> :app:checkGoogleDebugAarMetadata > Resolve files of :app:googleDebugRuntimeCl[m[79D[1B[5A/work/app/src/main/java/org/connectbot/PubkeyListActivity.java:574: error: cannot find symbol[0K
                            getString(R.string.pubkey_add_openpgp_failed, e.getMessage()),[0K
                                              ^[0K
  symbol:   variable pubkey_add_openpgp_failed[0K
  location: class string[0K
/work/app/src/main/java/org/connectbot/PubkeyListActivity.java:591: error: cannot find symbol
                        getString(R.string.pubkey_add_openpgp_failed, e.getMessage()),
                                          ^
  symbol:   variable pubkey_add_openpgp_failed
  location: class string
/work/app/src/main/java/org/connectbot/PubkeyListActivity.java:602: error: cannot find symbol
        Toast.makeText(this, R.string.pubkey_add_openpgp_tap_key, Toast.LENGTH_LONG).show();
                                     ^
  symbol:   variable pubkey_add_openpgp_tap_key
  location: class string
/work/app/src/main/java/org/connectbot/PubkeyListActivity.java:612: error: cannot find symbol
                            getString(R.string.pubkey_add_openpgp_failed, e.getMessage()),
                                              ^
  symbol:   variable pubkey_add_openpgp_failed
  location: class string
/work/app/src/main/java/org/connectbot/PubkeyListActivity.java:629: error: cannot find symbol
                        getString(R.string.pubkey_add_openpgp_failed, e.getMessage()),
                                          ^
  symbol:   variable pubkey_add_openpgp_failed
  location: class string
/work/app/src/main/java/org/connectbot/PubkeyListActivity.java:647: error: cannot find symbol
        com.yubico.yubikit.openpgp.OpenPgpApplicationInfo info = session.getApplicationInfo();
                                  ^
  symbol:   class OpenPgpApplicationInfo
  location: package com.yubico.yubikit.openpgp
/work/app/src/main/java/org/connectbot/PubkeyListActivity.java:647: error: cannot find symbol
        com.yubico.yubikit.openpgp.OpenPgpApplicationInfo info = session.getApplicationInfo();
                                                                        ^
  symbol:   method getApplicationInfo()
  location: variable session of type OpenPgpSession
/work/app/src/main/java/org/connectbot/PubkeyListActivity.java:649: error: cannot find symbol
        java.security.PublicKey publicKey = session.getAuthenticationPublicKey();
                                                   ^
  symbol:   method getAuthenticationPublicKey()
  location: variable session of type OpenPgpSession
[0K
[0K
[0K
[0K
[0K
[5A[1m<[0;32;1m==========[0;39;1m---> 77% EXECUTING [11s][m[35D[1B[1m> :app:mergeGoogleDebugAssets > Resolve files of :app:googleDebugRuntimeClasspa[m[79D[1B[1m> :app:checkGoogleDebugAarMetadata > Resolve files of :app:googleDebugRuntimeCl[m[79D[1B[1m> :app:checkGoogleDebugAarMetadata > Resolve files of :app:googleDebugRuntimeCl[m[79D[1B[1m> :app:checkGoogleDebugAarMetadata > Resolve files of :app:googleDebugRuntimeCl[m[79D[1B[5A[1m<[0;32;1m==========[0;39;1m---> 77% EXECUTING [12s][m[35D[5B[5A/work/app/src/main/java/org/connectbot/securitykey/YubiKitOpenPgpAuthenticatorBridge.java:65: error: method verifyUserPin in class OpenPgpSession cannot be applied to given types;[0K
                session.verifyUserPin(mPin);[0K
                       ^[0K
  required: char[],boolean[0K
  found: char[][0K
  reason: actual and formal argument lists differ in length
/work/app/src/main/java/org/connectbot/securitykey/YubiKitOpenPgpAuthenticatorBridge.java:98: error: cannot find symbol
                    .getAlgorithmAttributes(OpenPgpKeyRef.AUTHENTICATION)
                                            ^
  symbol:   variable OpenPgpKeyRef
  location: class YubiKitOpenPgpAuthenticatorBridge
[0K
[0K
[0K
[0K
[0K
[5A[1m<[0;32;1m==========[0;39;1m---> 77% EXECUTING [12s][m[35D[1B[1m> :app:mergeGoogleDebugAssets > Resolve files of :app:googleDebugRuntimeClasspa[m[79D[1B[1m> :app:checkGoogleDebugAarMetadata > Resolve files of :app:googleDebugRuntimeCl[m[79D[1B[1m> :app:checkGoogleDebugAarMetadata > Resolve files of :app:googleDebugRuntimeCl[m[79D[1B[1m> :app:checkGoogleDebugAarMetadata > Resolve files of :app:googleDebugRuntimeCl[m[79D[1B[5A/work/app/src/main/java/org/connectbot/util/SecurityKeyDebugReportExporter.java:102: error: cannot find symbol[0K
                String hwsecurityVersion = SecurityKeyDebugLog.sanitizeForDebugReport(BuildConfig.HWSECURITY_VERSION);[0K
                                                                                                 ^[0K
  symbol:   variable HWSECURITY_VERSION[0K
  location: class BuildConfig[0K
[0K
[0K
[0K
[0K
[0K
[5A[1m<[0;32;1m==========[0;39;1m---> 77% EXECUTING [12s][m[35D[1B[1m> :app:mergeGoogleDebugAssets > Resolve files of :app:googleDebugRuntimeClasspa[m[79D[1B[1m> :app:checkGoogleDebugAarMetadata > Resolve files of :app:googleDebugRuntimeCl[m[79D[1B[1m> :app:checkGoogleDebugAarMetadata > Resolve files of :app:googleDebugRuntimeCl[m[79D[1B[1m> :app:checkGoogleDebugAarMetadata > Resolve files of :app:googleDebugRuntimeCl[m[79D[1B[5ANote: Some input files use or override a deprecated API.[0K
Note: Recompile with -Xlint:deprecation for details.[0K
13 errors[0K
[0K
[31;1m> Task :app:compileGoogleDebugJavaWithJavac[0;39m[31m FAILED[39m[0K
[0K
[0K
[0K
[0K
[0K
[5A[1m<[0;31;1m==========[0;39;1m---> 78% EXECUTING [12s][m[35D[1B[1m> :app:mergeGoogleDebugAssets > Resolve files of :app:googleDebugRuntimeClasspa[m[79D[1B[1m> :app:checkGoogleDebugAarMetadata > Resolve files of :app:googleDebugRuntimeCl[m[79D[1B[1m> :app:checkGoogleDebugAarMetadata > Resolve files of :app:googleDebugRuntimeCl[m[79D[1B[1m> :app:checkGoogleDebugAarMetadata > Resolve files of :app:googleDebugRuntimeCl[m[79D[1B[5A[0K
[31mFAILURE: [39m[31mBuild failed with an exception.[39m[0K
[0K
* What went wrong:[0K
Execution failed for task ':app:compileGoogleDebugJavaWithJavac'.[0K
[33m> [39mCompilation failed; see the compiler error output for details.

* Try:
Run with [1m--stacktrace[m option to get the stack trace. Run with [1m--info[m or [1m--debug[m option to get more log output. Run with [1m--scan[m to get full insights.

* Get more help at [1mhttps://help.gradle.org[m

Deprecated Gradle features were used in this build, making it incompatible with Gradle 7.0.
Use '--warning-mode all' to show the individual deprecation warnings.
See https://docs.gradle.org/6.7.1/userguide/command_line_interface.html#sec:command_line_warnings

[31;1mBUILD FAILED[0;39m in 14s
49 actionable tasks: 11 executed, 38 up-to-date
[0K
[0K
[0K
[0K
[0K
[5A[1m<[0;1m-------------> 0% WAITING[m[26D[1B[1m> :app:mergeGoogleDebugAssets > Resolve files of :app:googleDebugRuntimeClasspa[m[79D[1B[1m> :app:checkGoogleDebugAarMetadata > Resolve files of :app:googleDebugRuntimeCl[m[79D[1B[1m> :app:checkGoogleDebugAarMetadata > Resolve files of :app:googleDebugRuntimeCl[m[79D[1B[1m> :app:checkGoogleDebugAarMetadata > Resolve files of :app:googleDebugRuntimeCl[m[79D[1B[5A[2K[1B[2K[1B[2K[1B[2K[1B[2K[4A[0m[?12l[?25h